[0.022s] Invoking command in '/home/jetson2/ws_sensor_combined/build/px4_ros_com': CMAKE_PREFIX_PATH=/home/jetson2/ws_sensor_combined/install/px4_msgs:/home/jetson2/ws_sensor_combined/install/px4_ros_com:/opt/ros/humble LD_LIBRARY_PATH=/home/jetson2/ws_sensor_combined/install/px4_msgs/lib:/home/jetson2/ws_sensor_combined/install/px4_ros_com/lib:/opt/ros/humble/opt/rviz_ogre_vendor/lib:/opt/ros/humble/lib/aarch64-linux-gnu:/opt/ros/humble/lib /usr/bin/cmake --build /home/jetson2/ws_sensor_combined/build/px4_ros_com -- -j8 -l8
[0.091s] [35m[1mConsolidate compiler generated dependencies of target frame_transforms[0m
[0.092s] [35m[1mConsolidate compiler generated dependencies of target debug_vect_advertiser[0m
[0.092s] [35m[1mConsolidate compiler generated dependencies of target offboard_control_srv[0m
[0.093s] [35m[1mConsolidate compiler generated dependencies of target vehicle_gps_position_listener[0m
[0.093s] [35m[1mConsolidate compiler generated dependencies of target sensor_combined_listener[0m
[0.094s] [35m[1mConsolidate compiler generated dependencies of target offboard_control[0m
[0.123s] [  8%] Built target ament_cmake_python_symlink_px4_ros_com
[0.123s] [ 16%] Built target frame_transforms
[0.126s] [ 50%] Built target offboard_control_srv
[0.126s] [ 50%] Built target debug_vect_advertiser
[0.128s] [ 75%] Built target sensor_combined_listener
[0.128s] [ 83%] Built target offboard_control
[0.129s] [100%] Built target vehicle_gps_position_listener
[0.612s] running egg_info
[0.613s] writing px4_ros_com.egg-info/PKG-INFO
[0.613s] writing dependency_links to px4_ros_com.egg-info/dependency_links.txt
[0.614s] writing top-level names to px4_ros_com.egg-info/top_level.txt
[0.618s] reading manifest file 'px4_ros_com.egg-info/SOURCES.txt'
[0.619s] writing manifest file 'px4_ros_com.egg-info/SOURCES.txt'
[0.679s] [100%] Built target ament_cmake_python_build_px4_ros_com_egg
[0.701s] Invoked command in '/home/jetson2/ws_sensor_combined/build/px4_ros_com' returned '0': CMAKE_PREFIX_PATH=/home/jetson2/ws_sensor_combined/install/px4_msgs:/home/jetson2/ws_sensor_combined/install/px4_ros_com:/opt/ros/humble LD_LIBRARY_PATH=/home/jetson2/ws_sensor_combined/install/px4_msgs/lib:/home/jetson2/ws_sensor_combined/install/px4_ros_com/lib:/opt/ros/humble/opt/rviz_ogre_vendor/lib:/opt/ros/humble/lib/aarch64-linux-gnu:/opt/ros/humble/lib /usr/bin/cmake --build /home/jetson2/ws_sensor_combined/build/px4_ros_com -- -j8 -l8
[0.706s] Invoking command in '/home/jetson2/ws_sensor_combined/build/px4_ros_com': CMAKE_PREFIX_PATH=/home/jetson2/ws_sensor_combined/install/px4_msgs:/home/jetson2/ws_sensor_combined/install/px4_ros_com:/opt/ros/humble LD_LIBRARY_PATH=/home/jetson2/ws_sensor_combined/install/px4_msgs/lib:/home/jetson2/ws_sensor_combined/install/px4_ros_com/lib:/opt/ros/humble/opt/rviz_ogre_vendor/lib:/opt/ros/humble/lib/aarch64-linux-gnu:/opt/ros/humble/lib /usr/bin/cmake --install /home/jetson2/ws_sensor_combined/build/px4_ros_com
[0.719s] -- Install configuration: ""
[0.719s] -- Execute custom install script
[0.720s] -- Up-to-date symlink: /home/jetson2/ws_sensor_combined/install/px4_ros_com/lib/px4_ros_com/sensor_combined_listener
[0.720s] -- Up-to-date symlink: /home/jetson2/ws_sensor_combined/install/px4_ros_com/lib/px4_ros_com/vehicle_gps_position_listener
[0.721s] -- Up-to-date symlink: /home/jetson2/ws_sensor_combined/install/px4_ros_com/lib/px4_ros_com/debug_vect_advertiser
[0.721s] -- Up-to-date symlink: /home/jetson2/ws_sensor_combined/install/px4_ros_com/lib/px4_ros_com/offboard_control
[0.722s] -- Up-to-date symlink: /home/jetson2/ws_sensor_combined/install/px4_ros_com/lib/px4_ros_com/offboard_control_srv
[0.722s] -- Up-to-date symlink: /home/jetson2/ws_sensor_combined/install/px4_ros_com/share/px4_ros_com/environment/library_path.sh
[0.722s] -- Up-to-date symlink: /home/jetson2/ws_sensor_combined/install/px4_ros_com/share/px4_ros_com/environment/library_path.dsv
[0.723s] -- Up-to-date symlink: /home/jetson2/ws_sensor_combined/install/px4_ros_com/include/px4_ros_com/frame_transforms.h
[0.723s] -- Up-to-date symlink: /home/jetson2/ws_sensor_combined/install/px4_ros_com/share/px4_ros_com//launch/offboard_control_launch.yaml
[0.723s] -- Up-to-date symlink: /home/jetson2/ws_sensor_combined/install/px4_ros_com/share/px4_ros_com//launch/sensor_combined_listener.launch.py
[0.724s] -- Up-to-date symlink: /home/jetson2/ws_sensor_combined/install/px4_ros_com/share/px4_ros_com//test/__init__.py
[0.724s] -- Up-to-date symlink: /home/jetson2/ws_sensor_combined/install/px4_ros_com/share/px4_ros_com//test/pipeline_io_test.py
[0.725s] -- Up-to-date symlink: /home/jetson2/ws_sensor_combined/install/px4_ros_com/share/px4_ros_com//test/test_input.py
[0.725s] -- Up-to-date symlink: /home/jetson2/ws_sensor_combined/install/px4_ros_com/share/px4_ros_com//test/test_output.py
[0.725s] -- Up-to-date symlink: /home/jetson2/ws_sensor_combined/install/px4_ros_com/share/px4_ros_com/environment/pythonpath.sh
[0.725s] -- Up-to-date symlink: /home/jetson2/ws_sensor_combined/install/px4_ros_com/share/px4_ros_com/environment/pythonpath.dsv
[0.726s] -- Up-to-date symlink: /home/jetson2/ws_sensor_combined/install/px4_ros_com/local/lib/python3.10/dist-packages/px4_ros_com-0.1.0-py3.10.egg-info/PKG-INFO
[0.726s] -- Up-to-date symlink: /home/jetson2/ws_sensor_combined/install/px4_ros_com/local/lib/python3.10/dist-packages/px4_ros_com-0.1.0-py3.10.egg-info/SOURCES.txt
[0.726s] -- Up-to-date symlink: /home/jetson2/ws_sensor_combined/install/px4_ros_com/local/lib/python3.10/dist-packages/px4_ros_com-0.1.0-py3.10.egg-info/dependency_links.txt
[0.726s] -- Up-to-date symlink: /home/jetson2/ws_sensor_combined/install/px4_ros_com/local/lib/python3.10/dist-packages/px4_ros_com-0.1.0-py3.10.egg-info/top_level.txt
[0.727s] -- Up-to-date symlink: /home/jetson2/ws_sensor_combined/install/px4_ros_com/local/lib/python3.10/dist-packages/px4_ros_com/__init__.py
[0.727s] -- Up-to-date symlink: /home/jetson2/ws_sensor_combined/install/px4_ros_com/local/lib/python3.10/dist-packages/px4_ros_com/module_to_import.py
[0.727s] -- Up-to-date symlink: /home/jetson2/ws_sensor_combined/install/px4_ros_com/local/lib/python3.10/dist-packages/px4_ros_com/offboard_control.py
[0.728s] -- Up-to-date symlink: /home/jetson2/ws_sensor_combined/install/px4_ros_com/lib/px4_ros_com/offboard_control.py
[0.728s] -- Up-to-date symlink: /home/jetson2/ws_sensor_combined/install/px4_ros_com/share/ament_index/resource_index/package_run_dependencies/px4_ros_com
[0.728s] -- Up-to-date symlink: /home/jetson2/ws_sensor_combined/install/px4_ros_com/share/ament_index/resource_index/parent_prefix_path/px4_ros_com
[0.729s] -- Up-to-date symlink: /home/jetson2/ws_sensor_combined/install/px4_ros_com/share/px4_ros_com/environment/ament_prefix_path.sh
[0.729s] -- Up-to-date symlink: /home/jetson2/ws_sensor_combined/install/px4_ros_com/share/px4_ros_com/environment/ament_prefix_path.dsv
[0.729s] -- Up-to-date symlink: /home/jetson2/ws_sensor_combined/install/px4_ros_com/share/px4_ros_com/environment/path.sh
[0.729s] -- Up-to-date symlink: /home/jetson2/ws_sensor_combined/install/px4_ros_com/share/px4_ros_com/environment/path.dsv
[0.730s] -- Up-to-date symlink: /home/jetson2/ws_sensor_combined/install/px4_ros_com/share/px4_ros_com/local_setup.bash
[0.730s] -- Up-to-date symlink: /home/jetson2/ws_sensor_combined/install/px4_ros_com/share/px4_ros_com/local_setup.sh
[0.730s] -- Up-to-date symlink: /home/jetson2/ws_sensor_combined/install/px4_ros_com/share/px4_ros_com/local_setup.zsh
[0.730s] -- Up-to-date symlink: /home/jetson2/ws_sensor_combined/install/px4_ros_com/share/px4_ros_com/local_setup.dsv
[0.731s] -- Symlinking: /home/jetson2/ws_sensor_combined/install/px4_ros_com/share/px4_ros_com/package.dsv
[0.747s] -- Up-to-date symlink: /home/jetson2/ws_sensor_combined/install/px4_ros_com/share/ament_index/resource_index/packages/px4_ros_com
[0.747s] -- Up-to-date symlink: /home/jetson2/ws_sensor_combined/install/px4_ros_com/share/px4_ros_com/cmake/ament_cmake_export_dependencies-extras.cmake
[0.748s] -- Up-to-date symlink: /home/jetson2/ws_sensor_combined/install/px4_ros_com/share/px4_ros_com/cmake/ament_cmake_export_targets-extras.cmake
[0.748s] -- Up-to-date symlink: /home/jetson2/ws_sensor_combined/install/px4_ros_com/share/px4_ros_com/cmake/ament_cmake_export_include_directories-extras.cmake
[0.748s] -- Up-to-date symlink: /home/jetson2/ws_sensor_combined/install/px4_ros_com/share/px4_ros_com/cmake/ament_cmake_export_libraries-extras.cmake
[0.748s] -- Up-to-date symlink: /home/jetson2/ws_sensor_combined/install/px4_ros_com/share/px4_ros_com/cmake/px4_ros_comConfig.cmake
[0.748s] -- Up-to-date symlink: /home/jetson2/ws_sensor_combined/install/px4_ros_com/share/px4_ros_com/cmake/px4_ros_comConfig-version.cmake
[0.749s] -- Up-to-date symlink: /home/jetson2/ws_sensor_combined/install/px4_ros_com/share/px4_ros_com/package.xml
[0.749s] -- Up-to-date: /home/jetson2/ws_sensor_combined/install/px4_ros_com/lib/libframe_transforms.so
[0.811s] Listing '/home/jetson2/ws_sensor_combined/install/px4_ros_com/local/lib/python3.10/dist-packages/px4_ros_com'...
[0.821s] -- Up-to-date: /home/jetson2/ws_sensor_combined/install/px4_ros_com/share/px4_ros_com/cmake/export_frame_transformsExport.cmake
[0.821s] -- Up-to-date: /home/jetson2/ws_sensor_combined/install/px4_ros_com/share/px4_ros_com/cmake/export_frame_transformsExport-noconfig.cmake
[0.827s] Invoked command in '/home/jetson2/ws_sensor_combined/build/px4_ros_com' returned '0': CMAKE_PREFIX_PATH=/home/jetson2/ws_sensor_combined/install/px4_msgs:/home/jetson2/ws_sensor_combined/install/px4_ros_com:/opt/ros/humble LD_LIBRARY_PATH=/home/jetson2/ws_sensor_combined/install/px4_msgs/lib:/home/jetson2/ws_sensor_combined/install/px4_ros_com/lib:/opt/ros/humble/opt/rviz_ogre_vendor/lib:/opt/ros/humble/lib/aarch64-linux-gnu:/opt/ros/humble/lib /usr/bin/cmake --install /home/jetson2/ws_sensor_combined/build/px4_ros_com
