[0.173s] DEBUG:colcon:Command line arguments: ['/usr/bin/colcon', 'list', '-p', '--base-paths', '/home/krristudent/HITL/ros2_sensor']
[0.173s] DEBUG:colcon:Parsed command line arguments: Namespace(log_base=None, log_level=None, verb_name='list', build_base='build', ignore_user_meta=False, metas=['./colcon.meta'], base_paths=['/home/krristudent/HITL/ros2_sensor'], packages_ignore=None, packages_ignore_regex=None, paths=None, packages_up_to=None, packages_up_to_regex=None, packages_above=None, packages_above_and_dependencies=None, packages_above_depth=None, packages_select_by_dep=None, packages_skip_by_dep=None, packages_skip_up_to=None, packages_select_build_failed=False, packages_skip_build_finished=False, packages_select_test_failures=False, packages_skip_test_passed=False, packages_select=None, packages_skip=None, packages_select_regex=None, packages_skip_regex=None, packages_start=None, packages_end=None, allow_overriding=[], topological_order=False, names_only=False, paths_only=True, topological_graph=False, topological_graph_dot=False, topological_graph_density=False, topological_graph_legend=False, topological_graph_dot_cluster=False, topological_graph_dot_include_skipped=False, mixin_files=None, mixin=None, verb_parser=<colcon_mixin.mixin.mixin_argument.MixinArgumentDecorator object at 0x7210943ac100>, verb_extension=<colcon_package_information.verb.list.ListVerb object at 0x72109436f1c0>, main=<bound method ListVerb.main of <colcon_package_information.verb.list.ListVerb object at 0x72109436f1c0>>, mixin_verb=('list',))
[0.496s] Level 1:colcon.colcon_core.package_discovery:discover_packages(colcon_meta) check parameters
[0.496s] Level 1:colcon.colcon_core.package_discovery:discover_packages(recursive) check parameters
[0.496s] Level 1:colcon.colcon_core.package_discovery:discover_packages(ignore) check parameters
[0.496s] Level 1:colcon.colcon_core.package_discovery:discover_packages(path) check parameters
[0.496s] Level 1:colcon.colcon_core.package_discovery:discover_packages(recursive) discover
[0.497s] INFO:colcon.colcon_core.package_discovery:Crawling recursively for packages in '/home/krristudent/HITL/ros2_sensor'
[0.497s] Level 1:colcon.colcon_core.package_identification:_identify(/home/krristudent/HITL/ros2_sensor) by extensions ['ignore', 'ignore_ament_install']
[0.497s] Level 1:colcon.colcon_core.package_identification:_identify(/home/krristudent/HITL/ros2_sensor) by extension 'ignore'
[0.497s] Level 1:colcon.colcon_core.package_identification:_identify(/home/krristudent/HITL/ros2_sensor) by extension 'ignore_ament_install'
[0.497s] Level 1:colcon.colcon_core.package_identification:_identify(/home/krristudent/HITL/ros2_sensor) by extensions ['colcon_pkg']
[0.497s] Level 1:colcon.colcon_core.package_identification:_identify(/home/krristudent/HITL/ros2_sensor) by extension 'colcon_pkg'
[0.497s] Level 1:colcon.colcon_core.package_identification:_identify(/home/krristudent/HITL/ros2_sensor) by extensions ['colcon_meta']
[0.497s] Level 1:colcon.colcon_core.package_identification:_identify(/home/krristudent/HITL/ros2_sensor) by extension 'colcon_meta'
[0.497s] Level 1:colcon.colcon_core.package_identification:_identify(/home/krristudent/HITL/ros2_sensor) by extensions ['ros']
[0.497s] Level 1:colcon.colcon_core.package_identification:_identify(/home/krristudent/HITL/ros2_sensor) by extension 'ros'
[0.515s] Level 1:colcon.colcon_core.package_identification:_identify(/home/krristudent/HITL/ros2_sensor) by extensions ['cmake', 'python']
[0.515s] Level 1:colcon.colcon_core.package_identification:_identify(/home/krristudent/HITL/ros2_sensor) by extension 'cmake'
[0.515s] Level 1:colcon.colcon_core.package_identification:_identify(/home/krristudent/HITL/ros2_sensor) by extension 'python'
[0.515s] Level 1:colcon.colcon_core.package_identification:_identify(/home/krristudent/HITL/ros2_sensor) by extensions ['python_setup_py']
[0.515s] Level 1:colcon.colcon_core.package_identification:_identify(/home/krristudent/HITL/ros2_sensor) by extension 'python_setup_py'
[0.516s] Level 1:colcon.colcon_core.package_identification:_identify(/home/krristudent/HITL/ros2_sensor/build) by extensions ['ignore', 'ignore_ament_install']
[0.516s] Level 1:colcon.colcon_core.package_identification:_identify(/home/krristudent/HITL/ros2_sensor/build) by extension 'ignore'
[0.516s] Level 1:colcon.colcon_core.package_identification:_identify(/home/krristudent/HITL/ros2_sensor/build) ignored
[0.516s] Level 1:colcon.colcon_core.package_identification:_identify(/home/krristudent/HITL/ros2_sensor/install) by extensions ['ignore', 'ignore_ament_install']
[0.516s] Level 1:colcon.colcon_core.package_identification:_identify(/home/krristudent/HITL/ros2_sensor/install) by extension 'ignore'
[0.516s] Level 1:colcon.colcon_core.package_identification:_identify(/home/krristudent/HITL/ros2_sensor/install) ignored
[0.517s] Level 1:colcon.colcon_core.package_identification:_identify(/home/krristudent/HITL/ros2_sensor/log) by extensions ['ignore', 'ignore_ament_install']
[0.517s] Level 1:colcon.colcon_core.package_identification:_identify(/home/krristudent/HITL/ros2_sensor/log) by extension 'ignore'
[0.517s] Level 1:colcon.colcon_core.package_identification:_identify(/home/krristudent/HITL/ros2_sensor/log) ignored
[0.517s] Level 1:colcon.colcon_core.package_identification:_identify(/home/krristudent/HITL/ros2_sensor/src) by extensions ['ignore', 'ignore_ament_install']
[0.517s] Level 1:colcon.colcon_core.package_identification:_identify(/home/krristudent/HITL/ros2_sensor/src) by extension 'ignore'
[0.517s] Level 1:colcon.colcon_core.package_identification:_identify(/home/krristudent/HITL/ros2_sensor/src) by extension 'ignore_ament_install'
[0.517s] Level 1:colcon.colcon_core.package_identification:_identify(/home/krristudent/HITL/ros2_sensor/src) by extensions ['colcon_pkg']
[0.517s] Level 1:colcon.colcon_core.package_identification:_identify(/home/krristudent/HITL/ros2_sensor/src) by extension 'colcon_pkg'
[0.517s] Level 1:colcon.colcon_core.package_identification:_identify(/home/krristudent/HITL/ros2_sensor/src) by extensions ['colcon_meta']
[0.517s] Level 1:colcon.colcon_core.package_identification:_identify(/home/krristudent/HITL/ros2_sensor/src) by extension 'colcon_meta'
[0.518s] Level 1:colcon.colcon_core.package_identification:_identify(/home/krristudent/HITL/ros2_sensor/src) by extensions ['ros']
[0.518s] Level 1:colcon.colcon_core.package_identification:_identify(/home/krristudent/HITL/ros2_sensor/src) by extension 'ros'
[0.518s] Level 1:colcon.colcon_core.package_identification:_identify(/home/krristudent/HITL/ros2_sensor/src) by extensions ['cmake', 'python']
[0.518s] Level 1:colcon.colcon_core.package_identification:_identify(/home/krristudent/HITL/ros2_sensor/src) by extension 'cmake'
[0.518s] Level 1:colcon.colcon_core.package_identification:_identify(/home/krristudent/HITL/ros2_sensor/src) by extension 'python'
[0.518s] Level 1:colcon.colcon_core.package_identification:_identify(/home/krristudent/HITL/ros2_sensor/src) by extensions ['python_setup_py']
[0.518s] Level 1:colcon.colcon_core.package_identification:_identify(/home/krristudent/HITL/ros2_sensor/src) by extension 'python_setup_py'
[0.518s] Level 1:colcon.colcon_core.package_identification:_identify(/home/krristudent/HITL/ros2_sensor/src/lidar_distance) by extensions ['ignore', 'ignore_ament_install']
[0.518s] Level 1:colcon.colcon_core.package_identification:_identify(/home/krristudent/HITL/ros2_sensor/src/lidar_distance) by extension 'ignore'
[0.518s] Level 1:colcon.colcon_core.package_identification:_identify(/home/krristudent/HITL/ros2_sensor/src/lidar_distance) by extension 'ignore_ament_install'
[0.519s] Level 1:colcon.colcon_core.package_identification:_identify(/home/krristudent/HITL/ros2_sensor/src/lidar_distance) by extensions ['colcon_pkg']
[0.519s] Level 1:colcon.colcon_core.package_identification:_identify(/home/krristudent/HITL/ros2_sensor/src/lidar_distance) by extension 'colcon_pkg'
[0.519s] Level 1:colcon.colcon_core.package_identification:_identify(/home/krristudent/HITL/ros2_sensor/src/lidar_distance) by extensions ['colcon_meta']
[0.519s] Level 1:colcon.colcon_core.package_identification:_identify(/home/krristudent/HITL/ros2_sensor/src/lidar_distance) by extension 'colcon_meta'
[0.519s] Level 1:colcon.colcon_core.package_identification:_identify(/home/krristudent/HITL/ros2_sensor/src/lidar_distance) by extensions ['ros']
[0.519s] Level 1:colcon.colcon_core.package_identification:_identify(/home/krristudent/HITL/ros2_sensor/src/lidar_distance) by extension 'ros'
[0.523s] DEBUG:colcon.colcon_core.package_identification:Package '/home/krristudent/HITL/ros2_sensor/src/lidar_distance' with type 'ros.ament_python' and name 'lidar_distance'
[0.523s] Level 1:colcon.colcon_core.package_discovery:discover_packages(recursive) using defaults
