[0.019s] Invoking command in '/home/jetson2/ws_sensor_combined/build/px4_ros_com': AMENT_PREFIX_PATH=/home/jetson2/ws_sensor_combined/install/px4_msgs:${AMENT_PREFIX_PATH} CMAKE_PREFIX_PATH=/home/jetson2/ws_sensor_combined/install/px4_msgs:/opt/ros/humble LD_LIBRARY_PATH=/home/jetson2/ws_sensor_combined/install/px4_msgs/lib:${LD_LIBRARY_PATH} PYTHONPATH=/home/jetson2/ws_sensor_combined/install/px4_msgs/local/lib/python3.10/dist-packages:${PYTHONPATH} /usr/bin/cmake /home/jetson2/ws_sensor_combined/src/px4_ros_com -DAMENT_CMAKE_SYMLINK_INSTALL=1 -DCMAKE_INSTALL_PREFIX=/home/jetson2/ws_sensor_combined/install/px4_ros_com
[0.117s] -- The C compiler identification is GNU 11.4.0
[0.223s] -- The CXX compiler identification is GNU 11.4.0
[0.245s] -- Detecting C compiler ABI info
[0.385s] -- Detecting C compiler ABI info - done
[0.409s] -- Check for working C compiler: /usr/bin/cc - skipped
[0.410s] -- Detecting C compile features
[0.411s] -- Detecting C compile features - done
[0.420s] -- Detecting CXX compiler ABI info
[0.569s] -- Detecting CXX compiler ABI info - done
[0.594s] -- Check for working CXX compiler: /usr/bin/c++ - skipped
[0.595s] -- Detecting CXX compile features
[0.597s] -- Detecting CXX compile features - done
[0.604s] -- Found ament_cmake: 1.3.11 (/opt/ros/humble/share/ament_cmake/cmake)
[0.906s] -- Found Python3: /usr/bin/python3 (found version "3.10.12") found components: Interpreter 
[1.043s] -- Override CMake install command with custom implementation using symlinks instead of copying resources
[1.115s] -- Found builtin_interfaces: 1.2.1 (/opt/ros/humble/share/builtin_interfaces/cmake)
[1.180s] -- Found rosidl_generator_c: 3.1.6 (/opt/ros/humble/share/rosidl_generator_c/cmake)
[1.188s] -- Found rosidl_adapter: 3.1.6 (/opt/ros/humble/share/rosidl_adapter/cmake)
[1.202s] -- Found rosidl_generator_cpp: 3.1.6 (/opt/ros/humble/share/rosidl_generator_cpp/cmake)
[1.223s] -- Using all available rosidl_typesupport_c: rosidl_typesupport_fastrtps_c;rosidl_typesupport_introspection_c
[1.251s] -- Using all available rosidl_typesupport_cpp: rosidl_typesupport_fastrtps_cpp;rosidl_typesupport_introspection_cpp
[1.277s] -- Found eigen3_cmake_module: 0.1.1 (/opt/ros/humble/share/eigen3_cmake_module/cmake)
[1.288s] -- Found Eigen3: TRUE (found version "3.4.0") 
[1.290s] -- Found geometry_msgs: 4.2.4 (/opt/ros/humble/share/geometry_msgs/cmake)
[1.338s] -- Found px4_msgs: 2.0.1 (/home/jetson2/ws_sensor_combined/install/px4_msgs/share/px4_msgs/cmake)
[1.363s] -- Found rclcpp: 16.0.11 (/opt/ros/humble/share/rclcpp/cmake)
[1.434s] -- Found rmw_implementation_cmake: 6.1.2 (/opt/ros/humble/share/rmw_implementation_cmake/cmake)
[1.438s] -- Found rmw_fastrtps_cpp: 6.2.7 (/opt/ros/humble/share/rmw_fastrtps_cpp/cmake)
[1.604s] -- Found OpenSSL: /usr/lib/aarch64-linux-gnu/libcrypto.so (found version "3.0.2")  
[1.661s] -- Found FastRTPS: /opt/ros/humble/include  
[1.734s] -- Using RMW implementation 'rmw_fastrtps_cpp' as default
[1.749s] -- Looking for pthread.h
[1.880s] -- Looking for pthread.h - found
[1.880s] -- Performing Test CMAKE_HAVE_LIBC_PTHREAD
[2.015s] -- Performing Test CMAKE_HAVE_LIBC_PTHREAD - Success
[2.019s] -- Found Threads: TRUE  
[2.118s] -- Found sensor_msgs: 4.2.4 (/opt/ros/humble/share/sensor_msgs/cmake)
[2.151s] -- Found rclpy: 3.3.15 (/opt/ros/humble/share/rclpy/cmake)
[2.169s] -- Found ament_lint_auto: 0.12.11 (/opt/ros/humble/share/ament_lint_auto/cmake)
[2.372s] -- Added test 'copyright' to check source files copyright and LICENSE
[2.399s] -- Added test 'cppcheck' to perform static code analysis on C / C++ code
[2.401s] -- Configured cppcheck include dirs: /home/jetson2/ws_sensor_combined/src/px4_ros_com/include;$<BUILD_INTERFACE:/home/jetson2/ws_sensor_combined/src/px4_ros_com/include/px4_ros_com>
[2.401s] -- Configured cppcheck exclude dirs and/or files: 
[2.422s] -- Added test 'cpplint' to check C / C++ code against the Google style
[2.422s] -- Configured cpplint exclude dirs and/or files: 
[2.425s] -- Added test 'flake8' to check Python code syntax and style conventions
[2.431s] -- Added test 'lint_cmake' to check CMake code style
[2.434s] -- Added test 'pep257' to check Python code against some of the docstring style conventions in PEP 257
[2.454s] -- Added test 'uncrustify' to check C / C++ code style
[2.454s] -- Configured uncrustify additional arguments: 
[2.457s] -- Added test 'xmllint' to check XML markup files
[2.463s] -- Configuring done
[2.510s] -- Generating done
[2.527s] -- Build files have been written to: /home/jetson2/ws_sensor_combined/build/px4_ros_com
[2.551s] Invoked command in '/home/jetson2/ws_sensor_combined/build/px4_ros_com' returned '0': AMENT_PREFIX_PATH=/home/jetson2/ws_sensor_combined/install/px4_msgs:${AMENT_PREFIX_PATH} CMAKE_PREFIX_PATH=/home/jetson2/ws_sensor_combined/install/px4_msgs:/opt/ros/humble LD_LIBRARY_PATH=/home/jetson2/ws_sensor_combined/install/px4_msgs/lib:${LD_LIBRARY_PATH} PYTHONPATH=/home/jetson2/ws_sensor_combined/install/px4_msgs/local/lib/python3.10/dist-packages:${PYTHONPATH} /usr/bin/cmake /home/jetson2/ws_sensor_combined/src/px4_ros_com -DAMENT_CMAKE_SYMLINK_INSTALL=1 -DCMAKE_INSTALL_PREFIX=/home/jetson2/ws_sensor_combined/install/px4_ros_com
[2.554s] Invoking command in '/home/jetson2/ws_sensor_combined/build/px4_ros_com': AMENT_PREFIX_PATH=/home/jetson2/ws_sensor_combined/install/px4_msgs:${AMENT_PREFIX_PATH} CMAKE_PREFIX_PATH=/home/jetson2/ws_sensor_combined/install/px4_msgs:/opt/ros/humble LD_LIBRARY_PATH=/home/jetson2/ws_sensor_combined/install/px4_msgs/lib:${LD_LIBRARY_PATH} PYTHONPATH=/home/jetson2/ws_sensor_combined/install/px4_msgs/local/lib/python3.10/dist-packages:${PYTHONPATH} /usr/bin/cmake --build /home/jetson2/ws_sensor_combined/build/px4_ros_com -- -j8 -l8
[2.643s] [ 41%] [32mBuilding CXX object CMakeFiles/sensor_combined_listener.dir/src/examples/listeners/sensor_combined_listener.cpp.o[0m
[2.643s] [ 41%] [32mBuilding CXX object CMakeFiles/vehicle_gps_position_listener.dir/src/examples/listeners/vehicle_gps_position_listener.cpp.o[0m
[2.643s] [ 41%] [32mBuilding CXX object CMakeFiles/offboard_control_srv.dir/src/examples/offboard/offboard_control_srv.cpp.o[0m
[2.643s] [ 41%] [32mBuilding CXX object CMakeFiles/debug_vect_advertiser.dir/src/examples/advertisers/debug_vect_advertiser.cpp.o[0m
[2.643s] [ 41%] [32mBuilding CXX object CMakeFiles/frame_transforms.dir/src/lib/frame_transforms.cpp.o[0m
[2.651s] [ 50%] [32mBuilding CXX object CMakeFiles/offboard_control.dir/src/examples/offboard/offboard_control.cpp.o[0m
[2.658s] [ 50%] Built target ament_cmake_python_symlink_px4_ros_com
[3.164s] running egg_info
[3.165s] creating px4_ros_com.egg-info
[3.166s] writing px4_ros_com.egg-info/PKG-INFO
[3.166s] writing dependency_links to px4_ros_com.egg-info/dependency_links.txt
[3.167s] writing top-level names to px4_ros_com.egg-info/top_level.txt
[3.167s] writing manifest file 'px4_ros_com.egg-info/SOURCES.txt'
[3.172s] reading manifest file 'px4_ros_com.egg-info/SOURCES.txt'
[3.173s] writing manifest file 'px4_ros_com.egg-info/SOURCES.txt'
[3.245s] [ 50%] Built target ament_cmake_python_build_px4_ros_com_egg
[4.273s] In file included from [01m[K/usr/include/eigen3/Eigen/Core:214[m[K,
[4.273s]                  from [01m[K/usr/include/eigen3/Eigen/Dense:1[m[K,
[4.273s]                  from [01m[K/usr/include/eigen3/Eigen/Eigen:1[m[K,
[4.273s]                  from [01m[K/home/jetson2/ws_sensor_combined/src/px4_ros_com/include/px4_ros_com/frame_transforms.h:45[m[K,
[4.274s]                  from [01m[K/home/jetson2/ws_sensor_combined/src/px4_ros_com/src/lib/frame_transforms.cpp:41[m[K:
[4.274s] [01m[K/usr/include/eigen3/Eigen/src/Core/arch/NEON/PacketMath.h:[m[K In function ‘[01m[KPacket Eigen::internal::pload(const typename Eigen::internal::unpacket_traits<T>::type*) [with Packet = Eigen::internal::eigen_packet_wrapper<int, 2>; typename Eigen::internal::unpacket_traits<T>::type = signed char][m[K’:
[4.274s] [01m[K/usr/include/eigen3/Eigen/src/Core/arch/NEON/PacketMath.h:1671:9:[m[K [01;35m[Kwarning: [m[K‘[01m[Kvoid* memcpy(void*, const void*, size_t)[m[K’ copying an object of non-trivial type ‘[01m[KEigen::internal::Packet4c[m[K’ {aka ‘[01m[Kstruct Eigen::internal::eigen_packet_wrapper<int, 2>[m[K’} from an array of ‘[01m[Kconst int8_t[m[K’ {aka ‘[01m[Kconst signed char[m[K’} [[01;35m[K]8;;https://gcc.gnu.org/onlinedocs/gcc/Warning-Options.html#index-Wclass-memaccess-Wclass-memaccess]8;;[m[K]
[4.274s]  1671 |   [01;35m[Kmemcpy(&res, from, sizeof(Packet4c))[m[K;
[4.274s]       |   [01;35m[K~~~~~~^~~~~~~~~~~~~~~~~~~~~~~~~~~~~~[m[K
[4.274s] In file included from [01m[K/usr/include/eigen3/Eigen/Core:172[m[K,
[4.274s]                  from [01m[K/usr/include/eigen3/Eigen/Dense:1[m[K,
[4.274s]                  from [01m[K/usr/include/eigen3/Eigen/Eigen:1[m[K,
[4.274s]                  from [01m[K/home/jetson2/ws_sensor_combined/src/px4_ros_com/include/px4_ros_com/frame_transforms.h:45[m[K,
[4.275s]                  from [01m[K/home/jetson2/ws_sensor_combined/src/px4_ros_com/src/lib/frame_transforms.cpp:41[m[K:
[4.275s] [01m[K/usr/include/eigen3/Eigen/src/Core/GenericPacketMath.h:159:8:[m[K [01;36m[Knote: [m[K‘[01m[KEigen::internal::Packet4c[m[K’ {aka ‘[01m[Kstruct Eigen::internal::eigen_packet_wrapper<int, 2>[m[K’} declared here
[4.275s]   159 | struct [01;36m[Keigen_packet_wrapper[m[K
[4.275s]       |        [01;36m[K^~~~~~~~~~~~~~~~~~~~[m[K
[4.276s] In file included from [01m[K/usr/include/eigen3/Eigen/Core:214[m[K,
[4.276s]                  from [01m[K/usr/include/eigen3/Eigen/Dense:1[m[K,
[4.277s]                  from [01m[K/usr/include/eigen3/Eigen/Eigen:1[m[K,
[4.277s]                  from [01m[K/home/jetson2/ws_sensor_combined/src/px4_ros_com/include/px4_ros_com/frame_transforms.h:45[m[K,
[4.277s]                  from [01m[K/home/jetson2/ws_sensor_combined/src/px4_ros_com/src/lib/frame_transforms.cpp:41[m[K:
[4.277s] [01m[K/usr/include/eigen3/Eigen/src/Core/arch/NEON/PacketMath.h:[m[K In function ‘[01m[KPacket Eigen::internal::ploadu(const typename Eigen::internal::unpacket_traits<T>::type*) [with Packet = Eigen::internal::eigen_packet_wrapper<int, 2>; typename Eigen::internal::unpacket_traits<T>::type = signed char][m[K’:
[4.277s] [01m[K/usr/include/eigen3/Eigen/src/Core/arch/NEON/PacketMath.h:1716:9:[m[K [01;35m[Kwarning: [m[K‘[01m[Kvoid* memcpy(void*, const void*, size_t)[m[K’ copying an object of non-trivial type ‘[01m[KEigen::internal::Packet4c[m[K’ {aka ‘[01m[Kstruct Eigen::internal::eigen_packet_wrapper<int, 2>[m[K’} from an array of ‘[01m[Kconst int8_t[m[K’ {aka ‘[01m[Kconst signed char[m[K’} [[01;35m[K]8;;https://gcc.gnu.org/onlinedocs/gcc/Warning-Options.html#index-Wclass-memaccess-Wclass-memaccess]8;;[m[K]
[4.277s]  1716 |   [01;35m[Kmemcpy(&res, from, sizeof(Packet4c))[m[K;
[4.277s]       |   [01;35m[K~~~~~~^~~~~~~~~~~~~~~~~~~~~~~~~~~~~~[m[K
[4.277s] In file included from [01m[K/usr/include/eigen3/Eigen/Core:172[m[K,
[4.277s]                  from [01m[K/usr/include/eigen3/Eigen/Dense:1[m[K,
[4.278s]                  from [01m[K/usr/include/eigen3/Eigen/Eigen:1[m[K,
[4.278s]                  from [01m[K/home/jetson2/ws_sensor_combined/src/px4_ros_com/include/px4_ros_com/frame_transforms.h:45[m[K,
[4.278s]                  from [01m[K/home/jetson2/ws_sensor_combined/src/px4_ros_com/src/lib/frame_transforms.cpp:41[m[K:
[4.278s] [01m[K/usr/include/eigen3/Eigen/src/Core/GenericPacketMath.h:159:8:[m[K [01;36m[Knote: [m[K‘[01m[KEigen::internal::Packet4c[m[K’ {aka ‘[01m[Kstruct Eigen::internal::eigen_packet_wrapper<int, 2>[m[K’} declared here
[4.278s]   159 | struct [01;36m[Keigen_packet_wrapper[m[K
[4.278s]       |        [01;36m[K^~~~~~~~~~~~~~~~~~~~[m[K
[12.087s] [ 58%] [32m[1mLinking CXX executable debug_vect_advertiser[0m
[12.466s] [ 58%] Built target debug_vect_advertiser
[13.851s] [ 66%] [32m[1mLinking CXX executable offboard_control[0m
[14.272s] [ 66%] Built target offboard_control
[15.485s] [ 75%] [32m[1mLinking CXX executable offboard_control_srv[0m
[15.955s] [ 75%] Built target offboard_control_srv
[18.407s] [ 83%] [32m[1mLinking CXX shared library libframe_transforms.so[0m
[18.908s] [ 83%] Built target frame_transforms
[20.393s] [ 91%] [32m[1mLinking CXX executable vehicle_gps_position_listener[0m
[20.472s] [100%] [32m[1mLinking CXX executable sensor_combined_listener[0m
[21.104s] [100%] Built target vehicle_gps_position_listener
[21.180s] [100%] Built target sensor_combined_listener
[21.204s] Invoked command in '/home/jetson2/ws_sensor_combined/build/px4_ros_com' returned '0': AMENT_PREFIX_PATH=/home/jetson2/ws_sensor_combined/install/px4_msgs:${AMENT_PREFIX_PATH} CMAKE_PREFIX_PATH=/home/jetson2/ws_sensor_combined/install/px4_msgs:/opt/ros/humble LD_LIBRARY_PATH=/home/jetson2/ws_sensor_combined/install/px4_msgs/lib:${LD_LIBRARY_PATH} PYTHONPATH=/home/jetson2/ws_sensor_combined/install/px4_msgs/local/lib/python3.10/dist-packages:${PYTHONPATH} /usr/bin/cmake --build /home/jetson2/ws_sensor_combined/build/px4_ros_com -- -j8 -l8
[21.210s] Invoking command in '/home/jetson2/ws_sensor_combined/build/px4_ros_com': AMENT_PREFIX_PATH=/home/jetson2/ws_sensor_combined/install/px4_msgs:${AMENT_PREFIX_PATH} CMAKE_PREFIX_PATH=/home/jetson2/ws_sensor_combined/install/px4_msgs:/opt/ros/humble LD_LIBRARY_PATH=/home/jetson2/ws_sensor_combined/install/px4_msgs/lib:${LD_LIBRARY_PATH} PYTHONPATH=/home/jetson2/ws_sensor_combined/install/px4_msgs/local/lib/python3.10/dist-packages:${PYTHONPATH} /usr/bin/cmake --install /home/jetson2/ws_sensor_combined/build/px4_ros_com
[21.226s] -- Install configuration: ""
[21.227s] -- Execute custom install script
[21.228s] -- Symlinking: /home/jetson2/ws_sensor_combined/install/px4_ros_com/lib/px4_ros_com/sensor_combined_listener
[21.244s] -- Symlinking: /home/jetson2/ws_sensor_combined/install/px4_ros_com/lib/px4_ros_com/vehicle_gps_position_listener
[21.260s] -- Symlinking: /home/jetson2/ws_sensor_combined/install/px4_ros_com/lib/px4_ros_com/debug_vect_advertiser
[21.275s] -- Symlinking: /home/jetson2/ws_sensor_combined/install/px4_ros_com/lib/px4_ros_com/offboard_control
[21.291s] -- Symlinking: /home/jetson2/ws_sensor_combined/install/px4_ros_com/lib/px4_ros_com/offboard_control_srv
[21.306s] -- Symlinking: /home/jetson2/ws_sensor_combined/install/px4_ros_com/share/px4_ros_com/environment/library_path.sh
[21.322s] -- Symlinking: /home/jetson2/ws_sensor_combined/install/px4_ros_com/share/px4_ros_com/environment/library_path.dsv
[21.338s] -- Symlinking: /home/jetson2/ws_sensor_combined/install/px4_ros_com/include/px4_ros_com/frame_transforms.h
[21.354s] -- Symlinking: /home/jetson2/ws_sensor_combined/install/px4_ros_com/share/px4_ros_com//launch/offboard_control_launch.yaml
[21.369s] -- Symlinking: /home/jetson2/ws_sensor_combined/install/px4_ros_com/share/px4_ros_com//launch/sensor_combined_listener.launch.py
[21.386s] -- Symlinking: /home/jetson2/ws_sensor_combined/install/px4_ros_com/share/px4_ros_com//test/__init__.py
[21.402s] -- Symlinking: /home/jetson2/ws_sensor_combined/install/px4_ros_com/share/px4_ros_com//test/pipeline_io_test.py
[21.419s] -- Symlinking: /home/jetson2/ws_sensor_combined/install/px4_ros_com/share/px4_ros_com//test/test_input.py
[21.434s] -- Symlinking: /home/jetson2/ws_sensor_combined/install/px4_ros_com/share/px4_ros_com//test/test_output.py
[21.450s] -- Symlinking: /home/jetson2/ws_sensor_combined/install/px4_ros_com/share/px4_ros_com/environment/pythonpath.sh
[21.466s] -- Symlinking: /home/jetson2/ws_sensor_combined/install/px4_ros_com/share/px4_ros_com/environment/pythonpath.dsv
[21.482s] -- Symlinking: /home/jetson2/ws_sensor_combined/install/px4_ros_com/local/lib/python3.10/dist-packages/px4_ros_com-0.1.0-py3.10.egg-info/PKG-INFO
[21.497s] -- Symlinking: /home/jetson2/ws_sensor_combined/install/px4_ros_com/local/lib/python3.10/dist-packages/px4_ros_com-0.1.0-py3.10.egg-info/SOURCES.txt
[21.513s] -- Symlinking: /home/jetson2/ws_sensor_combined/install/px4_ros_com/local/lib/python3.10/dist-packages/px4_ros_com-0.1.0-py3.10.egg-info/dependency_links.txt
[21.528s] -- Symlinking: /home/jetson2/ws_sensor_combined/install/px4_ros_com/local/lib/python3.10/dist-packages/px4_ros_com-0.1.0-py3.10.egg-info/top_level.txt
[21.546s] -- Symlinking: /home/jetson2/ws_sensor_combined/install/px4_ros_com/local/lib/python3.10/dist-packages/px4_ros_com/__init__.py
[21.562s] -- Symlinking: /home/jetson2/ws_sensor_combined/install/px4_ros_com/local/lib/python3.10/dist-packages/px4_ros_com/module_to_import.py
[21.578s] -- Symlinking: /home/jetson2/ws_sensor_combined/install/px4_ros_com/local/lib/python3.10/dist-packages/px4_ros_com/offboard_control.py
[21.593s] -- Symlinking: /home/jetson2/ws_sensor_combined/install/px4_ros_com/lib/px4_ros_com/offboard_control.py
[21.609s] -- Symlinking: /home/jetson2/ws_sensor_combined/install/px4_ros_com/share/ament_index/resource_index/package_run_dependencies/px4_ros_com
[21.629s] -- Symlinking: /home/jetson2/ws_sensor_combined/install/px4_ros_com/share/ament_index/resource_index/parent_prefix_path/px4_ros_com
[21.645s] -- Symlinking: /home/jetson2/ws_sensor_combined/install/px4_ros_com/share/px4_ros_com/environment/ament_prefix_path.sh
[21.661s] -- Symlinking: /home/jetson2/ws_sensor_combined/install/px4_ros_com/share/px4_ros_com/environment/ament_prefix_path.dsv
[21.678s] -- Symlinking: /home/jetson2/ws_sensor_combined/install/px4_ros_com/share/px4_ros_com/environment/path.sh
[21.694s] -- Symlinking: /home/jetson2/ws_sensor_combined/install/px4_ros_com/share/px4_ros_com/environment/path.dsv
[21.710s] -- Symlinking: /home/jetson2/ws_sensor_combined/install/px4_ros_com/share/px4_ros_com/local_setup.bash
[21.728s] -- Symlinking: /home/jetson2/ws_sensor_combined/install/px4_ros_com/share/px4_ros_com/local_setup.sh
[21.745s] -- Symlinking: /home/jetson2/ws_sensor_combined/install/px4_ros_com/share/px4_ros_com/local_setup.zsh
[21.760s] -- Symlinking: /home/jetson2/ws_sensor_combined/install/px4_ros_com/share/px4_ros_com/local_setup.dsv
[21.777s] -- Symlinking: /home/jetson2/ws_sensor_combined/install/px4_ros_com/share/px4_ros_com/package.dsv
[21.793s] -- Symlinking: /home/jetson2/ws_sensor_combined/install/px4_ros_com/share/ament_index/resource_index/packages/px4_ros_com
[21.810s] -- Symlinking: /home/jetson2/ws_sensor_combined/install/px4_ros_com/share/px4_ros_com/cmake/ament_cmake_export_dependencies-extras.cmake
[21.829s] -- Symlinking: /home/jetson2/ws_sensor_combined/install/px4_ros_com/share/px4_ros_com/cmake/ament_cmake_export_targets-extras.cmake
[21.844s] -- Symlinking: /home/jetson2/ws_sensor_combined/install/px4_ros_com/share/px4_ros_com/cmake/ament_cmake_export_include_directories-extras.cmake
[21.859s] -- Symlinking: /home/jetson2/ws_sensor_combined/install/px4_ros_com/share/px4_ros_com/cmake/ament_cmake_export_libraries-extras.cmake
[21.875s] -- Symlinking: /home/jetson2/ws_sensor_combined/install/px4_ros_com/share/px4_ros_com/cmake/px4_ros_comConfig.cmake
[21.889s] -- Symlinking: /home/jetson2/ws_sensor_combined/install/px4_ros_com/share/px4_ros_com/cmake/px4_ros_comConfig-version.cmake
[21.905s] -- Symlinking: /home/jetson2/ws_sensor_combined/install/px4_ros_com/share/px4_ros_com/package.xml
[21.921s] -- Installing: /home/jetson2/ws_sensor_combined/install/px4_ros_com/lib/libframe_transforms.so
[21.934s] -- Set runtime path of "/home/jetson2/ws_sensor_combined/install/px4_ros_com/lib/libframe_transforms.so" to ""
[22.004s] Listing '/home/jetson2/ws_sensor_combined/install/px4_ros_com/local/lib/python3.10/dist-packages/px4_ros_com'...
[22.004s] Compiling '/home/jetson2/ws_sensor_combined/install/px4_ros_com/local/lib/python3.10/dist-packages/px4_ros_com/__init__.py'...
[22.004s] Compiling '/home/jetson2/ws_sensor_combined/install/px4_ros_com/local/lib/python3.10/dist-packages/px4_ros_com/module_to_import.py'...
[22.004s] Compiling '/home/jetson2/ws_sensor_combined/install/px4_ros_com/local/lib/python3.10/dist-packages/px4_ros_com/offboard_control.py'...
[22.015s] -- Installing: /home/jetson2/ws_sensor_combined/install/px4_ros_com/share/px4_ros_com/cmake/export_frame_transformsExport.cmake
[22.016s] -- Installing: /home/jetson2/ws_sensor_combined/install/px4_ros_com/share/px4_ros_com/cmake/export_frame_transformsExport-noconfig.cmake
[22.023s] Invoked command in '/home/jetson2/ws_sensor_combined/build/px4_ros_com' returned '0': AMENT_PREFIX_PATH=/home/jetson2/ws_sensor_combined/install/px4_msgs:${AMENT_PREFIX_PATH} CMAKE_PREFIX_PATH=/home/jetson2/ws_sensor_combined/install/px4_msgs:/opt/ros/humble LD_LIBRARY_PATH=/home/jetson2/ws_sensor_combined/install/px4_msgs/lib:${LD_LIBRARY_PATH} PYTHONPATH=/home/jetson2/ws_sensor_combined/install/px4_msgs/local/lib/python3.10/dist-packages:${PYTHONPATH} /usr/bin/cmake --install /home/jetson2/ws_sensor_combined/build/px4_ros_com
