running develop
running egg_info
creating offboard.egg-info
writing offboard.egg-info/PKG-INFO
writing dependency_links to offboard.egg-info/dependency_links.txt
writing entry points to offboard.egg-info/entry_points.txt
writing requirements to offboard.egg-info/requires.txt
writing top-level names to offboard.egg-info/top_level.txt
writing manifest file 'offboard.egg-info/SOURCES.txt'
reading manifest file 'offboard.egg-info/SOURCES.txt'
writing manifest file 'offboard.egg-info/SOURCES.txt'
running build_ext
Creating /home/krristudent/HITL/sensor/install/offboard/lib/python3.10/site-packages/offboard.egg-link (link to .)
Installing offboard_mode script to /home/krristudent/HITL/sensor/install/offboard/lib/offboard

Installed /home/krristudent/HITL/sensor/build/offboard
running symlink_data
creating /home/krristudent/HITL/sensor/install/offboard/share/ament_index
creating /home/krristudent/HITL/sensor/install/offboard/share/ament_index/resource_index
creating /home/krristudent/HITL/sensor/install/offboard/share/ament_index/resource_index/packages
symbolically linking /home/krristudent/HITL/sensor/build/offboard/resource/offboard -> /home/krristudent/HITL/sensor/install/offboard/share/ament_index/resource_index/packages
symbolically linking /home/krristudent/HITL/sensor/build/offboard/package.xml -> /home/krristudent/HITL/sensor/install/offboard/share/offboard
