[0.538s] Invoking command in '/home/jetson2/ws_sensor_combined/build/px4_ros_com': AMENT_PREFIX_PATH=/home/jetson2/ws_sensor_combined/install/px4_msgs:${AMENT_PREFIX_PATH} CMAKE_PREFIX_PATH=/home/jetson2/ws_sensor_combined/install/px4_msgs:/opt/ros/humble LD_LIBRARY_PATH=/home/jetson2/ws_sensor_combined/install/px4_msgs/lib:${LD_LIBRARY_PATH} PYTHONPATH=/home/jetson2/ws_sensor_combined/install/px4_msgs/local/lib/python3.10/dist-packages:${PYTHONPATH} /usr/bin/cmake --build /home/jetson2/ws_sensor_combined/build/px4_ros_com -- -j8 -l8
[0.643s] [  0%] Built target ament_cmake_python_symlink_px4_ros_com
[0.643s] [ 16%] Built target frame_transforms
[0.645s] [ 33%] Built target offboard_control_srv
[0.646s] [ 50%] Built target vehicle_gps_position_listener
[0.646s] [ 66%] Built target sensor_combined_listener
[0.649s] [ 83%] Built target offboard_control
[0.651s] [100%] Built target debug_vect_advertiser
[1.127s] running egg_info
[1.129s] writing px4_ros_com.egg-info/PKG-INFO
[1.129s] writing dependency_links to px4_ros_com.egg-info/dependency_links.txt
[1.129s] writing top-level names to px4_ros_com.egg-info/top_level.txt
[1.135s] reading manifest file 'px4_ros_com.egg-info/SOURCES.txt'
[1.136s] writing manifest file 'px4_ros_com.egg-info/SOURCES.txt'
[1.195s] [100%] Built target ament_cmake_python_build_px4_ros_com_egg
[1.215s] Invoked command in '/home/jetson2/ws_sensor_combined/build/px4_ros_com' returned '0': AMENT_PREFIX_PATH=/home/jetson2/ws_sensor_combined/install/px4_msgs:${AMENT_PREFIX_PATH} CMAKE_PREFIX_PATH=/home/jetson2/ws_sensor_combined/install/px4_msgs:/opt/ros/humble LD_LIBRARY_PATH=/home/jetson2/ws_sensor_combined/install/px4_msgs/lib:${LD_LIBRARY_PATH} PYTHONPATH=/home/jetson2/ws_sensor_combined/install/px4_msgs/local/lib/python3.10/dist-packages:${PYTHONPATH} /usr/bin/cmake --build /home/jetson2/ws_sensor_combined/build/px4_ros_com -- -j8 -l8
[1.220s] Invoking command in '/home/jetson2/ws_sensor_combined/build/px4_ros_com': AMENT_PREFIX_PATH=/home/jetson2/ws_sensor_combined/install/px4_msgs:${AMENT_PREFIX_PATH} CMAKE_PREFIX_PATH=/home/jetson2/ws_sensor_combined/install/px4_msgs:/opt/ros/humble LD_LIBRARY_PATH=/home/jetson2/ws_sensor_combined/install/px4_msgs/lib:${LD_LIBRARY_PATH} PYTHONPATH=/home/jetson2/ws_sensor_combined/install/px4_msgs/local/lib/python3.10/dist-packages:${PYTHONPATH} /usr/bin/cmake --install /home/jetson2/ws_sensor_combined/build/px4_ros_com
[1.236s] -- Install configuration: ""
[1.236s] -- Execute custom install script
[1.236s] -- Up-to-date symlink: /home/jetson2/ws_sensor_combined/install/px4_ros_com/lib/px4_ros_com/sensor_combined_listener
[1.237s] -- Up-to-date symlink: /home/jetson2/ws_sensor_combined/install/px4_ros_com/lib/px4_ros_com/vehicle_gps_position_listener
[1.237s] -- Up-to-date symlink: /home/jetson2/ws_sensor_combined/install/px4_ros_com/lib/px4_ros_com/debug_vect_advertiser
[1.238s] -- Up-to-date symlink: /home/jetson2/ws_sensor_combined/install/px4_ros_com/lib/px4_ros_com/offboard_control
[1.238s] -- Up-to-date symlink: /home/jetson2/ws_sensor_combined/install/px4_ros_com/lib/px4_ros_com/offboard_control_srv
[1.239s] -- Up-to-date symlink: /home/jetson2/ws_sensor_combined/install/px4_ros_com/share/px4_ros_com/environment/library_path.sh
[1.239s] -- Up-to-date symlink: /home/jetson2/ws_sensor_combined/install/px4_ros_com/share/px4_ros_com/environment/library_path.dsv
[1.240s] -- Up-to-date symlink: /home/jetson2/ws_sensor_combined/install/px4_ros_com/include/px4_ros_com/frame_transforms.h
[1.241s] -- Up-to-date symlink: /home/jetson2/ws_sensor_combined/install/px4_ros_com/share/px4_ros_com//launch/offboard_control_launch.yaml
[1.241s] -- Up-to-date symlink: /home/jetson2/ws_sensor_combined/install/px4_ros_com/share/px4_ros_com//launch/sensor_combined_listener.launch.py
[1.242s] -- Up-to-date symlink: /home/jetson2/ws_sensor_combined/install/px4_ros_com/share/px4_ros_com//test/__init__.py
[1.242s] -- Up-to-date symlink: /home/jetson2/ws_sensor_combined/install/px4_ros_com/share/px4_ros_com//test/pipeline_io_test.py
[1.242s] -- Up-to-date symlink: /home/jetson2/ws_sensor_combined/install/px4_ros_com/share/px4_ros_com//test/test_input.py
[1.243s] -- Up-to-date symlink: /home/jetson2/ws_sensor_combined/install/px4_ros_com/share/px4_ros_com//test/test_output.py
[1.243s] -- Up-to-date symlink: /home/jetson2/ws_sensor_combined/install/px4_ros_com/share/px4_ros_com/environment/pythonpath.sh
[1.243s] -- Up-to-date symlink: /home/jetson2/ws_sensor_combined/install/px4_ros_com/share/px4_ros_com/environment/pythonpath.dsv
[1.244s] -- Up-to-date symlink: /home/jetson2/ws_sensor_combined/install/px4_ros_com/local/lib/python3.10/dist-packages/px4_ros_com-0.1.0-py3.10.egg-info/PKG-INFO
[1.244s] -- Up-to-date symlink: /home/jetson2/ws_sensor_combined/install/px4_ros_com/local/lib/python3.10/dist-packages/px4_ros_com-0.1.0-py3.10.egg-info/SOURCES.txt
[1.245s] -- Up-to-date symlink: /home/jetson2/ws_sensor_combined/install/px4_ros_com/local/lib/python3.10/dist-packages/px4_ros_com-0.1.0-py3.10.egg-info/dependency_links.txt
[1.245s] -- Up-to-date symlink: /home/jetson2/ws_sensor_combined/install/px4_ros_com/local/lib/python3.10/dist-packages/px4_ros_com-0.1.0-py3.10.egg-info/top_level.txt
[1.246s] -- Up-to-date symlink: /home/jetson2/ws_sensor_combined/install/px4_ros_com/local/lib/python3.10/dist-packages/px4_ros_com/__init__.py
[1.246s] -- Up-to-date symlink: /home/jetson2/ws_sensor_combined/install/px4_ros_com/local/lib/python3.10/dist-packages/px4_ros_com/module_to_import.py
[1.246s] -- Up-to-date symlink: /home/jetson2/ws_sensor_combined/install/px4_ros_com/local/lib/python3.10/dist-packages/px4_ros_com/offboard_control.py
[1.247s] -- Up-to-date symlink: /home/jetson2/ws_sensor_combined/install/px4_ros_com/lib/px4_ros_com/offboard_control.py
[1.247s] -- Up-to-date symlink: /home/jetson2/ws_sensor_combined/install/px4_ros_com/share/ament_index/resource_index/package_run_dependencies/px4_ros_com
[1.248s] -- Up-to-date symlink: /home/jetson2/ws_sensor_combined/install/px4_ros_com/share/ament_index/resource_index/parent_prefix_path/px4_ros_com
[1.248s] -- Up-to-date symlink: /home/jetson2/ws_sensor_combined/install/px4_ros_com/share/px4_ros_com/environment/ament_prefix_path.sh
[1.248s] -- Up-to-date symlink: /home/jetson2/ws_sensor_combined/install/px4_ros_com/share/px4_ros_com/environment/ament_prefix_path.dsv
[1.249s] -- Up-to-date symlink: /home/jetson2/ws_sensor_combined/install/px4_ros_com/share/px4_ros_com/environment/path.sh
[1.249s] -- Up-to-date symlink: /home/jetson2/ws_sensor_combined/install/px4_ros_com/share/px4_ros_com/environment/path.dsv
[1.249s] -- Up-to-date symlink: /home/jetson2/ws_sensor_combined/install/px4_ros_com/share/px4_ros_com/local_setup.bash
[1.250s] -- Up-to-date symlink: /home/jetson2/ws_sensor_combined/install/px4_ros_com/share/px4_ros_com/local_setup.sh
[1.250s] -- Up-to-date symlink: /home/jetson2/ws_sensor_combined/install/px4_ros_com/share/px4_ros_com/local_setup.zsh
[1.250s] -- Up-to-date symlink: /home/jetson2/ws_sensor_combined/install/px4_ros_com/share/px4_ros_com/local_setup.dsv
[1.251s] -- Symlinking: /home/jetson2/ws_sensor_combined/install/px4_ros_com/share/px4_ros_com/package.dsv
[1.265s] -- Up-to-date symlink: /home/jetson2/ws_sensor_combined/install/px4_ros_com/share/ament_index/resource_index/packages/px4_ros_com
[1.266s] -- Up-to-date symlink: /home/jetson2/ws_sensor_combined/install/px4_ros_com/share/px4_ros_com/cmake/ament_cmake_export_dependencies-extras.cmake
[1.266s] -- Up-to-date symlink: /home/jetson2/ws_sensor_combined/install/px4_ros_com/share/px4_ros_com/cmake/ament_cmake_export_targets-extras.cmake
[1.266s] -- Up-to-date symlink: /home/jetson2/ws_sensor_combined/install/px4_ros_com/share/px4_ros_com/cmake/ament_cmake_export_include_directories-extras.cmake
[1.267s] -- Up-to-date symlink: /home/jetson2/ws_sensor_combined/install/px4_ros_com/share/px4_ros_com/cmake/ament_cmake_export_libraries-extras.cmake
[1.267s] -- Up-to-date symlink: /home/jetson2/ws_sensor_combined/install/px4_ros_com/share/px4_ros_com/cmake/px4_ros_comConfig.cmake
[1.267s] -- Up-to-date symlink: /home/jetson2/ws_sensor_combined/install/px4_ros_com/share/px4_ros_com/cmake/px4_ros_comConfig-version.cmake
[1.268s] -- Up-to-date symlink: /home/jetson2/ws_sensor_combined/install/px4_ros_com/share/px4_ros_com/package.xml
[1.268s] -- Up-to-date: /home/jetson2/ws_sensor_combined/install/px4_ros_com/lib/libframe_transforms.so
[1.329s] Listing '/home/jetson2/ws_sensor_combined/install/px4_ros_com/local/lib/python3.10/dist-packages/px4_ros_com'...
[1.340s] -- Up-to-date: /home/jetson2/ws_sensor_combined/install/px4_ros_com/share/px4_ros_com/cmake/export_frame_transformsExport.cmake
[1.340s] -- Up-to-date: /home/jetson2/ws_sensor_combined/install/px4_ros_com/share/px4_ros_com/cmake/export_frame_transformsExport-noconfig.cmake
[1.347s] Invoked command in '/home/jetson2/ws_sensor_combined/build/px4_ros_com' returned '0': AMENT_PREFIX_PATH=/home/jetson2/ws_sensor_combined/install/px4_msgs:${AMENT_PREFIX_PATH} CMAKE_PREFIX_PATH=/home/jetson2/ws_sensor_combined/install/px4_msgs:/opt/ros/humble LD_LIBRARY_PATH=/home/jetson2/ws_sensor_combined/install/px4_msgs/lib:${LD_LIBRARY_PATH} PYTHONPATH=/home/jetson2/ws_sensor_combined/install/px4_msgs/local/lib/python3.10/dist-packages:${PYTHONPATH} /usr/bin/cmake --install /home/jetson2/ws_sensor_combined/build/px4_ros_com
