[0.540s] Invoking command in '/home/jetson2/ws_sensor_combined/build/px4_ros_com': AMENT_PREFIX_PATH=/home/jetson2/ws_sensor_combined/install/px4_msgs:${AMENT_PREFIX_PATH} CMAKE_PREFIX_PATH=/home/jetson2/ws_sensor_combined/install/px4_msgs:/opt/ros/humble LD_LIBRARY_PATH=/home/jetson2/ws_sensor_combined/install/px4_msgs/lib:${LD_LIBRARY_PATH} PYTHONPATH=/home/jetson2/ws_sensor_combined/install/px4_msgs/local/lib/python3.10/dist-packages:${PYTHONPATH} /usr/bin/cmake --build /home/jetson2/ws_sensor_combined/build/px4_ros_com -- -j8 -l8
[0.584s] -- Found ament_cmake: 1.3.11 (/opt/ros/humble/share/ament_cmake/cmake)
[0.822s] -- Override CMake install command with custom implementation using symlinks instead of copying resources
[0.848s] -- Found builtin_interfaces: 1.2.1 (/opt/ros/humble/share/builtin_interfaces/cmake)
[0.912s] -- Found rosidl_generator_c: 3.1.6 (/opt/ros/humble/share/rosidl_generator_c/cmake)
[0.916s] -- Found rosidl_adapter: 3.1.6 (/opt/ros/humble/share/rosidl_adapter/cmake)
[0.927s] -- Found rosidl_generator_cpp: 3.1.6 (/opt/ros/humble/share/rosidl_generator_cpp/cmake)
[0.944s] -- Using all available rosidl_typesupport_c: rosidl_typesupport_fastrtps_c;rosidl_typesupport_introspection_c
[0.967s] -- Using all available rosidl_typesupport_cpp: rosidl_typesupport_fastrtps_cpp;rosidl_typesupport_introspection_cpp
[0.987s] -- Found eigen3_cmake_module: 0.1.1 (/opt/ros/humble/share/eigen3_cmake_module/cmake)
[0.990s] -- Found geometry_msgs: 4.2.4 (/opt/ros/humble/share/geometry_msgs/cmake)
[1.036s] -- Found px4_msgs: 2.0.1 (/home/jetson2/ws_sensor_combined/install/px4_msgs/share/px4_msgs/cmake)
[1.057s] -- Found rclcpp: 16.0.11 (/opt/ros/humble/share/rclcpp/cmake)
[1.104s] -- Found rmw_implementation_cmake: 6.1.2 (/opt/ros/humble/share/rmw_implementation_cmake/cmake)
[1.106s] -- Found rmw_fastrtps_cpp: 6.2.7 (/opt/ros/humble/share/rmw_fastrtps_cpp/cmake)
[1.284s] -- Using RMW implementation 'rmw_fastrtps_cpp' as default
[1.353s] -- Found sensor_msgs: 4.2.4 (/opt/ros/humble/share/sensor_msgs/cmake)
[1.384s] -- Found rclpy: 3.3.15 (/opt/ros/humble/share/rclpy/cmake)
[1.400s] -- Found ament_lint_auto: 0.12.11 (/opt/ros/humble/share/ament_lint_auto/cmake)
[1.549s] -- Added test 'copyright' to check source files copyright and LICENSE
[1.579s] -- Added test 'cppcheck' to perform static code analysis on C / C++ code
[1.580s] -- Configured cppcheck include dirs: /home/jetson2/ws_sensor_combined/src/px4_ros_com/include;$<BUILD_INTERFACE:/home/jetson2/ws_sensor_combined/src/px4_ros_com/include/px4_ros_com>
[1.580s] -- Configured cppcheck exclude dirs and/or files: 
[1.603s] -- Added test 'cpplint' to check C / C++ code against the Google style
[1.603s] -- Configured cpplint exclude dirs and/or files: 
[1.606s] -- Added test 'flake8' to check Python code syntax and style conventions
[1.612s] -- Added test 'lint_cmake' to check CMake code style
[1.615s] -- Added test 'pep257' to check Python code against some of the docstring style conventions in PEP 257
[1.635s] -- Added test 'uncrustify' to check C / C++ code style
[1.636s] -- Configured uncrustify additional arguments: 
[1.638s] -- Added test 'xmllint' to check XML markup files
[1.644s] -- Configuring done
[1.698s] -- Generating done
[1.716s] -- Build files have been written to: /home/jetson2/ws_sensor_combined/build/px4_ros_com
[1.766s] [35m[1mConsolidate compiler generated dependencies of target frame_transforms[0m
[1.766s] [35m[1mConsolidate compiler generated dependencies of target sensor_combined_listener[0m
[1.767s] [35m[1mConsolidate compiler generated dependencies of target vehicle_gps_position_listener[0m
[1.767s] [35m[1mConsolidate compiler generated dependencies of target debug_vect_advertiser[0m
[1.767s] [35m[1mConsolidate compiler generated dependencies of target offboard_control[0m
[1.768s] [35m[1mConsolidate compiler generated dependencies of target offboard_control_srv[0m
[1.797s] [ 16%] Built target frame_transforms
[1.798s] [ 50%] Built target vehicle_gps_position_listener
[1.798s] [ 50%] Built target debug_vect_advertiser
[1.801s] [ 66%] Built target offboard_control_srv
[1.801s] [ 66%] Built target ament_cmake_python_symlink_px4_ros_com
[1.801s] [ 83%] Built target offboard_control
[1.804s] [100%] Built target sensor_combined_listener
[2.289s] running egg_info
[2.290s] writing px4_ros_com.egg-info/PKG-INFO
[2.291s] writing dependency_links to px4_ros_com.egg-info/dependency_links.txt
[2.291s] writing top-level names to px4_ros_com.egg-info/top_level.txt
[2.295s] reading manifest file 'px4_ros_com.egg-info/SOURCES.txt'
[2.296s] writing manifest file 'px4_ros_com.egg-info/SOURCES.txt'
[2.355s] [100%] Built target ament_cmake_python_build_px4_ros_com_egg
[2.376s] Invoked command in '/home/jetson2/ws_sensor_combined/build/px4_ros_com' returned '0': AMENT_PREFIX_PATH=/home/jetson2/ws_sensor_combined/install/px4_msgs:${AMENT_PREFIX_PATH} CMAKE_PREFIX_PATH=/home/jetson2/ws_sensor_combined/install/px4_msgs:/opt/ros/humble LD_LIBRARY_PATH=/home/jetson2/ws_sensor_combined/install/px4_msgs/lib:${LD_LIBRARY_PATH} PYTHONPATH=/home/jetson2/ws_sensor_combined/install/px4_msgs/local/lib/python3.10/dist-packages:${PYTHONPATH} /usr/bin/cmake --build /home/jetson2/ws_sensor_combined/build/px4_ros_com -- -j8 -l8
[2.381s] Invoking command in '/home/jetson2/ws_sensor_combined/build/px4_ros_com': AMENT_PREFIX_PATH=/home/jetson2/ws_sensor_combined/install/px4_msgs:${AMENT_PREFIX_PATH} CMAKE_PREFIX_PATH=/home/jetson2/ws_sensor_combined/install/px4_msgs:/opt/ros/humble LD_LIBRARY_PATH=/home/jetson2/ws_sensor_combined/install/px4_msgs/lib:${LD_LIBRARY_PATH} PYTHONPATH=/home/jetson2/ws_sensor_combined/install/px4_msgs/local/lib/python3.10/dist-packages:${PYTHONPATH} /usr/bin/cmake --install /home/jetson2/ws_sensor_combined/build/px4_ros_com
[2.400s] -- Install configuration: ""
[2.401s] -- Execute custom install script
[2.401s] -- Up-to-date symlink: /home/jetson2/ws_sensor_combined/install/px4_ros_com/lib/px4_ros_com/sensor_combined_listener
[2.402s] -- Up-to-date symlink: /home/jetson2/ws_sensor_combined/install/px4_ros_com/lib/px4_ros_com/vehicle_gps_position_listener
[2.402s] -- Up-to-date symlink: /home/jetson2/ws_sensor_combined/install/px4_ros_com/lib/px4_ros_com/debug_vect_advertiser
[2.402s] -- Up-to-date symlink: /home/jetson2/ws_sensor_combined/install/px4_ros_com/lib/px4_ros_com/offboard_control
[2.403s] -- Up-to-date symlink: /home/jetson2/ws_sensor_combined/install/px4_ros_com/lib/px4_ros_com/offboard_control_srv
[2.403s] -- Up-to-date symlink: /home/jetson2/ws_sensor_combined/install/px4_ros_com/share/px4_ros_com/environment/library_path.sh
[2.404s] -- Up-to-date symlink: /home/jetson2/ws_sensor_combined/install/px4_ros_com/share/px4_ros_com/environment/library_path.dsv
[2.404s] -- Up-to-date symlink: /home/jetson2/ws_sensor_combined/install/px4_ros_com/include/px4_ros_com/frame_transforms.h
[2.405s] -- Up-to-date symlink: /home/jetson2/ws_sensor_combined/install/px4_ros_com/share/px4_ros_com//launch/offboard_control_launch.yaml
[2.405s] -- Up-to-date symlink: /home/jetson2/ws_sensor_combined/install/px4_ros_com/share/px4_ros_com//launch/sensor_combined_listener.launch.py
[2.405s] -- Up-to-date symlink: /home/jetson2/ws_sensor_combined/install/px4_ros_com/share/px4_ros_com//test/__init__.py
[2.406s] -- Up-to-date symlink: /home/jetson2/ws_sensor_combined/install/px4_ros_com/share/px4_ros_com//test/pipeline_io_test.py
[2.406s] -- Up-to-date symlink: /home/jetson2/ws_sensor_combined/install/px4_ros_com/share/px4_ros_com//test/test_input.py
[2.406s] -- Up-to-date symlink: /home/jetson2/ws_sensor_combined/install/px4_ros_com/share/px4_ros_com//test/test_output.py
[2.406s] -- Up-to-date symlink: /home/jetson2/ws_sensor_combined/install/px4_ros_com/share/px4_ros_com/environment/pythonpath.sh
[2.406s] -- Up-to-date symlink: /home/jetson2/ws_sensor_combined/install/px4_ros_com/share/px4_ros_com/environment/pythonpath.dsv
[2.407s] -- Up-to-date symlink: /home/jetson2/ws_sensor_combined/install/px4_ros_com/local/lib/python3.10/dist-packages/px4_ros_com-0.1.0-py3.10.egg-info/PKG-INFO
[2.407s] -- Up-to-date symlink: /home/jetson2/ws_sensor_combined/install/px4_ros_com/local/lib/python3.10/dist-packages/px4_ros_com-0.1.0-py3.10.egg-info/SOURCES.txt
[2.407s] -- Up-to-date symlink: /home/jetson2/ws_sensor_combined/install/px4_ros_com/local/lib/python3.10/dist-packages/px4_ros_com-0.1.0-py3.10.egg-info/dependency_links.txt
[2.408s] -- Up-to-date symlink: /home/jetson2/ws_sensor_combined/install/px4_ros_com/local/lib/python3.10/dist-packages/px4_ros_com-0.1.0-py3.10.egg-info/top_level.txt
[2.408s] -- Up-to-date symlink: /home/jetson2/ws_sensor_combined/install/px4_ros_com/local/lib/python3.10/dist-packages/px4_ros_com/__init__.py
[2.408s] -- Up-to-date symlink: /home/jetson2/ws_sensor_combined/install/px4_ros_com/local/lib/python3.10/dist-packages/px4_ros_com/module_to_import.py
[2.409s] -- Up-to-date symlink: /home/jetson2/ws_sensor_combined/install/px4_ros_com/local/lib/python3.10/dist-packages/px4_ros_com/offboard_control.py
[2.409s] -- Up-to-date symlink: /home/jetson2/ws_sensor_combined/install/px4_ros_com/lib/px4_ros_com/offboard_control.py
[2.409s] -- Symlinking: /home/jetson2/ws_sensor_combined/install/px4_ros_com/lib/px4_ros_com/GM_offboard_control.py
[2.424s] -- Up-to-date symlink: /home/jetson2/ws_sensor_combined/install/px4_ros_com/share/ament_index/resource_index/package_run_dependencies/px4_ros_com
[2.425s] -- Up-to-date symlink: /home/jetson2/ws_sensor_combined/install/px4_ros_com/share/ament_index/resource_index/parent_prefix_path/px4_ros_com
[2.425s] -- Up-to-date symlink: /home/jetson2/ws_sensor_combined/install/px4_ros_com/share/px4_ros_com/environment/ament_prefix_path.sh
[2.425s] -- Up-to-date symlink: /home/jetson2/ws_sensor_combined/install/px4_ros_com/share/px4_ros_com/environment/ament_prefix_path.dsv
[2.426s] -- Up-to-date symlink: /home/jetson2/ws_sensor_combined/install/px4_ros_com/share/px4_ros_com/environment/path.sh
[2.426s] -- Up-to-date symlink: /home/jetson2/ws_sensor_combined/install/px4_ros_com/share/px4_ros_com/environment/path.dsv
[2.426s] -- Up-to-date symlink: /home/jetson2/ws_sensor_combined/install/px4_ros_com/share/px4_ros_com/local_setup.bash
[2.426s] -- Up-to-date symlink: /home/jetson2/ws_sensor_combined/install/px4_ros_com/share/px4_ros_com/local_setup.sh
[2.427s] -- Up-to-date symlink: /home/jetson2/ws_sensor_combined/install/px4_ros_com/share/px4_ros_com/local_setup.zsh
[2.427s] -- Up-to-date symlink: /home/jetson2/ws_sensor_combined/install/px4_ros_com/share/px4_ros_com/local_setup.dsv
[2.427s] -- Symlinking: /home/jetson2/ws_sensor_combined/install/px4_ros_com/share/px4_ros_com/package.dsv
[2.441s] -- Up-to-date symlink: /home/jetson2/ws_sensor_combined/install/px4_ros_com/share/ament_index/resource_index/packages/px4_ros_com
[2.442s] -- Up-to-date symlink: /home/jetson2/ws_sensor_combined/install/px4_ros_com/share/px4_ros_com/cmake/ament_cmake_export_dependencies-extras.cmake
[2.442s] -- Up-to-date symlink: /home/jetson2/ws_sensor_combined/install/px4_ros_com/share/px4_ros_com/cmake/ament_cmake_export_targets-extras.cmake
[2.443s] -- Up-to-date symlink: /home/jetson2/ws_sensor_combined/install/px4_ros_com/share/px4_ros_com/cmake/ament_cmake_export_include_directories-extras.cmake
[2.443s] -- Up-to-date symlink: /home/jetson2/ws_sensor_combined/install/px4_ros_com/share/px4_ros_com/cmake/ament_cmake_export_libraries-extras.cmake
[2.443s] -- Up-to-date symlink: /home/jetson2/ws_sensor_combined/install/px4_ros_com/share/px4_ros_com/cmake/px4_ros_comConfig.cmake
[2.444s] -- Up-to-date symlink: /home/jetson2/ws_sensor_combined/install/px4_ros_com/share/px4_ros_com/cmake/px4_ros_comConfig-version.cmake
[2.444s] -- Up-to-date symlink: /home/jetson2/ws_sensor_combined/install/px4_ros_com/share/px4_ros_com/package.xml
[2.444s] -- Up-to-date: /home/jetson2/ws_sensor_combined/install/px4_ros_com/lib/libframe_transforms.so
[2.505s] Listing '/home/jetson2/ws_sensor_combined/install/px4_ros_com/local/lib/python3.10/dist-packages/px4_ros_com'...
[2.514s] -- Up-to-date: /home/jetson2/ws_sensor_combined/install/px4_ros_com/share/px4_ros_com/cmake/export_frame_transformsExport.cmake
[2.515s] -- Up-to-date: /home/jetson2/ws_sensor_combined/install/px4_ros_com/share/px4_ros_com/cmake/export_frame_transformsExport-noconfig.cmake
[2.520s] Invoked command in '/home/jetson2/ws_sensor_combined/build/px4_ros_com' returned '0': AMENT_PREFIX_PATH=/home/jetson2/ws_sensor_combined/install/px4_msgs:${AMENT_PREFIX_PATH} CMAKE_PREFIX_PATH=/home/jetson2/ws_sensor_combined/install/px4_msgs:/opt/ros/humble LD_LIBRARY_PATH=/home/jetson2/ws_sensor_combined/install/px4_msgs/lib:${LD_LIBRARY_PATH} PYTHONPATH=/home/jetson2/ws_sensor_combined/install/px4_msgs/local/lib/python3.10/dist-packages:${PYTHONPATH} /usr/bin/cmake --install /home/jetson2/ws_sensor_combined/build/px4_ros_com
