[0.226s] DEBUG:colcon:Command line arguments: ['/usr/bin/colcon', 'build', '--symlink-install']
[0.226s] DEBUG:colcon:Parsed command line arguments: Namespace(log_base=None, log_level=None, verb_name='build', build_base='build', install_base='install', merge_install=False, symlink_install=True, test_result_base=None, continue_on_error=False, executor='parallel', parallel_workers=8, event_handlers=None, ignore_user_meta=False, metas=['./colcon.meta'], base_paths=['.'], packages_ignore=None, packages_ignore_regex=None, paths=None, packages_up_to=None, packages_up_to_regex=None, packages_above=None, packages_above_and_dependencies=None, packages_above_depth=None, packages_select_by_dep=None, packages_skip_by_dep=None, packages_skip_up_to=None, packages_select_build_failed=False, packages_skip_build_finished=False, packages_select_test_failures=False, packages_skip_test_passed=False, packages_select=None, packages_skip=None, packages_select_regex=None, packages_skip_regex=None, packages_start=None, packages_end=None, allow_overriding=[], cmake_args=None, cmake_target=None, cmake_target_skip_unavailable=False, cmake_clean_cache=False, cmake_clean_first=False, cmake_force_configure=False, ament_cmake_args=None, catkin_cmake_args=None, catkin_skip_building_tests=False, mixin_files=None, mixin=None, verb_parser=<colcon_mixin.mixin.mixin_argument.MixinArgumentDecorator object at 0xffffbb65e6b0>, verb_extension=<colcon_core.verb.build.BuildVerb object at 0xffffbb65e1a0>, main=<bound method BuildVerb.main of <colcon_core.verb.build.BuildVerb object at 0xffffbb65e1a0>>, mixin_verb=('build',))
[0.574s] Level 1:colcon.colcon_core.package_discovery:discover_packages(colcon_meta) check parameters
[0.574s] Level 1:colcon.colcon_core.package_discovery:discover_packages(recursive) check parameters
[0.574s] Level 1:colcon.colcon_core.package_discovery:discover_packages(ignore) check parameters
[0.574s] Level 1:colcon.colcon_core.package_discovery:discover_packages(path) check parameters
[0.574s] Level 1:colcon.colcon_core.package_discovery:discover_packages(colcon_meta) discover
[0.575s] Level 1:colcon.colcon_core.package_discovery:discover_packages(recursive) discover
[0.575s] INFO:colcon.colcon_core.package_discovery:Crawling recursively for packages in '/home/jetson2/ws_sensor_combined'
[0.575s] Level 1:colcon.colcon_core.package_identification:_identify(.) by extensions ['ignore', 'ignore_ament_install']
[0.575s] Level 1:colcon.colcon_core.package_identification:_identify(.) by extension 'ignore'
[0.575s] Level 1:colcon.colcon_core.package_identification:_identify(.) by extension 'ignore_ament_install'
[0.575s] Level 1:colcon.colcon_core.package_identification:_identify(.) by extensions ['colcon_pkg']
[0.575s] Level 1:colcon.colcon_core.package_identification:_identify(.) by extension 'colcon_pkg'
[0.576s] Level 1:colcon.colcon_core.package_identification:_identify(.) by extensions ['colcon_meta']
[0.576s] Level 1:colcon.colcon_core.package_identification:_identify(.) by extension 'colcon_meta'
[0.576s] Level 1:colcon.colcon_core.package_identification:_identify(.) by extensions ['ros']
[0.576s] Level 1:colcon.colcon_core.package_identification:_identify(.) by extension 'ros'
[0.597s] Level 1:colcon.colcon_core.package_identification:_identify(.) by extensions ['cmake', 'python']
[0.598s] Level 1:colcon.colcon_core.package_identification:_identify(.) by extension 'cmake'
[0.598s] Level 1:colcon.colcon_core.package_identification:_identify(.) by extension 'python'
[0.598s] Level 1:colcon.colcon_core.package_identification:_identify(.) by extensions ['python_setup_py']
[0.598s] Level 1:colcon.colcon_core.package_identification:_identify(.) by extension 'python_setup_py'
[0.598s] Level 1:colcon.colcon_core.package_identification:_identify(build) by extensions ['ignore', 'ignore_ament_install']
[0.598s] Level 1:colcon.colcon_core.package_identification:_identify(build) by extension 'ignore'
[0.599s] Level 1:colcon.colcon_core.package_identification:_identify(build) ignored
[0.599s] Level 1:colcon.colcon_core.package_identification:_identify(install) by extensions ['ignore', 'ignore_ament_install']
[0.599s] Level 1:colcon.colcon_core.package_identification:_identify(install) by extension 'ignore'
[0.599s] Level 1:colcon.colcon_core.package_identification:_identify(install) ignored
[0.599s] Level 1:colcon.colcon_core.package_identification:_identify(log) by extensions ['ignore', 'ignore_ament_install']
[0.600s] Level 1:colcon.colcon_core.package_identification:_identify(log) by extension 'ignore'
[0.600s] Level 1:colcon.colcon_core.package_identification:_identify(log) ignored
[0.600s] Level 1:colcon.colcon_core.package_identification:_identify(src) by extensions ['ignore', 'ignore_ament_install']
[0.600s] Level 1:colcon.colcon_core.package_identification:_identify(src) by extension 'ignore'
[0.600s] Level 1:colcon.colcon_core.package_identification:_identify(src) by extension 'ignore_ament_install'
[0.600s] Level 1:colcon.colcon_core.package_identification:_identify(src) by extensions ['colcon_pkg']
[0.600s] Level 1:colcon.colcon_core.package_identification:_identify(src) by extension 'colcon_pkg'
[0.600s] Level 1:colcon.colcon_core.package_identification:_identify(src) by extensions ['colcon_meta']
[0.600s] Level 1:colcon.colcon_core.package_identification:_identify(src) by extension 'colcon_meta'
[0.601s] Level 1:colcon.colcon_core.package_identification:_identify(src) by extensions ['ros']
[0.601s] Level 1:colcon.colcon_core.package_identification:_identify(src) by extension 'ros'
[0.601s] Level 1:colcon.colcon_core.package_identification:_identify(src) by extensions ['cmake', 'python']
[0.601s] Level 1:colcon.colcon_core.package_identification:_identify(src) by extension 'cmake'
[0.601s] Level 1:colcon.colcon_core.package_identification:_identify(src) by extension 'python'
[0.601s] Level 1:colcon.colcon_core.package_identification:_identify(src) by extensions ['python_setup_py']
[0.601s] Level 1:colcon.colcon_core.package_identification:_identify(src) by extension 'python_setup_py'
[0.601s] Level 1:colcon.colcon_core.package_identification:_identify(src/build) by extensions ['ignore', 'ignore_ament_install']
[0.601s] Level 1:colcon.colcon_core.package_identification:_identify(src/build) by extension 'ignore'
[0.602s] Level 1:colcon.colcon_core.package_identification:_identify(src/build) by extension 'ignore_ament_install'
[0.602s] Level 1:colcon.colcon_core.package_identification:_identify(src/build) by extensions ['colcon_pkg']
[0.602s] Level 1:colcon.colcon_core.package_identification:_identify(src/build) by extension 'colcon_pkg'
[0.602s] Level 1:colcon.colcon_core.package_identification:_identify(src/build) by extensions ['colcon_meta']
[0.602s] Level 1:colcon.colcon_core.package_identification:_identify(src/build) by extension 'colcon_meta'
[0.602s] Level 1:colcon.colcon_core.package_identification:_identify(src/build) by extensions ['ros']
[0.602s] Level 1:colcon.colcon_core.package_identification:_identify(src/build) by extension 'ros'
[0.602s] Level 1:colcon.colcon_core.package_identification:_identify(src/build) by extensions ['cmake', 'python']
[0.602s] Level 1:colcon.colcon_core.package_identification:_identify(src/build) by extension 'cmake'
[0.602s] Level 1:colcon.colcon_core.package_identification:_identify(src/build) by extension 'python'
[0.602s] Level 1:colcon.colcon_core.package_identification:_identify(src/build) by extensions ['python_setup_py']
[0.603s] Level 1:colcon.colcon_core.package_identification:_identify(src/build) by extension 'python_setup_py'
[0.603s] Level 1:colcon.colcon_core.package_identification:_identify(src/build/CMakeFiles) by extensions ['ignore', 'ignore_ament_install']
[0.603s] Level 1:colcon.colcon_core.package_identification:_identify(src/build/CMakeFiles) by extension 'ignore'
[0.603s] Level 1:colcon.colcon_core.package_identification:_identify(src/build/CMakeFiles) by extension 'ignore_ament_install'
[0.603s] Level 1:colcon.colcon_core.package_identification:_identify(src/build/CMakeFiles) by extensions ['colcon_pkg']
[0.603s] Level 1:colcon.colcon_core.package_identification:_identify(src/build/CMakeFiles) by extension 'colcon_pkg'
[0.603s] Level 1:colcon.colcon_core.package_identification:_identify(src/build/CMakeFiles) by extensions ['colcon_meta']
[0.603s] Level 1:colcon.colcon_core.package_identification:_identify(src/build/CMakeFiles) by extension 'colcon_meta'
[0.603s] Level 1:colcon.colcon_core.package_identification:_identify(src/build/CMakeFiles) by extensions ['ros']
[0.604s] Level 1:colcon.colcon_core.package_identification:_identify(src/build/CMakeFiles) by extension 'ros'
[0.604s] Level 1:colcon.colcon_core.package_identification:_identify(src/build/CMakeFiles) by extensions ['cmake', 'python']
[0.604s] Level 1:colcon.colcon_core.package_identification:_identify(src/build/CMakeFiles) by extension 'cmake'
[0.604s] Level 1:colcon.colcon_core.package_identification:_identify(src/build/CMakeFiles) by extension 'python'
[0.604s] Level 1:colcon.colcon_core.package_identification:_identify(src/build/CMakeFiles) by extensions ['python_setup_py']
[0.604s] Level 1:colcon.colcon_core.package_identification:_identify(src/build/CMakeFiles) by extension 'python_setup_py'
[0.604s] Level 1:colcon.colcon_core.package_identification:_identify(src/build/CMakeFiles/3.22.1) by extensions ['ignore', 'ignore_ament_install']
[0.604s] Level 1:colcon.colcon_core.package_identification:_identify(src/build/CMakeFiles/3.22.1) by extension 'ignore'
[0.604s] Level 1:colcon.colcon_core.package_identification:_identify(src/build/CMakeFiles/3.22.1) by extension 'ignore_ament_install'
[0.605s] Level 1:colcon.colcon_core.package_identification:_identify(src/build/CMakeFiles/3.22.1) by extensions ['colcon_pkg']
[0.605s] Level 1:colcon.colcon_core.package_identification:_identify(src/build/CMakeFiles/3.22.1) by extension 'colcon_pkg'
[0.605s] Level 1:colcon.colcon_core.package_identification:_identify(src/build/CMakeFiles/3.22.1) by extensions ['colcon_meta']
[0.605s] Level 1:colcon.colcon_core.package_identification:_identify(src/build/CMakeFiles/3.22.1) by extension 'colcon_meta'
[0.605s] Level 1:colcon.colcon_core.package_identification:_identify(src/build/CMakeFiles/3.22.1) by extensions ['ros']
[0.605s] Level 1:colcon.colcon_core.package_identification:_identify(src/build/CMakeFiles/3.22.1) by extension 'ros'
[0.605s] Level 1:colcon.colcon_core.package_identification:_identify(src/build/CMakeFiles/3.22.1) by extensions ['cmake', 'python']
[0.605s] Level 1:colcon.colcon_core.package_identification:_identify(src/build/CMakeFiles/3.22.1) by extension 'cmake'
[0.605s] Level 1:colcon.colcon_core.package_identification:_identify(src/build/CMakeFiles/3.22.1) by extension 'python'
[0.605s] Level 1:colcon.colcon_core.package_identification:_identify(src/build/CMakeFiles/3.22.1) by extensions ['python_setup_py']
[0.605s] Level 1:colcon.colcon_core.package_identification:_identify(src/build/CMakeFiles/3.22.1) by extension 'python_setup_py'
[0.606s] Level 1:colcon.colcon_core.package_identification:_identify(src/build/CMakeFiles/3.22.1/CompilerIdC) by extensions ['ignore', 'ignore_ament_install']
[0.606s] Level 1:colcon.colcon_core.package_identification:_identify(src/build/CMakeFiles/3.22.1/CompilerIdC) by extension 'ignore'
[0.606s] Level 1:colcon.colcon_core.package_identification:_identify(src/build/CMakeFiles/3.22.1/CompilerIdC) by extension 'ignore_ament_install'
[0.606s] Level 1:colcon.colcon_core.package_identification:_identify(src/build/CMakeFiles/3.22.1/CompilerIdC) by extensions ['colcon_pkg']
[0.606s] Level 1:colcon.colcon_core.package_identification:_identify(src/build/CMakeFiles/3.22.1/CompilerIdC) by extension 'colcon_pkg'
[0.606s] Level 1:colcon.colcon_core.package_identification:_identify(src/build/CMakeFiles/3.22.1/CompilerIdC) by extensions ['colcon_meta']
[0.606s] Level 1:colcon.colcon_core.package_identification:_identify(src/build/CMakeFiles/3.22.1/CompilerIdC) by extension 'colcon_meta'
[0.606s] Level 1:colcon.colcon_core.package_identification:_identify(src/build/CMakeFiles/3.22.1/CompilerIdC) by extensions ['ros']
[0.606s] Level 1:colcon.colcon_core.package_identification:_identify(src/build/CMakeFiles/3.22.1/CompilerIdC) by extension 'ros'
[0.607s] Level 1:colcon.colcon_core.package_identification:_identify(src/build/CMakeFiles/3.22.1/CompilerIdC) by extensions ['cmake', 'python']
[0.607s] Level 1:colcon.colcon_core.package_identification:_identify(src/build/CMakeFiles/3.22.1/CompilerIdC) by extension 'cmake'
[0.607s] Level 1:colcon.colcon_core.package_identification:_identify(src/build/CMakeFiles/3.22.1/CompilerIdC) by extension 'python'
[0.607s] Level 1:colcon.colcon_core.package_identification:_identify(src/build/CMakeFiles/3.22.1/CompilerIdC) by extensions ['python_setup_py']
[0.607s] Level 1:colcon.colcon_core.package_identification:_identify(src/build/CMakeFiles/3.22.1/CompilerIdC) by extension 'python_setup_py'
[0.607s] Level 1:colcon.colcon_core.package_identification:_identify(src/build/CMakeFiles/3.22.1/CompilerIdC/tmp) by extensions ['ignore', 'ignore_ament_install']
[0.607s] Level 1:colcon.colcon_core.package_identification:_identify(src/build/CMakeFiles/3.22.1/CompilerIdC/tmp) by extension 'ignore'
[0.607s] Level 1:colcon.colcon_core.package_identification:_identify(src/build/CMakeFiles/3.22.1/CompilerIdC/tmp) by extension 'ignore_ament_install'
[0.607s] Level 1:colcon.colcon_core.package_identification:_identify(src/build/CMakeFiles/3.22.1/CompilerIdC/tmp) by extensions ['colcon_pkg']
[0.607s] Level 1:colcon.colcon_core.package_identification:_identify(src/build/CMakeFiles/3.22.1/CompilerIdC/tmp) by extension 'colcon_pkg'
[0.608s] Level 1:colcon.colcon_core.package_identification:_identify(src/build/CMakeFiles/3.22.1/CompilerIdC/tmp) by extensions ['colcon_meta']
[0.608s] Level 1:colcon.colcon_core.package_identification:_identify(src/build/CMakeFiles/3.22.1/CompilerIdC/tmp) by extension 'colcon_meta'
[0.608s] Level 1:colcon.colcon_core.package_identification:_identify(src/build/CMakeFiles/3.22.1/CompilerIdC/tmp) by extensions ['ros']
[0.608s] Level 1:colcon.colcon_core.package_identification:_identify(src/build/CMakeFiles/3.22.1/CompilerIdC/tmp) by extension 'ros'
[0.608s] Level 1:colcon.colcon_core.package_identification:_identify(src/build/CMakeFiles/3.22.1/CompilerIdC/tmp) by extensions ['cmake', 'python']
[0.608s] Level 1:colcon.colcon_core.package_identification:_identify(src/build/CMakeFiles/3.22.1/CompilerIdC/tmp) by extension 'cmake'
[0.608s] Level 1:colcon.colcon_core.package_identification:_identify(src/build/CMakeFiles/3.22.1/CompilerIdC/tmp) by extension 'python'
[0.608s] Level 1:colcon.colcon_core.package_identification:_identify(src/build/CMakeFiles/3.22.1/CompilerIdC/tmp) by extensions ['python_setup_py']
[0.608s] Level 1:colcon.colcon_core.package_identification:_identify(src/build/CMakeFiles/3.22.1/CompilerIdC/tmp) by extension 'python_setup_py'
[0.608s] Level 1:colcon.colcon_core.package_identification:_identify(src/build/CMakeFiles/3.22.1/CompilerIdCXX) by extensions ['ignore', 'ignore_ament_install']
[0.609s] Level 1:colcon.colcon_core.package_identification:_identify(src/build/CMakeFiles/3.22.1/CompilerIdCXX) by extension 'ignore'
[0.609s] Level 1:colcon.colcon_core.package_identification:_identify(src/build/CMakeFiles/3.22.1/CompilerIdCXX) by extension 'ignore_ament_install'
[0.609s] Level 1:colcon.colcon_core.package_identification:_identify(src/build/CMakeFiles/3.22.1/CompilerIdCXX) by extensions ['colcon_pkg']
[0.609s] Level 1:colcon.colcon_core.package_identification:_identify(src/build/CMakeFiles/3.22.1/CompilerIdCXX) by extension 'colcon_pkg'
[0.609s] Level 1:colcon.colcon_core.package_identification:_identify(src/build/CMakeFiles/3.22.1/CompilerIdCXX) by extensions ['colcon_meta']
[0.609s] Level 1:colcon.colcon_core.package_identification:_identify(src/build/CMakeFiles/3.22.1/CompilerIdCXX) by extension 'colcon_meta'
[0.609s] Level 1:colcon.colcon_core.package_identification:_identify(src/build/CMakeFiles/3.22.1/CompilerIdCXX) by extensions ['ros']
[0.609s] Level 1:colcon.colcon_core.package_identification:_identify(src/build/CMakeFiles/3.22.1/CompilerIdCXX) by extension 'ros'
[0.609s] Level 1:colcon.colcon_core.package_identification:_identify(src/build/CMakeFiles/3.22.1/CompilerIdCXX) by extensions ['cmake', 'python']
[0.609s] Level 1:colcon.colcon_core.package_identification:_identify(src/build/CMakeFiles/3.22.1/CompilerIdCXX) by extension 'cmake'
[0.610s] Level 1:colcon.colcon_core.package_identification:_identify(src/build/CMakeFiles/3.22.1/CompilerIdCXX) by extension 'python'
[0.610s] Level 1:colcon.colcon_core.package_identification:_identify(src/build/CMakeFiles/3.22.1/CompilerIdCXX) by extensions ['python_setup_py']
[0.610s] Level 1:colcon.colcon_core.package_identification:_identify(src/build/CMakeFiles/3.22.1/CompilerIdCXX) by extension 'python_setup_py'
[0.610s] Level 1:colcon.colcon_core.package_identification:_identify(src/build/CMakeFiles/3.22.1/CompilerIdCXX/tmp) by extensions ['ignore', 'ignore_ament_install']
[0.610s] Level 1:colcon.colcon_core.package_identification:_identify(src/build/CMakeFiles/3.22.1/CompilerIdCXX/tmp) by extension 'ignore'
[0.610s] Level 1:colcon.colcon_core.package_identification:_identify(src/build/CMakeFiles/3.22.1/CompilerIdCXX/tmp) by extension 'ignore_ament_install'
[0.610s] Level 1:colcon.colcon_core.package_identification:_identify(src/build/CMakeFiles/3.22.1/CompilerIdCXX/tmp) by extensions ['colcon_pkg']
[0.610s] Level 1:colcon.colcon_core.package_identification:_identify(src/build/CMakeFiles/3.22.1/CompilerIdCXX/tmp) by extension 'colcon_pkg'
[0.610s] Level 1:colcon.colcon_core.package_identification:_identify(src/build/CMakeFiles/3.22.1/CompilerIdCXX/tmp) by extensions ['colcon_meta']
[0.610s] Level 1:colcon.colcon_core.package_identification:_identify(src/build/CMakeFiles/3.22.1/CompilerIdCXX/tmp) by extension 'colcon_meta'
[0.611s] Level 1:colcon.colcon_core.package_identification:_identify(src/build/CMakeFiles/3.22.1/CompilerIdCXX/tmp) by extensions ['ros']
[0.611s] Level 1:colcon.colcon_core.package_identification:_identify(src/build/CMakeFiles/3.22.1/CompilerIdCXX/tmp) by extension 'ros'
[0.611s] Level 1:colcon.colcon_core.package_identification:_identify(src/build/CMakeFiles/3.22.1/CompilerIdCXX/tmp) by extensions ['cmake', 'python']
[0.611s] Level 1:colcon.colcon_core.package_identification:_identify(src/build/CMakeFiles/3.22.1/CompilerIdCXX/tmp) by extension 'cmake'
[0.611s] Level 1:colcon.colcon_core.package_identification:_identify(src/build/CMakeFiles/3.22.1/CompilerIdCXX/tmp) by extension 'python'
[0.611s] Level 1:colcon.colcon_core.package_identification:_identify(src/build/CMakeFiles/3.22.1/CompilerIdCXX/tmp) by extensions ['python_setup_py']
[0.611s] Level 1:colcon.colcon_core.package_identification:_identify(src/build/CMakeFiles/3.22.1/CompilerIdCXX/tmp) by extension 'python_setup_py'
[0.611s] Level 1:colcon.colcon_core.package_identification:_identify(src/build/CMakeFiles/CMakeTmp) by extensions ['ignore', 'ignore_ament_install']
[0.611s] Level 1:colcon.colcon_core.package_identification:_identify(src/build/CMakeFiles/CMakeTmp) by extension 'ignore'
[0.612s] Level 1:colcon.colcon_core.package_identification:_identify(src/build/CMakeFiles/CMakeTmp) by extension 'ignore_ament_install'
[0.612s] Level 1:colcon.colcon_core.package_identification:_identify(src/build/CMakeFiles/CMakeTmp) by extensions ['colcon_pkg']
[0.612s] Level 1:colcon.colcon_core.package_identification:_identify(src/build/CMakeFiles/CMakeTmp) by extension 'colcon_pkg'
[0.612s] Level 1:colcon.colcon_core.package_identification:_identify(src/build/CMakeFiles/CMakeTmp) by extensions ['colcon_meta']
[0.612s] Level 1:colcon.colcon_core.package_identification:_identify(src/build/CMakeFiles/CMakeTmp) by extension 'colcon_meta'
[0.612s] Level 1:colcon.colcon_core.package_identification:_identify(src/build/CMakeFiles/CMakeTmp) by extensions ['ros']
[0.612s] Level 1:colcon.colcon_core.package_identification:_identify(src/build/CMakeFiles/CMakeTmp) by extension 'ros'
[0.612s] Level 1:colcon.colcon_core.package_identification:_identify(src/build/CMakeFiles/CMakeTmp) by extensions ['cmake', 'python']
[0.612s] Level 1:colcon.colcon_core.package_identification:_identify(src/build/CMakeFiles/CMakeTmp) by extension 'cmake'
[0.612s] Level 1:colcon.colcon_core.package_identification:_identify(src/build/CMakeFiles/CMakeTmp) by extension 'python'
[0.612s] Level 1:colcon.colcon_core.package_identification:_identify(src/build/CMakeFiles/CMakeTmp) by extensions ['python_setup_py']
[0.612s] Level 1:colcon.colcon_core.package_identification:_identify(src/build/CMakeFiles/CMakeTmp) by extension 'python_setup_py'
[0.613s] Level 1:colcon.colcon_core.package_identification:_identify(src/offboard) by extensions ['ignore', 'ignore_ament_install']
[0.613s] Level 1:colcon.colcon_core.package_identification:_identify(src/offboard) by extension 'ignore'
[0.613s] Level 1:colcon.colcon_core.package_identification:_identify(src/offboard) by extension 'ignore_ament_install'
[0.613s] Level 1:colcon.colcon_core.package_identification:_identify(src/offboard) by extensions ['colcon_pkg']
[0.613s] Level 1:colcon.colcon_core.package_identification:_identify(src/offboard) by extension 'colcon_pkg'
[0.613s] Level 1:colcon.colcon_core.package_identification:_identify(src/offboard) by extensions ['colcon_meta']
[0.613s] Level 1:colcon.colcon_core.package_identification:_identify(src/offboard) by extension 'colcon_meta'
[0.613s] Level 1:colcon.colcon_core.package_identification:_identify(src/offboard) by extensions ['ros']
[0.613s] Level 1:colcon.colcon_core.package_identification:_identify(src/offboard) by extension 'ros'
[0.618s] DEBUG:colcon.colcon_core.package_identification:Package 'src/offboard' with type 'ros.ament_python' and name 'offboard'
[0.619s] Level 1:colcon.colcon_core.package_identification:_identify(src/px4_msgs) by extensions ['ignore', 'ignore_ament_install']
[0.619s] Level 1:colcon.colcon_core.package_identification:_identify(src/px4_msgs) by extension 'ignore'
[0.619s] Level 1:colcon.colcon_core.package_identification:_identify(src/px4_msgs) by extension 'ignore_ament_install'
[0.619s] Level 1:colcon.colcon_core.package_identification:_identify(src/px4_msgs) by extensions ['colcon_pkg']
[0.619s] Level 1:colcon.colcon_core.package_identification:_identify(src/px4_msgs) by extension 'colcon_pkg'
[0.619s] Level 1:colcon.colcon_core.package_identification:_identify(src/px4_msgs) by extensions ['colcon_meta']
[0.619s] Level 1:colcon.colcon_core.package_identification:_identify(src/px4_msgs) by extension 'colcon_meta'
[0.619s] Level 1:colcon.colcon_core.package_identification:_identify(src/px4_msgs) by extensions ['ros']
[0.619s] Level 1:colcon.colcon_core.package_identification:_identify(src/px4_msgs) by extension 'ros'
[0.621s] DEBUG:colcon.colcon_core.package_identification:Package 'src/px4_msgs' with type 'ros.ament_cmake' and name 'px4_msgs'
[0.621s] Level 1:colcon.colcon_core.package_identification:_identify(src/px4_ros_com) by extensions ['ignore', 'ignore_ament_install']
[0.621s] Level 1:colcon.colcon_core.package_identification:_identify(src/px4_ros_com) by extension 'ignore'
[0.621s] Level 1:colcon.colcon_core.package_identification:_identify(src/px4_ros_com) by extension 'ignore_ament_install'
[0.621s] Level 1:colcon.colcon_core.package_identification:_identify(src/px4_ros_com) by extensions ['colcon_pkg']
[0.621s] Level 1:colcon.colcon_core.package_identification:_identify(src/px4_ros_com) by extension 'colcon_pkg'
[0.622s] Level 1:colcon.colcon_core.package_identification:_identify(src/px4_ros_com) by extensions ['colcon_meta']
[0.622s] Level 1:colcon.colcon_core.package_identification:_identify(src/px4_ros_com) by extension 'colcon_meta'
[0.622s] Level 1:colcon.colcon_core.package_identification:_identify(src/px4_ros_com) by extensions ['ros']
[0.622s] Level 1:colcon.colcon_core.package_identification:_identify(src/px4_ros_com) by extension 'ros'
[0.624s] DEBUG:colcon.colcon_core.package_identification:Package 'src/px4_ros_com' with type 'ros.ament_cmake' and name 'px4_ros_com'
[0.624s] Level 1:colcon.colcon_core.package_discovery:discover_packages(recursive) using defaults
[0.624s] Level 1:colcon.colcon_core.package_discovery:discover_packages(ignore) discover
[0.624s] Level 1:colcon.colcon_core.package_discovery:discover_packages(ignore) using defaults
[0.625s] Level 1:colcon.colcon_core.package_discovery:discover_packages(path) discover
[0.625s] Level 1:colcon.colcon_core.package_discovery:discover_packages(path) using defaults
[0.688s] Level 1:colcon.colcon_core.package_discovery:discover_packages(prefix_path) check parameters
[0.688s] Level 1:colcon.colcon_core.package_discovery:discover_packages(prefix_path) discover
[0.692s] DEBUG:colcon.colcon_installed_package_information.package_discovery:Found 3 installed packages in /home/jetson2/ws_sensor_combined/install
[0.694s] DEBUG:colcon.colcon_installed_package_information.package_discovery:Found 271 installed packages in /opt/ros/humble
[0.697s] Level 1:colcon.colcon_core.package_discovery:discover_packages(prefix_path) using defaults
[0.771s] Level 5:colcon.colcon_core.verb:set package 'px4_msgs' build argument 'cmake_args' from command line to 'None'
[0.772s] Level 5:colcon.colcon_core.verb:set package 'px4_msgs' build argument 'cmake_target' from command line to 'None'
[0.772s] Level 5:colcon.colcon_core.verb:set package 'px4_msgs' build argument 'cmake_target_skip_unavailable' from command line to 'False'
[0.772s] Level 5:colcon.colcon_core.verb:set package 'px4_msgs' build argument 'cmake_clean_cache' from command line to 'False'
[0.772s] Level 5:colcon.colcon_core.verb:set package 'px4_msgs' build argument 'cmake_clean_first' from command line to 'False'
[0.772s] Level 5:colcon.colcon_core.verb:set package 'px4_msgs' build argument 'cmake_force_configure' from command line to 'False'
[0.772s] Level 5:colcon.colcon_core.verb:set package 'px4_msgs' build argument 'ament_cmake_args' from command line to 'None'
[0.772s] Level 5:colcon.colcon_core.verb:set package 'px4_msgs' build argument 'catkin_cmake_args' from command line to 'None'
[0.772s] Level 5:colcon.colcon_core.verb:set package 'px4_msgs' build argument 'catkin_skip_building_tests' from command line to 'False'
[0.772s] DEBUG:colcon.colcon_core.verb:Building package 'px4_msgs' with the following arguments: {'ament_cmake_args': None, 'build_base': '/home/jetson2/ws_sensor_combined/build/px4_msgs', 'catkin_cmake_args': None, 'catkin_skip_building_tests': False, 'cmake_args': None, 'cmake_clean_cache': False, 'cmake_clean_first': False, 'cmake_force_configure': False, 'cmake_target': None, 'cmake_target_skip_unavailable': False, 'install_base': '/home/jetson2/ws_sensor_combined/install/px4_msgs', 'merge_install': False, 'path': '/home/jetson2/ws_sensor_combined/src/px4_msgs', 'symlink_install': True, 'test_result_base': None}
[0.773s] Level 5:colcon.colcon_core.verb:set package 'offboard' build argument 'cmake_args' from command line to 'None'
[0.773s] Level 5:colcon.colcon_core.verb:set package 'offboard' build argument 'cmake_target' from command line to 'None'
[0.773s] Level 5:colcon.colcon_core.verb:set package 'offboard' build argument 'cmake_target_skip_unavailable' from command line to 'False'
[0.773s] Level 5:colcon.colcon_core.verb:set package 'offboard' build argument 'cmake_clean_cache' from command line to 'False'
[0.773s] Level 5:colcon.colcon_core.verb:set package 'offboard' build argument 'cmake_clean_first' from command line to 'False'
[0.773s] Level 5:colcon.colcon_core.verb:set package 'offboard' build argument 'cmake_force_configure' from command line to 'False'
[0.773s] Level 5:colcon.colcon_core.verb:set package 'offboard' build argument 'ament_cmake_args' from command line to 'None'
[0.773s] Level 5:colcon.colcon_core.verb:set package 'offboard' build argument 'catkin_cmake_args' from command line to 'None'
[0.773s] Level 5:colcon.colcon_core.verb:set package 'offboard' build argument 'catkin_skip_building_tests' from command line to 'False'
[0.773s] DEBUG:colcon.colcon_core.verb:Building package 'offboard' with the following arguments: {'ament_cmake_args': None, 'build_base': '/home/jetson2/ws_sensor_combined/build/offboard', 'catkin_cmake_args': None, 'catkin_skip_building_tests': False, 'cmake_args': None, 'cmake_clean_cache': False, 'cmake_clean_first': False, 'cmake_force_configure': False, 'cmake_target': None, 'cmake_target_skip_unavailable': False, 'install_base': '/home/jetson2/ws_sensor_combined/install/offboard', 'merge_install': False, 'path': '/home/jetson2/ws_sensor_combined/src/offboard', 'symlink_install': True, 'test_result_base': None}
[0.774s] Level 5:colcon.colcon_core.verb:set package 'px4_ros_com' build argument 'cmake_args' from command line to 'None'
[0.774s] Level 5:colcon.colcon_core.verb:set package 'px4_ros_com' build argument 'cmake_target' from command line to 'None'
[0.774s] Level 5:colcon.colcon_core.verb:set package 'px4_ros_com' build argument 'cmake_target_skip_unavailable' from command line to 'False'
[0.774s] Level 5:colcon.colcon_core.verb:set package 'px4_ros_com' build argument 'cmake_clean_cache' from command line to 'False'
[0.774s] Level 5:colcon.colcon_core.verb:set package 'px4_ros_com' build argument 'cmake_clean_first' from command line to 'False'
[0.774s] Level 5:colcon.colcon_core.verb:set package 'px4_ros_com' build argument 'cmake_force_configure' from command line to 'False'
[0.774s] Level 5:colcon.colcon_core.verb:set package 'px4_ros_com' build argument 'ament_cmake_args' from command line to 'None'
[0.774s] Level 5:colcon.colcon_core.verb:set package 'px4_ros_com' build argument 'catkin_cmake_args' from command line to 'None'
[0.774s] Level 5:colcon.colcon_core.verb:set package 'px4_ros_com' build argument 'catkin_skip_building_tests' from command line to 'False'
[0.774s] DEBUG:colcon.colcon_core.verb:Building package 'px4_ros_com' with the following arguments: {'ament_cmake_args': None, 'build_base': '/home/jetson2/ws_sensor_combined/build/px4_ros_com', 'catkin_cmake_args': None, 'catkin_skip_building_tests': False, 'cmake_args': None, 'cmake_clean_cache': False, 'cmake_clean_first': False, 'cmake_force_configure': False, 'cmake_target': None, 'cmake_target_skip_unavailable': False, 'install_base': '/home/jetson2/ws_sensor_combined/install/px4_ros_com', 'merge_install': False, 'path': '/home/jetson2/ws_sensor_combined/src/px4_ros_com', 'symlink_install': True, 'test_result_base': None}
[0.775s] INFO:colcon.colcon_core.executor:Executing jobs using 'parallel' executor
[0.777s] DEBUG:colcon.colcon_parallel_executor.executor.parallel:run_until_complete
[0.777s] INFO:colcon.colcon_ros.task.ament_cmake.build:Building ROS package in '/home/jetson2/ws_sensor_combined/src/px4_msgs' with build type 'ament_cmake'
[0.777s] INFO:colcon.colcon_cmake.task.cmake.build:Building CMake package in '/home/jetson2/ws_sensor_combined/src/px4_msgs'
[0.782s] INFO:colcon.colcon_core.plugin_system:Skipping extension 'colcon_core.shell.bat': Not used on non-Windows systems
[0.782s] INFO:colcon.colcon_core.shell:Skip shell extension 'powershell' for command environment: Not usable outside of PowerShell
[0.782s] DEBUG:colcon.colcon_core.shell:Skip shell extension 'dsv' for command environment
[0.798s] DEBUG:colcon.colcon_core.event_handler.log_command:Invoking command in '/home/jetson2/ws_sensor_combined/build/px4_msgs': CMAKE_PREFIX_PATH=${CMAKE_PREFIX_PATH}:/home/jetson2/ws_sensor_combined/install/offboard:/opt/ros/humble /usr/bin/cmake --build /home/jetson2/ws_sensor_combined/build/px4_msgs -- -j8 -l8
[2.323s] DEBUG:colcon.colcon_core.event_handler.log_command:Invoked command in '/home/jetson2/ws_sensor_combined/build/px4_msgs' returned '0': CMAKE_PREFIX_PATH=${CMAKE_PREFIX_PATH}:/home/jetson2/ws_sensor_combined/install/offboard:/opt/ros/humble /usr/bin/cmake --build /home/jetson2/ws_sensor_combined/build/px4_msgs -- -j8 -l8
[2.343s] DEBUG:colcon.colcon_core.event_handler.log_command:Invoking command in '/home/jetson2/ws_sensor_combined/build/px4_msgs': CMAKE_PREFIX_PATH=${CMAKE_PREFIX_PATH}:/home/jetson2/ws_sensor_combined/install/offboard:/opt/ros/humble /usr/bin/cmake --install /home/jetson2/ws_sensor_combined/build/px4_msgs
[3.372s] Level 1:colcon.colcon_core.environment:create_environment_scripts_only(px4_msgs)
[3.374s] DEBUG:colcon.colcon_core.event_handler.log_command:Invoked command in '/home/jetson2/ws_sensor_combined/build/px4_msgs' returned '0': CMAKE_PREFIX_PATH=${CMAKE_PREFIX_PATH}:/home/jetson2/ws_sensor_combined/install/offboard:/opt/ros/humble /usr/bin/cmake --install /home/jetson2/ws_sensor_combined/build/px4_msgs
[3.382s] Level 1:colcon.colcon_core.environment:checking '/home/jetson2/ws_sensor_combined/install/px4_msgs' for CMake module files
[3.385s] Level 1:colcon.colcon_core.environment:checking '/home/jetson2/ws_sensor_combined/install/px4_msgs' for CMake config files
[3.404s] Level 1:colcon.colcon_core.shell:create_environment_hook('px4_msgs', 'cmake_prefix_path')
[3.405s] INFO:colcon.colcon_core.shell:Creating environment hook '/home/jetson2/ws_sensor_combined/install/px4_msgs/share/px4_msgs/hook/cmake_prefix_path.ps1'
[3.407s] INFO:colcon.colcon_core.shell:Creating environment descriptor '/home/jetson2/ws_sensor_combined/install/px4_msgs/share/px4_msgs/hook/cmake_prefix_path.dsv'
[3.409s] INFO:colcon.colcon_core.shell:Creating environment hook '/home/jetson2/ws_sensor_combined/install/px4_msgs/share/px4_msgs/hook/cmake_prefix_path.sh'
[3.412s] Level 1:colcon.colcon_core.environment:checking '/home/jetson2/ws_sensor_combined/install/px4_msgs/lib'
[3.413s] Level 1:colcon.colcon_core.shell:create_environment_hook('px4_msgs', 'ld_library_path_lib')
[3.414s] INFO:colcon.colcon_core.shell:Creating environment hook '/home/jetson2/ws_sensor_combined/install/px4_msgs/share/px4_msgs/hook/ld_library_path_lib.ps1'
[3.415s] INFO:colcon.colcon_core.shell:Creating environment descriptor '/home/jetson2/ws_sensor_combined/install/px4_msgs/share/px4_msgs/hook/ld_library_path_lib.dsv'
[3.416s] INFO:colcon.colcon_core.shell:Creating environment hook '/home/jetson2/ws_sensor_combined/install/px4_msgs/share/px4_msgs/hook/ld_library_path_lib.sh'
[3.417s] Level 1:colcon.colcon_core.environment:checking '/home/jetson2/ws_sensor_combined/install/px4_msgs/bin'
[3.417s] Level 1:colcon.colcon_core.environment:checking '/home/jetson2/ws_sensor_combined/install/px4_msgs/lib/pkgconfig/px4_msgs.pc'
[3.418s] Level 1:colcon.colcon_core.environment:checking '/home/jetson2/ws_sensor_combined/install/px4_msgs/lib/python3.10/site-packages'
[3.419s] Level 1:colcon.colcon_core.environment:checking '/home/jetson2/ws_sensor_combined/install/px4_msgs/bin'
[3.420s] INFO:colcon.colcon_core.shell:Creating package script '/home/jetson2/ws_sensor_combined/install/px4_msgs/share/px4_msgs/package.ps1'
[3.421s] INFO:colcon.colcon_core.shell:Creating package descriptor '/home/jetson2/ws_sensor_combined/install/px4_msgs/share/px4_msgs/package.dsv'
[3.423s] INFO:colcon.colcon_core.shell:Creating package script '/home/jetson2/ws_sensor_combined/install/px4_msgs/share/px4_msgs/package.sh'
[3.425s] INFO:colcon.colcon_core.shell:Creating package script '/home/jetson2/ws_sensor_combined/install/px4_msgs/share/px4_msgs/package.bash'
[3.427s] INFO:colcon.colcon_core.shell:Creating package script '/home/jetson2/ws_sensor_combined/install/px4_msgs/share/px4_msgs/package.zsh'
[3.428s] Level 1:colcon.colcon_core.environment:create_file_with_runtime_dependencies(/home/jetson2/ws_sensor_combined/install/px4_msgs/share/colcon-core/packages/px4_msgs)
[3.430s] Level 1:colcon.colcon_core.environment:create_environment_scripts_only(px4_msgs)
[3.430s] Level 1:colcon.colcon_core.environment:checking '/home/jetson2/ws_sensor_combined/install/px4_msgs' for CMake module files
[3.432s] Level 1:colcon.colcon_core.environment:checking '/home/jetson2/ws_sensor_combined/install/px4_msgs' for CMake config files
[3.446s] Level 1:colcon.colcon_core.shell:create_environment_hook('px4_msgs', 'cmake_prefix_path')
[3.446s] INFO:colcon.colcon_core.shell:Creating environment hook '/home/jetson2/ws_sensor_combined/install/px4_msgs/share/px4_msgs/hook/cmake_prefix_path.ps1'
[3.447s] INFO:colcon.colcon_core.shell:Creating environment descriptor '/home/jetson2/ws_sensor_combined/install/px4_msgs/share/px4_msgs/hook/cmake_prefix_path.dsv'
[3.448s] INFO:colcon.colcon_core.shell:Creating environment hook '/home/jetson2/ws_sensor_combined/install/px4_msgs/share/px4_msgs/hook/cmake_prefix_path.sh'
[3.449s] Level 1:colcon.colcon_core.environment:checking '/home/jetson2/ws_sensor_combined/install/px4_msgs/lib'
[3.449s] Level 1:colcon.colcon_core.shell:create_environment_hook('px4_msgs', 'ld_library_path_lib')
[3.450s] INFO:colcon.colcon_core.shell:Creating environment hook '/home/jetson2/ws_sensor_combined/install/px4_msgs/share/px4_msgs/hook/ld_library_path_lib.ps1'
[3.451s] INFO:colcon.colcon_core.shell:Creating environment descriptor '/home/jetson2/ws_sensor_combined/install/px4_msgs/share/px4_msgs/hook/ld_library_path_lib.dsv'
[3.451s] INFO:colcon.colcon_core.shell:Creating environment hook '/home/jetson2/ws_sensor_combined/install/px4_msgs/share/px4_msgs/hook/ld_library_path_lib.sh'
[3.452s] Level 1:colcon.colcon_core.environment:checking '/home/jetson2/ws_sensor_combined/install/px4_msgs/bin'
[3.453s] Level 1:colcon.colcon_core.environment:checking '/home/jetson2/ws_sensor_combined/install/px4_msgs/lib/pkgconfig/px4_msgs.pc'
[3.453s] Level 1:colcon.colcon_core.environment:checking '/home/jetson2/ws_sensor_combined/install/px4_msgs/lib/python3.10/site-packages'
[3.454s] Level 1:colcon.colcon_core.environment:checking '/home/jetson2/ws_sensor_combined/install/px4_msgs/bin'
[3.454s] INFO:colcon.colcon_core.shell:Creating package script '/home/jetson2/ws_sensor_combined/install/px4_msgs/share/px4_msgs/package.ps1'
[3.455s] INFO:colcon.colcon_core.shell:Creating package descriptor '/home/jetson2/ws_sensor_combined/install/px4_msgs/share/px4_msgs/package.dsv'
[3.456s] INFO:colcon.colcon_core.shell:Creating package script '/home/jetson2/ws_sensor_combined/install/px4_msgs/share/px4_msgs/package.sh'
[3.457s] INFO:colcon.colcon_core.shell:Creating package script '/home/jetson2/ws_sensor_combined/install/px4_msgs/share/px4_msgs/package.bash'
[3.458s] INFO:colcon.colcon_core.shell:Creating package script '/home/jetson2/ws_sensor_combined/install/px4_msgs/share/px4_msgs/package.zsh'
[3.459s] Level 1:colcon.colcon_core.environment:create_file_with_runtime_dependencies(/home/jetson2/ws_sensor_combined/install/px4_msgs/share/colcon-core/packages/px4_msgs)
[3.460s] INFO:colcon.colcon_ros.task.ament_python.build:Building ROS package in '/home/jetson2/ws_sensor_combined/src/offboard' with build type 'ament_python'
[3.460s] Level 1:colcon.colcon_core.shell:create_environment_hook('offboard', 'ament_prefix_path')
[3.460s] INFO:colcon.colcon_core.shell:Creating environment hook '/home/jetson2/ws_sensor_combined/install/offboard/share/offboard/hook/ament_prefix_path.ps1'
[3.462s] INFO:colcon.colcon_core.shell:Creating environment descriptor '/home/jetson2/ws_sensor_combined/install/offboard/share/offboard/hook/ament_prefix_path.dsv'
[3.463s] INFO:colcon.colcon_core.shell:Creating environment hook '/home/jetson2/ws_sensor_combined/install/offboard/share/offboard/hook/ament_prefix_path.sh'
[3.464s] INFO:colcon.colcon_core.shell:Skip shell extension 'powershell' for command environment: Not usable outside of PowerShell
[3.464s] DEBUG:colcon.colcon_core.shell:Skip shell extension 'dsv' for command environment
[3.472s] INFO:colcon.colcon_ros.task.ament_cmake.build:Building ROS package in '/home/jetson2/ws_sensor_combined/src/px4_ros_com' with build type 'ament_cmake'
[3.472s] INFO:colcon.colcon_cmake.task.cmake.build:Building CMake package in '/home/jetson2/ws_sensor_combined/src/px4_ros_com'
[3.473s] INFO:colcon.colcon_core.shell:Skip shell extension 'powershell' for command environment: Not usable outside of PowerShell
[3.473s] DEBUG:colcon.colcon_core.shell:Skip shell extension 'dsv' for command environment
[4.046s] INFO:colcon.colcon_core.task.python.build:Building Python package in '/home/jetson2/ws_sensor_combined/src/offboard'
[4.047s] INFO:colcon.colcon_core.shell:Skip shell extension 'powershell' for command environment: Not usable outside of PowerShell
[4.047s] DEBUG:colcon.colcon_core.shell:Skip shell extension 'dsv' for command environment
[4.067s] DEBUG:colcon.colcon_core.event_handler.log_command:Invoking command in '/home/jetson2/ws_sensor_combined/build/px4_ros_com': CMAKE_PREFIX_PATH=/home/jetson2/ws_sensor_combined/install/px4_msgs:/home/jetson2/ws_sensor_combined/install/px4_ros_com:/home/jetson2/ws_sensor_combined/install/offboard:/opt/ros/humble LD_LIBRARY_PATH=/home/jetson2/ws_sensor_combined/install/px4_msgs/lib:/home/jetson2/ws_sensor_combined/install/px4_ros_com/lib:/opt/ros/humble/opt/rviz_ogre_vendor/lib:/opt/ros/humble/lib/aarch64-linux-gnu:/opt/ros/humble/lib /usr/bin/cmake --build /home/jetson2/ws_sensor_combined/build/px4_ros_com -- -j8 -l8
[4.750s] DEBUG:colcon.colcon_core.event_handler.log_command:Invoking command in '/home/jetson2/ws_sensor_combined/build/offboard': CMAKE_PREFIX_PATH=/home/jetson2/ws_sensor_combined/install/px4_msgs:/home/jetson2/ws_sensor_combined/install/px4_ros_com LD_LIBRARY_PATH=/home/jetson2/ws_sensor_combined/install/px4_msgs/lib:/home/jetson2/ws_sensor_combined/install/px4_ros_com/lib:/opt/ros/humble/opt/rviz_ogre_vendor/lib:/opt/ros/humble/lib/aarch64-linux-gnu:/opt/ros/humble/lib PYTHONPATH=/home/jetson2/ws_sensor_combined/build/offboard/prefix_override:/usr/lib/python3/dist-packages/colcon_core/task/python/colcon_distutils_commands:/home/jetson2/ws_sensor_combined/install/offboard/lib/python3.10/site-packages:${PYTHONPATH} /usr/bin/python3 -W ignore:setup.py install is deprecated -W ignore:easy_install command is deprecated setup.py develop --editable --build-directory /home/jetson2/ws_sensor_combined/build/offboard/build --no-deps symlink_data
[5.707s] Level 1:colcon.colcon_core.shell:create_environment_hook('offboard', 'pythonpath_develop')
[5.707s] INFO:colcon.colcon_core.shell:Creating environment hook '/home/jetson2/ws_sensor_combined/build/offboard/share/offboard/hook/pythonpath_develop.ps1'
[5.708s] DEBUG:colcon.colcon_core.event_handler.log_command:Invoked command in '/home/jetson2/ws_sensor_combined/build/offboard' returned '0': CMAKE_PREFIX_PATH=/home/jetson2/ws_sensor_combined/install/px4_msgs:/home/jetson2/ws_sensor_combined/install/px4_ros_com LD_LIBRARY_PATH=/home/jetson2/ws_sensor_combined/install/px4_msgs/lib:/home/jetson2/ws_sensor_combined/install/px4_ros_com/lib:/opt/ros/humble/opt/rviz_ogre_vendor/lib:/opt/ros/humble/lib/aarch64-linux-gnu:/opt/ros/humble/lib PYTHONPATH=/home/jetson2/ws_sensor_combined/build/offboard/prefix_override:/usr/lib/python3/dist-packages/colcon_core/task/python/colcon_distutils_commands:/home/jetson2/ws_sensor_combined/install/offboard/lib/python3.10/site-packages:${PYTHONPATH} /usr/bin/python3 -W ignore:setup.py install is deprecated -W ignore:easy_install command is deprecated setup.py develop --editable --build-directory /home/jetson2/ws_sensor_combined/build/offboard/build --no-deps symlink_data
[5.709s] INFO:colcon.colcon_core.shell:Creating environment descriptor '/home/jetson2/ws_sensor_combined/build/offboard/share/offboard/hook/pythonpath_develop.dsv'
[5.710s] INFO:colcon.colcon_core.shell:Creating environment hook '/home/jetson2/ws_sensor_combined/build/offboard/share/offboard/hook/pythonpath_develop.sh'
[5.711s] Level 1:colcon.colcon_core.environment:checking '/home/jetson2/ws_sensor_combined/install/offboard' for CMake module files
[5.712s] Level 1:colcon.colcon_core.environment:checking '/home/jetson2/ws_sensor_combined/install/offboard' for CMake config files
[5.713s] Level 1:colcon.colcon_core.environment:checking '/home/jetson2/ws_sensor_combined/install/offboard/lib'
[5.713s] Level 1:colcon.colcon_core.environment:checking '/home/jetson2/ws_sensor_combined/install/offboard/bin'
[5.713s] Level 1:colcon.colcon_core.environment:checking '/home/jetson2/ws_sensor_combined/install/offboard/lib/pkgconfig/offboard.pc'
[5.714s] Level 1:colcon.colcon_core.environment:checking '/home/jetson2/ws_sensor_combined/install/offboard/lib/python3.10/site-packages'
[5.714s] Level 1:colcon.colcon_core.shell:create_environment_hook('offboard', 'pythonpath')
[5.714s] INFO:colcon.colcon_core.shell:Creating environment hook '/home/jetson2/ws_sensor_combined/install/offboard/share/offboard/hook/pythonpath.ps1'
[5.715s] INFO:colcon.colcon_core.shell:Creating environment descriptor '/home/jetson2/ws_sensor_combined/install/offboard/share/offboard/hook/pythonpath.dsv'
[5.716s] INFO:colcon.colcon_core.shell:Creating environment hook '/home/jetson2/ws_sensor_combined/install/offboard/share/offboard/hook/pythonpath.sh'
[5.717s] Level 1:colcon.colcon_core.environment:checking '/home/jetson2/ws_sensor_combined/install/offboard/bin'
[5.717s] Level 1:colcon.colcon_core.environment:create_environment_scripts_only(offboard)
[5.718s] INFO:colcon.colcon_core.shell:Creating package script '/home/jetson2/ws_sensor_combined/install/offboard/share/offboard/package.ps1'
[5.719s] INFO:colcon.colcon_core.shell:Creating package descriptor '/home/jetson2/ws_sensor_combined/install/offboard/share/offboard/package.dsv'
[5.720s] INFO:colcon.colcon_core.shell:Creating package script '/home/jetson2/ws_sensor_combined/install/offboard/share/offboard/package.sh'
[5.721s] INFO:colcon.colcon_core.shell:Creating package script '/home/jetson2/ws_sensor_combined/install/offboard/share/offboard/package.bash'
[5.722s] INFO:colcon.colcon_core.shell:Creating package script '/home/jetson2/ws_sensor_combined/install/offboard/share/offboard/package.zsh'
[5.722s] Level 1:colcon.colcon_core.environment:create_file_with_runtime_dependencies(/home/jetson2/ws_sensor_combined/install/offboard/share/colcon-core/packages/offboard)
[5.903s] DEBUG:colcon.colcon_core.event_handler.log_command:Invoked command in '/home/jetson2/ws_sensor_combined/build/px4_ros_com' returned '0': CMAKE_PREFIX_PATH=/home/jetson2/ws_sensor_combined/install/px4_msgs:/home/jetson2/ws_sensor_combined/install/px4_ros_com:/home/jetson2/ws_sensor_combined/install/offboard:/opt/ros/humble LD_LIBRARY_PATH=/home/jetson2/ws_sensor_combined/install/px4_msgs/lib:/home/jetson2/ws_sensor_combined/install/px4_ros_com/lib:/opt/ros/humble/opt/rviz_ogre_vendor/lib:/opt/ros/humble/lib/aarch64-linux-gnu:/opt/ros/humble/lib /usr/bin/cmake --build /home/jetson2/ws_sensor_combined/build/px4_ros_com -- -j8 -l8
[5.907s] DEBUG:colcon.colcon_core.event_handler.log_command:Invoking command in '/home/jetson2/ws_sensor_combined/build/px4_ros_com': CMAKE_PREFIX_PATH=/home/jetson2/ws_sensor_combined/install/px4_msgs:/home/jetson2/ws_sensor_combined/install/px4_ros_com:/home/jetson2/ws_sensor_combined/install/offboard:/opt/ros/humble LD_LIBRARY_PATH=/home/jetson2/ws_sensor_combined/install/px4_msgs/lib:/home/jetson2/ws_sensor_combined/install/px4_ros_com/lib:/opt/ros/humble/opt/rviz_ogre_vendor/lib:/opt/ros/humble/lib/aarch64-linux-gnu:/opt/ros/humble/lib /usr/bin/cmake --install /home/jetson2/ws_sensor_combined/build/px4_ros_com
[6.028s] Level 1:colcon.colcon_core.environment:create_environment_scripts_only(px4_ros_com)
[6.029s] Level 1:colcon.colcon_core.environment:checking '/home/jetson2/ws_sensor_combined/install/px4_ros_com' for CMake module files
[6.031s] DEBUG:colcon.colcon_core.event_handler.log_command:Invoked command in '/home/jetson2/ws_sensor_combined/build/px4_ros_com' returned '0': CMAKE_PREFIX_PATH=/home/jetson2/ws_sensor_combined/install/px4_msgs:/home/jetson2/ws_sensor_combined/install/px4_ros_com:/home/jetson2/ws_sensor_combined/install/offboard:/opt/ros/humble LD_LIBRARY_PATH=/home/jetson2/ws_sensor_combined/install/px4_msgs/lib:/home/jetson2/ws_sensor_combined/install/px4_ros_com/lib:/opt/ros/humble/opt/rviz_ogre_vendor/lib:/opt/ros/humble/lib/aarch64-linux-gnu:/opt/ros/humble/lib /usr/bin/cmake --install /home/jetson2/ws_sensor_combined/build/px4_ros_com
[6.033s] Level 1:colcon.colcon_core.environment:checking '/home/jetson2/ws_sensor_combined/install/px4_ros_com' for CMake config files
[6.035s] Level 1:colcon.colcon_core.shell:create_environment_hook('px4_ros_com', 'cmake_prefix_path')
[6.036s] INFO:colcon.colcon_core.shell:Creating environment hook '/home/jetson2/ws_sensor_combined/install/px4_ros_com/share/px4_ros_com/hook/cmake_prefix_path.ps1'
[6.037s] INFO:colcon.colcon_core.shell:Creating environment descriptor '/home/jetson2/ws_sensor_combined/install/px4_ros_com/share/px4_ros_com/hook/cmake_prefix_path.dsv'
[6.039s] INFO:colcon.colcon_core.shell:Creating environment hook '/home/jetson2/ws_sensor_combined/install/px4_ros_com/share/px4_ros_com/hook/cmake_prefix_path.sh'
[6.041s] Level 1:colcon.colcon_core.environment:checking '/home/jetson2/ws_sensor_combined/install/px4_ros_com/lib'
[6.041s] Level 1:colcon.colcon_core.shell:create_environment_hook('px4_ros_com', 'ld_library_path_lib')
[6.042s] INFO:colcon.colcon_core.shell:Creating environment hook '/home/jetson2/ws_sensor_combined/install/px4_ros_com/share/px4_ros_com/hook/ld_library_path_lib.ps1'
[6.043s] INFO:colcon.colcon_core.shell:Creating environment descriptor '/home/jetson2/ws_sensor_combined/install/px4_ros_com/share/px4_ros_com/hook/ld_library_path_lib.dsv'
[6.044s] INFO:colcon.colcon_core.shell:Creating environment hook '/home/jetson2/ws_sensor_combined/install/px4_ros_com/share/px4_ros_com/hook/ld_library_path_lib.sh'
[6.046s] Level 1:colcon.colcon_core.environment:checking '/home/jetson2/ws_sensor_combined/install/px4_ros_com/bin'
[6.046s] Level 1:colcon.colcon_core.environment:checking '/home/jetson2/ws_sensor_combined/install/px4_ros_com/lib/pkgconfig/px4_ros_com.pc'
[6.047s] Level 1:colcon.colcon_core.environment:checking '/home/jetson2/ws_sensor_combined/install/px4_ros_com/lib/python3.10/site-packages'
[6.048s] Level 1:colcon.colcon_core.environment:checking '/home/jetson2/ws_sensor_combined/install/px4_ros_com/bin'
[6.049s] INFO:colcon.colcon_core.shell:Creating package script '/home/jetson2/ws_sensor_combined/install/px4_ros_com/share/px4_ros_com/package.ps1'
[6.051s] INFO:colcon.colcon_core.shell:Creating package descriptor '/home/jetson2/ws_sensor_combined/install/px4_ros_com/share/px4_ros_com/package.dsv'
[6.052s] INFO:colcon.colcon_core.shell:Creating package script '/home/jetson2/ws_sensor_combined/install/px4_ros_com/share/px4_ros_com/package.sh'
[6.054s] INFO:colcon.colcon_core.shell:Creating package script '/home/jetson2/ws_sensor_combined/install/px4_ros_com/share/px4_ros_com/package.bash'
[6.055s] INFO:colcon.colcon_core.shell:Creating package script '/home/jetson2/ws_sensor_combined/install/px4_ros_com/share/px4_ros_com/package.zsh'
[6.056s] Level 1:colcon.colcon_core.environment:create_file_with_runtime_dependencies(/home/jetson2/ws_sensor_combined/install/px4_ros_com/share/colcon-core/packages/px4_ros_com)
[6.058s] Level 1:colcon.colcon_core.environment:create_environment_scripts_only(px4_ros_com)
[6.059s] Level 1:colcon.colcon_core.environment:checking '/home/jetson2/ws_sensor_combined/install/px4_ros_com' for CMake module files
[6.061s] Level 1:colcon.colcon_core.environment:checking '/home/jetson2/ws_sensor_combined/install/px4_ros_com' for CMake config files
[6.063s] Level 1:colcon.colcon_core.shell:create_environment_hook('px4_ros_com', 'cmake_prefix_path')
[6.064s] INFO:colcon.colcon_core.shell:Creating environment hook '/home/jetson2/ws_sensor_combined/install/px4_ros_com/share/px4_ros_com/hook/cmake_prefix_path.ps1'
[6.065s] INFO:colcon.colcon_core.shell:Creating environment descriptor '/home/jetson2/ws_sensor_combined/install/px4_ros_com/share/px4_ros_com/hook/cmake_prefix_path.dsv'
[6.067s] INFO:colcon.colcon_core.shell:Creating environment hook '/home/jetson2/ws_sensor_combined/install/px4_ros_com/share/px4_ros_com/hook/cmake_prefix_path.sh'
[6.069s] Level 1:colcon.colcon_core.environment:checking '/home/jetson2/ws_sensor_combined/install/px4_ros_com/lib'
[6.069s] Level 1:colcon.colcon_core.shell:create_environment_hook('px4_ros_com', 'ld_library_path_lib')
[6.070s] INFO:colcon.colcon_core.shell:Creating environment hook '/home/jetson2/ws_sensor_combined/install/px4_ros_com/share/px4_ros_com/hook/ld_library_path_lib.ps1'
[6.071s] INFO:colcon.colcon_core.shell:Creating environment descriptor '/home/jetson2/ws_sensor_combined/install/px4_ros_com/share/px4_ros_com/hook/ld_library_path_lib.dsv'
[6.072s] INFO:colcon.colcon_core.shell:Creating environment hook '/home/jetson2/ws_sensor_combined/install/px4_ros_com/share/px4_ros_com/hook/ld_library_path_lib.sh'
[6.074s] Level 1:colcon.colcon_core.environment:checking '/home/jetson2/ws_sensor_combined/install/px4_ros_com/bin'
[6.074s] Level 1:colcon.colcon_core.environment:checking '/home/jetson2/ws_sensor_combined/install/px4_ros_com/lib/pkgconfig/px4_ros_com.pc'
[6.075s] Level 1:colcon.colcon_core.environment:checking '/home/jetson2/ws_sensor_combined/install/px4_ros_com/lib/python3.10/site-packages'
[6.075s] Level 1:colcon.colcon_core.environment:checking '/home/jetson2/ws_sensor_combined/install/px4_ros_com/bin'
[6.076s] INFO:colcon.colcon_core.shell:Creating package script '/home/jetson2/ws_sensor_combined/install/px4_ros_com/share/px4_ros_com/package.ps1'
[6.078s] INFO:colcon.colcon_core.shell:Creating package descriptor '/home/jetson2/ws_sensor_combined/install/px4_ros_com/share/px4_ros_com/package.dsv'
[6.080s] INFO:colcon.colcon_core.shell:Creating package script '/home/jetson2/ws_sensor_combined/install/px4_ros_com/share/px4_ros_com/package.sh'
[6.081s] INFO:colcon.colcon_core.shell:Creating package script '/home/jetson2/ws_sensor_combined/install/px4_ros_com/share/px4_ros_com/package.bash'
[6.083s] INFO:colcon.colcon_core.shell:Creating package script '/home/jetson2/ws_sensor_combined/install/px4_ros_com/share/px4_ros_com/package.zsh'
[6.084s] Level 1:colcon.colcon_core.environment:create_file_with_runtime_dependencies(/home/jetson2/ws_sensor_combined/install/px4_ros_com/share/colcon-core/packages/px4_ros_com)
[6.085s] DEBUG:colcon.colcon_parallel_executor.executor.parallel:closing loop
[6.085s] DEBUG:colcon.colcon_parallel_executor.executor.parallel:loop closed
[6.086s] DEBUG:colcon.colcon_parallel_executor.executor.parallel:run_until_complete finished with '0'
[6.086s] DEBUG:colcon.colcon_core.event_reactor:joining thread
[6.103s] INFO:colcon.colcon_core.plugin_system:Skipping extension 'colcon_notification.desktop_notification.terminal_notifier': Not used on non-Darwin systems
[6.103s] INFO:colcon.colcon_core.plugin_system:Skipping extension 'colcon_notification.desktop_notification.win32': Not used on non-Windows systems
[6.103s] INFO:colcon.colcon_notification.desktop_notification:Sending desktop notification using 'notify2'
[6.146s] DEBUG:colcon.colcon_core.event_reactor:joined thread
[6.147s] INFO:colcon.colcon_core.shell:Creating prefix script '/home/jetson2/ws_sensor_combined/install/local_setup.ps1'
[6.149s] INFO:colcon.colcon_core.shell:Creating prefix util module '/home/jetson2/ws_sensor_combined/install/_local_setup_util_ps1.py'
[6.155s] INFO:colcon.colcon_core.shell:Creating prefix chain script '/home/jetson2/ws_sensor_combined/install/setup.ps1'
[6.159s] INFO:colcon.colcon_core.shell:Creating prefix script '/home/jetson2/ws_sensor_combined/install/local_setup.sh'
[6.160s] INFO:colcon.colcon_core.shell:Creating prefix util module '/home/jetson2/ws_sensor_combined/install/_local_setup_util_sh.py'
[6.162s] INFO:colcon.colcon_core.shell:Creating prefix chain script '/home/jetson2/ws_sensor_combined/install/setup.sh'
[6.166s] INFO:colcon.colcon_core.shell:Creating prefix script '/home/jetson2/ws_sensor_combined/install/local_setup.bash'
[6.168s] INFO:colcon.colcon_core.shell:Creating prefix chain script '/home/jetson2/ws_sensor_combined/install/setup.bash'
[6.173s] INFO:colcon.colcon_core.shell:Creating prefix script '/home/jetson2/ws_sensor_combined/install/local_setup.zsh'
[6.175s] INFO:colcon.colcon_core.shell:Creating prefix chain script '/home/jetson2/ws_sensor_combined/install/setup.zsh'
