[1.263s] Invoking command in '/home/jetson2/ws_sensor_combined/build/offboard': CMAKE_PREFIX_PATH=/home/jetson2/ws_sensor_combined/install/px4_msgs:/home/jetson2/ws_sensor_combined/install/px4_ros_com LD_LIBRARY_PATH=/home/jetson2/ws_sensor_combined/install/px4_msgs/lib:/home/jetson2/ws_sensor_combined/install/px4_ros_com/lib:/opt/ros/humble/opt/rviz_ogre_vendor/lib:/opt/ros/humble/lib/aarch64-linux-gnu:/opt/ros/humble/lib PYTHONPATH=/home/jetson2/ws_sensor_combined/build/offboard/prefix_override:/usr/lib/python3/dist-packages/colcon_core/task/python/colcon_distutils_commands:/home/jetson2/ws_sensor_combined/install/offboard/lib/python3.10/site-packages:${PYTHONPATH} /usr/bin/python3 -W ignore:setup.py install is deprecated -W ignore:easy_install command is deprecated setup.py develop --editable --build-directory /home/jetson2/ws_sensor_combined/build/offboard/build --no-deps symlink_data
[1.787s] running develop
[2.127s] running egg_info
[2.128s] creating offboard.egg-info
[2.128s] writing offboard.egg-info/PKG-INFO
[2.128s] writing dependency_links to offboard.egg-info/dependency_links.txt
[2.129s] writing entry points to offboard.egg-info/entry_points.txt
[2.129s] writing requirements to offboard.egg-info/requires.txt
[2.129s] writing top-level names to offboard.egg-info/top_level.txt
[2.129s] writing manifest file 'offboard.egg-info/SOURCES.txt'
[2.133s] reading manifest file 'offboard.egg-info/SOURCES.txt'
[2.134s] writing manifest file 'offboard.egg-info/SOURCES.txt'
[2.136s] running build_ext
[2.137s] Creating /home/jetson2/ws_sensor_combined/install/offboard/lib/python3.10/site-packages/offboard.egg-link (link to .)
[2.138s] Installing offboard_node script to /home/jetson2/ws_sensor_combined/install/offboard/lib/offboard
[2.139s] 
[2.139s] Installed /home/jetson2/ws_sensor_combined/build/offboard
[2.140s] running symlink_data
[2.140s] creating /home/jetson2/ws_sensor_combined/install/offboard/share/ament_index
[2.140s] creating /home/jetson2/ws_sensor_combined/install/offboard/share/ament_index/resource_index
[2.140s] creating /home/jetson2/ws_sensor_combined/install/offboard/share/ament_index/resource_index/packages
[2.141s] symbolically linking /home/jetson2/ws_sensor_combined/build/offboard/resource/offboard -> /home/jetson2/ws_sensor_combined/install/offboard/share/ament_index/resource_index/packages
[2.141s] symbolically linking /home/jetson2/ws_sensor_combined/build/offboard/package.xml -> /home/jetson2/ws_sensor_combined/install/offboard/share/offboard
[2.208s] Invoked command in '/home/jetson2/ws_sensor_combined/build/offboard' returned '0': CMAKE_PREFIX_PATH=/home/jetson2/ws_sensor_combined/install/px4_msgs:/home/jetson2/ws_sensor_combined/install/px4_ros_com LD_LIBRARY_PATH=/home/jetson2/ws_sensor_combined/install/px4_msgs/lib:/home/jetson2/ws_sensor_combined/install/px4_ros_com/lib:/opt/ros/humble/opt/rviz_ogre_vendor/lib:/opt/ros/humble/lib/aarch64-linux-gnu:/opt/ros/humble/lib PYTHONPATH=/home/jetson2/ws_sensor_combined/build/offboard/prefix_override:/usr/lib/python3/dist-packages/colcon_core/task/python/colcon_distutils_commands:/home/jetson2/ws_sensor_combined/install/offboard/lib/python3.10/site-packages:${PYTHONPATH} /usr/bin/python3 -W ignore:setup.py install is deprecated -W ignore:easy_install command is deprecated setup.py develop --editable --build-directory /home/jetson2/ws_sensor_combined/build/offboard/build --no-deps symlink_data
