running develop
Removing /home/jetson2/ws_sensor_combined/install/offboard/lib/python3.10/site-packages/offboard.egg-link (link to .)
running egg_info
writing ../../build/offboard/offboard.egg-info/PKG-INFO
writing dependency_links to ../../build/offboard/offboard.egg-info/dependency_links.txt
writing entry points to ../../build/offboard/offboard.egg-info/entry_points.txt
writing requirements to ../../build/offboard/offboard.egg-info/requires.txt
writing top-level names to ../../build/offboard/offboard.egg-info/top_level.txt
reading manifest file '../../build/offboard/offboard.egg-info/SOURCES.txt'
writing manifest file '../../build/offboard/offboard.egg-info/SOURCES.txt'
running build
running build_py
copying offboard/__init__.py -> /home/jetson2/ws_sensor_combined/build/offboard/build/lib/offboard
copying offboard/offboard_control.py -> /home/jetson2/ws_sensor_combined/build/offboard/build/lib/offboard
running install
running install_lib
creating /home/jetson2/ws_sensor_combined/install/offboard/lib/python3.10/site-packages/offboard
copying /home/jetson2/ws_sensor_combined/build/offboard/build/lib/offboard/__init__.py -> /home/jetson2/ws_sensor_combined/install/offboard/lib/python3.10/site-packages/offboard
copying /home/jetson2/ws_sensor_combined/build/offboard/build/lib/offboard/offboard_control.py -> /home/jetson2/ws_sensor_combined/install/offboard/lib/python3.10/site-packages/offboard
copying /home/jetson2/ws_sensor_combined/build/offboard/build/lib/offboard/offboard_node.py -> /home/jetson2/ws_sensor_combined/install/offboard/lib/python3.10/site-packages/offboard
byte-compiling /home/jetson2/ws_sensor_combined/install/offboard/lib/python3.10/site-packages/offboard/__init__.py to __init__.cpython-310.pyc
byte-compiling /home/jetson2/ws_sensor_combined/install/offboard/lib/python3.10/site-packages/offboard/offboard_control.py to offboard_control.cpython-310.pyc
byte-compiling /home/jetson2/ws_sensor_combined/install/offboard/lib/python3.10/site-packages/offboard/offboard_node.py to offboard_node.cpython-310.pyc
running install_data
copying resource/offboard -> /home/jetson2/ws_sensor_combined/install/offboard/share/ament_index/resource_index/packages
copying package.xml -> /home/jetson2/ws_sensor_combined/install/offboard/share/offboard
running install_egg_info
Copying ../../build/offboard/offboard.egg-info to /home/jetson2/ws_sensor_combined/install/offboard/lib/python3.10/site-packages/offboard-0.0.0-py3.10.egg-info
running install_scripts
Installing offboard_control script to /home/jetson2/ws_sensor_combined/install/offboard/lib/offboard
writing list of installed files to '/home/jetson2/ws_sensor_combined/build/offboard/install.log'
