[0.551s] Invoking command in '/home/jetson2/ws_sensor_combined/build/px4_ros_com': CMAKE_PREFIX_PATH=/home/jetson2/ws_sensor_combined/install/px4_msgs:/home/jetson2/ws_sensor_combined/install/px4_ros_com:/home/jetson2/ws_sensor_combined/install/offboard:/opt/ros/humble LD_LIBRARY_PATH=/home/jetson2/ws_sensor_combined/install/px4_msgs/lib:/home/jetson2/ws_sensor_combined/install/px4_ros_com/lib:/opt/ros/humble/opt/rviz_ogre_vendor/lib:/opt/ros/humble/lib/aarch64-linux-gnu:/opt/ros/humble/lib /usr/bin/cmake --build /home/jetson2/ws_sensor_combined/build/px4_ros_com -- -j8 -l8
[0.663s] [ 16%] Built target frame_transforms
[0.669s] [ 33%] Built target vehicle_gps_position_listener
[0.673s] [ 50%] Built target sensor_combined_listener
[0.674s] [ 66%] Built target offboard_control_srv
[0.675s] [ 83%] Built target offboard_control
[0.685s] [ 83%] Built target ament_cmake_python_symlink_px4_ros_com
[0.689s] [100%] Built target debug_vect_advertiser
[1.187s] running egg_info
[1.188s] writing px4_ros_com.egg-info/PKG-INFO
[1.189s] writing dependency_links to px4_ros_com.egg-info/dependency_links.txt
[1.189s] writing top-level names to px4_ros_com.egg-info/top_level.txt
[1.194s] reading manifest file 'px4_ros_com.egg-info/SOURCES.txt'
[1.195s] writing manifest file 'px4_ros_com.egg-info/SOURCES.txt'
[1.255s] [100%] Built target ament_cmake_python_build_px4_ros_com_egg
[1.274s] Invoked command in '/home/jetson2/ws_sensor_combined/build/px4_ros_com' returned '0': CMAKE_PREFIX_PATH=/home/jetson2/ws_sensor_combined/install/px4_msgs:/home/jetson2/ws_sensor_combined/install/px4_ros_com:/home/jetson2/ws_sensor_combined/install/offboard:/opt/ros/humble LD_LIBRARY_PATH=/home/jetson2/ws_sensor_combined/install/px4_msgs/lib:/home/jetson2/ws_sensor_combined/install/px4_ros_com/lib:/opt/ros/humble/opt/rviz_ogre_vendor/lib:/opt/ros/humble/lib/aarch64-linux-gnu:/opt/ros/humble/lib /usr/bin/cmake --build /home/jetson2/ws_sensor_combined/build/px4_ros_com -- -j8 -l8
[1.277s] Invoking command in '/home/jetson2/ws_sensor_combined/build/px4_ros_com': CMAKE_PREFIX_PATH=/home/jetson2/ws_sensor_combined/install/px4_msgs:/home/jetson2/ws_sensor_combined/install/px4_ros_com:/home/jetson2/ws_sensor_combined/install/offboard:/opt/ros/humble LD_LIBRARY_PATH=/home/jetson2/ws_sensor_combined/install/px4_msgs/lib:/home/jetson2/ws_sensor_combined/install/px4_ros_com/lib:/opt/ros/humble/opt/rviz_ogre_vendor/lib:/opt/ros/humble/lib/aarch64-linux-gnu:/opt/ros/humble/lib /usr/bin/cmake --install /home/jetson2/ws_sensor_combined/build/px4_ros_com
[1.290s] -- Install configuration: ""
[1.291s] -- Execute custom install script
[1.291s] -- Up-to-date symlink: /home/jetson2/ws_sensor_combined/install/px4_ros_com/lib/px4_ros_com/sensor_combined_listener
[1.291s] -- Up-to-date symlink: /home/jetson2/ws_sensor_combined/install/px4_ros_com/lib/px4_ros_com/vehicle_gps_position_listener
[1.292s] -- Up-to-date symlink: /home/jetson2/ws_sensor_combined/install/px4_ros_com/lib/px4_ros_com/debug_vect_advertiser
[1.292s] -- Up-to-date symlink: /home/jetson2/ws_sensor_combined/install/px4_ros_com/lib/px4_ros_com/offboard_control
[1.293s] -- Up-to-date symlink: /home/jetson2/ws_sensor_combined/install/px4_ros_com/lib/px4_ros_com/offboard_control_srv
[1.293s] -- Up-to-date symlink: /home/jetson2/ws_sensor_combined/install/px4_ros_com/share/px4_ros_com/environment/library_path.sh
[1.293s] -- Up-to-date symlink: /home/jetson2/ws_sensor_combined/install/px4_ros_com/share/px4_ros_com/environment/library_path.dsv
[1.294s] -- Up-to-date symlink: /home/jetson2/ws_sensor_combined/install/px4_ros_com/include/px4_ros_com/frame_transforms.h
[1.294s] -- Up-to-date symlink: /home/jetson2/ws_sensor_combined/install/px4_ros_com/share/px4_ros_com//launch/offboard_control_launch.yaml
[1.295s] -- Up-to-date symlink: /home/jetson2/ws_sensor_combined/install/px4_ros_com/share/px4_ros_com//launch/sensor_combined_listener.launch.py
[1.295s] -- Up-to-date symlink: /home/jetson2/ws_sensor_combined/install/px4_ros_com/share/px4_ros_com//test/__init__.py
[1.295s] -- Up-to-date symlink: /home/jetson2/ws_sensor_combined/install/px4_ros_com/share/px4_ros_com//test/pipeline_io_test.py
[1.296s] -- Up-to-date symlink: /home/jetson2/ws_sensor_combined/install/px4_ros_com/share/px4_ros_com//test/test_input.py
[1.296s] -- Up-to-date symlink: /home/jetson2/ws_sensor_combined/install/px4_ros_com/share/px4_ros_com//test/test_output.py
[1.296s] -- Up-to-date symlink: /home/jetson2/ws_sensor_combined/install/px4_ros_com/share/px4_ros_com/environment/pythonpath.sh
[1.296s] -- Up-to-date symlink: /home/jetson2/ws_sensor_combined/install/px4_ros_com/share/px4_ros_com/environment/pythonpath.dsv
[1.297s] -- Up-to-date symlink: /home/jetson2/ws_sensor_combined/install/px4_ros_com/local/lib/python3.10/dist-packages/px4_ros_com-0.1.0-py3.10.egg-info/PKG-INFO
[1.297s] -- Up-to-date symlink: /home/jetson2/ws_sensor_combined/install/px4_ros_com/local/lib/python3.10/dist-packages/px4_ros_com-0.1.0-py3.10.egg-info/SOURCES.txt
[1.297s] -- Up-to-date symlink: /home/jetson2/ws_sensor_combined/install/px4_ros_com/local/lib/python3.10/dist-packages/px4_ros_com-0.1.0-py3.10.egg-info/dependency_links.txt
[1.297s] -- Up-to-date symlink: /home/jetson2/ws_sensor_combined/install/px4_ros_com/local/lib/python3.10/dist-packages/px4_ros_com-0.1.0-py3.10.egg-info/top_level.txt
[1.298s] -- Up-to-date symlink: /home/jetson2/ws_sensor_combined/install/px4_ros_com/local/lib/python3.10/dist-packages/px4_ros_com/GM_offboard_control.py
[1.298s] -- Up-to-date symlink: /home/jetson2/ws_sensor_combined/install/px4_ros_com/local/lib/python3.10/dist-packages/px4_ros_com/__init__.py
[1.299s] -- Up-to-date symlink: /home/jetson2/ws_sensor_combined/install/px4_ros_com/local/lib/python3.10/dist-packages/px4_ros_com/module_to_import.py
[1.299s] -- Up-to-date symlink: /home/jetson2/ws_sensor_combined/install/px4_ros_com/local/lib/python3.10/dist-packages/px4_ros_com/offboard_control.py
[1.299s] -- Up-to-date symlink: /home/jetson2/ws_sensor_combined/install/px4_ros_com/lib/px4_ros_com/offboard_control.py
[1.299s] -- Up-to-date symlink: /home/jetson2/ws_sensor_combined/install/px4_ros_com/lib/px4_ros_com/GM_offboard_control.py
[1.300s] -- Up-to-date symlink: /home/jetson2/ws_sensor_combined/install/px4_ros_com/share/ament_index/resource_index/package_run_dependencies/px4_ros_com
[1.300s] -- Up-to-date symlink: /home/jetson2/ws_sensor_combined/install/px4_ros_com/share/ament_index/resource_index/parent_prefix_path/px4_ros_com
[1.300s] -- Up-to-date symlink: /home/jetson2/ws_sensor_combined/install/px4_ros_com/share/px4_ros_com/environment/ament_prefix_path.sh
[1.300s] -- Up-to-date symlink: /home/jetson2/ws_sensor_combined/install/px4_ros_com/share/px4_ros_com/environment/ament_prefix_path.dsv
[1.301s] -- Up-to-date symlink: /home/jetson2/ws_sensor_combined/install/px4_ros_com/share/px4_ros_com/environment/path.sh
[1.301s] -- Up-to-date symlink: /home/jetson2/ws_sensor_combined/install/px4_ros_com/share/px4_ros_com/environment/path.dsv
[1.301s] -- Up-to-date symlink: /home/jetson2/ws_sensor_combined/install/px4_ros_com/share/px4_ros_com/local_setup.bash
[1.302s] -- Up-to-date symlink: /home/jetson2/ws_sensor_combined/install/px4_ros_com/share/px4_ros_com/local_setup.sh
[1.302s] -- Up-to-date symlink: /home/jetson2/ws_sensor_combined/install/px4_ros_com/share/px4_ros_com/local_setup.zsh
[1.302s] -- Up-to-date symlink: /home/jetson2/ws_sensor_combined/install/px4_ros_com/share/px4_ros_com/local_setup.dsv
[1.302s] -- Symlinking: /home/jetson2/ws_sensor_combined/install/px4_ros_com/share/px4_ros_com/package.dsv
[1.317s] -- Up-to-date symlink: /home/jetson2/ws_sensor_combined/install/px4_ros_com/share/ament_index/resource_index/packages/px4_ros_com
[1.318s] -- Up-to-date symlink: /home/jetson2/ws_sensor_combined/install/px4_ros_com/share/px4_ros_com/cmake/ament_cmake_export_dependencies-extras.cmake
[1.318s] -- Up-to-date symlink: /home/jetson2/ws_sensor_combined/install/px4_ros_com/share/px4_ros_com/cmake/ament_cmake_export_targets-extras.cmake
[1.318s] -- Up-to-date symlink: /home/jetson2/ws_sensor_combined/install/px4_ros_com/share/px4_ros_com/cmake/ament_cmake_export_include_directories-extras.cmake
[1.318s] -- Up-to-date symlink: /home/jetson2/ws_sensor_combined/install/px4_ros_com/share/px4_ros_com/cmake/ament_cmake_export_libraries-extras.cmake
[1.319s] -- Up-to-date symlink: /home/jetson2/ws_sensor_combined/install/px4_ros_com/share/px4_ros_com/cmake/px4_ros_comConfig.cmake
[1.320s] -- Up-to-date symlink: /home/jetson2/ws_sensor_combined/install/px4_ros_com/share/px4_ros_com/cmake/px4_ros_comConfig-version.cmake
[1.320s] -- Up-to-date symlink: /home/jetson2/ws_sensor_combined/install/px4_ros_com/share/px4_ros_com/package.xml
[1.320s] -- Up-to-date: /home/jetson2/ws_sensor_combined/install/px4_ros_com/lib/libframe_transforms.so
[1.384s] Listing '/home/jetson2/ws_sensor_combined/install/px4_ros_com/local/lib/python3.10/dist-packages/px4_ros_com'...
[1.394s] -- Up-to-date: /home/jetson2/ws_sensor_combined/install/px4_ros_com/share/px4_ros_com/cmake/export_frame_transformsExport.cmake
[1.394s] -- Up-to-date: /home/jetson2/ws_sensor_combined/install/px4_ros_com/share/px4_ros_com/cmake/export_frame_transformsExport-noconfig.cmake
[1.399s] Invoked command in '/home/jetson2/ws_sensor_combined/build/px4_ros_com' returned '0': CMAKE_PREFIX_PATH=/home/jetson2/ws_sensor_combined/install/px4_msgs:/home/jetson2/ws_sensor_combined/install/px4_ros_com:/home/jetson2/ws_sensor_combined/install/offboard:/opt/ros/humble LD_LIBRARY_PATH=/home/jetson2/ws_sensor_combined/install/px4_msgs/lib:/home/jetson2/ws_sensor_combined/install/px4_ros_com/lib:/opt/ros/humble/opt/rviz_ogre_vendor/lib:/opt/ros/humble/lib/aarch64-linux-gnu:/opt/ros/humble/lib /usr/bin/cmake --install /home/jetson2/ws_sensor_combined/build/px4_ros_com
