[0.224s] DEBUG:colcon:Command line arguments: ['/usr/bin/colcon', 'build', '--symlink-install']
[0.225s] DEBUG:colcon:Parsed command line arguments: Namespace(log_base=None, log_level=None, verb_name='build', build_base='build', install_base='install', merge_install=False, symlink_install=True, test_result_base=None, continue_on_error=False, executor='parallel', parallel_workers=8, event_handlers=None, ignore_user_meta=False, metas=['./colcon.meta'], base_paths=['.'], packages_ignore=None, packages_ignore_regex=None, paths=None, packages_up_to=None, packages_up_to_regex=None, packages_above=None, packages_above_and_dependencies=None, packages_above_depth=None, packages_select_by_dep=None, packages_skip_by_dep=None, packages_skip_up_to=None, packages_select_build_failed=False, packages_skip_build_finished=False, packages_select_test_failures=False, packages_skip_test_passed=False, packages_select=None, packages_skip=None, packages_select_regex=None, packages_skip_regex=None, packages_start=None, packages_end=None, allow_overriding=[], cmake_args=None, cmake_target=None, cmake_target_skip_unavailable=False, cmake_clean_cache=False, cmake_clean_first=False, cmake_force_configure=False, ament_cmake_args=None, catkin_cmake_args=None, catkin_skip_building_tests=False, mixin_files=None, mixin=None, verb_parser=<colcon_mixin.mixin.mixin_argument.MixinArgumentDecorator object at 0xffff8dc89bd0>, verb_extension=<colcon_core.verb.build.BuildVerb object at 0xffff8dc896c0>, main=<bound method BuildVerb.main of <colcon_core.verb.build.BuildVerb object at 0xffff8dc896c0>>, mixin_verb=('build',))
[0.571s] Level 1:colcon.colcon_core.package_discovery:discover_packages(colcon_meta) check parameters
[0.572s] Level 1:colcon.colcon_core.package_discovery:discover_packages(recursive) check parameters
[0.572s] Level 1:colcon.colcon_core.package_discovery:discover_packages(ignore) check parameters
[0.572s] Level 1:colcon.colcon_core.package_discovery:discover_packages(path) check parameters
[0.572s] Level 1:colcon.colcon_core.package_discovery:discover_packages(colcon_meta) discover
[0.572s] Level 1:colcon.colcon_core.package_discovery:discover_packages(recursive) discover
[0.572s] INFO:colcon.colcon_core.package_discovery:Crawling recursively for packages in '/home/jetson2/ws_sensor_combined'
[0.572s] Level 1:colcon.colcon_core.package_identification:_identify(.) by extensions ['ignore', 'ignore_ament_install']
[0.573s] Level 1:colcon.colcon_core.package_identification:_identify(.) by extension 'ignore'
[0.573s] Level 1:colcon.colcon_core.package_identification:_identify(.) by extension 'ignore_ament_install'
[0.573s] Level 1:colcon.colcon_core.package_identification:_identify(.) by extensions ['colcon_pkg']
[0.573s] Level 1:colcon.colcon_core.package_identification:_identify(.) by extension 'colcon_pkg'
[0.573s] Level 1:colcon.colcon_core.package_identification:_identify(.) by extensions ['colcon_meta']
[0.573s] Level 1:colcon.colcon_core.package_identification:_identify(.) by extension 'colcon_meta'
[0.573s] Level 1:colcon.colcon_core.package_identification:_identify(.) by extensions ['ros']
[0.573s] Level 1:colcon.colcon_core.package_identification:_identify(.) by extension 'ros'
[0.595s] Level 1:colcon.colcon_core.package_identification:_identify(.) by extensions ['cmake', 'python']
[0.595s] Level 1:colcon.colcon_core.package_identification:_identify(.) by extension 'cmake'
[0.595s] Level 1:colcon.colcon_core.package_identification:_identify(.) by extension 'python'
[0.595s] Level 1:colcon.colcon_core.package_identification:_identify(.) by extensions ['python_setup_py']
[0.596s] Level 1:colcon.colcon_core.package_identification:_identify(.) by extension 'python_setup_py'
[0.596s] Level 1:colcon.colcon_core.package_identification:_identify(build) by extensions ['ignore', 'ignore_ament_install']
[0.596s] Level 1:colcon.colcon_core.package_identification:_identify(build) by extension 'ignore'
[0.596s] Level 1:colcon.colcon_core.package_identification:_identify(build) ignored
[0.596s] Level 1:colcon.colcon_core.package_identification:_identify(install) by extensions ['ignore', 'ignore_ament_install']
[0.597s] Level 1:colcon.colcon_core.package_identification:_identify(install) by extension 'ignore'
[0.597s] Level 1:colcon.colcon_core.package_identification:_identify(install) ignored
[0.597s] Level 1:colcon.colcon_core.package_identification:_identify(log) by extensions ['ignore', 'ignore_ament_install']
[0.597s] Level 1:colcon.colcon_core.package_identification:_identify(log) by extension 'ignore'
[0.597s] Level 1:colcon.colcon_core.package_identification:_identify(log) ignored
[0.597s] Level 1:colcon.colcon_core.package_identification:_identify(src) by extensions ['ignore', 'ignore_ament_install']
[0.598s] Level 1:colcon.colcon_core.package_identification:_identify(src) by extension 'ignore'
[0.598s] Level 1:colcon.colcon_core.package_identification:_identify(src) by extension 'ignore_ament_install'
[0.598s] Level 1:colcon.colcon_core.package_identification:_identify(src) by extensions ['colcon_pkg']
[0.598s] Level 1:colcon.colcon_core.package_identification:_identify(src) by extension 'colcon_pkg'
[0.598s] Level 1:colcon.colcon_core.package_identification:_identify(src) by extensions ['colcon_meta']
[0.598s] Level 1:colcon.colcon_core.package_identification:_identify(src) by extension 'colcon_meta'
[0.598s] Level 1:colcon.colcon_core.package_identification:_identify(src) by extensions ['ros']
[0.598s] Level 1:colcon.colcon_core.package_identification:_identify(src) by extension 'ros'
[0.598s] Level 1:colcon.colcon_core.package_identification:_identify(src) by extensions ['cmake', 'python']
[0.598s] Level 1:colcon.colcon_core.package_identification:_identify(src) by extension 'cmake'
[0.599s] Level 1:colcon.colcon_core.package_identification:_identify(src) by extension 'python'
[0.599s] Level 1:colcon.colcon_core.package_identification:_identify(src) by extensions ['python_setup_py']
[0.599s] Level 1:colcon.colcon_core.package_identification:_identify(src) by extension 'python_setup_py'
[0.599s] Level 1:colcon.colcon_core.package_identification:_identify(src/build) by extensions ['ignore', 'ignore_ament_install']
[0.599s] Level 1:colcon.colcon_core.package_identification:_identify(src/build) by extension 'ignore'
[0.599s] Level 1:colcon.colcon_core.package_identification:_identify(src/build) by extension 'ignore_ament_install'
[0.599s] Level 1:colcon.colcon_core.package_identification:_identify(src/build) by extensions ['colcon_pkg']
[0.599s] Level 1:colcon.colcon_core.package_identification:_identify(src/build) by extension 'colcon_pkg'
[0.599s] Level 1:colcon.colcon_core.package_identification:_identify(src/build) by extensions ['colcon_meta']
[0.599s] Level 1:colcon.colcon_core.package_identification:_identify(src/build) by extension 'colcon_meta'
[0.600s] Level 1:colcon.colcon_core.package_identification:_identify(src/build) by extensions ['ros']
[0.600s] Level 1:colcon.colcon_core.package_identification:_identify(src/build) by extension 'ros'
[0.600s] Level 1:colcon.colcon_core.package_identification:_identify(src/build) by extensions ['cmake', 'python']
[0.600s] Level 1:colcon.colcon_core.package_identification:_identify(src/build) by extension 'cmake'
[0.600s] Level 1:colcon.colcon_core.package_identification:_identify(src/build) by extension 'python'
[0.600s] Level 1:colcon.colcon_core.package_identification:_identify(src/build) by extensions ['python_setup_py']
[0.600s] Level 1:colcon.colcon_core.package_identification:_identify(src/build) by extension 'python_setup_py'
[0.600s] Level 1:colcon.colcon_core.package_identification:_identify(src/build/CMakeFiles) by extensions ['ignore', 'ignore_ament_install']
[0.600s] Level 1:colcon.colcon_core.package_identification:_identify(src/build/CMakeFiles) by extension 'ignore'
[0.601s] Level 1:colcon.colcon_core.package_identification:_identify(src/build/CMakeFiles) by extension 'ignore_ament_install'
[0.601s] Level 1:colcon.colcon_core.package_identification:_identify(src/build/CMakeFiles) by extensions ['colcon_pkg']
[0.601s] Level 1:colcon.colcon_core.package_identification:_identify(src/build/CMakeFiles) by extension 'colcon_pkg'
[0.601s] Level 1:colcon.colcon_core.package_identification:_identify(src/build/CMakeFiles) by extensions ['colcon_meta']
[0.601s] Level 1:colcon.colcon_core.package_identification:_identify(src/build/CMakeFiles) by extension 'colcon_meta'
[0.601s] Level 1:colcon.colcon_core.package_identification:_identify(src/build/CMakeFiles) by extensions ['ros']
[0.601s] Level 1:colcon.colcon_core.package_identification:_identify(src/build/CMakeFiles) by extension 'ros'
[0.601s] Level 1:colcon.colcon_core.package_identification:_identify(src/build/CMakeFiles) by extensions ['cmake', 'python']
[0.601s] Level 1:colcon.colcon_core.package_identification:_identify(src/build/CMakeFiles) by extension 'cmake'
[0.601s] Level 1:colcon.colcon_core.package_identification:_identify(src/build/CMakeFiles) by extension 'python'
[0.602s] Level 1:colcon.colcon_core.package_identification:_identify(src/build/CMakeFiles) by extensions ['python_setup_py']
[0.602s] Level 1:colcon.colcon_core.package_identification:_identify(src/build/CMakeFiles) by extension 'python_setup_py'
[0.602s] Level 1:colcon.colcon_core.package_identification:_identify(src/build/CMakeFiles/3.22.1) by extensions ['ignore', 'ignore_ament_install']
[0.602s] Level 1:colcon.colcon_core.package_identification:_identify(src/build/CMakeFiles/3.22.1) by extension 'ignore'
[0.602s] Level 1:colcon.colcon_core.package_identification:_identify(src/build/CMakeFiles/3.22.1) by extension 'ignore_ament_install'
[0.602s] Level 1:colcon.colcon_core.package_identification:_identify(src/build/CMakeFiles/3.22.1) by extensions ['colcon_pkg']
[0.602s] Level 1:colcon.colcon_core.package_identification:_identify(src/build/CMakeFiles/3.22.1) by extension 'colcon_pkg'
[0.602s] Level 1:colcon.colcon_core.package_identification:_identify(src/build/CMakeFiles/3.22.1) by extensions ['colcon_meta']
[0.602s] Level 1:colcon.colcon_core.package_identification:_identify(src/build/CMakeFiles/3.22.1) by extension 'colcon_meta'
[0.603s] Level 1:colcon.colcon_core.package_identification:_identify(src/build/CMakeFiles/3.22.1) by extensions ['ros']
[0.603s] Level 1:colcon.colcon_core.package_identification:_identify(src/build/CMakeFiles/3.22.1) by extension 'ros'
[0.603s] Level 1:colcon.colcon_core.package_identification:_identify(src/build/CMakeFiles/3.22.1) by extensions ['cmake', 'python']
[0.603s] Level 1:colcon.colcon_core.package_identification:_identify(src/build/CMakeFiles/3.22.1) by extension 'cmake'
[0.603s] Level 1:colcon.colcon_core.package_identification:_identify(src/build/CMakeFiles/3.22.1) by extension 'python'
[0.603s] Level 1:colcon.colcon_core.package_identification:_identify(src/build/CMakeFiles/3.22.1) by extensions ['python_setup_py']
[0.603s] Level 1:colcon.colcon_core.package_identification:_identify(src/build/CMakeFiles/3.22.1) by extension 'python_setup_py'
[0.603s] Level 1:colcon.colcon_core.package_identification:_identify(src/build/CMakeFiles/3.22.1/CompilerIdC) by extensions ['ignore', 'ignore_ament_install']
[0.603s] Level 1:colcon.colcon_core.package_identification:_identify(src/build/CMakeFiles/3.22.1/CompilerIdC) by extension 'ignore'
[0.603s] Level 1:colcon.colcon_core.package_identification:_identify(src/build/CMakeFiles/3.22.1/CompilerIdC) by extension 'ignore_ament_install'
[0.604s] Level 1:colcon.colcon_core.package_identification:_identify(src/build/CMakeFiles/3.22.1/CompilerIdC) by extensions ['colcon_pkg']
[0.604s] Level 1:colcon.colcon_core.package_identification:_identify(src/build/CMakeFiles/3.22.1/CompilerIdC) by extension 'colcon_pkg'
[0.604s] Level 1:colcon.colcon_core.package_identification:_identify(src/build/CMakeFiles/3.22.1/CompilerIdC) by extensions ['colcon_meta']
[0.604s] Level 1:colcon.colcon_core.package_identification:_identify(src/build/CMakeFiles/3.22.1/CompilerIdC) by extension 'colcon_meta'
[0.604s] Level 1:colcon.colcon_core.package_identification:_identify(src/build/CMakeFiles/3.22.1/CompilerIdC) by extensions ['ros']
[0.604s] Level 1:colcon.colcon_core.package_identification:_identify(src/build/CMakeFiles/3.22.1/CompilerIdC) by extension 'ros'
[0.604s] Level 1:colcon.colcon_core.package_identification:_identify(src/build/CMakeFiles/3.22.1/CompilerIdC) by extensions ['cmake', 'python']
[0.604s] Level 1:colcon.colcon_core.package_identification:_identify(src/build/CMakeFiles/3.22.1/CompilerIdC) by extension 'cmake'
[0.604s] Level 1:colcon.colcon_core.package_identification:_identify(src/build/CMakeFiles/3.22.1/CompilerIdC) by extension 'python'
[0.604s] Level 1:colcon.colcon_core.package_identification:_identify(src/build/CMakeFiles/3.22.1/CompilerIdC) by extensions ['python_setup_py']
[0.604s] Level 1:colcon.colcon_core.package_identification:_identify(src/build/CMakeFiles/3.22.1/CompilerIdC) by extension 'python_setup_py'
[0.605s] Level 1:colcon.colcon_core.package_identification:_identify(src/build/CMakeFiles/3.22.1/CompilerIdC/tmp) by extensions ['ignore', 'ignore_ament_install']
[0.605s] Level 1:colcon.colcon_core.package_identification:_identify(src/build/CMakeFiles/3.22.1/CompilerIdC/tmp) by extension 'ignore'
[0.605s] Level 1:colcon.colcon_core.package_identification:_identify(src/build/CMakeFiles/3.22.1/CompilerIdC/tmp) by extension 'ignore_ament_install'
[0.605s] Level 1:colcon.colcon_core.package_identification:_identify(src/build/CMakeFiles/3.22.1/CompilerIdC/tmp) by extensions ['colcon_pkg']
[0.605s] Level 1:colcon.colcon_core.package_identification:_identify(src/build/CMakeFiles/3.22.1/CompilerIdC/tmp) by extension 'colcon_pkg'
[0.605s] Level 1:colcon.colcon_core.package_identification:_identify(src/build/CMakeFiles/3.22.1/CompilerIdC/tmp) by extensions ['colcon_meta']
[0.605s] Level 1:colcon.colcon_core.package_identification:_identify(src/build/CMakeFiles/3.22.1/CompilerIdC/tmp) by extension 'colcon_meta'
[0.605s] Level 1:colcon.colcon_core.package_identification:_identify(src/build/CMakeFiles/3.22.1/CompilerIdC/tmp) by extensions ['ros']
[0.605s] Level 1:colcon.colcon_core.package_identification:_identify(src/build/CMakeFiles/3.22.1/CompilerIdC/tmp) by extension 'ros'
[0.606s] Level 1:colcon.colcon_core.package_identification:_identify(src/build/CMakeFiles/3.22.1/CompilerIdC/tmp) by extensions ['cmake', 'python']
[0.606s] Level 1:colcon.colcon_core.package_identification:_identify(src/build/CMakeFiles/3.22.1/CompilerIdC/tmp) by extension 'cmake'
[0.606s] Level 1:colcon.colcon_core.package_identification:_identify(src/build/CMakeFiles/3.22.1/CompilerIdC/tmp) by extension 'python'
[0.606s] Level 1:colcon.colcon_core.package_identification:_identify(src/build/CMakeFiles/3.22.1/CompilerIdC/tmp) by extensions ['python_setup_py']
[0.606s] Level 1:colcon.colcon_core.package_identification:_identify(src/build/CMakeFiles/3.22.1/CompilerIdC/tmp) by extension 'python_setup_py'
[0.606s] Level 1:colcon.colcon_core.package_identification:_identify(src/build/CMakeFiles/3.22.1/CompilerIdCXX) by extensions ['ignore', 'ignore_ament_install']
[0.606s] Level 1:colcon.colcon_core.package_identification:_identify(src/build/CMakeFiles/3.22.1/CompilerIdCXX) by extension 'ignore'
[0.606s] Level 1:colcon.colcon_core.package_identification:_identify(src/build/CMakeFiles/3.22.1/CompilerIdCXX) by extension 'ignore_ament_install'
[0.607s] Level 1:colcon.colcon_core.package_identification:_identify(src/build/CMakeFiles/3.22.1/CompilerIdCXX) by extensions ['colcon_pkg']
[0.607s] Level 1:colcon.colcon_core.package_identification:_identify(src/build/CMakeFiles/3.22.1/CompilerIdCXX) by extension 'colcon_pkg'
[0.607s] Level 1:colcon.colcon_core.package_identification:_identify(src/build/CMakeFiles/3.22.1/CompilerIdCXX) by extensions ['colcon_meta']
[0.607s] Level 1:colcon.colcon_core.package_identification:_identify(src/build/CMakeFiles/3.22.1/CompilerIdCXX) by extension 'colcon_meta'
[0.607s] Level 1:colcon.colcon_core.package_identification:_identify(src/build/CMakeFiles/3.22.1/CompilerIdCXX) by extensions ['ros']
[0.607s] Level 1:colcon.colcon_core.package_identification:_identify(src/build/CMakeFiles/3.22.1/CompilerIdCXX) by extension 'ros'
[0.607s] Level 1:colcon.colcon_core.package_identification:_identify(src/build/CMakeFiles/3.22.1/CompilerIdCXX) by extensions ['cmake', 'python']
[0.607s] Level 1:colcon.colcon_core.package_identification:_identify(src/build/CMakeFiles/3.22.1/CompilerIdCXX) by extension 'cmake'
[0.607s] Level 1:colcon.colcon_core.package_identification:_identify(src/build/CMakeFiles/3.22.1/CompilerIdCXX) by extension 'python'
[0.607s] Level 1:colcon.colcon_core.package_identification:_identify(src/build/CMakeFiles/3.22.1/CompilerIdCXX) by extensions ['python_setup_py']
[0.607s] Level 1:colcon.colcon_core.package_identification:_identify(src/build/CMakeFiles/3.22.1/CompilerIdCXX) by extension 'python_setup_py'
[0.608s] Level 1:colcon.colcon_core.package_identification:_identify(src/build/CMakeFiles/3.22.1/CompilerIdCXX/tmp) by extensions ['ignore', 'ignore_ament_install']
[0.608s] Level 1:colcon.colcon_core.package_identification:_identify(src/build/CMakeFiles/3.22.1/CompilerIdCXX/tmp) by extension 'ignore'
[0.608s] Level 1:colcon.colcon_core.package_identification:_identify(src/build/CMakeFiles/3.22.1/CompilerIdCXX/tmp) by extension 'ignore_ament_install'
[0.608s] Level 1:colcon.colcon_core.package_identification:_identify(src/build/CMakeFiles/3.22.1/CompilerIdCXX/tmp) by extensions ['colcon_pkg']
[0.608s] Level 1:colcon.colcon_core.package_identification:_identify(src/build/CMakeFiles/3.22.1/CompilerIdCXX/tmp) by extension 'colcon_pkg'
[0.608s] Level 1:colcon.colcon_core.package_identification:_identify(src/build/CMakeFiles/3.22.1/CompilerIdCXX/tmp) by extensions ['colcon_meta']
[0.608s] Level 1:colcon.colcon_core.package_identification:_identify(src/build/CMakeFiles/3.22.1/CompilerIdCXX/tmp) by extension 'colcon_meta'
[0.608s] Level 1:colcon.colcon_core.package_identification:_identify(src/build/CMakeFiles/3.22.1/CompilerIdCXX/tmp) by extensions ['ros']
[0.608s] Level 1:colcon.colcon_core.package_identification:_identify(src/build/CMakeFiles/3.22.1/CompilerIdCXX/tmp) by extension 'ros'
[0.608s] Level 1:colcon.colcon_core.package_identification:_identify(src/build/CMakeFiles/3.22.1/CompilerIdCXX/tmp) by extensions ['cmake', 'python']
[0.609s] Level 1:colcon.colcon_core.package_identification:_identify(src/build/CMakeFiles/3.22.1/CompilerIdCXX/tmp) by extension 'cmake'
[0.609s] Level 1:colcon.colcon_core.package_identification:_identify(src/build/CMakeFiles/3.22.1/CompilerIdCXX/tmp) by extension 'python'
[0.609s] Level 1:colcon.colcon_core.package_identification:_identify(src/build/CMakeFiles/3.22.1/CompilerIdCXX/tmp) by extensions ['python_setup_py']
[0.609s] Level 1:colcon.colcon_core.package_identification:_identify(src/build/CMakeFiles/3.22.1/CompilerIdCXX/tmp) by extension 'python_setup_py'
[0.609s] Level 1:colcon.colcon_core.package_identification:_identify(src/build/CMakeFiles/CMakeTmp) by extensions ['ignore', 'ignore_ament_install']
[0.609s] Level 1:colcon.colcon_core.package_identification:_identify(src/build/CMakeFiles/CMakeTmp) by extension 'ignore'
[0.609s] Level 1:colcon.colcon_core.package_identification:_identify(src/build/CMakeFiles/CMakeTmp) by extension 'ignore_ament_install'
[0.609s] Level 1:colcon.colcon_core.package_identification:_identify(src/build/CMakeFiles/CMakeTmp) by extensions ['colcon_pkg']
[0.609s] Level 1:colcon.colcon_core.package_identification:_identify(src/build/CMakeFiles/CMakeTmp) by extension 'colcon_pkg'
[0.609s] Level 1:colcon.colcon_core.package_identification:_identify(src/build/CMakeFiles/CMakeTmp) by extensions ['colcon_meta']
[0.610s] Level 1:colcon.colcon_core.package_identification:_identify(src/build/CMakeFiles/CMakeTmp) by extension 'colcon_meta'
[0.610s] Level 1:colcon.colcon_core.package_identification:_identify(src/build/CMakeFiles/CMakeTmp) by extensions ['ros']
[0.610s] Level 1:colcon.colcon_core.package_identification:_identify(src/build/CMakeFiles/CMakeTmp) by extension 'ros'
[0.610s] Level 1:colcon.colcon_core.package_identification:_identify(src/build/CMakeFiles/CMakeTmp) by extensions ['cmake', 'python']
[0.610s] Level 1:colcon.colcon_core.package_identification:_identify(src/build/CMakeFiles/CMakeTmp) by extension 'cmake'
[0.610s] Level 1:colcon.colcon_core.package_identification:_identify(src/build/CMakeFiles/CMakeTmp) by extension 'python'
[0.610s] Level 1:colcon.colcon_core.package_identification:_identify(src/build/CMakeFiles/CMakeTmp) by extensions ['python_setup_py']
[0.610s] Level 1:colcon.colcon_core.package_identification:_identify(src/build/CMakeFiles/CMakeTmp) by extension 'python_setup_py'
[0.610s] Level 1:colcon.colcon_core.package_identification:_identify(src/offboard) by extensions ['ignore', 'ignore_ament_install']
[0.611s] Level 1:colcon.colcon_core.package_identification:_identify(src/offboard) by extension 'ignore'
[0.611s] Level 1:colcon.colcon_core.package_identification:_identify(src/offboard) by extension 'ignore_ament_install'
[0.611s] Level 1:colcon.colcon_core.package_identification:_identify(src/offboard) by extensions ['colcon_pkg']
[0.611s] Level 1:colcon.colcon_core.package_identification:_identify(src/offboard) by extension 'colcon_pkg'
[0.611s] Level 1:colcon.colcon_core.package_identification:_identify(src/offboard) by extensions ['colcon_meta']
[0.611s] Level 1:colcon.colcon_core.package_identification:_identify(src/offboard) by extension 'colcon_meta'
[0.611s] Level 1:colcon.colcon_core.package_identification:_identify(src/offboard) by extensions ['ros']
[0.611s] Level 1:colcon.colcon_core.package_identification:_identify(src/offboard) by extension 'ros'
[0.616s] DEBUG:colcon.colcon_core.package_identification:Package 'src/offboard' with type 'ros.ament_python' and name 'offboard'
[0.616s] Level 1:colcon.colcon_core.package_identification:_identify(src/px4_msgs) by extensions ['ignore', 'ignore_ament_install']
[0.617s] Level 1:colcon.colcon_core.package_identification:_identify(src/px4_msgs) by extension 'ignore'
[0.617s] Level 1:colcon.colcon_core.package_identification:_identify(src/px4_msgs) by extension 'ignore_ament_install'
[0.617s] Level 1:colcon.colcon_core.package_identification:_identify(src/px4_msgs) by extensions ['colcon_pkg']
[0.617s] Level 1:colcon.colcon_core.package_identification:_identify(src/px4_msgs) by extension 'colcon_pkg'
[0.617s] Level 1:colcon.colcon_core.package_identification:_identify(src/px4_msgs) by extensions ['colcon_meta']
[0.617s] Level 1:colcon.colcon_core.package_identification:_identify(src/px4_msgs) by extension 'colcon_meta'
[0.617s] Level 1:colcon.colcon_core.package_identification:_identify(src/px4_msgs) by extensions ['ros']
[0.617s] Level 1:colcon.colcon_core.package_identification:_identify(src/px4_msgs) by extension 'ros'
[0.619s] DEBUG:colcon.colcon_core.package_identification:Package 'src/px4_msgs' with type 'ros.ament_cmake' and name 'px4_msgs'
[0.619s] Level 1:colcon.colcon_core.package_identification:_identify(src/px4_ros_com) by extensions ['ignore', 'ignore_ament_install']
[0.619s] Level 1:colcon.colcon_core.package_identification:_identify(src/px4_ros_com) by extension 'ignore'
[0.619s] Level 1:colcon.colcon_core.package_identification:_identify(src/px4_ros_com) by extension 'ignore_ament_install'
[0.619s] Level 1:colcon.colcon_core.package_identification:_identify(src/px4_ros_com) by extensions ['colcon_pkg']
[0.619s] Level 1:colcon.colcon_core.package_identification:_identify(src/px4_ros_com) by extension 'colcon_pkg'
[0.619s] Level 1:colcon.colcon_core.package_identification:_identify(src/px4_ros_com) by extensions ['colcon_meta']
[0.620s] Level 1:colcon.colcon_core.package_identification:_identify(src/px4_ros_com) by extension 'colcon_meta'
[0.620s] Level 1:colcon.colcon_core.package_identification:_identify(src/px4_ros_com) by extensions ['ros']
[0.620s] Level 1:colcon.colcon_core.package_identification:_identify(src/px4_ros_com) by extension 'ros'
[0.622s] DEBUG:colcon.colcon_core.package_identification:Package 'src/px4_ros_com' with type 'ros.ament_cmake' and name 'px4_ros_com'
[0.622s] Level 1:colcon.colcon_core.package_discovery:discover_packages(recursive) using defaults
[0.622s] Level 1:colcon.colcon_core.package_discovery:discover_packages(ignore) discover
[0.622s] Level 1:colcon.colcon_core.package_discovery:discover_packages(ignore) using defaults
[0.622s] Level 1:colcon.colcon_core.package_discovery:discover_packages(path) discover
[0.622s] Level 1:colcon.colcon_core.package_discovery:discover_packages(path) using defaults
[0.685s] Level 1:colcon.colcon_core.package_discovery:discover_packages(prefix_path) check parameters
[0.686s] Level 1:colcon.colcon_core.package_discovery:discover_packages(prefix_path) discover
[0.689s] DEBUG:colcon.colcon_installed_package_information.package_discovery:Found 2 installed packages in /home/jetson2/ws_sensor_combined/install
[0.691s] DEBUG:colcon.colcon_installed_package_information.package_discovery:Found 271 installed packages in /opt/ros/humble
[0.694s] Level 1:colcon.colcon_core.package_discovery:discover_packages(prefix_path) using defaults
[0.768s] Level 5:colcon.colcon_core.verb:set package 'px4_msgs' build argument 'cmake_args' from command line to 'None'
[0.769s] Level 5:colcon.colcon_core.verb:set package 'px4_msgs' build argument 'cmake_target' from command line to 'None'
[0.769s] Level 5:colcon.colcon_core.verb:set package 'px4_msgs' build argument 'cmake_target_skip_unavailable' from command line to 'False'
[0.769s] Level 5:colcon.colcon_core.verb:set package 'px4_msgs' build argument 'cmake_clean_cache' from command line to 'False'
[0.769s] Level 5:colcon.colcon_core.verb:set package 'px4_msgs' build argument 'cmake_clean_first' from command line to 'False'
[0.769s] Level 5:colcon.colcon_core.verb:set package 'px4_msgs' build argument 'cmake_force_configure' from command line to 'False'
[0.769s] Level 5:colcon.colcon_core.verb:set package 'px4_msgs' build argument 'ament_cmake_args' from command line to 'None'
[0.769s] Level 5:colcon.colcon_core.verb:set package 'px4_msgs' build argument 'catkin_cmake_args' from command line to 'None'
[0.769s] Level 5:colcon.colcon_core.verb:set package 'px4_msgs' build argument 'catkin_skip_building_tests' from command line to 'False'
[0.769s] DEBUG:colcon.colcon_core.verb:Building package 'px4_msgs' with the following arguments: {'ament_cmake_args': None, 'build_base': '/home/jetson2/ws_sensor_combined/build/px4_msgs', 'catkin_cmake_args': None, 'catkin_skip_building_tests': False, 'cmake_args': None, 'cmake_clean_cache': False, 'cmake_clean_first': False, 'cmake_force_configure': False, 'cmake_target': None, 'cmake_target_skip_unavailable': False, 'install_base': '/home/jetson2/ws_sensor_combined/install/px4_msgs', 'merge_install': False, 'path': '/home/jetson2/ws_sensor_combined/src/px4_msgs', 'symlink_install': True, 'test_result_base': None}
[0.770s] Level 5:colcon.colcon_core.verb:set package 'offboard' build argument 'cmake_args' from command line to 'None'
[0.770s] Level 5:colcon.colcon_core.verb:set package 'offboard' build argument 'cmake_target' from command line to 'None'
[0.770s] Level 5:colcon.colcon_core.verb:set package 'offboard' build argument 'cmake_target_skip_unavailable' from command line to 'False'
[0.770s] Level 5:colcon.colcon_core.verb:set package 'offboard' build argument 'cmake_clean_cache' from command line to 'False'
[0.770s] Level 5:colcon.colcon_core.verb:set package 'offboard' build argument 'cmake_clean_first' from command line to 'False'
[0.770s] Level 5:colcon.colcon_core.verb:set package 'offboard' build argument 'cmake_force_configure' from command line to 'False'
[0.770s] Level 5:colcon.colcon_core.verb:set package 'offboard' build argument 'ament_cmake_args' from command line to 'None'
[0.770s] Level 5:colcon.colcon_core.verb:set package 'offboard' build argument 'catkin_cmake_args' from command line to 'None'
[0.770s] Level 5:colcon.colcon_core.verb:set package 'offboard' build argument 'catkin_skip_building_tests' from command line to 'False'
[0.770s] DEBUG:colcon.colcon_core.verb:Building package 'offboard' with the following arguments: {'ament_cmake_args': None, 'build_base': '/home/jetson2/ws_sensor_combined/build/offboard', 'catkin_cmake_args': None, 'catkin_skip_building_tests': False, 'cmake_args': None, 'cmake_clean_cache': False, 'cmake_clean_first': False, 'cmake_force_configure': False, 'cmake_target': None, 'cmake_target_skip_unavailable': False, 'install_base': '/home/jetson2/ws_sensor_combined/install/offboard', 'merge_install': False, 'path': '/home/jetson2/ws_sensor_combined/src/offboard', 'symlink_install': True, 'test_result_base': None}
[0.771s] Level 5:colcon.colcon_core.verb:set package 'px4_ros_com' build argument 'cmake_args' from command line to 'None'
[0.771s] Level 5:colcon.colcon_core.verb:set package 'px4_ros_com' build argument 'cmake_target' from command line to 'None'
[0.771s] Level 5:colcon.colcon_core.verb:set package 'px4_ros_com' build argument 'cmake_target_skip_unavailable' from command line to 'False'
[0.771s] Level 5:colcon.colcon_core.verb:set package 'px4_ros_com' build argument 'cmake_clean_cache' from command line to 'False'
[0.771s] Level 5:colcon.colcon_core.verb:set package 'px4_ros_com' build argument 'cmake_clean_first' from command line to 'False'
[0.771s] Level 5:colcon.colcon_core.verb:set package 'px4_ros_com' build argument 'cmake_force_configure' from command line to 'False'
[0.771s] Level 5:colcon.colcon_core.verb:set package 'px4_ros_com' build argument 'ament_cmake_args' from command line to 'None'
[0.771s] Level 5:colcon.colcon_core.verb:set package 'px4_ros_com' build argument 'catkin_cmake_args' from command line to 'None'
[0.771s] Level 5:colcon.colcon_core.verb:set package 'px4_ros_com' build argument 'catkin_skip_building_tests' from command line to 'False'
[0.771s] DEBUG:colcon.colcon_core.verb:Building package 'px4_ros_com' with the following arguments: {'ament_cmake_args': None, 'build_base': '/home/jetson2/ws_sensor_combined/build/px4_ros_com', 'catkin_cmake_args': None, 'catkin_skip_building_tests': False, 'cmake_args': None, 'cmake_clean_cache': False, 'cmake_clean_first': False, 'cmake_force_configure': False, 'cmake_target': None, 'cmake_target_skip_unavailable': False, 'install_base': '/home/jetson2/ws_sensor_combined/install/px4_ros_com', 'merge_install': False, 'path': '/home/jetson2/ws_sensor_combined/src/px4_ros_com', 'symlink_install': True, 'test_result_base': None}
[0.772s] INFO:colcon.colcon_core.executor:Executing jobs using 'parallel' executor
[0.774s] DEBUG:colcon.colcon_parallel_executor.executor.parallel:run_until_complete
[0.774s] INFO:colcon.colcon_ros.task.ament_cmake.build:Building ROS package in '/home/jetson2/ws_sensor_combined/src/px4_msgs' with build type 'ament_cmake'
[0.775s] INFO:colcon.colcon_cmake.task.cmake.build:Building CMake package in '/home/jetson2/ws_sensor_combined/src/px4_msgs'
[0.778s] INFO:colcon.colcon_core.plugin_system:Skipping extension 'colcon_core.shell.bat': Not used on non-Windows systems
[0.779s] INFO:colcon.colcon_core.shell:Skip shell extension 'powershell' for command environment: Not usable outside of PowerShell
[0.779s] DEBUG:colcon.colcon_core.shell:Skip shell extension 'dsv' for command environment
[0.794s] DEBUG:colcon.colcon_core.event_handler.log_command:Invoking command in '/home/jetson2/ws_sensor_combined/build/px4_msgs': CMAKE_PREFIX_PATH=${CMAKE_PREFIX_PATH}:/opt/ros/humble /usr/bin/cmake --build /home/jetson2/ws_sensor_combined/build/px4_msgs -- -j8 -l8
[2.357s] DEBUG:colcon.colcon_core.event_handler.log_command:Invoked command in '/home/jetson2/ws_sensor_combined/build/px4_msgs' returned '0': CMAKE_PREFIX_PATH=${CMAKE_PREFIX_PATH}:/opt/ros/humble /usr/bin/cmake --build /home/jetson2/ws_sensor_combined/build/px4_msgs -- -j8 -l8
[2.378s] DEBUG:colcon.colcon_core.event_handler.log_command:Invoking command in '/home/jetson2/ws_sensor_combined/build/px4_msgs': CMAKE_PREFIX_PATH=${CMAKE_PREFIX_PATH}:/opt/ros/humble /usr/bin/cmake --install /home/jetson2/ws_sensor_combined/build/px4_msgs
[3.393s] Level 1:colcon.colcon_core.environment:create_environment_scripts_only(px4_msgs)
[3.395s] DEBUG:colcon.colcon_core.event_handler.log_command:Invoked command in '/home/jetson2/ws_sensor_combined/build/px4_msgs' returned '0': CMAKE_PREFIX_PATH=${CMAKE_PREFIX_PATH}:/opt/ros/humble /usr/bin/cmake --install /home/jetson2/ws_sensor_combined/build/px4_msgs
[3.403s] Level 1:colcon.colcon_core.environment:checking '/home/jetson2/ws_sensor_combined/install/px4_msgs' for CMake module files
[3.405s] Level 1:colcon.colcon_core.environment:checking '/home/jetson2/ws_sensor_combined/install/px4_msgs' for CMake config files
[3.424s] Level 1:colcon.colcon_core.shell:create_environment_hook('px4_msgs', 'cmake_prefix_path')
[3.425s] INFO:colcon.colcon_core.shell:Creating environment hook '/home/jetson2/ws_sensor_combined/install/px4_msgs/share/px4_msgs/hook/cmake_prefix_path.ps1'
[3.428s] INFO:colcon.colcon_core.shell:Creating environment descriptor '/home/jetson2/ws_sensor_combined/install/px4_msgs/share/px4_msgs/hook/cmake_prefix_path.dsv'
[3.429s] INFO:colcon.colcon_core.shell:Creating environment hook '/home/jetson2/ws_sensor_combined/install/px4_msgs/share/px4_msgs/hook/cmake_prefix_path.sh'
[3.432s] Level 1:colcon.colcon_core.environment:checking '/home/jetson2/ws_sensor_combined/install/px4_msgs/lib'
[3.433s] Level 1:colcon.colcon_core.shell:create_environment_hook('px4_msgs', 'ld_library_path_lib')
[3.434s] INFO:colcon.colcon_core.shell:Creating environment hook '/home/jetson2/ws_sensor_combined/install/px4_msgs/share/px4_msgs/hook/ld_library_path_lib.ps1'
[3.435s] INFO:colcon.colcon_core.shell:Creating environment descriptor '/home/jetson2/ws_sensor_combined/install/px4_msgs/share/px4_msgs/hook/ld_library_path_lib.dsv'
[3.437s] INFO:colcon.colcon_core.shell:Creating environment hook '/home/jetson2/ws_sensor_combined/install/px4_msgs/share/px4_msgs/hook/ld_library_path_lib.sh'
[3.438s] Level 1:colcon.colcon_core.environment:checking '/home/jetson2/ws_sensor_combined/install/px4_msgs/bin'
[3.439s] Level 1:colcon.colcon_core.environment:checking '/home/jetson2/ws_sensor_combined/install/px4_msgs/lib/pkgconfig/px4_msgs.pc'
[3.439s] Level 1:colcon.colcon_core.environment:checking '/home/jetson2/ws_sensor_combined/install/px4_msgs/lib/python3.10/site-packages'
[3.440s] Level 1:colcon.colcon_core.environment:checking '/home/jetson2/ws_sensor_combined/install/px4_msgs/bin'
[3.441s] INFO:colcon.colcon_core.shell:Creating package script '/home/jetson2/ws_sensor_combined/install/px4_msgs/share/px4_msgs/package.ps1'
[3.444s] INFO:colcon.colcon_core.shell:Creating package descriptor '/home/jetson2/ws_sensor_combined/install/px4_msgs/share/px4_msgs/package.dsv'
[3.446s] INFO:colcon.colcon_core.shell:Creating package script '/home/jetson2/ws_sensor_combined/install/px4_msgs/share/px4_msgs/package.sh'
[3.448s] INFO:colcon.colcon_core.shell:Creating package script '/home/jetson2/ws_sensor_combined/install/px4_msgs/share/px4_msgs/package.bash'
[3.450s] INFO:colcon.colcon_core.shell:Creating package script '/home/jetson2/ws_sensor_combined/install/px4_msgs/share/px4_msgs/package.zsh'
[3.452s] Level 1:colcon.colcon_core.environment:create_file_with_runtime_dependencies(/home/jetson2/ws_sensor_combined/install/px4_msgs/share/colcon-core/packages/px4_msgs)
[3.454s] Level 1:colcon.colcon_core.environment:create_environment_scripts_only(px4_msgs)
[3.455s] Level 1:colcon.colcon_core.environment:checking '/home/jetson2/ws_sensor_combined/install/px4_msgs' for CMake module files
[3.457s] Level 1:colcon.colcon_core.environment:checking '/home/jetson2/ws_sensor_combined/install/px4_msgs' for CMake config files
[3.470s] Level 1:colcon.colcon_core.shell:create_environment_hook('px4_msgs', 'cmake_prefix_path')
[3.470s] INFO:colcon.colcon_core.shell:Creating environment hook '/home/jetson2/ws_sensor_combined/install/px4_msgs/share/px4_msgs/hook/cmake_prefix_path.ps1'
[3.471s] INFO:colcon.colcon_core.shell:Creating environment descriptor '/home/jetson2/ws_sensor_combined/install/px4_msgs/share/px4_msgs/hook/cmake_prefix_path.dsv'
[3.472s] INFO:colcon.colcon_core.shell:Creating environment hook '/home/jetson2/ws_sensor_combined/install/px4_msgs/share/px4_msgs/hook/cmake_prefix_path.sh'
[3.473s] Level 1:colcon.colcon_core.environment:checking '/home/jetson2/ws_sensor_combined/install/px4_msgs/lib'
[3.474s] Level 1:colcon.colcon_core.shell:create_environment_hook('px4_msgs', 'ld_library_path_lib')
[3.474s] INFO:colcon.colcon_core.shell:Creating environment hook '/home/jetson2/ws_sensor_combined/install/px4_msgs/share/px4_msgs/hook/ld_library_path_lib.ps1'
[3.475s] INFO:colcon.colcon_core.shell:Creating environment descriptor '/home/jetson2/ws_sensor_combined/install/px4_msgs/share/px4_msgs/hook/ld_library_path_lib.dsv'
[3.476s] INFO:colcon.colcon_core.shell:Creating environment hook '/home/jetson2/ws_sensor_combined/install/px4_msgs/share/px4_msgs/hook/ld_library_path_lib.sh'
[3.477s] Level 1:colcon.colcon_core.environment:checking '/home/jetson2/ws_sensor_combined/install/px4_msgs/bin'
[3.477s] Level 1:colcon.colcon_core.environment:checking '/home/jetson2/ws_sensor_combined/install/px4_msgs/lib/pkgconfig/px4_msgs.pc'
[3.478s] Level 1:colcon.colcon_core.environment:checking '/home/jetson2/ws_sensor_combined/install/px4_msgs/lib/python3.10/site-packages'
[3.478s] Level 1:colcon.colcon_core.environment:checking '/home/jetson2/ws_sensor_combined/install/px4_msgs/bin'
[3.479s] INFO:colcon.colcon_core.shell:Creating package script '/home/jetson2/ws_sensor_combined/install/px4_msgs/share/px4_msgs/package.ps1'
[3.480s] INFO:colcon.colcon_core.shell:Creating package descriptor '/home/jetson2/ws_sensor_combined/install/px4_msgs/share/px4_msgs/package.dsv'
[3.482s] INFO:colcon.colcon_core.shell:Creating package script '/home/jetson2/ws_sensor_combined/install/px4_msgs/share/px4_msgs/package.sh'
[3.483s] INFO:colcon.colcon_core.shell:Creating package script '/home/jetson2/ws_sensor_combined/install/px4_msgs/share/px4_msgs/package.bash'
[3.483s] INFO:colcon.colcon_core.shell:Creating package script '/home/jetson2/ws_sensor_combined/install/px4_msgs/share/px4_msgs/package.zsh'
[3.484s] Level 1:colcon.colcon_core.environment:create_file_with_runtime_dependencies(/home/jetson2/ws_sensor_combined/install/px4_msgs/share/colcon-core/packages/px4_msgs)
[3.485s] INFO:colcon.colcon_ros.task.ament_python.build:Building ROS package in '/home/jetson2/ws_sensor_combined/src/offboard' with build type 'ament_python'
[3.486s] Level 1:colcon.colcon_core.shell:create_environment_hook('offboard', 'ament_prefix_path')
[3.486s] INFO:colcon.colcon_core.shell:Creating environment hook '/home/jetson2/ws_sensor_combined/install/offboard/share/offboard/hook/ament_prefix_path.ps1'
[3.489s] INFO:colcon.colcon_core.shell:Creating environment descriptor '/home/jetson2/ws_sensor_combined/install/offboard/share/offboard/hook/ament_prefix_path.dsv'
[3.490s] INFO:colcon.colcon_core.shell:Creating environment hook '/home/jetson2/ws_sensor_combined/install/offboard/share/offboard/hook/ament_prefix_path.sh'
[3.492s] INFO:colcon.colcon_core.shell:Skip shell extension 'powershell' for command environment: Not usable outside of PowerShell
[3.492s] DEBUG:colcon.colcon_core.shell:Skip shell extension 'dsv' for command environment
[3.502s] INFO:colcon.colcon_ros.task.ament_cmake.build:Building ROS package in '/home/jetson2/ws_sensor_combined/src/px4_ros_com' with build type 'ament_cmake'
[3.502s] INFO:colcon.colcon_cmake.task.cmake.build:Building CMake package in '/home/jetson2/ws_sensor_combined/src/px4_ros_com'
[3.503s] INFO:colcon.colcon_core.shell:Skip shell extension 'powershell' for command environment: Not usable outside of PowerShell
[3.503s] DEBUG:colcon.colcon_core.shell:Skip shell extension 'dsv' for command environment
[4.040s] INFO:colcon.colcon_core.task.python.build:Building Python package in '/home/jetson2/ws_sensor_combined/src/offboard'
[4.041s] INFO:colcon.colcon_core.shell:Skip shell extension 'powershell' for command environment: Not usable outside of PowerShell
[4.041s] DEBUG:colcon.colcon_core.shell:Skip shell extension 'dsv' for command environment
[4.060s] DEBUG:colcon.colcon_core.event_handler.log_command:Invoking command in '/home/jetson2/ws_sensor_combined/build/px4_ros_com': CMAKE_PREFIX_PATH=/home/jetson2/ws_sensor_combined/install/px4_msgs:/home/jetson2/ws_sensor_combined/install/px4_ros_com:/opt/ros/humble LD_LIBRARY_PATH=/home/jetson2/ws_sensor_combined/install/px4_msgs/lib:/home/jetson2/ws_sensor_combined/install/px4_ros_com/lib:/opt/ros/humble/opt/rviz_ogre_vendor/lib:/opt/ros/humble/lib/aarch64-linux-gnu:/opt/ros/humble/lib /usr/bin/cmake --build /home/jetson2/ws_sensor_combined/build/px4_ros_com -- -j8 -l8
[4.751s] DEBUG:colcon.colcon_core.event_handler.log_command:Invoking command in '/home/jetson2/ws_sensor_combined/build/offboard': CMAKE_PREFIX_PATH=/home/jetson2/ws_sensor_combined/install/px4_msgs:/home/jetson2/ws_sensor_combined/install/px4_ros_com LD_LIBRARY_PATH=/home/jetson2/ws_sensor_combined/install/px4_msgs/lib:/home/jetson2/ws_sensor_combined/install/px4_ros_com/lib:/opt/ros/humble/opt/rviz_ogre_vendor/lib:/opt/ros/humble/lib/aarch64-linux-gnu:/opt/ros/humble/lib PYTHONPATH=/home/jetson2/ws_sensor_combined/build/offboard/prefix_override:/usr/lib/python3/dist-packages/colcon_core/task/python/colcon_distutils_commands:/home/jetson2/ws_sensor_combined/install/offboard/lib/python3.10/site-packages:${PYTHONPATH} /usr/bin/python3 -W ignore:setup.py install is deprecated -W ignore:easy_install command is deprecated setup.py develop --editable --build-directory /home/jetson2/ws_sensor_combined/build/offboard/build --no-deps symlink_data
[4.752s] DEBUG:colcon.colcon_core.event_handler.log_command:Invoked command in '/home/jetson2/ws_sensor_combined/build/px4_ros_com' returned '0': CMAKE_PREFIX_PATH=/home/jetson2/ws_sensor_combined/install/px4_msgs:/home/jetson2/ws_sensor_combined/install/px4_ros_com:/opt/ros/humble LD_LIBRARY_PATH=/home/jetson2/ws_sensor_combined/install/px4_msgs/lib:/home/jetson2/ws_sensor_combined/install/px4_ros_com/lib:/opt/ros/humble/opt/rviz_ogre_vendor/lib:/opt/ros/humble/lib/aarch64-linux-gnu:/opt/ros/humble/lib /usr/bin/cmake --build /home/jetson2/ws_sensor_combined/build/px4_ros_com -- -j8 -l8
[4.755s] DEBUG:colcon.colcon_core.event_handler.log_command:Invoking command in '/home/jetson2/ws_sensor_combined/build/px4_ros_com': CMAKE_PREFIX_PATH=/home/jetson2/ws_sensor_combined/install/px4_msgs:/home/jetson2/ws_sensor_combined/install/px4_ros_com:/opt/ros/humble LD_LIBRARY_PATH=/home/jetson2/ws_sensor_combined/install/px4_msgs/lib:/home/jetson2/ws_sensor_combined/install/px4_ros_com/lib:/opt/ros/humble/opt/rviz_ogre_vendor/lib:/opt/ros/humble/lib/aarch64-linux-gnu:/opt/ros/humble/lib /usr/bin/cmake --install /home/jetson2/ws_sensor_combined/build/px4_ros_com
[4.873s] Level 1:colcon.colcon_core.environment:create_environment_scripts_only(px4_ros_com)
[4.873s] Level 1:colcon.colcon_core.environment:checking '/home/jetson2/ws_sensor_combined/install/px4_ros_com' for CMake module files
[4.875s] Level 1:colcon.colcon_core.environment:checking '/home/jetson2/ws_sensor_combined/install/px4_ros_com' for CMake config files
[4.876s] DEBUG:colcon.colcon_core.event_handler.log_command:Invoked command in '/home/jetson2/ws_sensor_combined/build/px4_ros_com' returned '0': CMAKE_PREFIX_PATH=/home/jetson2/ws_sensor_combined/install/px4_msgs:/home/jetson2/ws_sensor_combined/install/px4_ros_com:/opt/ros/humble LD_LIBRARY_PATH=/home/jetson2/ws_sensor_combined/install/px4_msgs/lib:/home/jetson2/ws_sensor_combined/install/px4_ros_com/lib:/opt/ros/humble/opt/rviz_ogre_vendor/lib:/opt/ros/humble/lib/aarch64-linux-gnu:/opt/ros/humble/lib /usr/bin/cmake --install /home/jetson2/ws_sensor_combined/build/px4_ros_com
[4.877s] Level 1:colcon.colcon_core.shell:create_environment_hook('px4_ros_com', 'cmake_prefix_path')
[4.878s] INFO:colcon.colcon_core.shell:Creating environment hook '/home/jetson2/ws_sensor_combined/install/px4_ros_com/share/px4_ros_com/hook/cmake_prefix_path.ps1'
[4.879s] INFO:colcon.colcon_core.shell:Creating environment descriptor '/home/jetson2/ws_sensor_combined/install/px4_ros_com/share/px4_ros_com/hook/cmake_prefix_path.dsv'
[4.879s] INFO:colcon.colcon_core.shell:Creating environment hook '/home/jetson2/ws_sensor_combined/install/px4_ros_com/share/px4_ros_com/hook/cmake_prefix_path.sh'
[4.881s] Level 1:colcon.colcon_core.environment:checking '/home/jetson2/ws_sensor_combined/install/px4_ros_com/lib'
[4.881s] Level 1:colcon.colcon_core.shell:create_environment_hook('px4_ros_com', 'ld_library_path_lib')
[4.881s] INFO:colcon.colcon_core.shell:Creating environment hook '/home/jetson2/ws_sensor_combined/install/px4_ros_com/share/px4_ros_com/hook/ld_library_path_lib.ps1'
[4.882s] INFO:colcon.colcon_core.shell:Creating environment descriptor '/home/jetson2/ws_sensor_combined/install/px4_ros_com/share/px4_ros_com/hook/ld_library_path_lib.dsv'
[4.883s] INFO:colcon.colcon_core.shell:Creating environment hook '/home/jetson2/ws_sensor_combined/install/px4_ros_com/share/px4_ros_com/hook/ld_library_path_lib.sh'
[4.884s] Level 1:colcon.colcon_core.environment:checking '/home/jetson2/ws_sensor_combined/install/px4_ros_com/bin'
[4.884s] Level 1:colcon.colcon_core.environment:checking '/home/jetson2/ws_sensor_combined/install/px4_ros_com/lib/pkgconfig/px4_ros_com.pc'
[4.884s] Level 1:colcon.colcon_core.environment:checking '/home/jetson2/ws_sensor_combined/install/px4_ros_com/lib/python3.10/site-packages'
[4.885s] Level 1:colcon.colcon_core.environment:checking '/home/jetson2/ws_sensor_combined/install/px4_ros_com/bin'
[4.885s] INFO:colcon.colcon_core.shell:Creating package script '/home/jetson2/ws_sensor_combined/install/px4_ros_com/share/px4_ros_com/package.ps1'
[4.887s] INFO:colcon.colcon_core.shell:Creating package descriptor '/home/jetson2/ws_sensor_combined/install/px4_ros_com/share/px4_ros_com/package.dsv'
[4.888s] INFO:colcon.colcon_core.shell:Creating package script '/home/jetson2/ws_sensor_combined/install/px4_ros_com/share/px4_ros_com/package.sh'
[4.889s] INFO:colcon.colcon_core.shell:Creating package script '/home/jetson2/ws_sensor_combined/install/px4_ros_com/share/px4_ros_com/package.bash'
[4.889s] INFO:colcon.colcon_core.shell:Creating package script '/home/jetson2/ws_sensor_combined/install/px4_ros_com/share/px4_ros_com/package.zsh'
[4.890s] Level 1:colcon.colcon_core.environment:create_file_with_runtime_dependencies(/home/jetson2/ws_sensor_combined/install/px4_ros_com/share/colcon-core/packages/px4_ros_com)
[4.891s] Level 1:colcon.colcon_core.environment:create_environment_scripts_only(px4_ros_com)
[4.892s] Level 1:colcon.colcon_core.environment:checking '/home/jetson2/ws_sensor_combined/install/px4_ros_com' for CMake module files
[4.893s] Level 1:colcon.colcon_core.environment:checking '/home/jetson2/ws_sensor_combined/install/px4_ros_com' for CMake config files
[4.894s] Level 1:colcon.colcon_core.shell:create_environment_hook('px4_ros_com', 'cmake_prefix_path')
[4.894s] INFO:colcon.colcon_core.shell:Creating environment hook '/home/jetson2/ws_sensor_combined/install/px4_ros_com/share/px4_ros_com/hook/cmake_prefix_path.ps1'
[4.895s] INFO:colcon.colcon_core.shell:Creating environment descriptor '/home/jetson2/ws_sensor_combined/install/px4_ros_com/share/px4_ros_com/hook/cmake_prefix_path.dsv'
[4.896s] INFO:colcon.colcon_core.shell:Creating environment hook '/home/jetson2/ws_sensor_combined/install/px4_ros_com/share/px4_ros_com/hook/cmake_prefix_path.sh'
[4.897s] Level 1:colcon.colcon_core.environment:checking '/home/jetson2/ws_sensor_combined/install/px4_ros_com/lib'
[4.897s] Level 1:colcon.colcon_core.shell:create_environment_hook('px4_ros_com', 'ld_library_path_lib')
[4.897s] INFO:colcon.colcon_core.shell:Creating environment hook '/home/jetson2/ws_sensor_combined/install/px4_ros_com/share/px4_ros_com/hook/ld_library_path_lib.ps1'
[4.898s] INFO:colcon.colcon_core.shell:Creating environment descriptor '/home/jetson2/ws_sensor_combined/install/px4_ros_com/share/px4_ros_com/hook/ld_library_path_lib.dsv'
[4.899s] INFO:colcon.colcon_core.shell:Creating environment hook '/home/jetson2/ws_sensor_combined/install/px4_ros_com/share/px4_ros_com/hook/ld_library_path_lib.sh'
[4.900s] Level 1:colcon.colcon_core.environment:checking '/home/jetson2/ws_sensor_combined/install/px4_ros_com/bin'
[4.900s] Level 1:colcon.colcon_core.environment:checking '/home/jetson2/ws_sensor_combined/install/px4_ros_com/lib/pkgconfig/px4_ros_com.pc'
[4.900s] Level 1:colcon.colcon_core.environment:checking '/home/jetson2/ws_sensor_combined/install/px4_ros_com/lib/python3.10/site-packages'
[4.900s] Level 1:colcon.colcon_core.environment:checking '/home/jetson2/ws_sensor_combined/install/px4_ros_com/bin'
[4.901s] INFO:colcon.colcon_core.shell:Creating package script '/home/jetson2/ws_sensor_combined/install/px4_ros_com/share/px4_ros_com/package.ps1'
[4.902s] INFO:colcon.colcon_core.shell:Creating package descriptor '/home/jetson2/ws_sensor_combined/install/px4_ros_com/share/px4_ros_com/package.dsv'
[4.903s] INFO:colcon.colcon_core.shell:Creating package script '/home/jetson2/ws_sensor_combined/install/px4_ros_com/share/px4_ros_com/package.sh'
[4.904s] INFO:colcon.colcon_core.shell:Creating package script '/home/jetson2/ws_sensor_combined/install/px4_ros_com/share/px4_ros_com/package.bash'
[4.905s] INFO:colcon.colcon_core.shell:Creating package script '/home/jetson2/ws_sensor_combined/install/px4_ros_com/share/px4_ros_com/package.zsh'
[4.906s] Level 1:colcon.colcon_core.environment:create_file_with_runtime_dependencies(/home/jetson2/ws_sensor_combined/install/px4_ros_com/share/colcon-core/packages/px4_ros_com)
[5.694s] Level 1:colcon.colcon_core.shell:create_environment_hook('offboard', 'pythonpath_develop')
[5.695s] INFO:colcon.colcon_core.shell:Creating environment hook '/home/jetson2/ws_sensor_combined/build/offboard/share/offboard/hook/pythonpath_develop.ps1'
[5.696s] DEBUG:colcon.colcon_core.event_handler.log_command:Invoked command in '/home/jetson2/ws_sensor_combined/build/offboard' returned '0': CMAKE_PREFIX_PATH=/home/jetson2/ws_sensor_combined/install/px4_msgs:/home/jetson2/ws_sensor_combined/install/px4_ros_com LD_LIBRARY_PATH=/home/jetson2/ws_sensor_combined/install/px4_msgs/lib:/home/jetson2/ws_sensor_combined/install/px4_ros_com/lib:/opt/ros/humble/opt/rviz_ogre_vendor/lib:/opt/ros/humble/lib/aarch64-linux-gnu:/opt/ros/humble/lib PYTHONPATH=/home/jetson2/ws_sensor_combined/build/offboard/prefix_override:/usr/lib/python3/dist-packages/colcon_core/task/python/colcon_distutils_commands:/home/jetson2/ws_sensor_combined/install/offboard/lib/python3.10/site-packages:${PYTHONPATH} /usr/bin/python3 -W ignore:setup.py install is deprecated -W ignore:easy_install command is deprecated setup.py develop --editable --build-directory /home/jetson2/ws_sensor_combined/build/offboard/build --no-deps symlink_data
[5.698s] INFO:colcon.colcon_core.shell:Creating environment descriptor '/home/jetson2/ws_sensor_combined/build/offboard/share/offboard/hook/pythonpath_develop.dsv'
[5.699s] INFO:colcon.colcon_core.shell:Creating environment hook '/home/jetson2/ws_sensor_combined/build/offboard/share/offboard/hook/pythonpath_develop.sh'
[5.701s] Level 1:colcon.colcon_core.environment:checking '/home/jetson2/ws_sensor_combined/install/offboard' for CMake module files
[5.703s] Level 1:colcon.colcon_core.environment:checking '/home/jetson2/ws_sensor_combined/install/offboard' for CMake config files
[5.704s] Level 1:colcon.colcon_core.environment:checking '/home/jetson2/ws_sensor_combined/install/offboard/lib'
[5.705s] Level 1:colcon.colcon_core.environment:checking '/home/jetson2/ws_sensor_combined/install/offboard/bin'
[5.705s] Level 1:colcon.colcon_core.environment:checking '/home/jetson2/ws_sensor_combined/install/offboard/lib/pkgconfig/offboard.pc'
[5.706s] Level 1:colcon.colcon_core.environment:checking '/home/jetson2/ws_sensor_combined/install/offboard/lib/python3.10/site-packages'
[5.706s] Level 1:colcon.colcon_core.shell:create_environment_hook('offboard', 'pythonpath')
[5.707s] INFO:colcon.colcon_core.shell:Creating environment hook '/home/jetson2/ws_sensor_combined/install/offboard/share/offboard/hook/pythonpath.ps1'
[5.708s] INFO:colcon.colcon_core.shell:Creating environment descriptor '/home/jetson2/ws_sensor_combined/install/offboard/share/offboard/hook/pythonpath.dsv'
[5.709s] INFO:colcon.colcon_core.shell:Creating environment hook '/home/jetson2/ws_sensor_combined/install/offboard/share/offboard/hook/pythonpath.sh'
[5.711s] Level 1:colcon.colcon_core.environment:checking '/home/jetson2/ws_sensor_combined/install/offboard/bin'
[5.711s] Level 1:colcon.colcon_core.environment:create_environment_scripts_only(offboard)
[5.712s] INFO:colcon.colcon_core.shell:Creating package script '/home/jetson2/ws_sensor_combined/install/offboard/share/offboard/package.ps1'
[5.714s] INFO:colcon.colcon_core.shell:Creating package descriptor '/home/jetson2/ws_sensor_combined/install/offboard/share/offboard/package.dsv'
[5.716s] INFO:colcon.colcon_core.shell:Creating package script '/home/jetson2/ws_sensor_combined/install/offboard/share/offboard/package.sh'
[5.718s] INFO:colcon.colcon_core.shell:Creating package script '/home/jetson2/ws_sensor_combined/install/offboard/share/offboard/package.bash'
[5.719s] INFO:colcon.colcon_core.shell:Creating package script '/home/jetson2/ws_sensor_combined/install/offboard/share/offboard/package.zsh'
[5.720s] Level 1:colcon.colcon_core.environment:create_file_with_runtime_dependencies(/home/jetson2/ws_sensor_combined/install/offboard/share/colcon-core/packages/offboard)
[5.721s] DEBUG:colcon.colcon_parallel_executor.executor.parallel:closing loop
[5.722s] DEBUG:colcon.colcon_parallel_executor.executor.parallel:loop closed
[5.722s] DEBUG:colcon.colcon_parallel_executor.executor.parallel:run_until_complete finished with '0'
[5.722s] DEBUG:colcon.colcon_core.event_reactor:joining thread
[5.740s] INFO:colcon.colcon_core.plugin_system:Skipping extension 'colcon_notification.desktop_notification.terminal_notifier': Not used on non-Darwin systems
[5.740s] INFO:colcon.colcon_core.plugin_system:Skipping extension 'colcon_notification.desktop_notification.win32': Not used on non-Windows systems
[5.740s] INFO:colcon.colcon_notification.desktop_notification:Sending desktop notification using 'notify2'
[5.781s] DEBUG:colcon.colcon_core.event_reactor:joined thread
[5.782s] INFO:colcon.colcon_core.shell:Creating prefix script '/home/jetson2/ws_sensor_combined/install/local_setup.ps1'
[5.785s] INFO:colcon.colcon_core.shell:Creating prefix util module '/home/jetson2/ws_sensor_combined/install/_local_setup_util_ps1.py'
[5.790s] INFO:colcon.colcon_core.shell:Creating prefix chain script '/home/jetson2/ws_sensor_combined/install/setup.ps1'
[5.793s] INFO:colcon.colcon_core.shell:Creating prefix script '/home/jetson2/ws_sensor_combined/install/local_setup.sh'
[5.795s] INFO:colcon.colcon_core.shell:Creating prefix util module '/home/jetson2/ws_sensor_combined/install/_local_setup_util_sh.py'
[5.797s] INFO:colcon.colcon_core.shell:Creating prefix chain script '/home/jetson2/ws_sensor_combined/install/setup.sh'
[5.801s] INFO:colcon.colcon_core.shell:Creating prefix script '/home/jetson2/ws_sensor_combined/install/local_setup.bash'
[5.802s] INFO:colcon.colcon_core.shell:Creating prefix chain script '/home/jetson2/ws_sensor_combined/install/setup.bash'
[5.806s] INFO:colcon.colcon_core.shell:Creating prefix script '/home/jetson2/ws_sensor_combined/install/local_setup.zsh'
[5.807s] INFO:colcon.colcon_core.shell:Creating prefix chain script '/home/jetson2/ws_sensor_combined/install/setup.zsh'
