[0.222s] DEBUG:colcon:Command line arguments: ['/usr/bin/colcon', 'build', '--symlink-install']
[0.223s] DEBUG:colcon:Parsed command line arguments: Namespace(log_base=None, log_level=None, verb_name='build', build_base='build', install_base='install', merge_install=False, symlink_install=True, test_result_base=None, continue_on_error=False, executor='parallel', parallel_workers=8, event_handlers=None, ignore_user_meta=False, metas=['./colcon.meta'], base_paths=['.'], packages_ignore=None, packages_ignore_regex=None, paths=None, packages_up_to=None, packages_up_to_regex=None, packages_above=None, packages_above_and_dependencies=None, packages_above_depth=None, packages_select_by_dep=None, packages_skip_by_dep=None, packages_skip_up_to=None, packages_select_build_failed=False, packages_skip_build_finished=False, packages_select_test_failures=False, packages_skip_test_passed=False, packages_select=None, packages_skip=None, packages_select_regex=None, packages_skip_regex=None, packages_start=None, packages_end=None, allow_overriding=[], cmake_args=None, cmake_target=None, cmake_target_skip_unavailable=False, cmake_clean_cache=False, cmake_clean_first=False, cmake_force_configure=False, ament_cmake_args=None, catkin_cmake_args=None, catkin_skip_building_tests=False, mixin_files=None, mixin=None, verb_parser=<colcon_mixin.mixin.mixin_argument.MixinArgumentDecorator object at 0xffff933a9720>, verb_extension=<colcon_core.verb.build.BuildVerb object at 0xffff933a9210>, main=<bound method BuildVerb.main of <colcon_core.verb.build.BuildVerb object at 0xffff933a9210>>, mixin_verb=('build',))
[0.566s] Level 1:colcon.colcon_core.package_discovery:discover_packages(colcon_meta) check parameters
[0.566s] Level 1:colcon.colcon_core.package_discovery:discover_packages(recursive) check parameters
[0.566s] Level 1:colcon.colcon_core.package_discovery:discover_packages(ignore) check parameters
[0.567s] Level 1:colcon.colcon_core.package_discovery:discover_packages(path) check parameters
[0.567s] Level 1:colcon.colcon_core.package_discovery:discover_packages(colcon_meta) discover
[0.567s] Level 1:colcon.colcon_core.package_discovery:discover_packages(recursive) discover
[0.567s] INFO:colcon.colcon_core.package_discovery:Crawling recursively for packages in '/home/jetson2/ws_sensor_combined'
[0.567s] Level 1:colcon.colcon_core.package_identification:_identify(.) by extensions ['ignore', 'ignore_ament_install']
[0.567s] Level 1:colcon.colcon_core.package_identification:_identify(.) by extension 'ignore'
[0.567s] Level 1:colcon.colcon_core.package_identification:_identify(.) by extension 'ignore_ament_install'
[0.568s] Level 1:colcon.colcon_core.package_identification:_identify(.) by extensions ['colcon_pkg']
[0.568s] Level 1:colcon.colcon_core.package_identification:_identify(.) by extension 'colcon_pkg'
[0.568s] Level 1:colcon.colcon_core.package_identification:_identify(.) by extensions ['colcon_meta']
[0.568s] Level 1:colcon.colcon_core.package_identification:_identify(.) by extension 'colcon_meta'
[0.568s] Level 1:colcon.colcon_core.package_identification:_identify(.) by extensions ['ros']
[0.568s] Level 1:colcon.colcon_core.package_identification:_identify(.) by extension 'ros'
[0.590s] Level 1:colcon.colcon_core.package_identification:_identify(.) by extensions ['cmake', 'python']
[0.590s] Level 1:colcon.colcon_core.package_identification:_identify(.) by extension 'cmake'
[0.590s] Level 1:colcon.colcon_core.package_identification:_identify(.) by extension 'python'
[0.590s] Level 1:colcon.colcon_core.package_identification:_identify(.) by extensions ['python_setup_py']
[0.590s] Level 1:colcon.colcon_core.package_identification:_identify(.) by extension 'python_setup_py'
[0.590s] Level 1:colcon.colcon_core.package_identification:_identify(build) by extensions ['ignore', 'ignore_ament_install']
[0.590s] Level 1:colcon.colcon_core.package_identification:_identify(build) by extension 'ignore'
[0.591s] Level 1:colcon.colcon_core.package_identification:_identify(build) ignored
[0.591s] Level 1:colcon.colcon_core.package_identification:_identify(install) by extensions ['ignore', 'ignore_ament_install']
[0.591s] Level 1:colcon.colcon_core.package_identification:_identify(install) by extension 'ignore'
[0.591s] Level 1:colcon.colcon_core.package_identification:_identify(install) ignored
[0.591s] Level 1:colcon.colcon_core.package_identification:_identify(log) by extensions ['ignore', 'ignore_ament_install']
[0.592s] Level 1:colcon.colcon_core.package_identification:_identify(log) by extension 'ignore'
[0.592s] Level 1:colcon.colcon_core.package_identification:_identify(log) ignored
[0.592s] Level 1:colcon.colcon_core.package_identification:_identify(src) by extensions ['ignore', 'ignore_ament_install']
[0.592s] Level 1:colcon.colcon_core.package_identification:_identify(src) by extension 'ignore'
[0.592s] Level 1:colcon.colcon_core.package_identification:_identify(src) by extension 'ignore_ament_install'
[0.592s] Level 1:colcon.colcon_core.package_identification:_identify(src) by extensions ['colcon_pkg']
[0.592s] Level 1:colcon.colcon_core.package_identification:_identify(src) by extension 'colcon_pkg'
[0.592s] Level 1:colcon.colcon_core.package_identification:_identify(src) by extensions ['colcon_meta']
[0.592s] Level 1:colcon.colcon_core.package_identification:_identify(src) by extension 'colcon_meta'
[0.593s] Level 1:colcon.colcon_core.package_identification:_identify(src) by extensions ['ros']
[0.593s] Level 1:colcon.colcon_core.package_identification:_identify(src) by extension 'ros'
[0.593s] Level 1:colcon.colcon_core.package_identification:_identify(src) by extensions ['cmake', 'python']
[0.593s] Level 1:colcon.colcon_core.package_identification:_identify(src) by extension 'cmake'
[0.593s] Level 1:colcon.colcon_core.package_identification:_identify(src) by extension 'python'
[0.593s] Level 1:colcon.colcon_core.package_identification:_identify(src) by extensions ['python_setup_py']
[0.593s] Level 1:colcon.colcon_core.package_identification:_identify(src) by extension 'python_setup_py'
[0.593s] Level 1:colcon.colcon_core.package_identification:_identify(src/build) by extensions ['ignore', 'ignore_ament_install']
[0.593s] Level 1:colcon.colcon_core.package_identification:_identify(src/build) by extension 'ignore'
[0.594s] Level 1:colcon.colcon_core.package_identification:_identify(src/build) by extension 'ignore_ament_install'
[0.594s] Level 1:colcon.colcon_core.package_identification:_identify(src/build) by extensions ['colcon_pkg']
[0.594s] Level 1:colcon.colcon_core.package_identification:_identify(src/build) by extension 'colcon_pkg'
[0.594s] Level 1:colcon.colcon_core.package_identification:_identify(src/build) by extensions ['colcon_meta']
[0.594s] Level 1:colcon.colcon_core.package_identification:_identify(src/build) by extension 'colcon_meta'
[0.594s] Level 1:colcon.colcon_core.package_identification:_identify(src/build) by extensions ['ros']
[0.594s] Level 1:colcon.colcon_core.package_identification:_identify(src/build) by extension 'ros'
[0.594s] Level 1:colcon.colcon_core.package_identification:_identify(src/build) by extensions ['cmake', 'python']
[0.594s] Level 1:colcon.colcon_core.package_identification:_identify(src/build) by extension 'cmake'
[0.594s] Level 1:colcon.colcon_core.package_identification:_identify(src/build) by extension 'python'
[0.594s] Level 1:colcon.colcon_core.package_identification:_identify(src/build) by extensions ['python_setup_py']
[0.594s] Level 1:colcon.colcon_core.package_identification:_identify(src/build) by extension 'python_setup_py'
[0.595s] Level 1:colcon.colcon_core.package_identification:_identify(src/build/CMakeFiles) by extensions ['ignore', 'ignore_ament_install']
[0.595s] Level 1:colcon.colcon_core.package_identification:_identify(src/build/CMakeFiles) by extension 'ignore'
[0.595s] Level 1:colcon.colcon_core.package_identification:_identify(src/build/CMakeFiles) by extension 'ignore_ament_install'
[0.595s] Level 1:colcon.colcon_core.package_identification:_identify(src/build/CMakeFiles) by extensions ['colcon_pkg']
[0.595s] Level 1:colcon.colcon_core.package_identification:_identify(src/build/CMakeFiles) by extension 'colcon_pkg'
[0.595s] Level 1:colcon.colcon_core.package_identification:_identify(src/build/CMakeFiles) by extensions ['colcon_meta']
[0.595s] Level 1:colcon.colcon_core.package_identification:_identify(src/build/CMakeFiles) by extension 'colcon_meta'
[0.595s] Level 1:colcon.colcon_core.package_identification:_identify(src/build/CMakeFiles) by extensions ['ros']
[0.595s] Level 1:colcon.colcon_core.package_identification:_identify(src/build/CMakeFiles) by extension 'ros'
[0.596s] Level 1:colcon.colcon_core.package_identification:_identify(src/build/CMakeFiles) by extensions ['cmake', 'python']
[0.596s] Level 1:colcon.colcon_core.package_identification:_identify(src/build/CMakeFiles) by extension 'cmake'
[0.596s] Level 1:colcon.colcon_core.package_identification:_identify(src/build/CMakeFiles) by extension 'python'
[0.596s] Level 1:colcon.colcon_core.package_identification:_identify(src/build/CMakeFiles) by extensions ['python_setup_py']
[0.596s] Level 1:colcon.colcon_core.package_identification:_identify(src/build/CMakeFiles) by extension 'python_setup_py'
[0.596s] Level 1:colcon.colcon_core.package_identification:_identify(src/build/CMakeFiles/3.22.1) by extensions ['ignore', 'ignore_ament_install']
[0.596s] Level 1:colcon.colcon_core.package_identification:_identify(src/build/CMakeFiles/3.22.1) by extension 'ignore'
[0.596s] Level 1:colcon.colcon_core.package_identification:_identify(src/build/CMakeFiles/3.22.1) by extension 'ignore_ament_install'
[0.597s] Level 1:colcon.colcon_core.package_identification:_identify(src/build/CMakeFiles/3.22.1) by extensions ['colcon_pkg']
[0.597s] Level 1:colcon.colcon_core.package_identification:_identify(src/build/CMakeFiles/3.22.1) by extension 'colcon_pkg'
[0.597s] Level 1:colcon.colcon_core.package_identification:_identify(src/build/CMakeFiles/3.22.1) by extensions ['colcon_meta']
[0.597s] Level 1:colcon.colcon_core.package_identification:_identify(src/build/CMakeFiles/3.22.1) by extension 'colcon_meta'
[0.597s] Level 1:colcon.colcon_core.package_identification:_identify(src/build/CMakeFiles/3.22.1) by extensions ['ros']
[0.597s] Level 1:colcon.colcon_core.package_identification:_identify(src/build/CMakeFiles/3.22.1) by extension 'ros'
[0.597s] Level 1:colcon.colcon_core.package_identification:_identify(src/build/CMakeFiles/3.22.1) by extensions ['cmake', 'python']
[0.597s] Level 1:colcon.colcon_core.package_identification:_identify(src/build/CMakeFiles/3.22.1) by extension 'cmake'
[0.597s] Level 1:colcon.colcon_core.package_identification:_identify(src/build/CMakeFiles/3.22.1) by extension 'python'
[0.597s] Level 1:colcon.colcon_core.package_identification:_identify(src/build/CMakeFiles/3.22.1) by extensions ['python_setup_py']
[0.597s] Level 1:colcon.colcon_core.package_identification:_identify(src/build/CMakeFiles/3.22.1) by extension 'python_setup_py'
[0.598s] Level 1:colcon.colcon_core.package_identification:_identify(src/build/CMakeFiles/3.22.1/CompilerIdC) by extensions ['ignore', 'ignore_ament_install']
[0.598s] Level 1:colcon.colcon_core.package_identification:_identify(src/build/CMakeFiles/3.22.1/CompilerIdC) by extension 'ignore'
[0.598s] Level 1:colcon.colcon_core.package_identification:_identify(src/build/CMakeFiles/3.22.1/CompilerIdC) by extension 'ignore_ament_install'
[0.598s] Level 1:colcon.colcon_core.package_identification:_identify(src/build/CMakeFiles/3.22.1/CompilerIdC) by extensions ['colcon_pkg']
[0.598s] Level 1:colcon.colcon_core.package_identification:_identify(src/build/CMakeFiles/3.22.1/CompilerIdC) by extension 'colcon_pkg'
[0.598s] Level 1:colcon.colcon_core.package_identification:_identify(src/build/CMakeFiles/3.22.1/CompilerIdC) by extensions ['colcon_meta']
[0.598s] Level 1:colcon.colcon_core.package_identification:_identify(src/build/CMakeFiles/3.22.1/CompilerIdC) by extension 'colcon_meta'
[0.598s] Level 1:colcon.colcon_core.package_identification:_identify(src/build/CMakeFiles/3.22.1/CompilerIdC) by extensions ['ros']
[0.598s] Level 1:colcon.colcon_core.package_identification:_identify(src/build/CMakeFiles/3.22.1/CompilerIdC) by extension 'ros'
[0.599s] Level 1:colcon.colcon_core.package_identification:_identify(src/build/CMakeFiles/3.22.1/CompilerIdC) by extensions ['cmake', 'python']
[0.599s] Level 1:colcon.colcon_core.package_identification:_identify(src/build/CMakeFiles/3.22.1/CompilerIdC) by extension 'cmake'
[0.599s] Level 1:colcon.colcon_core.package_identification:_identify(src/build/CMakeFiles/3.22.1/CompilerIdC) by extension 'python'
[0.599s] Level 1:colcon.colcon_core.package_identification:_identify(src/build/CMakeFiles/3.22.1/CompilerIdC) by extensions ['python_setup_py']
[0.599s] Level 1:colcon.colcon_core.package_identification:_identify(src/build/CMakeFiles/3.22.1/CompilerIdC) by extension 'python_setup_py'
[0.599s] Level 1:colcon.colcon_core.package_identification:_identify(src/build/CMakeFiles/3.22.1/CompilerIdC/tmp) by extensions ['ignore', 'ignore_ament_install']
[0.599s] Level 1:colcon.colcon_core.package_identification:_identify(src/build/CMakeFiles/3.22.1/CompilerIdC/tmp) by extension 'ignore'
[0.599s] Level 1:colcon.colcon_core.package_identification:_identify(src/build/CMakeFiles/3.22.1/CompilerIdC/tmp) by extension 'ignore_ament_install'
[0.600s] Level 1:colcon.colcon_core.package_identification:_identify(src/build/CMakeFiles/3.22.1/CompilerIdC/tmp) by extensions ['colcon_pkg']
[0.600s] Level 1:colcon.colcon_core.package_identification:_identify(src/build/CMakeFiles/3.22.1/CompilerIdC/tmp) by extension 'colcon_pkg'
[0.600s] Level 1:colcon.colcon_core.package_identification:_identify(src/build/CMakeFiles/3.22.1/CompilerIdC/tmp) by extensions ['colcon_meta']
[0.600s] Level 1:colcon.colcon_core.package_identification:_identify(src/build/CMakeFiles/3.22.1/CompilerIdC/tmp) by extension 'colcon_meta'
[0.600s] Level 1:colcon.colcon_core.package_identification:_identify(src/build/CMakeFiles/3.22.1/CompilerIdC/tmp) by extensions ['ros']
[0.600s] Level 1:colcon.colcon_core.package_identification:_identify(src/build/CMakeFiles/3.22.1/CompilerIdC/tmp) by extension 'ros'
[0.600s] Level 1:colcon.colcon_core.package_identification:_identify(src/build/CMakeFiles/3.22.1/CompilerIdC/tmp) by extensions ['cmake', 'python']
[0.600s] Level 1:colcon.colcon_core.package_identification:_identify(src/build/CMakeFiles/3.22.1/CompilerIdC/tmp) by extension 'cmake'
[0.600s] Level 1:colcon.colcon_core.package_identification:_identify(src/build/CMakeFiles/3.22.1/CompilerIdC/tmp) by extension 'python'
[0.600s] Level 1:colcon.colcon_core.package_identification:_identify(src/build/CMakeFiles/3.22.1/CompilerIdC/tmp) by extensions ['python_setup_py']
[0.600s] Level 1:colcon.colcon_core.package_identification:_identify(src/build/CMakeFiles/3.22.1/CompilerIdC/tmp) by extension 'python_setup_py'
[0.601s] Level 1:colcon.colcon_core.package_identification:_identify(src/build/CMakeFiles/3.22.1/CompilerIdCXX) by extensions ['ignore', 'ignore_ament_install']
[0.601s] Level 1:colcon.colcon_core.package_identification:_identify(src/build/CMakeFiles/3.22.1/CompilerIdCXX) by extension 'ignore'
[0.601s] Level 1:colcon.colcon_core.package_identification:_identify(src/build/CMakeFiles/3.22.1/CompilerIdCXX) by extension 'ignore_ament_install'
[0.601s] Level 1:colcon.colcon_core.package_identification:_identify(src/build/CMakeFiles/3.22.1/CompilerIdCXX) by extensions ['colcon_pkg']
[0.601s] Level 1:colcon.colcon_core.package_identification:_identify(src/build/CMakeFiles/3.22.1/CompilerIdCXX) by extension 'colcon_pkg'
[0.601s] Level 1:colcon.colcon_core.package_identification:_identify(src/build/CMakeFiles/3.22.1/CompilerIdCXX) by extensions ['colcon_meta']
[0.601s] Level 1:colcon.colcon_core.package_identification:_identify(src/build/CMakeFiles/3.22.1/CompilerIdCXX) by extension 'colcon_meta'
[0.601s] Level 1:colcon.colcon_core.package_identification:_identify(src/build/CMakeFiles/3.22.1/CompilerIdCXX) by extensions ['ros']
[0.601s] Level 1:colcon.colcon_core.package_identification:_identify(src/build/CMakeFiles/3.22.1/CompilerIdCXX) by extension 'ros'
[0.602s] Level 1:colcon.colcon_core.package_identification:_identify(src/build/CMakeFiles/3.22.1/CompilerIdCXX) by extensions ['cmake', 'python']
[0.602s] Level 1:colcon.colcon_core.package_identification:_identify(src/build/CMakeFiles/3.22.1/CompilerIdCXX) by extension 'cmake'
[0.602s] Level 1:colcon.colcon_core.package_identification:_identify(src/build/CMakeFiles/3.22.1/CompilerIdCXX) by extension 'python'
[0.602s] Level 1:colcon.colcon_core.package_identification:_identify(src/build/CMakeFiles/3.22.1/CompilerIdCXX) by extensions ['python_setup_py']
[0.602s] Level 1:colcon.colcon_core.package_identification:_identify(src/build/CMakeFiles/3.22.1/CompilerIdCXX) by extension 'python_setup_py'
[0.602s] Level 1:colcon.colcon_core.package_identification:_identify(src/build/CMakeFiles/3.22.1/CompilerIdCXX/tmp) by extensions ['ignore', 'ignore_ament_install']
[0.602s] Level 1:colcon.colcon_core.package_identification:_identify(src/build/CMakeFiles/3.22.1/CompilerIdCXX/tmp) by extension 'ignore'
[0.602s] Level 1:colcon.colcon_core.package_identification:_identify(src/build/CMakeFiles/3.22.1/CompilerIdCXX/tmp) by extension 'ignore_ament_install'
[0.602s] Level 1:colcon.colcon_core.package_identification:_identify(src/build/CMakeFiles/3.22.1/CompilerIdCXX/tmp) by extensions ['colcon_pkg']
[0.602s] Level 1:colcon.colcon_core.package_identification:_identify(src/build/CMakeFiles/3.22.1/CompilerIdCXX/tmp) by extension 'colcon_pkg'
[0.603s] Level 1:colcon.colcon_core.package_identification:_identify(src/build/CMakeFiles/3.22.1/CompilerIdCXX/tmp) by extensions ['colcon_meta']
[0.603s] Level 1:colcon.colcon_core.package_identification:_identify(src/build/CMakeFiles/3.22.1/CompilerIdCXX/tmp) by extension 'colcon_meta'
[0.603s] Level 1:colcon.colcon_core.package_identification:_identify(src/build/CMakeFiles/3.22.1/CompilerIdCXX/tmp) by extensions ['ros']
[0.603s] Level 1:colcon.colcon_core.package_identification:_identify(src/build/CMakeFiles/3.22.1/CompilerIdCXX/tmp) by extension 'ros'
[0.603s] Level 1:colcon.colcon_core.package_identification:_identify(src/build/CMakeFiles/3.22.1/CompilerIdCXX/tmp) by extensions ['cmake', 'python']
[0.603s] Level 1:colcon.colcon_core.package_identification:_identify(src/build/CMakeFiles/3.22.1/CompilerIdCXX/tmp) by extension 'cmake'
[0.603s] Level 1:colcon.colcon_core.package_identification:_identify(src/build/CMakeFiles/3.22.1/CompilerIdCXX/tmp) by extension 'python'
[0.603s] Level 1:colcon.colcon_core.package_identification:_identify(src/build/CMakeFiles/3.22.1/CompilerIdCXX/tmp) by extensions ['python_setup_py']
[0.603s] Level 1:colcon.colcon_core.package_identification:_identify(src/build/CMakeFiles/3.22.1/CompilerIdCXX/tmp) by extension 'python_setup_py'
[0.603s] Level 1:colcon.colcon_core.package_identification:_identify(src/build/CMakeFiles/CMakeTmp) by extensions ['ignore', 'ignore_ament_install']
[0.604s] Level 1:colcon.colcon_core.package_identification:_identify(src/build/CMakeFiles/CMakeTmp) by extension 'ignore'
[0.604s] Level 1:colcon.colcon_core.package_identification:_identify(src/build/CMakeFiles/CMakeTmp) by extension 'ignore_ament_install'
[0.604s] Level 1:colcon.colcon_core.package_identification:_identify(src/build/CMakeFiles/CMakeTmp) by extensions ['colcon_pkg']
[0.604s] Level 1:colcon.colcon_core.package_identification:_identify(src/build/CMakeFiles/CMakeTmp) by extension 'colcon_pkg'
[0.604s] Level 1:colcon.colcon_core.package_identification:_identify(src/build/CMakeFiles/CMakeTmp) by extensions ['colcon_meta']
[0.604s] Level 1:colcon.colcon_core.package_identification:_identify(src/build/CMakeFiles/CMakeTmp) by extension 'colcon_meta'
[0.604s] Level 1:colcon.colcon_core.package_identification:_identify(src/build/CMakeFiles/CMakeTmp) by extensions ['ros']
[0.604s] Level 1:colcon.colcon_core.package_identification:_identify(src/build/CMakeFiles/CMakeTmp) by extension 'ros'
[0.604s] Level 1:colcon.colcon_core.package_identification:_identify(src/build/CMakeFiles/CMakeTmp) by extensions ['cmake', 'python']
[0.604s] Level 1:colcon.colcon_core.package_identification:_identify(src/build/CMakeFiles/CMakeTmp) by extension 'cmake'
[0.605s] Level 1:colcon.colcon_core.package_identification:_identify(src/build/CMakeFiles/CMakeTmp) by extension 'python'
[0.605s] Level 1:colcon.colcon_core.package_identification:_identify(src/build/CMakeFiles/CMakeTmp) by extensions ['python_setup_py']
[0.605s] Level 1:colcon.colcon_core.package_identification:_identify(src/build/CMakeFiles/CMakeTmp) by extension 'python_setup_py'
[0.605s] Level 1:colcon.colcon_core.package_identification:_identify(src/px4_msgs) by extensions ['ignore', 'ignore_ament_install']
[0.605s] Level 1:colcon.colcon_core.package_identification:_identify(src/px4_msgs) by extension 'ignore'
[0.605s] Level 1:colcon.colcon_core.package_identification:_identify(src/px4_msgs) by extension 'ignore_ament_install'
[0.605s] Level 1:colcon.colcon_core.package_identification:_identify(src/px4_msgs) by extensions ['colcon_pkg']
[0.605s] Level 1:colcon.colcon_core.package_identification:_identify(src/px4_msgs) by extension 'colcon_pkg'
[0.605s] Level 1:colcon.colcon_core.package_identification:_identify(src/px4_msgs) by extensions ['colcon_meta']
[0.605s] Level 1:colcon.colcon_core.package_identification:_identify(src/px4_msgs) by extension 'colcon_meta'
[0.606s] Level 1:colcon.colcon_core.package_identification:_identify(src/px4_msgs) by extensions ['ros']
[0.606s] Level 1:colcon.colcon_core.package_identification:_identify(src/px4_msgs) by extension 'ros'
[0.611s] DEBUG:colcon.colcon_core.package_identification:Package 'src/px4_msgs' with type 'ros.ament_cmake' and name 'px4_msgs'
[0.611s] Level 1:colcon.colcon_core.package_identification:_identify(src/px4_ros_com) by extensions ['ignore', 'ignore_ament_install']
[0.611s] Level 1:colcon.colcon_core.package_identification:_identify(src/px4_ros_com) by extension 'ignore'
[0.611s] Level 1:colcon.colcon_core.package_identification:_identify(src/px4_ros_com) by extension 'ignore_ament_install'
[0.612s] Level 1:colcon.colcon_core.package_identification:_identify(src/px4_ros_com) by extensions ['colcon_pkg']
[0.612s] Level 1:colcon.colcon_core.package_identification:_identify(src/px4_ros_com) by extension 'colcon_pkg'
[0.612s] Level 1:colcon.colcon_core.package_identification:_identify(src/px4_ros_com) by extensions ['colcon_meta']
[0.612s] Level 1:colcon.colcon_core.package_identification:_identify(src/px4_ros_com) by extension 'colcon_meta'
[0.612s] Level 1:colcon.colcon_core.package_identification:_identify(src/px4_ros_com) by extensions ['ros']
[0.612s] Level 1:colcon.colcon_core.package_identification:_identify(src/px4_ros_com) by extension 'ros'
[0.614s] DEBUG:colcon.colcon_core.package_identification:Package 'src/px4_ros_com' with type 'ros.ament_cmake' and name 'px4_ros_com'
[0.614s] Level 1:colcon.colcon_core.package_discovery:discover_packages(recursive) using defaults
[0.614s] Level 1:colcon.colcon_core.package_discovery:discover_packages(ignore) discover
[0.615s] Level 1:colcon.colcon_core.package_discovery:discover_packages(ignore) using defaults
[0.615s] Level 1:colcon.colcon_core.package_discovery:discover_packages(path) discover
[0.615s] Level 1:colcon.colcon_core.package_discovery:discover_packages(path) using defaults
[0.677s] Level 1:colcon.colcon_core.package_discovery:discover_packages(prefix_path) check parameters
[0.677s] Level 1:colcon.colcon_core.package_discovery:discover_packages(prefix_path) discover
[0.682s] DEBUG:colcon.colcon_installed_package_information.package_discovery:Found 271 installed packages in /opt/ros/humble
[0.684s] Level 1:colcon.colcon_core.package_discovery:discover_packages(prefix_path) using defaults
[0.757s] Level 5:colcon.colcon_core.verb:set package 'px4_msgs' build argument 'cmake_args' from command line to 'None'
[0.758s] Level 5:colcon.colcon_core.verb:set package 'px4_msgs' build argument 'cmake_target' from command line to 'None'
[0.758s] Level 5:colcon.colcon_core.verb:set package 'px4_msgs' build argument 'cmake_target_skip_unavailable' from command line to 'False'
[0.758s] Level 5:colcon.colcon_core.verb:set package 'px4_msgs' build argument 'cmake_clean_cache' from command line to 'False'
[0.758s] Level 5:colcon.colcon_core.verb:set package 'px4_msgs' build argument 'cmake_clean_first' from command line to 'False'
[0.758s] Level 5:colcon.colcon_core.verb:set package 'px4_msgs' build argument 'cmake_force_configure' from command line to 'False'
[0.758s] Level 5:colcon.colcon_core.verb:set package 'px4_msgs' build argument 'ament_cmake_args' from command line to 'None'
[0.758s] Level 5:colcon.colcon_core.verb:set package 'px4_msgs' build argument 'catkin_cmake_args' from command line to 'None'
[0.758s] Level 5:colcon.colcon_core.verb:set package 'px4_msgs' build argument 'catkin_skip_building_tests' from command line to 'False'
[0.758s] DEBUG:colcon.colcon_core.verb:Building package 'px4_msgs' with the following arguments: {'ament_cmake_args': None, 'build_base': '/home/jetson2/ws_sensor_combined/build/px4_msgs', 'catkin_cmake_args': None, 'catkin_skip_building_tests': False, 'cmake_args': None, 'cmake_clean_cache': False, 'cmake_clean_first': False, 'cmake_force_configure': False, 'cmake_target': None, 'cmake_target_skip_unavailable': False, 'install_base': '/home/jetson2/ws_sensor_combined/install/px4_msgs', 'merge_install': False, 'path': '/home/jetson2/ws_sensor_combined/src/px4_msgs', 'symlink_install': True, 'test_result_base': None}
[0.759s] Level 5:colcon.colcon_core.verb:set package 'px4_ros_com' build argument 'cmake_args' from command line to 'None'
[0.759s] Level 5:colcon.colcon_core.verb:set package 'px4_ros_com' build argument 'cmake_target' from command line to 'None'
[0.759s] Level 5:colcon.colcon_core.verb:set package 'px4_ros_com' build argument 'cmake_target_skip_unavailable' from command line to 'False'
[0.759s] Level 5:colcon.colcon_core.verb:set package 'px4_ros_com' build argument 'cmake_clean_cache' from command line to 'False'
[0.759s] Level 5:colcon.colcon_core.verb:set package 'px4_ros_com' build argument 'cmake_clean_first' from command line to 'False'
[0.759s] Level 5:colcon.colcon_core.verb:set package 'px4_ros_com' build argument 'cmake_force_configure' from command line to 'False'
[0.759s] Level 5:colcon.colcon_core.verb:set package 'px4_ros_com' build argument 'ament_cmake_args' from command line to 'None'
[0.759s] Level 5:colcon.colcon_core.verb:set package 'px4_ros_com' build argument 'catkin_cmake_args' from command line to 'None'
[0.759s] Level 5:colcon.colcon_core.verb:set package 'px4_ros_com' build argument 'catkin_skip_building_tests' from command line to 'False'
[0.759s] DEBUG:colcon.colcon_core.verb:Building package 'px4_ros_com' with the following arguments: {'ament_cmake_args': None, 'build_base': '/home/jetson2/ws_sensor_combined/build/px4_ros_com', 'catkin_cmake_args': None, 'catkin_skip_building_tests': False, 'cmake_args': None, 'cmake_clean_cache': False, 'cmake_clean_first': False, 'cmake_force_configure': False, 'cmake_target': None, 'cmake_target_skip_unavailable': False, 'install_base': '/home/jetson2/ws_sensor_combined/install/px4_ros_com', 'merge_install': False, 'path': '/home/jetson2/ws_sensor_combined/src/px4_ros_com', 'symlink_install': True, 'test_result_base': None}
[0.759s] INFO:colcon.colcon_core.executor:Executing jobs using 'parallel' executor
[0.762s] DEBUG:colcon.colcon_parallel_executor.executor.parallel:run_until_complete
[0.762s] INFO:colcon.colcon_ros.task.ament_cmake.build:Building ROS package in '/home/jetson2/ws_sensor_combined/src/px4_msgs' with build type 'ament_cmake'
[0.762s] INFO:colcon.colcon_cmake.task.cmake.build:Building CMake package in '/home/jetson2/ws_sensor_combined/src/px4_msgs'
[0.766s] INFO:colcon.colcon_core.plugin_system:Skipping extension 'colcon_core.shell.bat': Not used on non-Windows systems
[0.767s] INFO:colcon.colcon_core.shell:Skip shell extension 'powershell' for command environment: Not usable outside of PowerShell
[0.767s] DEBUG:colcon.colcon_core.shell:Skip shell extension 'dsv' for command environment
[0.781s] DEBUG:colcon.colcon_core.event_handler.log_command:Invoking command in '/home/jetson2/ws_sensor_combined/build/px4_msgs': CMAKE_PREFIX_PATH=/opt/ros/humble /usr/bin/cmake /home/jetson2/ws_sensor_combined/src/px4_msgs -DAMENT_CMAKE_SYMLINK_INSTALL=1 -DCMAKE_INSTALL_PREFIX=/home/jetson2/ws_sensor_combined/install/px4_msgs
[8.233s] DEBUG:colcon.colcon_core.event_handler.log_command:Invoked command in '/home/jetson2/ws_sensor_combined/build/px4_msgs' returned '0': CMAKE_PREFIX_PATH=/opt/ros/humble /usr/bin/cmake /home/jetson2/ws_sensor_combined/src/px4_msgs -DAMENT_CMAKE_SYMLINK_INSTALL=1 -DCMAKE_INSTALL_PREFIX=/home/jetson2/ws_sensor_combined/install/px4_msgs
[8.239s] DEBUG:colcon.colcon_core.event_handler.log_command:Invoking command in '/home/jetson2/ws_sensor_combined/build/px4_msgs': CMAKE_PREFIX_PATH=/opt/ros/humble /usr/bin/cmake --build /home/jetson2/ws_sensor_combined/build/px4_msgs -- -j8 -l8
[400.168s] DEBUG:colcon.colcon_core.event_handler.log_command:Invoked command in '/home/jetson2/ws_sensor_combined/build/px4_msgs' returned '0': CMAKE_PREFIX_PATH=/opt/ros/humble /usr/bin/cmake --build /home/jetson2/ws_sensor_combined/build/px4_msgs -- -j8 -l8
[400.186s] DEBUG:colcon.colcon_core.event_handler.log_command:Invoking command in '/home/jetson2/ws_sensor_combined/build/px4_msgs': CMAKE_PREFIX_PATH=/opt/ros/humble /usr/bin/cmake --install /home/jetson2/ws_sensor_combined/build/px4_msgs
[461.122s] Level 1:colcon.colcon_core.environment:create_environment_scripts_only(px4_msgs)
[461.124s] DEBUG:colcon.colcon_core.event_handler.log_command:Invoked command in '/home/jetson2/ws_sensor_combined/build/px4_msgs' returned '0': CMAKE_PREFIX_PATH=/opt/ros/humble /usr/bin/cmake --install /home/jetson2/ws_sensor_combined/build/px4_msgs
[461.131s] Level 1:colcon.colcon_core.environment:checking '/home/jetson2/ws_sensor_combined/install/px4_msgs' for CMake module files
[461.134s] Level 1:colcon.colcon_core.environment:checking '/home/jetson2/ws_sensor_combined/install/px4_msgs' for CMake config files
[461.156s] Level 1:colcon.colcon_core.shell:create_environment_hook('px4_msgs', 'cmake_prefix_path')
[461.157s] INFO:colcon.colcon_core.shell:Creating environment hook '/home/jetson2/ws_sensor_combined/install/px4_msgs/share/px4_msgs/hook/cmake_prefix_path.ps1'
[461.159s] INFO:colcon.colcon_core.shell:Creating environment descriptor '/home/jetson2/ws_sensor_combined/install/px4_msgs/share/px4_msgs/hook/cmake_prefix_path.dsv'
[461.160s] INFO:colcon.colcon_core.shell:Creating environment hook '/home/jetson2/ws_sensor_combined/install/px4_msgs/share/px4_msgs/hook/cmake_prefix_path.sh'
[461.163s] Level 1:colcon.colcon_core.environment:checking '/home/jetson2/ws_sensor_combined/install/px4_msgs/lib'
[461.164s] Level 1:colcon.colcon_core.shell:create_environment_hook('px4_msgs', 'ld_library_path_lib')
[461.165s] INFO:colcon.colcon_core.shell:Creating environment hook '/home/jetson2/ws_sensor_combined/install/px4_msgs/share/px4_msgs/hook/ld_library_path_lib.ps1'
[461.166s] INFO:colcon.colcon_core.shell:Creating environment descriptor '/home/jetson2/ws_sensor_combined/install/px4_msgs/share/px4_msgs/hook/ld_library_path_lib.dsv'
[461.167s] INFO:colcon.colcon_core.shell:Creating environment hook '/home/jetson2/ws_sensor_combined/install/px4_msgs/share/px4_msgs/hook/ld_library_path_lib.sh'
[461.168s] Level 1:colcon.colcon_core.environment:checking '/home/jetson2/ws_sensor_combined/install/px4_msgs/bin'
[461.169s] Level 1:colcon.colcon_core.environment:checking '/home/jetson2/ws_sensor_combined/install/px4_msgs/lib/pkgconfig/px4_msgs.pc'
[461.170s] Level 1:colcon.colcon_core.environment:checking '/home/jetson2/ws_sensor_combined/install/px4_msgs/lib/python3.10/site-packages'
[461.170s] Level 1:colcon.colcon_core.environment:checking '/home/jetson2/ws_sensor_combined/install/px4_msgs/bin'
[461.171s] INFO:colcon.colcon_core.shell:Creating package script '/home/jetson2/ws_sensor_combined/install/px4_msgs/share/px4_msgs/package.ps1'
[461.174s] INFO:colcon.colcon_core.shell:Creating package descriptor '/home/jetson2/ws_sensor_combined/install/px4_msgs/share/px4_msgs/package.dsv'
[461.176s] INFO:colcon.colcon_core.shell:Creating package script '/home/jetson2/ws_sensor_combined/install/px4_msgs/share/px4_msgs/package.sh'
[461.178s] INFO:colcon.colcon_core.shell:Creating package script '/home/jetson2/ws_sensor_combined/install/px4_msgs/share/px4_msgs/package.bash'
[461.180s] INFO:colcon.colcon_core.shell:Creating package script '/home/jetson2/ws_sensor_combined/install/px4_msgs/share/px4_msgs/package.zsh'
[461.182s] Level 1:colcon.colcon_core.environment:create_file_with_runtime_dependencies(/home/jetson2/ws_sensor_combined/install/px4_msgs/share/colcon-core/packages/px4_msgs)
[461.184s] Level 1:colcon.colcon_core.environment:create_environment_scripts_only(px4_msgs)
[461.185s] Level 1:colcon.colcon_core.environment:checking '/home/jetson2/ws_sensor_combined/install/px4_msgs' for CMake module files
[461.186s] Level 1:colcon.colcon_core.environment:checking '/home/jetson2/ws_sensor_combined/install/px4_msgs' for CMake config files
[461.200s] Level 1:colcon.colcon_core.shell:create_environment_hook('px4_msgs', 'cmake_prefix_path')
[461.200s] INFO:colcon.colcon_core.shell:Creating environment hook '/home/jetson2/ws_sensor_combined/install/px4_msgs/share/px4_msgs/hook/cmake_prefix_path.ps1'
[461.201s] INFO:colcon.colcon_core.shell:Creating environment descriptor '/home/jetson2/ws_sensor_combined/install/px4_msgs/share/px4_msgs/hook/cmake_prefix_path.dsv'
[461.202s] INFO:colcon.colcon_core.shell:Creating environment hook '/home/jetson2/ws_sensor_combined/install/px4_msgs/share/px4_msgs/hook/cmake_prefix_path.sh'
[461.204s] Level 1:colcon.colcon_core.environment:checking '/home/jetson2/ws_sensor_combined/install/px4_msgs/lib'
[461.204s] Level 1:colcon.colcon_core.shell:create_environment_hook('px4_msgs', 'ld_library_path_lib')
[461.205s] INFO:colcon.colcon_core.shell:Creating environment hook '/home/jetson2/ws_sensor_combined/install/px4_msgs/share/px4_msgs/hook/ld_library_path_lib.ps1'
[461.205s] INFO:colcon.colcon_core.shell:Creating environment descriptor '/home/jetson2/ws_sensor_combined/install/px4_msgs/share/px4_msgs/hook/ld_library_path_lib.dsv'
[461.206s] INFO:colcon.colcon_core.shell:Creating environment hook '/home/jetson2/ws_sensor_combined/install/px4_msgs/share/px4_msgs/hook/ld_library_path_lib.sh'
[461.207s] Level 1:colcon.colcon_core.environment:checking '/home/jetson2/ws_sensor_combined/install/px4_msgs/bin'
[461.207s] Level 1:colcon.colcon_core.environment:checking '/home/jetson2/ws_sensor_combined/install/px4_msgs/lib/pkgconfig/px4_msgs.pc'
[461.208s] Level 1:colcon.colcon_core.environment:checking '/home/jetson2/ws_sensor_combined/install/px4_msgs/lib/python3.10/site-packages'
[461.209s] Level 1:colcon.colcon_core.environment:checking '/home/jetson2/ws_sensor_combined/install/px4_msgs/bin'
[461.209s] INFO:colcon.colcon_core.shell:Creating package script '/home/jetson2/ws_sensor_combined/install/px4_msgs/share/px4_msgs/package.ps1'
[461.211s] INFO:colcon.colcon_core.shell:Creating package descriptor '/home/jetson2/ws_sensor_combined/install/px4_msgs/share/px4_msgs/package.dsv'
[461.212s] INFO:colcon.colcon_core.shell:Creating package script '/home/jetson2/ws_sensor_combined/install/px4_msgs/share/px4_msgs/package.sh'
[461.213s] INFO:colcon.colcon_core.shell:Creating package script '/home/jetson2/ws_sensor_combined/install/px4_msgs/share/px4_msgs/package.bash'
[461.214s] INFO:colcon.colcon_core.shell:Creating package script '/home/jetson2/ws_sensor_combined/install/px4_msgs/share/px4_msgs/package.zsh'
[461.215s] Level 1:colcon.colcon_core.environment:create_file_with_runtime_dependencies(/home/jetson2/ws_sensor_combined/install/px4_msgs/share/colcon-core/packages/px4_msgs)
[461.216s] INFO:colcon.colcon_ros.task.ament_cmake.build:Building ROS package in '/home/jetson2/ws_sensor_combined/src/px4_ros_com' with build type 'ament_cmake'
[461.217s] INFO:colcon.colcon_cmake.task.cmake.build:Building CMake package in '/home/jetson2/ws_sensor_combined/src/px4_ros_com'
[461.217s] INFO:colcon.colcon_core.shell:Skip shell extension 'powershell' for command environment: Not usable outside of PowerShell
[461.218s] DEBUG:colcon.colcon_core.shell:Skip shell extension 'dsv' for command environment
[461.238s] DEBUG:colcon.colcon_core.event_handler.log_command:Invoking command in '/home/jetson2/ws_sensor_combined/build/px4_ros_com': AMENT_PREFIX_PATH=/home/jetson2/ws_sensor_combined/install/px4_msgs:${AMENT_PREFIX_PATH} CMAKE_PREFIX_PATH=/home/jetson2/ws_sensor_combined/install/px4_msgs:/opt/ros/humble LD_LIBRARY_PATH=/home/jetson2/ws_sensor_combined/install/px4_msgs/lib:${LD_LIBRARY_PATH} PYTHONPATH=/home/jetson2/ws_sensor_combined/install/px4_msgs/local/lib/python3.10/dist-packages:${PYTHONPATH} /usr/bin/cmake /home/jetson2/ws_sensor_combined/src/px4_ros_com -DAMENT_CMAKE_SYMLINK_INSTALL=1 -DCMAKE_INSTALL_PREFIX=/home/jetson2/ws_sensor_combined/install/px4_ros_com
[463.770s] DEBUG:colcon.colcon_core.event_handler.log_command:Invoked command in '/home/jetson2/ws_sensor_combined/build/px4_ros_com' returned '0': AMENT_PREFIX_PATH=/home/jetson2/ws_sensor_combined/install/px4_msgs:${AMENT_PREFIX_PATH} CMAKE_PREFIX_PATH=/home/jetson2/ws_sensor_combined/install/px4_msgs:/opt/ros/humble LD_LIBRARY_PATH=/home/jetson2/ws_sensor_combined/install/px4_msgs/lib:${LD_LIBRARY_PATH} PYTHONPATH=/home/jetson2/ws_sensor_combined/install/px4_msgs/local/lib/python3.10/dist-packages:${PYTHONPATH} /usr/bin/cmake /home/jetson2/ws_sensor_combined/src/px4_ros_com -DAMENT_CMAKE_SYMLINK_INSTALL=1 -DCMAKE_INSTALL_PREFIX=/home/jetson2/ws_sensor_combined/install/px4_ros_com
[463.774s] DEBUG:colcon.colcon_core.event_handler.log_command:Invoking command in '/home/jetson2/ws_sensor_combined/build/px4_ros_com': AMENT_PREFIX_PATH=/home/jetson2/ws_sensor_combined/install/px4_msgs:${AMENT_PREFIX_PATH} CMAKE_PREFIX_PATH=/home/jetson2/ws_sensor_combined/install/px4_msgs:/opt/ros/humble LD_LIBRARY_PATH=/home/jetson2/ws_sensor_combined/install/px4_msgs/lib:${LD_LIBRARY_PATH} PYTHONPATH=/home/jetson2/ws_sensor_combined/install/px4_msgs/local/lib/python3.10/dist-packages:${PYTHONPATH} /usr/bin/cmake --build /home/jetson2/ws_sensor_combined/build/px4_ros_com -- -j8 -l8
[482.424s] DEBUG:colcon.colcon_core.event_handler.log_command:Invoked command in '/home/jetson2/ws_sensor_combined/build/px4_ros_com' returned '0': AMENT_PREFIX_PATH=/home/jetson2/ws_sensor_combined/install/px4_msgs:${AMENT_PREFIX_PATH} CMAKE_PREFIX_PATH=/home/jetson2/ws_sensor_combined/install/px4_msgs:/opt/ros/humble LD_LIBRARY_PATH=/home/jetson2/ws_sensor_combined/install/px4_msgs/lib:${LD_LIBRARY_PATH} PYTHONPATH=/home/jetson2/ws_sensor_combined/install/px4_msgs/local/lib/python3.10/dist-packages:${PYTHONPATH} /usr/bin/cmake --build /home/jetson2/ws_sensor_combined/build/px4_ros_com -- -j8 -l8
[482.429s] DEBUG:colcon.colcon_core.event_handler.log_command:Invoking command in '/home/jetson2/ws_sensor_combined/build/px4_ros_com': AMENT_PREFIX_PATH=/home/jetson2/ws_sensor_combined/install/px4_msgs:${AMENT_PREFIX_PATH} CMAKE_PREFIX_PATH=/home/jetson2/ws_sensor_combined/install/px4_msgs:/opt/ros/humble LD_LIBRARY_PATH=/home/jetson2/ws_sensor_combined/install/px4_msgs/lib:${LD_LIBRARY_PATH} PYTHONPATH=/home/jetson2/ws_sensor_combined/install/px4_msgs/local/lib/python3.10/dist-packages:${PYTHONPATH} /usr/bin/cmake --install /home/jetson2/ws_sensor_combined/build/px4_ros_com
[483.240s] Level 1:colcon.colcon_core.environment:create_environment_scripts_only(px4_ros_com)
[483.240s] Level 1:colcon.colcon_core.environment:checking '/home/jetson2/ws_sensor_combined/install/px4_ros_com' for CMake module files
[483.242s] DEBUG:colcon.colcon_core.event_handler.log_command:Invoked command in '/home/jetson2/ws_sensor_combined/build/px4_ros_com' returned '0': AMENT_PREFIX_PATH=/home/jetson2/ws_sensor_combined/install/px4_msgs:${AMENT_PREFIX_PATH} CMAKE_PREFIX_PATH=/home/jetson2/ws_sensor_combined/install/px4_msgs:/opt/ros/humble LD_LIBRARY_PATH=/home/jetson2/ws_sensor_combined/install/px4_msgs/lib:${LD_LIBRARY_PATH} PYTHONPATH=/home/jetson2/ws_sensor_combined/install/px4_msgs/local/lib/python3.10/dist-packages:${PYTHONPATH} /usr/bin/cmake --install /home/jetson2/ws_sensor_combined/build/px4_ros_com
[483.244s] Level 1:colcon.colcon_core.environment:checking '/home/jetson2/ws_sensor_combined/install/px4_ros_com' for CMake config files
[483.246s] Level 1:colcon.colcon_core.shell:create_environment_hook('px4_ros_com', 'cmake_prefix_path')
[483.247s] INFO:colcon.colcon_core.shell:Creating environment hook '/home/jetson2/ws_sensor_combined/install/px4_ros_com/share/px4_ros_com/hook/cmake_prefix_path.ps1'
[483.248s] INFO:colcon.colcon_core.shell:Creating environment descriptor '/home/jetson2/ws_sensor_combined/install/px4_ros_com/share/px4_ros_com/hook/cmake_prefix_path.dsv'
[483.249s] INFO:colcon.colcon_core.shell:Creating environment hook '/home/jetson2/ws_sensor_combined/install/px4_ros_com/share/px4_ros_com/hook/cmake_prefix_path.sh'
[483.251s] Level 1:colcon.colcon_core.environment:checking '/home/jetson2/ws_sensor_combined/install/px4_ros_com/lib'
[483.252s] Level 1:colcon.colcon_core.shell:create_environment_hook('px4_ros_com', 'ld_library_path_lib')
[483.252s] INFO:colcon.colcon_core.shell:Creating environment hook '/home/jetson2/ws_sensor_combined/install/px4_ros_com/share/px4_ros_com/hook/ld_library_path_lib.ps1'
[483.254s] INFO:colcon.colcon_core.shell:Creating environment descriptor '/home/jetson2/ws_sensor_combined/install/px4_ros_com/share/px4_ros_com/hook/ld_library_path_lib.dsv'
[483.255s] INFO:colcon.colcon_core.shell:Creating environment hook '/home/jetson2/ws_sensor_combined/install/px4_ros_com/share/px4_ros_com/hook/ld_library_path_lib.sh'
[483.256s] Level 1:colcon.colcon_core.environment:checking '/home/jetson2/ws_sensor_combined/install/px4_ros_com/bin'
[483.256s] Level 1:colcon.colcon_core.environment:checking '/home/jetson2/ws_sensor_combined/install/px4_ros_com/lib/pkgconfig/px4_ros_com.pc'
[483.257s] Level 1:colcon.colcon_core.environment:checking '/home/jetson2/ws_sensor_combined/install/px4_ros_com/lib/python3.10/site-packages'
[483.258s] Level 1:colcon.colcon_core.environment:checking '/home/jetson2/ws_sensor_combined/install/px4_ros_com/bin'
[483.259s] INFO:colcon.colcon_core.shell:Creating package script '/home/jetson2/ws_sensor_combined/install/px4_ros_com/share/px4_ros_com/package.ps1'
[483.261s] INFO:colcon.colcon_core.shell:Creating package descriptor '/home/jetson2/ws_sensor_combined/install/px4_ros_com/share/px4_ros_com/package.dsv'
[483.262s] INFO:colcon.colcon_core.shell:Creating package script '/home/jetson2/ws_sensor_combined/install/px4_ros_com/share/px4_ros_com/package.sh'
[483.264s] INFO:colcon.colcon_core.shell:Creating package script '/home/jetson2/ws_sensor_combined/install/px4_ros_com/share/px4_ros_com/package.bash'
[483.265s] INFO:colcon.colcon_core.shell:Creating package script '/home/jetson2/ws_sensor_combined/install/px4_ros_com/share/px4_ros_com/package.zsh'
[483.266s] Level 1:colcon.colcon_core.environment:create_file_with_runtime_dependencies(/home/jetson2/ws_sensor_combined/install/px4_ros_com/share/colcon-core/packages/px4_ros_com)
[483.268s] Level 1:colcon.colcon_core.environment:create_environment_scripts_only(px4_ros_com)
[483.269s] Level 1:colcon.colcon_core.environment:checking '/home/jetson2/ws_sensor_combined/install/px4_ros_com' for CMake module files
[483.271s] Level 1:colcon.colcon_core.environment:checking '/home/jetson2/ws_sensor_combined/install/px4_ros_com' for CMake config files
[483.273s] Level 1:colcon.colcon_core.shell:create_environment_hook('px4_ros_com', 'cmake_prefix_path')
[483.274s] INFO:colcon.colcon_core.shell:Creating environment hook '/home/jetson2/ws_sensor_combined/install/px4_ros_com/share/px4_ros_com/hook/cmake_prefix_path.ps1'
[483.275s] INFO:colcon.colcon_core.shell:Creating environment descriptor '/home/jetson2/ws_sensor_combined/install/px4_ros_com/share/px4_ros_com/hook/cmake_prefix_path.dsv'
[483.276s] INFO:colcon.colcon_core.shell:Creating environment hook '/home/jetson2/ws_sensor_combined/install/px4_ros_com/share/px4_ros_com/hook/cmake_prefix_path.sh'
[483.278s] Level 1:colcon.colcon_core.environment:checking '/home/jetson2/ws_sensor_combined/install/px4_ros_com/lib'
[483.278s] Level 1:colcon.colcon_core.shell:create_environment_hook('px4_ros_com', 'ld_library_path_lib')
[483.279s] INFO:colcon.colcon_core.shell:Creating environment hook '/home/jetson2/ws_sensor_combined/install/px4_ros_com/share/px4_ros_com/hook/ld_library_path_lib.ps1'
[483.281s] INFO:colcon.colcon_core.shell:Creating environment descriptor '/home/jetson2/ws_sensor_combined/install/px4_ros_com/share/px4_ros_com/hook/ld_library_path_lib.dsv'
[483.282s] INFO:colcon.colcon_core.shell:Creating environment hook '/home/jetson2/ws_sensor_combined/install/px4_ros_com/share/px4_ros_com/hook/ld_library_path_lib.sh'
[483.283s] Level 1:colcon.colcon_core.environment:checking '/home/jetson2/ws_sensor_combined/install/px4_ros_com/bin'
[483.284s] Level 1:colcon.colcon_core.environment:checking '/home/jetson2/ws_sensor_combined/install/px4_ros_com/lib/pkgconfig/px4_ros_com.pc'
[483.284s] Level 1:colcon.colcon_core.environment:checking '/home/jetson2/ws_sensor_combined/install/px4_ros_com/lib/python3.10/site-packages'
[483.285s] Level 1:colcon.colcon_core.environment:checking '/home/jetson2/ws_sensor_combined/install/px4_ros_com/bin'
[483.286s] INFO:colcon.colcon_core.shell:Creating package script '/home/jetson2/ws_sensor_combined/install/px4_ros_com/share/px4_ros_com/package.ps1'
[483.288s] INFO:colcon.colcon_core.shell:Creating package descriptor '/home/jetson2/ws_sensor_combined/install/px4_ros_com/share/px4_ros_com/package.dsv'
[483.290s] INFO:colcon.colcon_core.shell:Creating package script '/home/jetson2/ws_sensor_combined/install/px4_ros_com/share/px4_ros_com/package.sh'
[483.291s] INFO:colcon.colcon_core.shell:Creating package script '/home/jetson2/ws_sensor_combined/install/px4_ros_com/share/px4_ros_com/package.bash'
[483.293s] INFO:colcon.colcon_core.shell:Creating package script '/home/jetson2/ws_sensor_combined/install/px4_ros_com/share/px4_ros_com/package.zsh'
[483.294s] Level 1:colcon.colcon_core.environment:create_file_with_runtime_dependencies(/home/jetson2/ws_sensor_combined/install/px4_ros_com/share/colcon-core/packages/px4_ros_com)
[483.295s] DEBUG:colcon.colcon_parallel_executor.executor.parallel:closing loop
[483.296s] DEBUG:colcon.colcon_parallel_executor.executor.parallel:loop closed
[483.296s] DEBUG:colcon.colcon_parallel_executor.executor.parallel:run_until_complete finished with '0'
[483.296s] DEBUG:colcon.colcon_core.event_reactor:joining thread
[483.313s] INFO:colcon.colcon_core.plugin_system:Skipping extension 'colcon_notification.desktop_notification.terminal_notifier': Not used on non-Darwin systems
[483.313s] INFO:colcon.colcon_core.plugin_system:Skipping extension 'colcon_notification.desktop_notification.win32': Not used on non-Windows systems
[483.313s] INFO:colcon.colcon_notification.desktop_notification:Sending desktop notification using 'notify2'
[483.353s] DEBUG:colcon.colcon_core.event_reactor:joined thread
[483.354s] INFO:colcon.colcon_core.shell:Creating prefix script '/home/jetson2/ws_sensor_combined/install/local_setup.ps1'
[483.357s] INFO:colcon.colcon_core.shell:Creating prefix util module '/home/jetson2/ws_sensor_combined/install/_local_setup_util_ps1.py'
[483.362s] INFO:colcon.colcon_core.shell:Creating prefix chain script '/home/jetson2/ws_sensor_combined/install/setup.ps1'
[483.366s] INFO:colcon.colcon_core.shell:Creating prefix script '/home/jetson2/ws_sensor_combined/install/local_setup.sh'
[483.368s] INFO:colcon.colcon_core.shell:Creating prefix util module '/home/jetson2/ws_sensor_combined/install/_local_setup_util_sh.py'
[483.370s] INFO:colcon.colcon_core.shell:Creating prefix chain script '/home/jetson2/ws_sensor_combined/install/setup.sh'
[483.373s] INFO:colcon.colcon_core.shell:Creating prefix script '/home/jetson2/ws_sensor_combined/install/local_setup.bash'
[483.375s] INFO:colcon.colcon_core.shell:Creating prefix chain script '/home/jetson2/ws_sensor_combined/install/setup.bash'
[483.378s] INFO:colcon.colcon_core.shell:Creating prefix script '/home/jetson2/ws_sensor_combined/install/local_setup.zsh'
[483.379s] INFO:colcon.colcon_core.shell:Creating prefix chain script '/home/jetson2/ws_sensor_combined/install/setup.zsh'
