[0.449s] Invoking command in '/home/krristudent/HITL/sensor/build/px4_ros_com': AMENT_PREFIX_PATH=/home/krristudent/HITL/sensor/install/px4_msgs:${AMENT_PREFIX_PATH} CMAKE_PREFIX_PATH=/home/krristudent/HITL/sensor/install/px4_msgs:/home/krristudent/HITL/sensor/install/px4_ros_com:/home/krristudent/gz-harmonic_ws/install/test_ros_gz_bridge:/home/krristudent/gz-harmonic_ws/install/ros_ign_interfaces:/home/krristudent/gz-harmonic_ws/install/ros_ign:/home/krristudent/gz-harmonic_ws/install/ros_ign_image:/home/krristudent/gz-harmonic_ws/install/ros_ign_gazebo_demos:/home/krristudent/gz-harmonic_ws/install/ros_ign_gazebo:/home/krristudent/gz-harmonic_ws/install/ros_ign_bridge:/home/krristudent/gz-harmonic_ws/install/ros_gz:/home/krristudent/gz-harmonic_ws/install/ros_gz_sim_demos:/home/krristudent/gz-harmonic_ws/install/ros_gz_sim:/home/krristudent/gz-harmonic_ws/install/ros_gz_image:/home/krristudent/gz-harmonic_ws/install/ros_gz_bridge:/home/krristudent/gz-harmonic_ws/install/ros_gz_interfaces:/home/krristudent/HITL/sensor/install/offboard:/home/krristudent/ros2_drone_sensor/install/lidar_distance:/opt/ros/humble LD_LIBRARY_PATH=/home/krristudent/HITL/sensor/install/px4_msgs/lib:/home/krristudent/HITL/sensor/install/px4_ros_com/lib:/home/krristudent/gz-harmonic_ws/install/ros_ign_interfaces/lib:/home/krristudent/gz-harmonic_ws/install/ros_gz_sim/lib:/home/krristudent/gz-harmonic_ws/install/ros_gz_bridge/lib:/home/krristudent/gz-harmonic_ws/install/ros_gz_interfaces/lib:/usr/lib/x86_64-linux-gnu/gazebo-11/plugins:/opt/ros/humble/opt/rviz_ogre_vendor/lib:/opt/ros/humble/lib/x86_64-linux-gnu:/opt/ros/humble/lib:/home/krristudent/build/px4_sitl_default/build_gazebo-classic PYTHONPATH=/home/krristudent/HITL/sensor/install/px4_msgs/local/lib/python3.10/dist-packages:${PYTHONPATH} /usr/bin/cmake --build /home/krristudent/HITL/sensor/build/px4_ros_com -- -j8 -l8
[0.515s] [35m[1mConsolidate compiler generated dependencies of target frame_transforms[0m
[0.515s] [35m[1mConsolidate compiler generated dependencies of target sensor_combined_listener[0m
[0.534s] [35m[1mConsolidate compiler generated dependencies of target vehicle_gps_position_listener[0m
[0.550s] [35m[1mConsolidate compiler generated dependencies of target debug_vect_advertiser[0m
[0.561s] [35m[1mConsolidate compiler generated dependencies of target offboard_control_srv[0m
[0.565s] [35m[1mConsolidate compiler generated dependencies of target offboard_control[0m
[0.581s] [ 16%] Built target frame_transforms
[0.587s] [ 33%] Built target vehicle_gps_position_listener
[0.599s] [ 33%] Built target ament_cmake_python_symlink_px4_ros_com
[0.604s] [ 50%] Built target sensor_combined_listener
[0.621s] [ 66%] Built target debug_vect_advertiser
[0.621s] [ 83%] Built target offboard_control
[0.628s] [100%] Built target offboard_control_srv
[1.027s] running egg_info
[1.030s] writing px4_ros_com.egg-info/PKG-INFO
[1.030s] writing dependency_links to px4_ros_com.egg-info/dependency_links.txt
[1.030s] writing top-level names to px4_ros_com.egg-info/top_level.txt
[1.033s] reading manifest file 'px4_ros_com.egg-info/SOURCES.txt'
[1.034s] writing manifest file 'px4_ros_com.egg-info/SOURCES.txt'
[1.078s] [100%] Built target ament_cmake_python_build_px4_ros_com_egg
[1.095s] Invoked command in '/home/krristudent/HITL/sensor/build/px4_ros_com' returned '0': AMENT_PREFIX_PATH=/home/krristudent/HITL/sensor/install/px4_msgs:${AMENT_PREFIX_PATH} CMAKE_PREFIX_PATH=/home/krristudent/HITL/sensor/install/px4_msgs:/home/krristudent/HITL/sensor/install/px4_ros_com:/home/krristudent/gz-harmonic_ws/install/test_ros_gz_bridge:/home/krristudent/gz-harmonic_ws/install/ros_ign_interfaces:/home/krristudent/gz-harmonic_ws/install/ros_ign:/home/krristudent/gz-harmonic_ws/install/ros_ign_image:/home/krristudent/gz-harmonic_ws/install/ros_ign_gazebo_demos:/home/krristudent/gz-harmonic_ws/install/ros_ign_gazebo:/home/krristudent/gz-harmonic_ws/install/ros_ign_bridge:/home/krristudent/gz-harmonic_ws/install/ros_gz:/home/krristudent/gz-harmonic_ws/install/ros_gz_sim_demos:/home/krristudent/gz-harmonic_ws/install/ros_gz_sim:/home/krristudent/gz-harmonic_ws/install/ros_gz_image:/home/krristudent/gz-harmonic_ws/install/ros_gz_bridge:/home/krristudent/gz-harmonic_ws/install/ros_gz_interfaces:/home/krristudent/HITL/sensor/install/offboard:/home/krristudent/ros2_drone_sensor/install/lidar_distance:/opt/ros/humble LD_LIBRARY_PATH=/home/krristudent/HITL/sensor/install/px4_msgs/lib:/home/krristudent/HITL/sensor/install/px4_ros_com/lib:/home/krristudent/gz-harmonic_ws/install/ros_ign_interfaces/lib:/home/krristudent/gz-harmonic_ws/install/ros_gz_sim/lib:/home/krristudent/gz-harmonic_ws/install/ros_gz_bridge/lib:/home/krristudent/gz-harmonic_ws/install/ros_gz_interfaces/lib:/usr/lib/x86_64-linux-gnu/gazebo-11/plugins:/opt/ros/humble/opt/rviz_ogre_vendor/lib:/opt/ros/humble/lib/x86_64-linux-gnu:/opt/ros/humble/lib:/home/krristudent/build/px4_sitl_default/build_gazebo-classic PYTHONPATH=/home/krristudent/HITL/sensor/install/px4_msgs/local/lib/python3.10/dist-packages:${PYTHONPATH} /usr/bin/cmake --build /home/krristudent/HITL/sensor/build/px4_ros_com -- -j8 -l8
[1.096s] Invoking command in '/home/krristudent/HITL/sensor/build/px4_ros_com': AMENT_PREFIX_PATH=/home/krristudent/HITL/sensor/install/px4_msgs:${AMENT_PREFIX_PATH} CMAKE_PREFIX_PATH=/home/krristudent/HITL/sensor/install/px4_msgs:/home/krristudent/HITL/sensor/install/px4_ros_com:/home/krristudent/gz-harmonic_ws/install/test_ros_gz_bridge:/home/krristudent/gz-harmonic_ws/install/ros_ign_interfaces:/home/krristudent/gz-harmonic_ws/install/ros_ign:/home/krristudent/gz-harmonic_ws/install/ros_ign_image:/home/krristudent/gz-harmonic_ws/install/ros_ign_gazebo_demos:/home/krristudent/gz-harmonic_ws/install/ros_ign_gazebo:/home/krristudent/gz-harmonic_ws/install/ros_ign_bridge:/home/krristudent/gz-harmonic_ws/install/ros_gz:/home/krristudent/gz-harmonic_ws/install/ros_gz_sim_demos:/home/krristudent/gz-harmonic_ws/install/ros_gz_sim:/home/krristudent/gz-harmonic_ws/install/ros_gz_image:/home/krristudent/gz-harmonic_ws/install/ros_gz_bridge:/home/krristudent/gz-harmonic_ws/install/ros_gz_interfaces:/home/krristudent/HITL/sensor/install/offboard:/home/krristudent/ros2_drone_sensor/install/lidar_distance:/opt/ros/humble LD_LIBRARY_PATH=/home/krristudent/HITL/sensor/install/px4_msgs/lib:/home/krristudent/HITL/sensor/install/px4_ros_com/lib:/home/krristudent/gz-harmonic_ws/install/ros_ign_interfaces/lib:/home/krristudent/gz-harmonic_ws/install/ros_gz_sim/lib:/home/krristudent/gz-harmonic_ws/install/ros_gz_bridge/lib:/home/krristudent/gz-harmonic_ws/install/ros_gz_interfaces/lib:/usr/lib/x86_64-linux-gnu/gazebo-11/plugins:/opt/ros/humble/opt/rviz_ogre_vendor/lib:/opt/ros/humble/lib/x86_64-linux-gnu:/opt/ros/humble/lib:/home/krristudent/build/px4_sitl_default/build_gazebo-classic PYTHONPATH=/home/krristudent/HITL/sensor/install/px4_msgs/local/lib/python3.10/dist-packages:${PYTHONPATH} /usr/bin/cmake --install /home/krristudent/HITL/sensor/build/px4_ros_com
[1.106s] -- Install configuration: ""
[1.107s] -- Execute custom install script
[1.107s] -- Up-to-date symlink: /home/krristudent/HITL/sensor/install/px4_ros_com/lib/px4_ros_com/sensor_combined_listener
[1.108s] -- Up-to-date symlink: /home/krristudent/HITL/sensor/install/px4_ros_com/lib/px4_ros_com/vehicle_gps_position_listener
[1.108s] -- Up-to-date symlink: /home/krristudent/HITL/sensor/install/px4_ros_com/lib/px4_ros_com/debug_vect_advertiser
[1.108s] -- Up-to-date symlink: /home/krristudent/HITL/sensor/install/px4_ros_com/lib/px4_ros_com/offboard_control
[1.108s] -- Up-to-date symlink: /home/krristudent/HITL/sensor/install/px4_ros_com/lib/px4_ros_com/offboard_control_srv
[1.109s] -- Up-to-date symlink: /home/krristudent/HITL/sensor/install/px4_ros_com/share/px4_ros_com/environment/library_path.sh
[1.109s] -- Up-to-date symlink: /home/krristudent/HITL/sensor/install/px4_ros_com/share/px4_ros_com/environment/library_path.dsv
[1.109s] -- Up-to-date symlink: /home/krristudent/HITL/sensor/install/px4_ros_com/include/px4_ros_com/frame_transforms.h
[1.110s] -- Up-to-date symlink: /home/krristudent/HITL/sensor/install/px4_ros_com/share/px4_ros_com//launch/offboard_control_launch.yaml
[1.111s] -- Up-to-date symlink: /home/krristudent/HITL/sensor/install/px4_ros_com/share/px4_ros_com//launch/sensor_combined_listener.launch.py
[1.112s] -- Up-to-date symlink: /home/krristudent/HITL/sensor/install/px4_ros_com/share/px4_ros_com//test/__init__.py
[1.112s] -- Up-to-date symlink: /home/krristudent/HITL/sensor/install/px4_ros_com/share/px4_ros_com//test/pipeline_io_test.py
[1.112s] -- Up-to-date symlink: /home/krristudent/HITL/sensor/install/px4_ros_com/share/px4_ros_com//test/test_input.py
[1.112s] -- Up-to-date symlink: /home/krristudent/HITL/sensor/install/px4_ros_com/share/px4_ros_com//test/test_output.py
[1.112s] -- Up-to-date symlink: /home/krristudent/HITL/sensor/install/px4_ros_com/share/px4_ros_com/environment/pythonpath.sh
[1.112s] -- Up-to-date symlink: /home/krristudent/HITL/sensor/install/px4_ros_com/share/px4_ros_com/environment/pythonpath.dsv
[1.113s] -- Up-to-date symlink: /home/krristudent/HITL/sensor/install/px4_ros_com/local/lib/python3.10/dist-packages/px4_ros_com-0.1.0-py3.10.egg-info/PKG-INFO
[1.113s] -- Up-to-date symlink: /home/krristudent/HITL/sensor/install/px4_ros_com/local/lib/python3.10/dist-packages/px4_ros_com-0.1.0-py3.10.egg-info/SOURCES.txt
[1.113s] -- Up-to-date symlink: /home/krristudent/HITL/sensor/install/px4_ros_com/local/lib/python3.10/dist-packages/px4_ros_com-0.1.0-py3.10.egg-info/dependency_links.txt
[1.113s] -- Up-to-date symlink: /home/krristudent/HITL/sensor/install/px4_ros_com/local/lib/python3.10/dist-packages/px4_ros_com-0.1.0-py3.10.egg-info/top_level.txt
[1.113s] -- Up-to-date symlink: /home/krristudent/HITL/sensor/install/px4_ros_com/local/lib/python3.10/dist-packages/px4_ros_com/__init__.py
[1.113s] -- Up-to-date symlink: /home/krristudent/HITL/sensor/install/px4_ros_com/local/lib/python3.10/dist-packages/px4_ros_com/module_to_import.py
[1.114s] -- Up-to-date symlink: /home/krristudent/HITL/sensor/install/px4_ros_com/lib/px4_ros_com/offboard_control.py
[1.114s] -- Up-to-date symlink: /home/krristudent/HITL/sensor/install/px4_ros_com/share/ament_index/resource_index/package_run_dependencies/px4_ros_com
[1.114s] -- Up-to-date symlink: /home/krristudent/HITL/sensor/install/px4_ros_com/share/ament_index/resource_index/parent_prefix_path/px4_ros_com
[1.114s] -- Up-to-date symlink: /home/krristudent/HITL/sensor/install/px4_ros_com/share/px4_ros_com/environment/ament_prefix_path.sh
[1.115s] -- Up-to-date symlink: /home/krristudent/HITL/sensor/install/px4_ros_com/share/px4_ros_com/environment/ament_prefix_path.dsv
[1.115s] -- Up-to-date symlink: /home/krristudent/HITL/sensor/install/px4_ros_com/share/px4_ros_com/environment/path.sh
[1.116s] -- Up-to-date symlink: /home/krristudent/HITL/sensor/install/px4_ros_com/share/px4_ros_com/environment/path.dsv
[1.116s] -- Up-to-date symlink: /home/krristudent/HITL/sensor/install/px4_ros_com/share/px4_ros_com/local_setup.bash
[1.117s] -- Up-to-date symlink: /home/krristudent/HITL/sensor/install/px4_ros_com/share/px4_ros_com/local_setup.sh
[1.117s] -- Up-to-date symlink: /home/krristudent/HITL/sensor/install/px4_ros_com/share/px4_ros_com/local_setup.zsh
[1.117s] -- Up-to-date symlink: /home/krristudent/HITL/sensor/install/px4_ros_com/share/px4_ros_com/local_setup.dsv
[1.118s] -- Symlinking: /home/krristudent/HITL/sensor/install/px4_ros_com/share/px4_ros_com/package.dsv
[1.131s] -- Up-to-date symlink: /home/krristudent/HITL/sensor/install/px4_ros_com/share/ament_index/resource_index/packages/px4_ros_com
[1.131s] -- Up-to-date symlink: /home/krristudent/HITL/sensor/install/px4_ros_com/share/px4_ros_com/cmake/ament_cmake_export_dependencies-extras.cmake
[1.132s] -- Up-to-date symlink: /home/krristudent/HITL/sensor/install/px4_ros_com/share/px4_ros_com/cmake/ament_cmake_export_targets-extras.cmake
[1.132s] -- Up-to-date symlink: /home/krristudent/HITL/sensor/install/px4_ros_com/share/px4_ros_com/cmake/ament_cmake_export_include_directories-extras.cmake
[1.133s] -- Up-to-date symlink: /home/krristudent/HITL/sensor/install/px4_ros_com/share/px4_ros_com/cmake/ament_cmake_export_libraries-extras.cmake
[1.133s] -- Up-to-date symlink: /home/krristudent/HITL/sensor/install/px4_ros_com/share/px4_ros_com/cmake/px4_ros_comConfig.cmake
[1.133s] -- Up-to-date symlink: /home/krristudent/HITL/sensor/install/px4_ros_com/share/px4_ros_com/cmake/px4_ros_comConfig-version.cmake
[1.134s] -- Up-to-date symlink: /home/krristudent/HITL/sensor/install/px4_ros_com/share/px4_ros_com/package.xml
[1.134s] -- Up-to-date: /home/krristudent/HITL/sensor/install/px4_ros_com/lib/libframe_transforms.so
[1.186s] Listing '/home/krristudent/HITL/sensor/install/px4_ros_com/local/lib/python3.10/dist-packages/px4_ros_com'...
[1.192s] -- Up-to-date: /home/krristudent/HITL/sensor/install/px4_ros_com/share/px4_ros_com/cmake/export_frame_transformsExport.cmake
[1.193s] -- Up-to-date: /home/krristudent/HITL/sensor/install/px4_ros_com/share/px4_ros_com/cmake/export_frame_transformsExport-noconfig.cmake
[1.196s] Invoked command in '/home/krristudent/HITL/sensor/build/px4_ros_com' returned '0': AMENT_PREFIX_PATH=/home/krristudent/HITL/sensor/install/px4_msgs:${AMENT_PREFIX_PATH} CMAKE_PREFIX_PATH=/home/krristudent/HITL/sensor/install/px4_msgs:/home/krristudent/HITL/sensor/install/px4_ros_com:/home/krristudent/gz-harmonic_ws/install/test_ros_gz_bridge:/home/krristudent/gz-harmonic_ws/install/ros_ign_interfaces:/home/krristudent/gz-harmonic_ws/install/ros_ign:/home/krristudent/gz-harmonic_ws/install/ros_ign_image:/home/krristudent/gz-harmonic_ws/install/ros_ign_gazebo_demos:/home/krristudent/gz-harmonic_ws/install/ros_ign_gazebo:/home/krristudent/gz-harmonic_ws/install/ros_ign_bridge:/home/krristudent/gz-harmonic_ws/install/ros_gz:/home/krristudent/gz-harmonic_ws/install/ros_gz_sim_demos:/home/krristudent/gz-harmonic_ws/install/ros_gz_sim:/home/krristudent/gz-harmonic_ws/install/ros_gz_image:/home/krristudent/gz-harmonic_ws/install/ros_gz_bridge:/home/krristudent/gz-harmonic_ws/install/ros_gz_interfaces:/home/krristudent/HITL/sensor/install/offboard:/home/krristudent/ros2_drone_sensor/install/lidar_distance:/opt/ros/humble LD_LIBRARY_PATH=/home/krristudent/HITL/sensor/install/px4_msgs/lib:/home/krristudent/HITL/sensor/install/px4_ros_com/lib:/home/krristudent/gz-harmonic_ws/install/ros_ign_interfaces/lib:/home/krristudent/gz-harmonic_ws/install/ros_gz_sim/lib:/home/krristudent/gz-harmonic_ws/install/ros_gz_bridge/lib:/home/krristudent/gz-harmonic_ws/install/ros_gz_interfaces/lib:/usr/lib/x86_64-linux-gnu/gazebo-11/plugins:/opt/ros/humble/opt/rviz_ogre_vendor/lib:/opt/ros/humble/lib/x86_64-linux-gnu:/opt/ros/humble/lib:/home/krristudent/build/px4_sitl_default/build_gazebo-classic PYTHONPATH=/home/krristudent/HITL/sensor/install/px4_msgs/local/lib/python3.10/dist-packages:${PYTHONPATH} /usr/bin/cmake --install /home/krristudent/HITL/sensor/build/px4_ros_com
