[0.368s] Invoking command in '/home/krristudent/HITL/sensor/build/px4_ros_com': AMENT_PREFIX_PATH=/home/krristudent/HITL/sensor/install/px4_msgs:${AMENT_PREFIX_PATH} CMAKE_PREFIX_PATH=/home/krristudent/HITL/sensor/install/px4_msgs:/home/krristudent/HITL/sensor/install/px4_ros_com:/home/krristudent/gz-harmonic_ws/install/test_ros_gz_bridge:/home/krristudent/gz-harmonic_ws/install/ros_ign_interfaces:/home/krristudent/gz-harmonic_ws/install/ros_ign:/home/krristudent/gz-harmonic_ws/install/ros_ign_image:/home/krristudent/gz-harmonic_ws/install/ros_ign_gazebo_demos:/home/krristudent/gz-harmonic_ws/install/ros_ign_gazebo:/home/krristudent/gz-harmonic_ws/install/ros_ign_bridge:/home/krristudent/gz-harmonic_ws/install/ros_gz:/home/krristudent/gz-harmonic_ws/install/ros_gz_sim_demos:/home/krristudent/gz-harmonic_ws/install/ros_gz_sim:/home/krristudent/gz-harmonic_ws/install/ros_gz_image:/home/krristudent/gz-harmonic_ws/install/ros_gz_bridge:/home/krristudent/gz-harmonic_ws/install/ros_gz_interfaces:/home/krristudent/HITL/sensor/install/offboard:/home/krristudent/ros2_drone_sensor/install/lidar_distance:/opt/ros/humble LD_LIBRARY_PATH=/home/krristudent/HITL/sensor/install/px4_msgs/lib:/home/krristudent/HITL/sensor/install/px4_ros_com/lib:/home/krristudent/gz-harmonic_ws/install/ros_ign_interfaces/lib:/home/krristudent/gz-harmonic_ws/install/ros_gz_sim/lib:/home/krristudent/gz-harmonic_ws/install/ros_gz_bridge/lib:/home/krristudent/gz-harmonic_ws/install/ros_gz_interfaces/lib:/usr/lib/x86_64-linux-gnu/gazebo-11/plugins:/opt/ros/humble/opt/rviz_ogre_vendor/lib:/opt/ros/humble/lib/x86_64-linux-gnu:/opt/ros/humble/lib:/home/krristudent/build/px4_sitl_default/build_gazebo-classic PYTHONPATH=/home/krristudent/HITL/sensor/install/px4_msgs/local/lib/python3.10/dist-packages:${PYTHONPATH} /usr/bin/cmake /home/krristudent/HITL/sensor/src/px4_ros_com -DAMENT_CMAKE_SYMLINK_INSTALL=1 -DCMAKE_INSTALL_PREFIX=/home/krristudent/HITL/sensor/install/px4_ros_com
[0.428s] -- The C compiler identification is GNU 11.4.0
[0.493s] -- The CXX compiler identification is GNU 11.4.0
[0.504s] -- Detecting C compiler ABI info
[0.598s] -- Detecting C compiler ABI info - done
[0.606s] -- Check for working C compiler: /usr/bin/cc - skipped
[0.607s] -- Detecting C compile features
[0.608s] -- Detecting C compile features - done
[0.614s] -- Detecting CXX compiler ABI info
[0.723s] -- Detecting CXX compiler ABI info - done
[0.738s] -- Check for working CXX compiler: /usr/bin/c++ - skipped
[0.738s] -- Detecting CXX compile features
[0.739s] -- Detecting CXX compile features - done
[0.744s] -- Found ament_cmake: 1.3.11 (/opt/ros/humble/share/ament_cmake/cmake)
[0.958s] -- Found Python3: /usr/bin/python3 (found version "3.10.12") found components: Interpreter 
[1.045s] -- Override CMake install command with custom implementation using symlinks instead of copying resources
[1.101s] -- Found builtin_interfaces: 1.2.1 (/opt/ros/humble/share/builtin_interfaces/cmake)
[1.166s] -- Found rosidl_generator_c: 3.1.6 (/opt/ros/humble/share/rosidl_generator_c/cmake)
[1.178s] -- Found rosidl_adapter: 3.1.6 (/opt/ros/humble/share/rosidl_adapter/cmake)
[1.195s] -- Found rosidl_generator_cpp: 3.1.6 (/opt/ros/humble/share/rosidl_generator_cpp/cmake)
[1.218s] -- Using all available rosidl_typesupport_c: rosidl_typesupport_fastrtps_c;rosidl_typesupport_introspection_c
[1.253s] -- Using all available rosidl_typesupport_cpp: rosidl_typesupport_fastrtps_cpp;rosidl_typesupport_introspection_cpp
[1.276s] -- Found eigen3_cmake_module: 0.1.1 (/opt/ros/humble/share/eigen3_cmake_module/cmake)
[1.290s] -- Found Eigen3: TRUE (found version "3.4.0") 
[1.294s] -- Found geometry_msgs: 4.2.4 (/opt/ros/humble/share/geometry_msgs/cmake)
[1.348s] -- Found px4_msgs: 2.0.1 (/home/krristudent/HITL/sensor/install/px4_msgs/share/px4_msgs/cmake)
[1.373s] -- Found rclcpp: 16.0.11 (/opt/ros/humble/share/rclcpp/cmake)
[1.456s] -- Found rmw_implementation_cmake: 6.1.2 (/opt/ros/humble/share/rmw_implementation_cmake/cmake)
[1.464s] -- Found rmw_cyclonedds_cpp: 1.3.4 (/opt/ros/humble/share/rmw_cyclonedds_cpp/cmake)
[1.510s] -- Using RMW implementation 'rmw_cyclonedds_cpp' as default
[1.530s] -- Looking for pthread.h
[1.613s] -- Looking for pthread.h - found
[1.613s] -- Performing Test CMAKE_HAVE_LIBC_PTHREAD
[1.702s] -- Performing Test CMAKE_HAVE_LIBC_PTHREAD - Success
[1.704s] -- Found Threads: TRUE  
[1.787s] -- Found sensor_msgs: 4.2.4 (/opt/ros/humble/share/sensor_msgs/cmake)
[1.834s] -- Found rclpy: 3.3.15 (/opt/ros/humble/share/rclpy/cmake)
[1.850s] -- Found ament_lint_auto: 0.12.11 (/opt/ros/humble/share/ament_lint_auto/cmake)
[1.995s] -- Added test 'copyright' to check source files copyright and LICENSE
[2.003s] -- Added test 'cppcheck' to perform static code analysis on C / C++ code
[2.004s] -- Configured cppcheck include dirs: /home/krristudent/HITL/sensor/src/px4_ros_com/include;$<BUILD_INTERFACE:/home/krristudent/HITL/sensor/src/px4_ros_com/include/px4_ros_com>
[2.004s] -- Configured cppcheck exclude dirs and/or files: 
[2.012s] -- Added test 'cpplint' to check C / C++ code against the Google style
[2.012s] -- Configured cpplint exclude dirs and/or files: 
[2.014s] -- Added test 'flake8' to check Python code syntax and style conventions
[2.017s] -- Added test 'lint_cmake' to check CMake code style
[2.019s] -- Added test 'pep257' to check Python code against some of the docstring style conventions in PEP 257
[2.027s] -- Added test 'uncrustify' to check C / C++ code style
[2.027s] -- Configured uncrustify additional arguments: 
[2.029s] -- Added test 'xmllint' to check XML markup files
[2.035s] -- Configuring done
[2.073s] -- Generating done
[2.087s] -- Build files have been written to: /home/krristudent/HITL/sensor/build/px4_ros_com
[2.100s] Invoked command in '/home/krristudent/HITL/sensor/build/px4_ros_com' returned '0': AMENT_PREFIX_PATH=/home/krristudent/HITL/sensor/install/px4_msgs:${AMENT_PREFIX_PATH} CMAKE_PREFIX_PATH=/home/krristudent/HITL/sensor/install/px4_msgs:/home/krristudent/HITL/sensor/install/px4_ros_com:/home/krristudent/gz-harmonic_ws/install/test_ros_gz_bridge:/home/krristudent/gz-harmonic_ws/install/ros_ign_interfaces:/home/krristudent/gz-harmonic_ws/install/ros_ign:/home/krristudent/gz-harmonic_ws/install/ros_ign_image:/home/krristudent/gz-harmonic_ws/install/ros_ign_gazebo_demos:/home/krristudent/gz-harmonic_ws/install/ros_ign_gazebo:/home/krristudent/gz-harmonic_ws/install/ros_ign_bridge:/home/krristudent/gz-harmonic_ws/install/ros_gz:/home/krristudent/gz-harmonic_ws/install/ros_gz_sim_demos:/home/krristudent/gz-harmonic_ws/install/ros_gz_sim:/home/krristudent/gz-harmonic_ws/install/ros_gz_image:/home/krristudent/gz-harmonic_ws/install/ros_gz_bridge:/home/krristudent/gz-harmonic_ws/install/ros_gz_interfaces:/home/krristudent/HITL/sensor/install/offboard:/home/krristudent/ros2_drone_sensor/install/lidar_distance:/opt/ros/humble LD_LIBRARY_PATH=/home/krristudent/HITL/sensor/install/px4_msgs/lib:/home/krristudent/HITL/sensor/install/px4_ros_com/lib:/home/krristudent/gz-harmonic_ws/install/ros_ign_interfaces/lib:/home/krristudent/gz-harmonic_ws/install/ros_gz_sim/lib:/home/krristudent/gz-harmonic_ws/install/ros_gz_bridge/lib:/home/krristudent/gz-harmonic_ws/install/ros_gz_interfaces/lib:/usr/lib/x86_64-linux-gnu/gazebo-11/plugins:/opt/ros/humble/opt/rviz_ogre_vendor/lib:/opt/ros/humble/lib/x86_64-linux-gnu:/opt/ros/humble/lib:/home/krristudent/build/px4_sitl_default/build_gazebo-classic PYTHONPATH=/home/krristudent/HITL/sensor/install/px4_msgs/local/lib/python3.10/dist-packages:${PYTHONPATH} /usr/bin/cmake /home/krristudent/HITL/sensor/src/px4_ros_com -DAMENT_CMAKE_SYMLINK_INSTALL=1 -DCMAKE_INSTALL_PREFIX=/home/krristudent/HITL/sensor/install/px4_ros_com
[2.102s] Invoking command in '/home/krristudent/HITL/sensor/build/px4_ros_com': AMENT_PREFIX_PATH=/home/krristudent/HITL/sensor/install/px4_msgs:${AMENT_PREFIX_PATH} CMAKE_PREFIX_PATH=/home/krristudent/HITL/sensor/install/px4_msgs:/home/krristudent/HITL/sensor/install/px4_ros_com:/home/krristudent/gz-harmonic_ws/install/test_ros_gz_bridge:/home/krristudent/gz-harmonic_ws/install/ros_ign_interfaces:/home/krristudent/gz-harmonic_ws/install/ros_ign:/home/krristudent/gz-harmonic_ws/install/ros_ign_image:/home/krristudent/gz-harmonic_ws/install/ros_ign_gazebo_demos:/home/krristudent/gz-harmonic_ws/install/ros_ign_gazebo:/home/krristudent/gz-harmonic_ws/install/ros_ign_bridge:/home/krristudent/gz-harmonic_ws/install/ros_gz:/home/krristudent/gz-harmonic_ws/install/ros_gz_sim_demos:/home/krristudent/gz-harmonic_ws/install/ros_gz_sim:/home/krristudent/gz-harmonic_ws/install/ros_gz_image:/home/krristudent/gz-harmonic_ws/install/ros_gz_bridge:/home/krristudent/gz-harmonic_ws/install/ros_gz_interfaces:/home/krristudent/HITL/sensor/install/offboard:/home/krristudent/ros2_drone_sensor/install/lidar_distance:/opt/ros/humble LD_LIBRARY_PATH=/home/krristudent/HITL/sensor/install/px4_msgs/lib:/home/krristudent/HITL/sensor/install/px4_ros_com/lib:/home/krristudent/gz-harmonic_ws/install/ros_ign_interfaces/lib:/home/krristudent/gz-harmonic_ws/install/ros_gz_sim/lib:/home/krristudent/gz-harmonic_ws/install/ros_gz_bridge/lib:/home/krristudent/gz-harmonic_ws/install/ros_gz_interfaces/lib:/usr/lib/x86_64-linux-gnu/gazebo-11/plugins:/opt/ros/humble/opt/rviz_ogre_vendor/lib:/opt/ros/humble/lib/x86_64-linux-gnu:/opt/ros/humble/lib:/home/krristudent/build/px4_sitl_default/build_gazebo-classic PYTHONPATH=/home/krristudent/HITL/sensor/install/px4_msgs/local/lib/python3.10/dist-packages:${PYTHONPATH} /usr/bin/cmake --build /home/krristudent/HITL/sensor/build/px4_ros_com -- -j8 -l8
[2.160s] [  8%] [32mBuilding CXX object CMakeFiles/sensor_combined_listener.dir/src/examples/listeners/sensor_combined_listener.cpp.o[0m
[2.161s] [ 16%] [32mBuilding CXX object CMakeFiles/frame_transforms.dir/src/lib/frame_transforms.cpp.o[0m
[10.741s] [ 25%] [32m[1mLinking CXX shared library libframe_transforms.so[0m
[11.246s] [ 25%] Built target frame_transforms
[11.275s] [ 33%] [32mBuilding CXX object CMakeFiles/offboard_control_srv.dir/src/examples/offboard/offboard_control_srv.cpp.o[0m
[11.276s] [ 41%] [32mBuilding CXX object CMakeFiles/offboard_control.dir/src/examples/offboard/offboard_control.cpp.o[0m
[11.292s] [ 41%] Built target ament_cmake_python_symlink_px4_ros_com
[11.330s] [ 50%] [32mBuilding CXX object CMakeFiles/debug_vect_advertiser.dir/src/examples/advertisers/debug_vect_advertiser.cpp.o[0m
[12.142s] [ 58%] [32m[1mLinking CXX executable sensor_combined_listener[0m
[12.805s] [ 58%] Built target sensor_combined_listener
[12.843s] [ 66%] [32mBuilding CXX object CMakeFiles/vehicle_gps_position_listener.dir/src/examples/listeners/vehicle_gps_position_listener.cpp.o[0m
[13.385s] running egg_info
[13.386s] creating px4_ros_com.egg-info
[13.386s] writing px4_ros_com.egg-info/PKG-INFO
[13.387s] writing dependency_links to px4_ros_com.egg-info/dependency_links.txt
[13.387s] writing top-level names to px4_ros_com.egg-info/top_level.txt
[13.387s] writing manifest file 'px4_ros_com.egg-info/SOURCES.txt'
[13.391s] reading manifest file 'px4_ros_com.egg-info/SOURCES.txt'
[13.392s] writing manifest file 'px4_ros_com.egg-info/SOURCES.txt'
[13.432s] [ 66%] Built target ament_cmake_python_build_px4_ros_com_egg
[17.790s] [ 75%] [32m[1mLinking CXX executable debug_vect_advertiser[0m
[18.146s] [ 75%] Built target debug_vect_advertiser
[19.174s] [ 83%] [32m[1mLinking CXX executable offboard_control[0m
[19.557s] [ 83%] Built target offboard_control
[19.844s] [ 91%] [32m[1mLinking CXX executable offboard_control_srv[0m
[20.141s] [ 91%] Built target offboard_control_srv
[23.824s] [100%] [32m[1mLinking CXX executable vehicle_gps_position_listener[0m
[24.251s] [100%] Built target vehicle_gps_position_listener
[24.264s] Invoked command in '/home/krristudent/HITL/sensor/build/px4_ros_com' returned '0': AMENT_PREFIX_PATH=/home/krristudent/HITL/sensor/install/px4_msgs:${AMENT_PREFIX_PATH} CMAKE_PREFIX_PATH=/home/krristudent/HITL/sensor/install/px4_msgs:/home/krristudent/HITL/sensor/install/px4_ros_com:/home/krristudent/gz-harmonic_ws/install/test_ros_gz_bridge:/home/krristudent/gz-harmonic_ws/install/ros_ign_interfaces:/home/krristudent/gz-harmonic_ws/install/ros_ign:/home/krristudent/gz-harmonic_ws/install/ros_ign_image:/home/krristudent/gz-harmonic_ws/install/ros_ign_gazebo_demos:/home/krristudent/gz-harmonic_ws/install/ros_ign_gazebo:/home/krristudent/gz-harmonic_ws/install/ros_ign_bridge:/home/krristudent/gz-harmonic_ws/install/ros_gz:/home/krristudent/gz-harmonic_ws/install/ros_gz_sim_demos:/home/krristudent/gz-harmonic_ws/install/ros_gz_sim:/home/krristudent/gz-harmonic_ws/install/ros_gz_image:/home/krristudent/gz-harmonic_ws/install/ros_gz_bridge:/home/krristudent/gz-harmonic_ws/install/ros_gz_interfaces:/home/krristudent/HITL/sensor/install/offboard:/home/krristudent/ros2_drone_sensor/install/lidar_distance:/opt/ros/humble LD_LIBRARY_PATH=/home/krristudent/HITL/sensor/install/px4_msgs/lib:/home/krristudent/HITL/sensor/install/px4_ros_com/lib:/home/krristudent/gz-harmonic_ws/install/ros_ign_interfaces/lib:/home/krristudent/gz-harmonic_ws/install/ros_gz_sim/lib:/home/krristudent/gz-harmonic_ws/install/ros_gz_bridge/lib:/home/krristudent/gz-harmonic_ws/install/ros_gz_interfaces/lib:/usr/lib/x86_64-linux-gnu/gazebo-11/plugins:/opt/ros/humble/opt/rviz_ogre_vendor/lib:/opt/ros/humble/lib/x86_64-linux-gnu:/opt/ros/humble/lib:/home/krristudent/build/px4_sitl_default/build_gazebo-classic PYTHONPATH=/home/krristudent/HITL/sensor/install/px4_msgs/local/lib/python3.10/dist-packages:${PYTHONPATH} /usr/bin/cmake --build /home/krristudent/HITL/sensor/build/px4_ros_com -- -j8 -l8
[24.267s] Invoking command in '/home/krristudent/HITL/sensor/build/px4_ros_com': AMENT_PREFIX_PATH=/home/krristudent/HITL/sensor/install/px4_msgs:${AMENT_PREFIX_PATH} CMAKE_PREFIX_PATH=/home/krristudent/HITL/sensor/install/px4_msgs:/home/krristudent/HITL/sensor/install/px4_ros_com:/home/krristudent/gz-harmonic_ws/install/test_ros_gz_bridge:/home/krristudent/gz-harmonic_ws/install/ros_ign_interfaces:/home/krristudent/gz-harmonic_ws/install/ros_ign:/home/krristudent/gz-harmonic_ws/install/ros_ign_image:/home/krristudent/gz-harmonic_ws/install/ros_ign_gazebo_demos:/home/krristudent/gz-harmonic_ws/install/ros_ign_gazebo:/home/krristudent/gz-harmonic_ws/install/ros_ign_bridge:/home/krristudent/gz-harmonic_ws/install/ros_gz:/home/krristudent/gz-harmonic_ws/install/ros_gz_sim_demos:/home/krristudent/gz-harmonic_ws/install/ros_gz_sim:/home/krristudent/gz-harmonic_ws/install/ros_gz_image:/home/krristudent/gz-harmonic_ws/install/ros_gz_bridge:/home/krristudent/gz-harmonic_ws/install/ros_gz_interfaces:/home/krristudent/HITL/sensor/install/offboard:/home/krristudent/ros2_drone_sensor/install/lidar_distance:/opt/ros/humble LD_LIBRARY_PATH=/home/krristudent/HITL/sensor/install/px4_msgs/lib:/home/krristudent/HITL/sensor/install/px4_ros_com/lib:/home/krristudent/gz-harmonic_ws/install/ros_ign_interfaces/lib:/home/krristudent/gz-harmonic_ws/install/ros_gz_sim/lib:/home/krristudent/gz-harmonic_ws/install/ros_gz_bridge/lib:/home/krristudent/gz-harmonic_ws/install/ros_gz_interfaces/lib:/usr/lib/x86_64-linux-gnu/gazebo-11/plugins:/opt/ros/humble/opt/rviz_ogre_vendor/lib:/opt/ros/humble/lib/x86_64-linux-gnu:/opt/ros/humble/lib:/home/krristudent/build/px4_sitl_default/build_gazebo-classic PYTHONPATH=/home/krristudent/HITL/sensor/install/px4_msgs/local/lib/python3.10/dist-packages:${PYTHONPATH} /usr/bin/cmake --install /home/krristudent/HITL/sensor/build/px4_ros_com
[24.276s] -- Install configuration: ""
[24.276s] -- Execute custom install script
[24.276s] -- Symlinking: /home/krristudent/HITL/sensor/install/px4_ros_com/lib/px4_ros_com/sensor_combined_listener
[24.286s] -- Symlinking: /home/krristudent/HITL/sensor/install/px4_ros_com/lib/px4_ros_com/vehicle_gps_position_listener
[24.297s] -- Symlinking: /home/krristudent/HITL/sensor/install/px4_ros_com/lib/px4_ros_com/debug_vect_advertiser
[24.310s] -- Symlinking: /home/krristudent/HITL/sensor/install/px4_ros_com/lib/px4_ros_com/offboard_control
[24.320s] -- Symlinking: /home/krristudent/HITL/sensor/install/px4_ros_com/lib/px4_ros_com/offboard_control_srv
[24.329s] -- Symlinking: /home/krristudent/HITL/sensor/install/px4_ros_com/share/px4_ros_com/environment/library_path.sh
[24.339s] -- Symlinking: /home/krristudent/HITL/sensor/install/px4_ros_com/share/px4_ros_com/environment/library_path.dsv
[24.352s] -- Symlinking: /home/krristudent/HITL/sensor/install/px4_ros_com/include/px4_ros_com/frame_transforms.h
[24.363s] -- Symlinking: /home/krristudent/HITL/sensor/install/px4_ros_com/share/px4_ros_com//launch/offboard_control_launch.yaml
[24.372s] -- Symlinking: /home/krristudent/HITL/sensor/install/px4_ros_com/share/px4_ros_com//launch/sensor_combined_listener.launch.py
[24.382s] -- Symlinking: /home/krristudent/HITL/sensor/install/px4_ros_com/share/px4_ros_com//test/__init__.py
[24.392s] -- Symlinking: /home/krristudent/HITL/sensor/install/px4_ros_com/share/px4_ros_com//test/pipeline_io_test.py
[24.402s] -- Symlinking: /home/krristudent/HITL/sensor/install/px4_ros_com/share/px4_ros_com//test/test_input.py
[24.411s] -- Symlinking: /home/krristudent/HITL/sensor/install/px4_ros_com/share/px4_ros_com//test/test_output.py
[24.421s] -- Symlinking: /home/krristudent/HITL/sensor/install/px4_ros_com/share/px4_ros_com/environment/pythonpath.sh
[24.431s] -- Symlinking: /home/krristudent/HITL/sensor/install/px4_ros_com/share/px4_ros_com/environment/pythonpath.dsv
[24.441s] -- Symlinking: /home/krristudent/HITL/sensor/install/px4_ros_com/local/lib/python3.10/dist-packages/px4_ros_com-0.1.0-py3.10.egg-info/PKG-INFO
[24.452s] -- Symlinking: /home/krristudent/HITL/sensor/install/px4_ros_com/local/lib/python3.10/dist-packages/px4_ros_com-0.1.0-py3.10.egg-info/SOURCES.txt
[24.468s] -- Symlinking: /home/krristudent/HITL/sensor/install/px4_ros_com/local/lib/python3.10/dist-packages/px4_ros_com-0.1.0-py3.10.egg-info/dependency_links.txt
[24.478s] -- Symlinking: /home/krristudent/HITL/sensor/install/px4_ros_com/local/lib/python3.10/dist-packages/px4_ros_com-0.1.0-py3.10.egg-info/top_level.txt
[24.490s] -- Symlinking: /home/krristudent/HITL/sensor/install/px4_ros_com/local/lib/python3.10/dist-packages/px4_ros_com/__init__.py
[24.500s] -- Symlinking: /home/krristudent/HITL/sensor/install/px4_ros_com/local/lib/python3.10/dist-packages/px4_ros_com/module_to_import.py
[24.510s] -- Symlinking: /home/krristudent/HITL/sensor/install/px4_ros_com/lib/px4_ros_com/offboard_control.py
[24.520s] -- Symlinking: /home/krristudent/HITL/sensor/install/px4_ros_com/share/ament_index/resource_index/package_run_dependencies/px4_ros_com
[24.529s] -- Symlinking: /home/krristudent/HITL/sensor/install/px4_ros_com/share/ament_index/resource_index/parent_prefix_path/px4_ros_com
[24.538s] -- Symlinking: /home/krristudent/HITL/sensor/install/px4_ros_com/share/px4_ros_com/environment/ament_prefix_path.sh
[24.548s] -- Symlinking: /home/krristudent/HITL/sensor/install/px4_ros_com/share/px4_ros_com/environment/ament_prefix_path.dsv
[24.557s] -- Symlinking: /home/krristudent/HITL/sensor/install/px4_ros_com/share/px4_ros_com/environment/path.sh
[24.567s] -- Symlinking: /home/krristudent/HITL/sensor/install/px4_ros_com/share/px4_ros_com/environment/path.dsv
[24.578s] -- Symlinking: /home/krristudent/HITL/sensor/install/px4_ros_com/share/px4_ros_com/local_setup.bash
[24.588s] -- Symlinking: /home/krristudent/HITL/sensor/install/px4_ros_com/share/px4_ros_com/local_setup.sh
[24.598s] -- Symlinking: /home/krristudent/HITL/sensor/install/px4_ros_com/share/px4_ros_com/local_setup.zsh
[24.607s] -- Symlinking: /home/krristudent/HITL/sensor/install/px4_ros_com/share/px4_ros_com/local_setup.dsv
[24.616s] -- Symlinking: /home/krristudent/HITL/sensor/install/px4_ros_com/share/px4_ros_com/package.dsv
[24.626s] -- Symlinking: /home/krristudent/HITL/sensor/install/px4_ros_com/share/ament_index/resource_index/packages/px4_ros_com
[24.636s] -- Symlinking: /home/krristudent/HITL/sensor/install/px4_ros_com/share/px4_ros_com/cmake/ament_cmake_export_dependencies-extras.cmake
[24.645s] -- Symlinking: /home/krristudent/HITL/sensor/install/px4_ros_com/share/px4_ros_com/cmake/ament_cmake_export_targets-extras.cmake
[24.655s] -- Symlinking: /home/krristudent/HITL/sensor/install/px4_ros_com/share/px4_ros_com/cmake/ament_cmake_export_include_directories-extras.cmake
[24.671s] -- Symlinking: /home/krristudent/HITL/sensor/install/px4_ros_com/share/px4_ros_com/cmake/ament_cmake_export_libraries-extras.cmake
[24.681s] -- Symlinking: /home/krristudent/HITL/sensor/install/px4_ros_com/share/px4_ros_com/cmake/px4_ros_comConfig.cmake
[24.692s] -- Symlinking: /home/krristudent/HITL/sensor/install/px4_ros_com/share/px4_ros_com/cmake/px4_ros_comConfig-version.cmake
[24.705s] -- Symlinking: /home/krristudent/HITL/sensor/install/px4_ros_com/share/px4_ros_com/package.xml
[24.714s] -- Installing: /home/krristudent/HITL/sensor/install/px4_ros_com/lib/libframe_transforms.so
[24.720s] -- Set runtime path of "/home/krristudent/HITL/sensor/install/px4_ros_com/lib/libframe_transforms.so" to ""
[24.756s] Listing '/home/krristudent/HITL/sensor/install/px4_ros_com/local/lib/python3.10/dist-packages/px4_ros_com'...
[24.757s] Compiling '/home/krristudent/HITL/sensor/install/px4_ros_com/local/lib/python3.10/dist-packages/px4_ros_com/__init__.py'...
[24.757s] Compiling '/home/krristudent/HITL/sensor/install/px4_ros_com/local/lib/python3.10/dist-packages/px4_ros_com/module_to_import.py'...
[24.762s] -- Installing: /home/krristudent/HITL/sensor/install/px4_ros_com/share/px4_ros_com/cmake/export_frame_transformsExport.cmake
[24.762s] -- Installing: /home/krristudent/HITL/sensor/install/px4_ros_com/share/px4_ros_com/cmake/export_frame_transformsExport-noconfig.cmake
[24.766s] Invoked command in '/home/krristudent/HITL/sensor/build/px4_ros_com' returned '0': AMENT_PREFIX_PATH=/home/krristudent/HITL/sensor/install/px4_msgs:${AMENT_PREFIX_PATH} CMAKE_PREFIX_PATH=/home/krristudent/HITL/sensor/install/px4_msgs:/home/krristudent/HITL/sensor/install/px4_ros_com:/home/krristudent/gz-harmonic_ws/install/test_ros_gz_bridge:/home/krristudent/gz-harmonic_ws/install/ros_ign_interfaces:/home/krristudent/gz-harmonic_ws/install/ros_ign:/home/krristudent/gz-harmonic_ws/install/ros_ign_image:/home/krristudent/gz-harmonic_ws/install/ros_ign_gazebo_demos:/home/krristudent/gz-harmonic_ws/install/ros_ign_gazebo:/home/krristudent/gz-harmonic_ws/install/ros_ign_bridge:/home/krristudent/gz-harmonic_ws/install/ros_gz:/home/krristudent/gz-harmonic_ws/install/ros_gz_sim_demos:/home/krristudent/gz-harmonic_ws/install/ros_gz_sim:/home/krristudent/gz-harmonic_ws/install/ros_gz_image:/home/krristudent/gz-harmonic_ws/install/ros_gz_bridge:/home/krristudent/gz-harmonic_ws/install/ros_gz_interfaces:/home/krristudent/HITL/sensor/install/offboard:/home/krristudent/ros2_drone_sensor/install/lidar_distance:/opt/ros/humble LD_LIBRARY_PATH=/home/krristudent/HITL/sensor/install/px4_msgs/lib:/home/krristudent/HITL/sensor/install/px4_ros_com/lib:/home/krristudent/gz-harmonic_ws/install/ros_ign_interfaces/lib:/home/krristudent/gz-harmonic_ws/install/ros_gz_sim/lib:/home/krristudent/gz-harmonic_ws/install/ros_gz_bridge/lib:/home/krristudent/gz-harmonic_ws/install/ros_gz_interfaces/lib:/usr/lib/x86_64-linux-gnu/gazebo-11/plugins:/opt/ros/humble/opt/rviz_ogre_vendor/lib:/opt/ros/humble/lib/x86_64-linux-gnu:/opt/ros/humble/lib:/home/krristudent/build/px4_sitl_default/build_gazebo-classic PYTHONPATH=/home/krristudent/HITL/sensor/install/px4_msgs/local/lib/python3.10/dist-packages:${PYTHONPATH} /usr/bin/cmake --install /home/krristudent/HITL/sensor/build/px4_ros_com
