[0.339s] DEBUG:colcon:Command line arguments: ['/usr/bin/colcon', 'build', '--symlink-install']
[0.340s] DEBUG:colcon:Parsed command line arguments: Namespace(log_base=None, log_level=None, verb_name='build', build_base='build', install_base='install', merge_install=False, symlink_install=True, test_result_base=None, continue_on_error=False, executor='parallel', parallel_workers=8, event_handlers=None, ignore_user_meta=False, metas=['./colcon.meta'], base_paths=['.'], packages_ignore=None, packages_ignore_regex=None, paths=None, packages_up_to=None, packages_up_to_regex=None, packages_above=None, packages_above_and_dependencies=None, packages_above_depth=None, packages_select_by_dep=None, packages_skip_by_dep=None, packages_skip_up_to=None, packages_select_build_failed=False, packages_skip_build_finished=False, packages_select_test_failures=False, packages_skip_test_passed=False, packages_select=None, packages_skip=None, packages_select_regex=None, packages_skip_regex=None, packages_start=None, packages_end=None, allow_overriding=[], cmake_args=None, cmake_target=None, cmake_target_skip_unavailable=False, cmake_clean_cache=False, cmake_clean_first=False, cmake_force_configure=False, ament_cmake_args=None, catkin_cmake_args=None, catkin_skip_building_tests=False, mixin_files=None, mixin=None, verb_parser=<colcon_mixin.mixin.mixin_argument.MixinArgumentDecorator object at 0xffffa3759720>, verb_extension=<colcon_core.verb.build.BuildVerb object at 0xffffa3759210>, main=<bound method BuildVerb.main of <colcon_core.verb.build.BuildVerb object at 0xffffa3759210>>, mixin_verb=('build',))
[0.756s] Level 1:colcon.colcon_core.package_discovery:discover_packages(colcon_meta) check parameters
[0.756s] Level 1:colcon.colcon_core.package_discovery:discover_packages(recursive) check parameters
[0.756s] Level 1:colcon.colcon_core.package_discovery:discover_packages(ignore) check parameters
[0.756s] Level 1:colcon.colcon_core.package_discovery:discover_packages(path) check parameters
[0.756s] Level 1:colcon.colcon_core.package_discovery:discover_packages(colcon_meta) discover
[0.756s] Level 1:colcon.colcon_core.package_discovery:discover_packages(recursive) discover
[0.757s] INFO:colcon.colcon_core.package_discovery:Crawling recursively for packages in '/home/jetson2/ws_sensor_combined'
[0.757s] Level 1:colcon.colcon_core.package_identification:_identify(.) by extensions ['ignore', 'ignore_ament_install']
[0.757s] Level 1:colcon.colcon_core.package_identification:_identify(.) by extension 'ignore'
[0.757s] Level 1:colcon.colcon_core.package_identification:_identify(.) by extension 'ignore_ament_install'
[0.757s] Level 1:colcon.colcon_core.package_identification:_identify(.) by extensions ['colcon_pkg']
[0.757s] Level 1:colcon.colcon_core.package_identification:_identify(.) by extension 'colcon_pkg'
[0.757s] Level 1:colcon.colcon_core.package_identification:_identify(.) by extensions ['colcon_meta']
[0.758s] Level 1:colcon.colcon_core.package_identification:_identify(.) by extension 'colcon_meta'
[0.758s] Level 1:colcon.colcon_core.package_identification:_identify(.) by extensions ['ros']
[0.758s] Level 1:colcon.colcon_core.package_identification:_identify(.) by extension 'ros'
[0.781s] Level 1:colcon.colcon_core.package_identification:_identify(.) by extensions ['cmake', 'python']
[0.782s] Level 1:colcon.colcon_core.package_identification:_identify(.) by extension 'cmake'
[0.782s] Level 1:colcon.colcon_core.package_identification:_identify(.) by extension 'python'
[0.782s] Level 1:colcon.colcon_core.package_identification:_identify(.) by extensions ['python_setup_py']
[0.782s] Level 1:colcon.colcon_core.package_identification:_identify(.) by extension 'python_setup_py'
[0.782s] Level 1:colcon.colcon_core.package_identification:_identify(build) by extensions ['ignore', 'ignore_ament_install']
[0.782s] Level 1:colcon.colcon_core.package_identification:_identify(build) by extension 'ignore'
[0.782s] Level 1:colcon.colcon_core.package_identification:_identify(build) ignored
[0.783s] Level 1:colcon.colcon_core.package_identification:_identify(install) by extensions ['ignore', 'ignore_ament_install']
[0.783s] Level 1:colcon.colcon_core.package_identification:_identify(install) by extension 'ignore'
[0.783s] Level 1:colcon.colcon_core.package_identification:_identify(install) ignored
[0.784s] Level 1:colcon.colcon_core.package_identification:_identify(log) by extensions ['ignore', 'ignore_ament_install']
[0.784s] Level 1:colcon.colcon_core.package_identification:_identify(log) by extension 'ignore'
[0.784s] Level 1:colcon.colcon_core.package_identification:_identify(log) ignored
[0.784s] Level 1:colcon.colcon_core.package_identification:_identify(src) by extensions ['ignore', 'ignore_ament_install']
[0.784s] Level 1:colcon.colcon_core.package_identification:_identify(src) by extension 'ignore'
[0.785s] Level 1:colcon.colcon_core.package_identification:_identify(src) by extension 'ignore_ament_install'
[0.785s] Level 1:colcon.colcon_core.package_identification:_identify(src) by extensions ['colcon_pkg']
[0.785s] Level 1:colcon.colcon_core.package_identification:_identify(src) by extension 'colcon_pkg'
[0.785s] Level 1:colcon.colcon_core.package_identification:_identify(src) by extensions ['colcon_meta']
[0.785s] Level 1:colcon.colcon_core.package_identification:_identify(src) by extension 'colcon_meta'
[0.785s] Level 1:colcon.colcon_core.package_identification:_identify(src) by extensions ['ros']
[0.785s] Level 1:colcon.colcon_core.package_identification:_identify(src) by extension 'ros'
[0.785s] Level 1:colcon.colcon_core.package_identification:_identify(src) by extensions ['cmake', 'python']
[0.785s] Level 1:colcon.colcon_core.package_identification:_identify(src) by extension 'cmake'
[0.786s] Level 1:colcon.colcon_core.package_identification:_identify(src) by extension 'python'
[0.786s] Level 1:colcon.colcon_core.package_identification:_identify(src) by extensions ['python_setup_py']
[0.786s] Level 1:colcon.colcon_core.package_identification:_identify(src) by extension 'python_setup_py'
[0.787s] Level 1:colcon.colcon_core.package_identification:_identify(src/build) by extensions ['ignore', 'ignore_ament_install']
[0.787s] Level 1:colcon.colcon_core.package_identification:_identify(src/build) by extension 'ignore'
[0.787s] Level 1:colcon.colcon_core.package_identification:_identify(src/build) by extension 'ignore_ament_install'
[0.787s] Level 1:colcon.colcon_core.package_identification:_identify(src/build) by extensions ['colcon_pkg']
[0.787s] Level 1:colcon.colcon_core.package_identification:_identify(src/build) by extension 'colcon_pkg'
[0.787s] Level 1:colcon.colcon_core.package_identification:_identify(src/build) by extensions ['colcon_meta']
[0.787s] Level 1:colcon.colcon_core.package_identification:_identify(src/build) by extension 'colcon_meta'
[0.787s] Level 1:colcon.colcon_core.package_identification:_identify(src/build) by extensions ['ros']
[0.787s] Level 1:colcon.colcon_core.package_identification:_identify(src/build) by extension 'ros'
[0.788s] Level 1:colcon.colcon_core.package_identification:_identify(src/build) by extensions ['cmake', 'python']
[0.788s] Level 1:colcon.colcon_core.package_identification:_identify(src/build) by extension 'cmake'
[0.788s] Level 1:colcon.colcon_core.package_identification:_identify(src/build) by extension 'python'
[0.788s] Level 1:colcon.colcon_core.package_identification:_identify(src/build) by extensions ['python_setup_py']
[0.788s] Level 1:colcon.colcon_core.package_identification:_identify(src/build) by extension 'python_setup_py'
[0.788s] Level 1:colcon.colcon_core.package_identification:_identify(src/build/CMakeFiles) by extensions ['ignore', 'ignore_ament_install']
[0.788s] Level 1:colcon.colcon_core.package_identification:_identify(src/build/CMakeFiles) by extension 'ignore'
[0.789s] Level 1:colcon.colcon_core.package_identification:_identify(src/build/CMakeFiles) by extension 'ignore_ament_install'
[0.789s] Level 1:colcon.colcon_core.package_identification:_identify(src/build/CMakeFiles) by extensions ['colcon_pkg']
[0.789s] Level 1:colcon.colcon_core.package_identification:_identify(src/build/CMakeFiles) by extension 'colcon_pkg'
[0.789s] Level 1:colcon.colcon_core.package_identification:_identify(src/build/CMakeFiles) by extensions ['colcon_meta']
[0.789s] Level 1:colcon.colcon_core.package_identification:_identify(src/build/CMakeFiles) by extension 'colcon_meta'
[0.789s] Level 1:colcon.colcon_core.package_identification:_identify(src/build/CMakeFiles) by extensions ['ros']
[0.789s] Level 1:colcon.colcon_core.package_identification:_identify(src/build/CMakeFiles) by extension 'ros'
[0.789s] Level 1:colcon.colcon_core.package_identification:_identify(src/build/CMakeFiles) by extensions ['cmake', 'python']
[0.789s] Level 1:colcon.colcon_core.package_identification:_identify(src/build/CMakeFiles) by extension 'cmake'
[0.789s] Level 1:colcon.colcon_core.package_identification:_identify(src/build/CMakeFiles) by extension 'python'
[0.790s] Level 1:colcon.colcon_core.package_identification:_identify(src/build/CMakeFiles) by extensions ['python_setup_py']
[0.790s] Level 1:colcon.colcon_core.package_identification:_identify(src/build/CMakeFiles) by extension 'python_setup_py'
[0.790s] Level 1:colcon.colcon_core.package_identification:_identify(src/build/CMakeFiles/3.22.1) by extensions ['ignore', 'ignore_ament_install']
[0.790s] Level 1:colcon.colcon_core.package_identification:_identify(src/build/CMakeFiles/3.22.1) by extension 'ignore'
[0.790s] Level 1:colcon.colcon_core.package_identification:_identify(src/build/CMakeFiles/3.22.1) by extension 'ignore_ament_install'
[0.790s] Level 1:colcon.colcon_core.package_identification:_identify(src/build/CMakeFiles/3.22.1) by extensions ['colcon_pkg']
[0.790s] Level 1:colcon.colcon_core.package_identification:_identify(src/build/CMakeFiles/3.22.1) by extension 'colcon_pkg'
[0.791s] Level 1:colcon.colcon_core.package_identification:_identify(src/build/CMakeFiles/3.22.1) by extensions ['colcon_meta']
[0.791s] Level 1:colcon.colcon_core.package_identification:_identify(src/build/CMakeFiles/3.22.1) by extension 'colcon_meta'
[0.791s] Level 1:colcon.colcon_core.package_identification:_identify(src/build/CMakeFiles/3.22.1) by extensions ['ros']
[0.791s] Level 1:colcon.colcon_core.package_identification:_identify(src/build/CMakeFiles/3.22.1) by extension 'ros'
[0.791s] Level 1:colcon.colcon_core.package_identification:_identify(src/build/CMakeFiles/3.22.1) by extensions ['cmake', 'python']
[0.791s] Level 1:colcon.colcon_core.package_identification:_identify(src/build/CMakeFiles/3.22.1) by extension 'cmake'
[0.791s] Level 1:colcon.colcon_core.package_identification:_identify(src/build/CMakeFiles/3.22.1) by extension 'python'
[0.791s] Level 1:colcon.colcon_core.package_identification:_identify(src/build/CMakeFiles/3.22.1) by extensions ['python_setup_py']
[0.791s] Level 1:colcon.colcon_core.package_identification:_identify(src/build/CMakeFiles/3.22.1) by extension 'python_setup_py'
[0.792s] Level 1:colcon.colcon_core.package_identification:_identify(src/build/CMakeFiles/3.22.1/CompilerIdC) by extensions ['ignore', 'ignore_ament_install']
[0.792s] Level 1:colcon.colcon_core.package_identification:_identify(src/build/CMakeFiles/3.22.1/CompilerIdC) by extension 'ignore'
[0.792s] Level 1:colcon.colcon_core.package_identification:_identify(src/build/CMakeFiles/3.22.1/CompilerIdC) by extension 'ignore_ament_install'
[0.792s] Level 1:colcon.colcon_core.package_identification:_identify(src/build/CMakeFiles/3.22.1/CompilerIdC) by extensions ['colcon_pkg']
[0.792s] Level 1:colcon.colcon_core.package_identification:_identify(src/build/CMakeFiles/3.22.1/CompilerIdC) by extension 'colcon_pkg'
[0.792s] Level 1:colcon.colcon_core.package_identification:_identify(src/build/CMakeFiles/3.22.1/CompilerIdC) by extensions ['colcon_meta']
[0.792s] Level 1:colcon.colcon_core.package_identification:_identify(src/build/CMakeFiles/3.22.1/CompilerIdC) by extension 'colcon_meta'
[0.792s] Level 1:colcon.colcon_core.package_identification:_identify(src/build/CMakeFiles/3.22.1/CompilerIdC) by extensions ['ros']
[0.792s] Level 1:colcon.colcon_core.package_identification:_identify(src/build/CMakeFiles/3.22.1/CompilerIdC) by extension 'ros'
[0.793s] Level 1:colcon.colcon_core.package_identification:_identify(src/build/CMakeFiles/3.22.1/CompilerIdC) by extensions ['cmake', 'python']
[0.793s] Level 1:colcon.colcon_core.package_identification:_identify(src/build/CMakeFiles/3.22.1/CompilerIdC) by extension 'cmake'
[0.793s] Level 1:colcon.colcon_core.package_identification:_identify(src/build/CMakeFiles/3.22.1/CompilerIdC) by extension 'python'
[0.793s] Level 1:colcon.colcon_core.package_identification:_identify(src/build/CMakeFiles/3.22.1/CompilerIdC) by extensions ['python_setup_py']
[0.793s] Level 1:colcon.colcon_core.package_identification:_identify(src/build/CMakeFiles/3.22.1/CompilerIdC) by extension 'python_setup_py'
[0.793s] Level 1:colcon.colcon_core.package_identification:_identify(src/build/CMakeFiles/3.22.1/CompilerIdC/tmp) by extensions ['ignore', 'ignore_ament_install']
[0.793s] Level 1:colcon.colcon_core.package_identification:_identify(src/build/CMakeFiles/3.22.1/CompilerIdC/tmp) by extension 'ignore'
[0.794s] Level 1:colcon.colcon_core.package_identification:_identify(src/build/CMakeFiles/3.22.1/CompilerIdC/tmp) by extension 'ignore_ament_install'
[0.794s] Level 1:colcon.colcon_core.package_identification:_identify(src/build/CMakeFiles/3.22.1/CompilerIdC/tmp) by extensions ['colcon_pkg']
[0.794s] Level 1:colcon.colcon_core.package_identification:_identify(src/build/CMakeFiles/3.22.1/CompilerIdC/tmp) by extension 'colcon_pkg'
[0.794s] Level 1:colcon.colcon_core.package_identification:_identify(src/build/CMakeFiles/3.22.1/CompilerIdC/tmp) by extensions ['colcon_meta']
[0.794s] Level 1:colcon.colcon_core.package_identification:_identify(src/build/CMakeFiles/3.22.1/CompilerIdC/tmp) by extension 'colcon_meta'
[0.794s] Level 1:colcon.colcon_core.package_identification:_identify(src/build/CMakeFiles/3.22.1/CompilerIdC/tmp) by extensions ['ros']
[0.794s] Level 1:colcon.colcon_core.package_identification:_identify(src/build/CMakeFiles/3.22.1/CompilerIdC/tmp) by extension 'ros'
[0.794s] Level 1:colcon.colcon_core.package_identification:_identify(src/build/CMakeFiles/3.22.1/CompilerIdC/tmp) by extensions ['cmake', 'python']
[0.794s] Level 1:colcon.colcon_core.package_identification:_identify(src/build/CMakeFiles/3.22.1/CompilerIdC/tmp) by extension 'cmake'
[0.794s] Level 1:colcon.colcon_core.package_identification:_identify(src/build/CMakeFiles/3.22.1/CompilerIdC/tmp) by extension 'python'
[0.795s] Level 1:colcon.colcon_core.package_identification:_identify(src/build/CMakeFiles/3.22.1/CompilerIdC/tmp) by extensions ['python_setup_py']
[0.795s] Level 1:colcon.colcon_core.package_identification:_identify(src/build/CMakeFiles/3.22.1/CompilerIdC/tmp) by extension 'python_setup_py'
[0.795s] Level 1:colcon.colcon_core.package_identification:_identify(src/build/CMakeFiles/3.22.1/CompilerIdCXX) by extensions ['ignore', 'ignore_ament_install']
[0.795s] Level 1:colcon.colcon_core.package_identification:_identify(src/build/CMakeFiles/3.22.1/CompilerIdCXX) by extension 'ignore'
[0.795s] Level 1:colcon.colcon_core.package_identification:_identify(src/build/CMakeFiles/3.22.1/CompilerIdCXX) by extension 'ignore_ament_install'
[0.795s] Level 1:colcon.colcon_core.package_identification:_identify(src/build/CMakeFiles/3.22.1/CompilerIdCXX) by extensions ['colcon_pkg']
[0.795s] Level 1:colcon.colcon_core.package_identification:_identify(src/build/CMakeFiles/3.22.1/CompilerIdCXX) by extension 'colcon_pkg'
[0.795s] Level 1:colcon.colcon_core.package_identification:_identify(src/build/CMakeFiles/3.22.1/CompilerIdCXX) by extensions ['colcon_meta']
[0.796s] Level 1:colcon.colcon_core.package_identification:_identify(src/build/CMakeFiles/3.22.1/CompilerIdCXX) by extension 'colcon_meta'
[0.796s] Level 1:colcon.colcon_core.package_identification:_identify(src/build/CMakeFiles/3.22.1/CompilerIdCXX) by extensions ['ros']
[0.796s] Level 1:colcon.colcon_core.package_identification:_identify(src/build/CMakeFiles/3.22.1/CompilerIdCXX) by extension 'ros'
[0.796s] Level 1:colcon.colcon_core.package_identification:_identify(src/build/CMakeFiles/3.22.1/CompilerIdCXX) by extensions ['cmake', 'python']
[0.796s] Level 1:colcon.colcon_core.package_identification:_identify(src/build/CMakeFiles/3.22.1/CompilerIdCXX) by extension 'cmake'
[0.796s] Level 1:colcon.colcon_core.package_identification:_identify(src/build/CMakeFiles/3.22.1/CompilerIdCXX) by extension 'python'
[0.796s] Level 1:colcon.colcon_core.package_identification:_identify(src/build/CMakeFiles/3.22.1/CompilerIdCXX) by extensions ['python_setup_py']
[0.796s] Level 1:colcon.colcon_core.package_identification:_identify(src/build/CMakeFiles/3.22.1/CompilerIdCXX) by extension 'python_setup_py'
[0.797s] Level 1:colcon.colcon_core.package_identification:_identify(src/build/CMakeFiles/3.22.1/CompilerIdCXX/tmp) by extensions ['ignore', 'ignore_ament_install']
[0.797s] Level 1:colcon.colcon_core.package_identification:_identify(src/build/CMakeFiles/3.22.1/CompilerIdCXX/tmp) by extension 'ignore'
[0.797s] Level 1:colcon.colcon_core.package_identification:_identify(src/build/CMakeFiles/3.22.1/CompilerIdCXX/tmp) by extension 'ignore_ament_install'
[0.797s] Level 1:colcon.colcon_core.package_identification:_identify(src/build/CMakeFiles/3.22.1/CompilerIdCXX/tmp) by extensions ['colcon_pkg']
[0.797s] Level 1:colcon.colcon_core.package_identification:_identify(src/build/CMakeFiles/3.22.1/CompilerIdCXX/tmp) by extension 'colcon_pkg'
[0.797s] Level 1:colcon.colcon_core.package_identification:_identify(src/build/CMakeFiles/3.22.1/CompilerIdCXX/tmp) by extensions ['colcon_meta']
[0.797s] Level 1:colcon.colcon_core.package_identification:_identify(src/build/CMakeFiles/3.22.1/CompilerIdCXX/tmp) by extension 'colcon_meta'
[0.797s] Level 1:colcon.colcon_core.package_identification:_identify(src/build/CMakeFiles/3.22.1/CompilerIdCXX/tmp) by extensions ['ros']
[0.797s] Level 1:colcon.colcon_core.package_identification:_identify(src/build/CMakeFiles/3.22.1/CompilerIdCXX/tmp) by extension 'ros'
[0.798s] Level 1:colcon.colcon_core.package_identification:_identify(src/build/CMakeFiles/3.22.1/CompilerIdCXX/tmp) by extensions ['cmake', 'python']
[0.798s] Level 1:colcon.colcon_core.package_identification:_identify(src/build/CMakeFiles/3.22.1/CompilerIdCXX/tmp) by extension 'cmake'
[0.798s] Level 1:colcon.colcon_core.package_identification:_identify(src/build/CMakeFiles/3.22.1/CompilerIdCXX/tmp) by extension 'python'
[0.798s] Level 1:colcon.colcon_core.package_identification:_identify(src/build/CMakeFiles/3.22.1/CompilerIdCXX/tmp) by extensions ['python_setup_py']
[0.798s] Level 1:colcon.colcon_core.package_identification:_identify(src/build/CMakeFiles/3.22.1/CompilerIdCXX/tmp) by extension 'python_setup_py'
[0.798s] Level 1:colcon.colcon_core.package_identification:_identify(src/build/CMakeFiles/CMakeTmp) by extensions ['ignore', 'ignore_ament_install']
[0.798s] Level 1:colcon.colcon_core.package_identification:_identify(src/build/CMakeFiles/CMakeTmp) by extension 'ignore'
[0.798s] Level 1:colcon.colcon_core.package_identification:_identify(src/build/CMakeFiles/CMakeTmp) by extension 'ignore_ament_install'
[0.799s] Level 1:colcon.colcon_core.package_identification:_identify(src/build/CMakeFiles/CMakeTmp) by extensions ['colcon_pkg']
[0.799s] Level 1:colcon.colcon_core.package_identification:_identify(src/build/CMakeFiles/CMakeTmp) by extension 'colcon_pkg'
[0.799s] Level 1:colcon.colcon_core.package_identification:_identify(src/build/CMakeFiles/CMakeTmp) by extensions ['colcon_meta']
[0.799s] Level 1:colcon.colcon_core.package_identification:_identify(src/build/CMakeFiles/CMakeTmp) by extension 'colcon_meta'
[0.799s] Level 1:colcon.colcon_core.package_identification:_identify(src/build/CMakeFiles/CMakeTmp) by extensions ['ros']
[0.799s] Level 1:colcon.colcon_core.package_identification:_identify(src/build/CMakeFiles/CMakeTmp) by extension 'ros'
[0.799s] Level 1:colcon.colcon_core.package_identification:_identify(src/build/CMakeFiles/CMakeTmp) by extensions ['cmake', 'python']
[0.799s] Level 1:colcon.colcon_core.package_identification:_identify(src/build/CMakeFiles/CMakeTmp) by extension 'cmake'
[0.799s] Level 1:colcon.colcon_core.package_identification:_identify(src/build/CMakeFiles/CMakeTmp) by extension 'python'
[0.799s] Level 1:colcon.colcon_core.package_identification:_identify(src/build/CMakeFiles/CMakeTmp) by extensions ['python_setup_py']
[0.799s] Level 1:colcon.colcon_core.package_identification:_identify(src/build/CMakeFiles/CMakeTmp) by extension 'python_setup_py'
[0.800s] Level 1:colcon.colcon_core.package_identification:_identify(src/offboard) by extensions ['ignore', 'ignore_ament_install']
[0.800s] Level 1:colcon.colcon_core.package_identification:_identify(src/offboard) by extension 'ignore'
[0.800s] Level 1:colcon.colcon_core.package_identification:_identify(src/offboard) by extension 'ignore_ament_install'
[0.800s] Level 1:colcon.colcon_core.package_identification:_identify(src/offboard) by extensions ['colcon_pkg']
[0.800s] Level 1:colcon.colcon_core.package_identification:_identify(src/offboard) by extension 'colcon_pkg'
[0.800s] Level 1:colcon.colcon_core.package_identification:_identify(src/offboard) by extensions ['colcon_meta']
[0.800s] Level 1:colcon.colcon_core.package_identification:_identify(src/offboard) by extension 'colcon_meta'
[0.801s] Level 1:colcon.colcon_core.package_identification:_identify(src/offboard) by extensions ['ros']
[0.801s] Level 1:colcon.colcon_core.package_identification:_identify(src/offboard) by extension 'ros'
[0.806s] DEBUG:colcon.colcon_core.package_identification:Package 'src/offboard' with type 'ros.ament_python' and name 'offboard'
[0.807s] Level 1:colcon.colcon_core.package_identification:_identify(src/px4_msgs) by extensions ['ignore', 'ignore_ament_install']
[0.807s] Level 1:colcon.colcon_core.package_identification:_identify(src/px4_msgs) by extension 'ignore'
[0.807s] Level 1:colcon.colcon_core.package_identification:_identify(src/px4_msgs) by extension 'ignore_ament_install'
[0.807s] Level 1:colcon.colcon_core.package_identification:_identify(src/px4_msgs) by extensions ['colcon_pkg']
[0.807s] Level 1:colcon.colcon_core.package_identification:_identify(src/px4_msgs) by extension 'colcon_pkg'
[0.808s] Level 1:colcon.colcon_core.package_identification:_identify(src/px4_msgs) by extensions ['colcon_meta']
[0.808s] Level 1:colcon.colcon_core.package_identification:_identify(src/px4_msgs) by extension 'colcon_meta'
[0.808s] Level 1:colcon.colcon_core.package_identification:_identify(src/px4_msgs) by extensions ['ros']
[0.808s] Level 1:colcon.colcon_core.package_identification:_identify(src/px4_msgs) by extension 'ros'
[0.809s] DEBUG:colcon.colcon_core.package_identification:Package 'src/px4_msgs' with type 'ros.ament_cmake' and name 'px4_msgs'
[0.810s] Level 1:colcon.colcon_core.package_identification:_identify(src/px4_ros_com) by extensions ['ignore', 'ignore_ament_install']
[0.810s] Level 1:colcon.colcon_core.package_identification:_identify(src/px4_ros_com) by extension 'ignore'
[0.810s] Level 1:colcon.colcon_core.package_identification:_identify(src/px4_ros_com) by extension 'ignore_ament_install'
[0.810s] Level 1:colcon.colcon_core.package_identification:_identify(src/px4_ros_com) by extensions ['colcon_pkg']
[0.810s] Level 1:colcon.colcon_core.package_identification:_identify(src/px4_ros_com) by extension 'colcon_pkg'
[0.810s] Level 1:colcon.colcon_core.package_identification:_identify(src/px4_ros_com) by extensions ['colcon_meta']
[0.810s] Level 1:colcon.colcon_core.package_identification:_identify(src/px4_ros_com) by extension 'colcon_meta'
[0.810s] Level 1:colcon.colcon_core.package_identification:_identify(src/px4_ros_com) by extensions ['ros']
[0.811s] Level 1:colcon.colcon_core.package_identification:_identify(src/px4_ros_com) by extension 'ros'
[0.813s] DEBUG:colcon.colcon_core.package_identification:Package 'src/px4_ros_com' with type 'ros.ament_cmake' and name 'px4_ros_com'
[0.813s] Level 1:colcon.colcon_core.package_discovery:discover_packages(recursive) using defaults
[0.813s] Level 1:colcon.colcon_core.package_discovery:discover_packages(ignore) discover
[0.813s] Level 1:colcon.colcon_core.package_discovery:discover_packages(ignore) using defaults
[0.813s] Level 1:colcon.colcon_core.package_discovery:discover_packages(path) discover
[0.813s] Level 1:colcon.colcon_core.package_discovery:discover_packages(path) using defaults
[0.883s] Level 1:colcon.colcon_core.package_discovery:discover_packages(prefix_path) check parameters
[0.883s] Level 1:colcon.colcon_core.package_discovery:discover_packages(prefix_path) discover
[0.889s] DEBUG:colcon.colcon_installed_package_information.package_discovery:Found 271 installed packages in /opt/ros/humble
[0.891s] Level 1:colcon.colcon_core.package_discovery:discover_packages(prefix_path) using defaults
[0.965s] Level 5:colcon.colcon_core.verb:set package 'px4_msgs' build argument 'cmake_args' from command line to 'None'
[0.966s] Level 5:colcon.colcon_core.verb:set package 'px4_msgs' build argument 'cmake_target' from command line to 'None'
[0.966s] Level 5:colcon.colcon_core.verb:set package 'px4_msgs' build argument 'cmake_target_skip_unavailable' from command line to 'False'
[0.966s] Level 5:colcon.colcon_core.verb:set package 'px4_msgs' build argument 'cmake_clean_cache' from command line to 'False'
[0.966s] Level 5:colcon.colcon_core.verb:set package 'px4_msgs' build argument 'cmake_clean_first' from command line to 'False'
[0.966s] Level 5:colcon.colcon_core.verb:set package 'px4_msgs' build argument 'cmake_force_configure' from command line to 'False'
[0.966s] Level 5:colcon.colcon_core.verb:set package 'px4_msgs' build argument 'ament_cmake_args' from command line to 'None'
[0.966s] Level 5:colcon.colcon_core.verb:set package 'px4_msgs' build argument 'catkin_cmake_args' from command line to 'None'
[0.966s] Level 5:colcon.colcon_core.verb:set package 'px4_msgs' build argument 'catkin_skip_building_tests' from command line to 'False'
[0.966s] DEBUG:colcon.colcon_core.verb:Building package 'px4_msgs' with the following arguments: {'ament_cmake_args': None, 'build_base': '/home/jetson2/ws_sensor_combined/build/px4_msgs', 'catkin_cmake_args': None, 'catkin_skip_building_tests': False, 'cmake_args': None, 'cmake_clean_cache': False, 'cmake_clean_first': False, 'cmake_force_configure': False, 'cmake_target': None, 'cmake_target_skip_unavailable': False, 'install_base': '/home/jetson2/ws_sensor_combined/install/px4_msgs', 'merge_install': False, 'path': '/home/jetson2/ws_sensor_combined/src/px4_msgs', 'symlink_install': True, 'test_result_base': None}
[0.967s] Level 5:colcon.colcon_core.verb:set package 'offboard' build argument 'cmake_args' from command line to 'None'
[0.967s] Level 5:colcon.colcon_core.verb:set package 'offboard' build argument 'cmake_target' from command line to 'None'
[0.967s] Level 5:colcon.colcon_core.verb:set package 'offboard' build argument 'cmake_target_skip_unavailable' from command line to 'False'
[0.967s] Level 5:colcon.colcon_core.verb:set package 'offboard' build argument 'cmake_clean_cache' from command line to 'False'
[0.967s] Level 5:colcon.colcon_core.verb:set package 'offboard' build argument 'cmake_clean_first' from command line to 'False'
[0.967s] Level 5:colcon.colcon_core.verb:set package 'offboard' build argument 'cmake_force_configure' from command line to 'False'
[0.967s] Level 5:colcon.colcon_core.verb:set package 'offboard' build argument 'ament_cmake_args' from command line to 'None'
[0.967s] Level 5:colcon.colcon_core.verb:set package 'offboard' build argument 'catkin_cmake_args' from command line to 'None'
[0.967s] Level 5:colcon.colcon_core.verb:set package 'offboard' build argument 'catkin_skip_building_tests' from command line to 'False'
[0.967s] DEBUG:colcon.colcon_core.verb:Building package 'offboard' with the following arguments: {'ament_cmake_args': None, 'build_base': '/home/jetson2/ws_sensor_combined/build/offboard', 'catkin_cmake_args': None, 'catkin_skip_building_tests': False, 'cmake_args': None, 'cmake_clean_cache': False, 'cmake_clean_first': False, 'cmake_force_configure': False, 'cmake_target': None, 'cmake_target_skip_unavailable': False, 'install_base': '/home/jetson2/ws_sensor_combined/install/offboard', 'merge_install': False, 'path': '/home/jetson2/ws_sensor_combined/src/offboard', 'symlink_install': True, 'test_result_base': None}
[0.968s] Level 5:colcon.colcon_core.verb:set package 'px4_ros_com' build argument 'cmake_args' from command line to 'None'
[0.968s] Level 5:colcon.colcon_core.verb:set package 'px4_ros_com' build argument 'cmake_target' from command line to 'None'
[0.968s] Level 5:colcon.colcon_core.verb:set package 'px4_ros_com' build argument 'cmake_target_skip_unavailable' from command line to 'False'
[0.968s] Level 5:colcon.colcon_core.verb:set package 'px4_ros_com' build argument 'cmake_clean_cache' from command line to 'False'
[0.968s] Level 5:colcon.colcon_core.verb:set package 'px4_ros_com' build argument 'cmake_clean_first' from command line to 'False'
[0.968s] Level 5:colcon.colcon_core.verb:set package 'px4_ros_com' build argument 'cmake_force_configure' from command line to 'False'
[0.968s] Level 5:colcon.colcon_core.verb:set package 'px4_ros_com' build argument 'ament_cmake_args' from command line to 'None'
[0.968s] Level 5:colcon.colcon_core.verb:set package 'px4_ros_com' build argument 'catkin_cmake_args' from command line to 'None'
[0.968s] Level 5:colcon.colcon_core.verb:set package 'px4_ros_com' build argument 'catkin_skip_building_tests' from command line to 'False'
[0.968s] DEBUG:colcon.colcon_core.verb:Building package 'px4_ros_com' with the following arguments: {'ament_cmake_args': None, 'build_base': '/home/jetson2/ws_sensor_combined/build/px4_ros_com', 'catkin_cmake_args': None, 'catkin_skip_building_tests': False, 'cmake_args': None, 'cmake_clean_cache': False, 'cmake_clean_first': False, 'cmake_force_configure': False, 'cmake_target': None, 'cmake_target_skip_unavailable': False, 'install_base': '/home/jetson2/ws_sensor_combined/install/px4_ros_com', 'merge_install': False, 'path': '/home/jetson2/ws_sensor_combined/src/px4_ros_com', 'symlink_install': True, 'test_result_base': None}
[0.969s] INFO:colcon.colcon_core.executor:Executing jobs using 'parallel' executor
[0.971s] DEBUG:colcon.colcon_parallel_executor.executor.parallel:run_until_complete
[0.971s] INFO:colcon.colcon_ros.task.ament_cmake.build:Building ROS package in '/home/jetson2/ws_sensor_combined/src/px4_msgs' with build type 'ament_cmake'
[0.971s] INFO:colcon.colcon_cmake.task.cmake.build:Building CMake package in '/home/jetson2/ws_sensor_combined/src/px4_msgs'
[0.977s] INFO:colcon.colcon_core.plugin_system:Skipping extension 'colcon_core.shell.bat': Not used on non-Windows systems
[0.978s] INFO:colcon.colcon_core.shell:Skip shell extension 'powershell' for command environment: Not usable outside of PowerShell
[0.978s] DEBUG:colcon.colcon_core.shell:Skip shell extension 'dsv' for command environment
[0.991s] DEBUG:colcon.colcon_core.event_handler.log_command:Invoking command in '/home/jetson2/ws_sensor_combined/build/px4_msgs': CMAKE_PREFIX_PATH=/opt/ros/humble /usr/bin/cmake --build /home/jetson2/ws_sensor_combined/build/px4_msgs -- -j8 -l8
[2.612s] DEBUG:colcon.colcon_core.event_handler.log_command:Invoked command in '/home/jetson2/ws_sensor_combined/build/px4_msgs' returned '0': CMAKE_PREFIX_PATH=/opt/ros/humble /usr/bin/cmake --build /home/jetson2/ws_sensor_combined/build/px4_msgs -- -j8 -l8
[2.630s] DEBUG:colcon.colcon_core.event_handler.log_command:Invoking command in '/home/jetson2/ws_sensor_combined/build/px4_msgs': CMAKE_PREFIX_PATH=/opt/ros/humble /usr/bin/cmake --install /home/jetson2/ws_sensor_combined/build/px4_msgs
[4.016s] Level 1:colcon.colcon_core.environment:create_environment_scripts_only(px4_msgs)
[4.017s] DEBUG:colcon.colcon_core.event_handler.log_command:Invoked command in '/home/jetson2/ws_sensor_combined/build/px4_msgs' returned '0': CMAKE_PREFIX_PATH=/opt/ros/humble /usr/bin/cmake --install /home/jetson2/ws_sensor_combined/build/px4_msgs
[4.027s] Level 1:colcon.colcon_core.environment:checking '/home/jetson2/ws_sensor_combined/install/px4_msgs' for CMake module files
[4.028s] Level 1:colcon.colcon_core.environment:checking '/home/jetson2/ws_sensor_combined/install/px4_msgs' for CMake config files
[4.046s] Level 1:colcon.colcon_core.shell:create_environment_hook('px4_msgs', 'cmake_prefix_path')
[4.046s] INFO:colcon.colcon_core.shell:Creating environment hook '/home/jetson2/ws_sensor_combined/install/px4_msgs/share/px4_msgs/hook/cmake_prefix_path.ps1'
[4.049s] INFO:colcon.colcon_core.shell:Creating environment descriptor '/home/jetson2/ws_sensor_combined/install/px4_msgs/share/px4_msgs/hook/cmake_prefix_path.dsv'
[4.051s] INFO:colcon.colcon_core.shell:Creating environment hook '/home/jetson2/ws_sensor_combined/install/px4_msgs/share/px4_msgs/hook/cmake_prefix_path.sh'
[4.056s] Level 1:colcon.colcon_core.environment:checking '/home/jetson2/ws_sensor_combined/install/px4_msgs/lib'
[4.057s] Level 1:colcon.colcon_core.shell:create_environment_hook('px4_msgs', 'ld_library_path_lib')
[4.058s] INFO:colcon.colcon_core.shell:Creating environment hook '/home/jetson2/ws_sensor_combined/install/px4_msgs/share/px4_msgs/hook/ld_library_path_lib.ps1'
[4.059s] INFO:colcon.colcon_core.shell:Creating environment descriptor '/home/jetson2/ws_sensor_combined/install/px4_msgs/share/px4_msgs/hook/ld_library_path_lib.dsv'
[4.060s] INFO:colcon.colcon_core.shell:Creating environment hook '/home/jetson2/ws_sensor_combined/install/px4_msgs/share/px4_msgs/hook/ld_library_path_lib.sh'
[4.062s] Level 1:colcon.colcon_core.environment:checking '/home/jetson2/ws_sensor_combined/install/px4_msgs/bin'
[4.062s] Level 1:colcon.colcon_core.environment:checking '/home/jetson2/ws_sensor_combined/install/px4_msgs/lib/pkgconfig/px4_msgs.pc'
[4.063s] Level 1:colcon.colcon_core.environment:checking '/home/jetson2/ws_sensor_combined/install/px4_msgs/lib/python3.10/site-packages'
[4.064s] Level 1:colcon.colcon_core.environment:checking '/home/jetson2/ws_sensor_combined/install/px4_msgs/bin'
[4.065s] INFO:colcon.colcon_core.shell:Creating package script '/home/jetson2/ws_sensor_combined/install/px4_msgs/share/px4_msgs/package.ps1'
[4.069s] INFO:colcon.colcon_core.shell:Creating package descriptor '/home/jetson2/ws_sensor_combined/install/px4_msgs/share/px4_msgs/package.dsv'
[4.071s] INFO:colcon.colcon_core.shell:Creating package script '/home/jetson2/ws_sensor_combined/install/px4_msgs/share/px4_msgs/package.sh'
[4.073s] INFO:colcon.colcon_core.shell:Creating package script '/home/jetson2/ws_sensor_combined/install/px4_msgs/share/px4_msgs/package.bash'
[4.075s] INFO:colcon.colcon_core.shell:Creating package script '/home/jetson2/ws_sensor_combined/install/px4_msgs/share/px4_msgs/package.zsh'
[4.077s] Level 1:colcon.colcon_core.environment:create_file_with_runtime_dependencies(/home/jetson2/ws_sensor_combined/install/px4_msgs/share/colcon-core/packages/px4_msgs)
[4.079s] Level 1:colcon.colcon_core.environment:create_environment_scripts_only(px4_msgs)
[4.079s] Level 1:colcon.colcon_core.environment:checking '/home/jetson2/ws_sensor_combined/install/px4_msgs' for CMake module files
[4.081s] Level 1:colcon.colcon_core.environment:checking '/home/jetson2/ws_sensor_combined/install/px4_msgs' for CMake config files
[4.094s] Level 1:colcon.colcon_core.shell:create_environment_hook('px4_msgs', 'cmake_prefix_path')
[4.095s] INFO:colcon.colcon_core.shell:Creating environment hook '/home/jetson2/ws_sensor_combined/install/px4_msgs/share/px4_msgs/hook/cmake_prefix_path.ps1'
[4.096s] INFO:colcon.colcon_core.shell:Creating environment descriptor '/home/jetson2/ws_sensor_combined/install/px4_msgs/share/px4_msgs/hook/cmake_prefix_path.dsv'
[4.097s] INFO:colcon.colcon_core.shell:Creating environment hook '/home/jetson2/ws_sensor_combined/install/px4_msgs/share/px4_msgs/hook/cmake_prefix_path.sh'
[4.099s] Level 1:colcon.colcon_core.environment:checking '/home/jetson2/ws_sensor_combined/install/px4_msgs/lib'
[4.099s] Level 1:colcon.colcon_core.shell:create_environment_hook('px4_msgs', 'ld_library_path_lib')
[4.099s] INFO:colcon.colcon_core.shell:Creating environment hook '/home/jetson2/ws_sensor_combined/install/px4_msgs/share/px4_msgs/hook/ld_library_path_lib.ps1'
[4.101s] INFO:colcon.colcon_core.shell:Creating environment descriptor '/home/jetson2/ws_sensor_combined/install/px4_msgs/share/px4_msgs/hook/ld_library_path_lib.dsv'
[4.101s] INFO:colcon.colcon_core.shell:Creating environment hook '/home/jetson2/ws_sensor_combined/install/px4_msgs/share/px4_msgs/hook/ld_library_path_lib.sh'
[4.103s] Level 1:colcon.colcon_core.environment:checking '/home/jetson2/ws_sensor_combined/install/px4_msgs/bin'
[4.103s] Level 1:colcon.colcon_core.environment:checking '/home/jetson2/ws_sensor_combined/install/px4_msgs/lib/pkgconfig/px4_msgs.pc'
[4.103s] Level 1:colcon.colcon_core.environment:checking '/home/jetson2/ws_sensor_combined/install/px4_msgs/lib/python3.10/site-packages'
[4.104s] Level 1:colcon.colcon_core.environment:checking '/home/jetson2/ws_sensor_combined/install/px4_msgs/bin'
[4.105s] INFO:colcon.colcon_core.shell:Creating package script '/home/jetson2/ws_sensor_combined/install/px4_msgs/share/px4_msgs/package.ps1'
[4.107s] INFO:colcon.colcon_core.shell:Creating package descriptor '/home/jetson2/ws_sensor_combined/install/px4_msgs/share/px4_msgs/package.dsv'
[4.109s] INFO:colcon.colcon_core.shell:Creating package script '/home/jetson2/ws_sensor_combined/install/px4_msgs/share/px4_msgs/package.sh'
[4.111s] INFO:colcon.colcon_core.shell:Creating package script '/home/jetson2/ws_sensor_combined/install/px4_msgs/share/px4_msgs/package.bash'
[4.112s] INFO:colcon.colcon_core.shell:Creating package script '/home/jetson2/ws_sensor_combined/install/px4_msgs/share/px4_msgs/package.zsh'
[4.113s] Level 1:colcon.colcon_core.environment:create_file_with_runtime_dependencies(/home/jetson2/ws_sensor_combined/install/px4_msgs/share/colcon-core/packages/px4_msgs)
[4.113s] INFO:colcon.colcon_ros.task.ament_python.build:Building ROS package in '/home/jetson2/ws_sensor_combined/src/offboard' with build type 'ament_python'
[4.114s] Level 1:colcon.colcon_core.shell:create_environment_hook('offboard', 'ament_prefix_path')
[4.114s] INFO:colcon.colcon_core.shell:Creating environment hook '/home/jetson2/ws_sensor_combined/install/offboard/share/offboard/hook/ament_prefix_path.ps1'
[4.116s] INFO:colcon.colcon_core.shell:Creating environment descriptor '/home/jetson2/ws_sensor_combined/install/offboard/share/offboard/hook/ament_prefix_path.dsv'
[4.117s] INFO:colcon.colcon_core.shell:Creating environment hook '/home/jetson2/ws_sensor_combined/install/offboard/share/offboard/hook/ament_prefix_path.sh'
[4.119s] INFO:colcon.colcon_core.shell:Skip shell extension 'powershell' for command environment: Not usable outside of PowerShell
[4.119s] DEBUG:colcon.colcon_core.shell:Skip shell extension 'dsv' for command environment
[4.124s] INFO:colcon.colcon_ros.task.ament_cmake.build:Building ROS package in '/home/jetson2/ws_sensor_combined/src/px4_ros_com' with build type 'ament_cmake'
[4.125s] INFO:colcon.colcon_cmake.task.cmake.build:Building CMake package in '/home/jetson2/ws_sensor_combined/src/px4_ros_com'
[4.125s] INFO:colcon.colcon_core.shell:Skip shell extension 'powershell' for command environment: Not usable outside of PowerShell
[4.125s] DEBUG:colcon.colcon_core.shell:Skip shell extension 'dsv' for command environment
[4.643s] INFO:colcon.colcon_core.task.python.build:Building Python package in '/home/jetson2/ws_sensor_combined/src/offboard'
[4.644s] INFO:colcon.colcon_core.shell:Skip shell extension 'powershell' for command environment: Not usable outside of PowerShell
[4.644s] DEBUG:colcon.colcon_core.shell:Skip shell extension 'dsv' for command environment
[4.658s] DEBUG:colcon.colcon_core.event_handler.log_command:Invoking command in '/home/jetson2/ws_sensor_combined/build/px4_ros_com': AMENT_PREFIX_PATH=/home/jetson2/ws_sensor_combined/install/px4_msgs:${AMENT_PREFIX_PATH} CMAKE_PREFIX_PATH=/home/jetson2/ws_sensor_combined/install/px4_msgs:/opt/ros/humble LD_LIBRARY_PATH=/home/jetson2/ws_sensor_combined/install/px4_msgs/lib:${LD_LIBRARY_PATH} PYTHONPATH=/home/jetson2/ws_sensor_combined/install/px4_msgs/local/lib/python3.10/dist-packages:${PYTHONPATH} /usr/bin/cmake --build /home/jetson2/ws_sensor_combined/build/px4_ros_com -- -j8 -l8
[5.347s] DEBUG:colcon.colcon_core.event_handler.log_command:Invoked command in '/home/jetson2/ws_sensor_combined/build/px4_ros_com' returned '0': AMENT_PREFIX_PATH=/home/jetson2/ws_sensor_combined/install/px4_msgs:${AMENT_PREFIX_PATH} CMAKE_PREFIX_PATH=/home/jetson2/ws_sensor_combined/install/px4_msgs:/opt/ros/humble LD_LIBRARY_PATH=/home/jetson2/ws_sensor_combined/install/px4_msgs/lib:${LD_LIBRARY_PATH} PYTHONPATH=/home/jetson2/ws_sensor_combined/install/px4_msgs/local/lib/python3.10/dist-packages:${PYTHONPATH} /usr/bin/cmake --build /home/jetson2/ws_sensor_combined/build/px4_ros_com -- -j8 -l8
[5.351s] DEBUG:colcon.colcon_core.event_handler.log_command:Invoking command in '/home/jetson2/ws_sensor_combined/build/px4_ros_com': AMENT_PREFIX_PATH=/home/jetson2/ws_sensor_combined/install/px4_msgs:${AMENT_PREFIX_PATH} CMAKE_PREFIX_PATH=/home/jetson2/ws_sensor_combined/install/px4_msgs:/opt/ros/humble LD_LIBRARY_PATH=/home/jetson2/ws_sensor_combined/install/px4_msgs/lib:${LD_LIBRARY_PATH} PYTHONPATH=/home/jetson2/ws_sensor_combined/install/px4_msgs/local/lib/python3.10/dist-packages:${PYTHONPATH} /usr/bin/cmake --install /home/jetson2/ws_sensor_combined/build/px4_ros_com
[5.371s] DEBUG:colcon.colcon_core.event_handler.log_command:Invoking command in '/home/jetson2/ws_sensor_combined/build/offboard': AMENT_PREFIX_PATH=/home/jetson2/ws_sensor_combined/install/px4_msgs:${AMENT_PREFIX_PATH} CMAKE_PREFIX_PATH=/home/jetson2/ws_sensor_combined/install/px4_msgs LD_LIBRARY_PATH=/home/jetson2/ws_sensor_combined/install/px4_msgs/lib:${LD_LIBRARY_PATH} PYTHONPATH=/home/jetson2/ws_sensor_combined/build/offboard/prefix_override:/usr/lib/python3/dist-packages/colcon_core/task/python/colcon_distutils_commands:/home/jetson2/ws_sensor_combined/install/offboard/lib/python3.10/site-packages:/home/jetson2/ws_sensor_combined/install/px4_msgs/local/lib/python3.10/dist-packages:${PYTHONPATH} /usr/bin/python3 -W ignore:setup.py install is deprecated -W ignore:easy_install command is deprecated setup.py develop --editable --build-directory /home/jetson2/ws_sensor_combined/build/offboard/build --no-deps symlink_data
[5.474s] Level 1:colcon.colcon_core.environment:create_environment_scripts_only(px4_ros_com)
[5.475s] Level 1:colcon.colcon_core.environment:checking '/home/jetson2/ws_sensor_combined/install/px4_ros_com' for CMake module files
[5.476s] DEBUG:colcon.colcon_core.event_handler.log_command:Invoked command in '/home/jetson2/ws_sensor_combined/build/px4_ros_com' returned '0': AMENT_PREFIX_PATH=/home/jetson2/ws_sensor_combined/install/px4_msgs:${AMENT_PREFIX_PATH} CMAKE_PREFIX_PATH=/home/jetson2/ws_sensor_combined/install/px4_msgs:/opt/ros/humble LD_LIBRARY_PATH=/home/jetson2/ws_sensor_combined/install/px4_msgs/lib:${LD_LIBRARY_PATH} PYTHONPATH=/home/jetson2/ws_sensor_combined/install/px4_msgs/local/lib/python3.10/dist-packages:${PYTHONPATH} /usr/bin/cmake --install /home/jetson2/ws_sensor_combined/build/px4_ros_com
[5.477s] Level 1:colcon.colcon_core.environment:checking '/home/jetson2/ws_sensor_combined/install/px4_ros_com' for CMake config files
[5.479s] Level 1:colcon.colcon_core.shell:create_environment_hook('px4_ros_com', 'cmake_prefix_path')
[5.479s] INFO:colcon.colcon_core.shell:Creating environment hook '/home/jetson2/ws_sensor_combined/install/px4_ros_com/share/px4_ros_com/hook/cmake_prefix_path.ps1'
[5.480s] INFO:colcon.colcon_core.shell:Creating environment descriptor '/home/jetson2/ws_sensor_combined/install/px4_ros_com/share/px4_ros_com/hook/cmake_prefix_path.dsv'
[5.481s] INFO:colcon.colcon_core.shell:Creating environment hook '/home/jetson2/ws_sensor_combined/install/px4_ros_com/share/px4_ros_com/hook/cmake_prefix_path.sh'
[5.482s] Level 1:colcon.colcon_core.environment:checking '/home/jetson2/ws_sensor_combined/install/px4_ros_com/lib'
[5.482s] Level 1:colcon.colcon_core.shell:create_environment_hook('px4_ros_com', 'ld_library_path_lib')
[5.483s] INFO:colcon.colcon_core.shell:Creating environment hook '/home/jetson2/ws_sensor_combined/install/px4_ros_com/share/px4_ros_com/hook/ld_library_path_lib.ps1'
[5.484s] INFO:colcon.colcon_core.shell:Creating environment descriptor '/home/jetson2/ws_sensor_combined/install/px4_ros_com/share/px4_ros_com/hook/ld_library_path_lib.dsv'
[5.484s] INFO:colcon.colcon_core.shell:Creating environment hook '/home/jetson2/ws_sensor_combined/install/px4_ros_com/share/px4_ros_com/hook/ld_library_path_lib.sh'
[5.485s] Level 1:colcon.colcon_core.environment:checking '/home/jetson2/ws_sensor_combined/install/px4_ros_com/bin'
[5.485s] Level 1:colcon.colcon_core.environment:checking '/home/jetson2/ws_sensor_combined/install/px4_ros_com/lib/pkgconfig/px4_ros_com.pc'
[5.486s] Level 1:colcon.colcon_core.environment:checking '/home/jetson2/ws_sensor_combined/install/px4_ros_com/lib/python3.10/site-packages'
[5.486s] Level 1:colcon.colcon_core.environment:checking '/home/jetson2/ws_sensor_combined/install/px4_ros_com/bin'
[5.487s] INFO:colcon.colcon_core.shell:Creating package script '/home/jetson2/ws_sensor_combined/install/px4_ros_com/share/px4_ros_com/package.ps1'
[5.487s] INFO:colcon.colcon_core.shell:Creating package descriptor '/home/jetson2/ws_sensor_combined/install/px4_ros_com/share/px4_ros_com/package.dsv'
[5.488s] INFO:colcon.colcon_core.shell:Creating package script '/home/jetson2/ws_sensor_combined/install/px4_ros_com/share/px4_ros_com/package.sh'
[5.489s] INFO:colcon.colcon_core.shell:Creating package script '/home/jetson2/ws_sensor_combined/install/px4_ros_com/share/px4_ros_com/package.bash'
[5.490s] INFO:colcon.colcon_core.shell:Creating package script '/home/jetson2/ws_sensor_combined/install/px4_ros_com/share/px4_ros_com/package.zsh'
[5.491s] Level 1:colcon.colcon_core.environment:create_file_with_runtime_dependencies(/home/jetson2/ws_sensor_combined/install/px4_ros_com/share/colcon-core/packages/px4_ros_com)
[5.492s] Level 1:colcon.colcon_core.environment:create_environment_scripts_only(px4_ros_com)
[5.492s] Level 1:colcon.colcon_core.environment:checking '/home/jetson2/ws_sensor_combined/install/px4_ros_com' for CMake module files
[5.493s] Level 1:colcon.colcon_core.environment:checking '/home/jetson2/ws_sensor_combined/install/px4_ros_com' for CMake config files
[5.494s] Level 1:colcon.colcon_core.shell:create_environment_hook('px4_ros_com', 'cmake_prefix_path')
[5.495s] INFO:colcon.colcon_core.shell:Creating environment hook '/home/jetson2/ws_sensor_combined/install/px4_ros_com/share/px4_ros_com/hook/cmake_prefix_path.ps1'
[5.496s] INFO:colcon.colcon_core.shell:Creating environment descriptor '/home/jetson2/ws_sensor_combined/install/px4_ros_com/share/px4_ros_com/hook/cmake_prefix_path.dsv'
[5.496s] INFO:colcon.colcon_core.shell:Creating environment hook '/home/jetson2/ws_sensor_combined/install/px4_ros_com/share/px4_ros_com/hook/cmake_prefix_path.sh'
[5.497s] Level 1:colcon.colcon_core.environment:checking '/home/jetson2/ws_sensor_combined/install/px4_ros_com/lib'
[5.497s] Level 1:colcon.colcon_core.shell:create_environment_hook('px4_ros_com', 'ld_library_path_lib')
[5.498s] INFO:colcon.colcon_core.shell:Creating environment hook '/home/jetson2/ws_sensor_combined/install/px4_ros_com/share/px4_ros_com/hook/ld_library_path_lib.ps1'
[5.499s] INFO:colcon.colcon_core.shell:Creating environment descriptor '/home/jetson2/ws_sensor_combined/install/px4_ros_com/share/px4_ros_com/hook/ld_library_path_lib.dsv'
[5.499s] INFO:colcon.colcon_core.shell:Creating environment hook '/home/jetson2/ws_sensor_combined/install/px4_ros_com/share/px4_ros_com/hook/ld_library_path_lib.sh'
[5.500s] Level 1:colcon.colcon_core.environment:checking '/home/jetson2/ws_sensor_combined/install/px4_ros_com/bin'
[5.500s] Level 1:colcon.colcon_core.environment:checking '/home/jetson2/ws_sensor_combined/install/px4_ros_com/lib/pkgconfig/px4_ros_com.pc'
[5.501s] Level 1:colcon.colcon_core.environment:checking '/home/jetson2/ws_sensor_combined/install/px4_ros_com/lib/python3.10/site-packages'
[5.501s] Level 1:colcon.colcon_core.environment:checking '/home/jetson2/ws_sensor_combined/install/px4_ros_com/bin'
[5.501s] INFO:colcon.colcon_core.shell:Creating package script '/home/jetson2/ws_sensor_combined/install/px4_ros_com/share/px4_ros_com/package.ps1'
[5.503s] INFO:colcon.colcon_core.shell:Creating package descriptor '/home/jetson2/ws_sensor_combined/install/px4_ros_com/share/px4_ros_com/package.dsv'
[5.504s] INFO:colcon.colcon_core.shell:Creating package script '/home/jetson2/ws_sensor_combined/install/px4_ros_com/share/px4_ros_com/package.sh'
[5.504s] INFO:colcon.colcon_core.shell:Creating package script '/home/jetson2/ws_sensor_combined/install/px4_ros_com/share/px4_ros_com/package.bash'
[5.505s] INFO:colcon.colcon_core.shell:Creating package script '/home/jetson2/ws_sensor_combined/install/px4_ros_com/share/px4_ros_com/package.zsh'
[5.506s] Level 1:colcon.colcon_core.environment:create_file_with_runtime_dependencies(/home/jetson2/ws_sensor_combined/install/px4_ros_com/share/colcon-core/packages/px4_ros_com)
[6.365s] Level 1:colcon.colcon_core.shell:create_environment_hook('offboard', 'pythonpath_develop')
[6.366s] INFO:colcon.colcon_core.shell:Creating environment hook '/home/jetson2/ws_sensor_combined/build/offboard/share/offboard/hook/pythonpath_develop.ps1'
[6.367s] DEBUG:colcon.colcon_core.event_handler.log_command:Invoked command in '/home/jetson2/ws_sensor_combined/build/offboard' returned '0': AMENT_PREFIX_PATH=/home/jetson2/ws_sensor_combined/install/px4_msgs:${AMENT_PREFIX_PATH} CMAKE_PREFIX_PATH=/home/jetson2/ws_sensor_combined/install/px4_msgs LD_LIBRARY_PATH=/home/jetson2/ws_sensor_combined/install/px4_msgs/lib:${LD_LIBRARY_PATH} PYTHONPATH=/home/jetson2/ws_sensor_combined/build/offboard/prefix_override:/usr/lib/python3/dist-packages/colcon_core/task/python/colcon_distutils_commands:/home/jetson2/ws_sensor_combined/install/offboard/lib/python3.10/site-packages:/home/jetson2/ws_sensor_combined/install/px4_msgs/local/lib/python3.10/dist-packages:${PYTHONPATH} /usr/bin/python3 -W ignore:setup.py install is deprecated -W ignore:easy_install command is deprecated setup.py develop --editable --build-directory /home/jetson2/ws_sensor_combined/build/offboard/build --no-deps symlink_data
[6.368s] INFO:colcon.colcon_core.shell:Creating environment descriptor '/home/jetson2/ws_sensor_combined/build/offboard/share/offboard/hook/pythonpath_develop.dsv'
[6.369s] INFO:colcon.colcon_core.shell:Creating environment hook '/home/jetson2/ws_sensor_combined/build/offboard/share/offboard/hook/pythonpath_develop.sh'
[6.370s] Level 1:colcon.colcon_core.environment:checking '/home/jetson2/ws_sensor_combined/install/offboard' for CMake module files
[6.371s] Level 1:colcon.colcon_core.environment:checking '/home/jetson2/ws_sensor_combined/install/offboard' for CMake config files
[6.372s] Level 1:colcon.colcon_core.environment:checking '/home/jetson2/ws_sensor_combined/install/offboard/lib'
[6.372s] Level 1:colcon.colcon_core.environment:checking '/home/jetson2/ws_sensor_combined/install/offboard/bin'
[6.373s] Level 1:colcon.colcon_core.environment:checking '/home/jetson2/ws_sensor_combined/install/offboard/lib/pkgconfig/offboard.pc'
[6.373s] Level 1:colcon.colcon_core.environment:checking '/home/jetson2/ws_sensor_combined/install/offboard/lib/python3.10/site-packages'
[6.373s] Level 1:colcon.colcon_core.shell:create_environment_hook('offboard', 'pythonpath')
[6.374s] INFO:colcon.colcon_core.shell:Creating environment hook '/home/jetson2/ws_sensor_combined/install/offboard/share/offboard/hook/pythonpath.ps1'
[6.374s] INFO:colcon.colcon_core.shell:Creating environment descriptor '/home/jetson2/ws_sensor_combined/install/offboard/share/offboard/hook/pythonpath.dsv'
[6.375s] INFO:colcon.colcon_core.shell:Creating environment hook '/home/jetson2/ws_sensor_combined/install/offboard/share/offboard/hook/pythonpath.sh'
[6.376s] Level 1:colcon.colcon_core.environment:checking '/home/jetson2/ws_sensor_combined/install/offboard/bin'
[6.376s] Level 1:colcon.colcon_core.environment:create_environment_scripts_only(offboard)
[6.377s] INFO:colcon.colcon_core.shell:Creating package script '/home/jetson2/ws_sensor_combined/install/offboard/share/offboard/package.ps1'
[6.378s] INFO:colcon.colcon_core.shell:Creating package descriptor '/home/jetson2/ws_sensor_combined/install/offboard/share/offboard/package.dsv'
[6.379s] INFO:colcon.colcon_core.shell:Creating package script '/home/jetson2/ws_sensor_combined/install/offboard/share/offboard/package.sh'
[6.380s] INFO:colcon.colcon_core.shell:Creating package script '/home/jetson2/ws_sensor_combined/install/offboard/share/offboard/package.bash'
[6.380s] INFO:colcon.colcon_core.shell:Creating package script '/home/jetson2/ws_sensor_combined/install/offboard/share/offboard/package.zsh'
[6.381s] Level 1:colcon.colcon_core.environment:create_file_with_runtime_dependencies(/home/jetson2/ws_sensor_combined/install/offboard/share/colcon-core/packages/offboard)
[6.382s] DEBUG:colcon.colcon_parallel_executor.executor.parallel:closing loop
[6.382s] DEBUG:colcon.colcon_parallel_executor.executor.parallel:loop closed
[6.382s] DEBUG:colcon.colcon_parallel_executor.executor.parallel:run_until_complete finished with '0'
[6.382s] DEBUG:colcon.colcon_core.event_reactor:joining thread
[6.393s] INFO:colcon.colcon_core.plugin_system:Skipping extension 'colcon_notification.desktop_notification.terminal_notifier': Not used on non-Darwin systems
[6.393s] INFO:colcon.colcon_core.plugin_system:Skipping extension 'colcon_notification.desktop_notification.win32': Not used on non-Windows systems
[6.393s] INFO:colcon.colcon_notification.desktop_notification:Sending desktop notification using 'notify2'
[6.467s] DEBUG:colcon.colcon_core.event_reactor:joined thread
[6.468s] INFO:colcon.colcon_core.shell:Creating prefix script '/home/jetson2/ws_sensor_combined/install/local_setup.ps1'
[6.471s] INFO:colcon.colcon_core.shell:Creating prefix util module '/home/jetson2/ws_sensor_combined/install/_local_setup_util_ps1.py'
[6.473s] INFO:colcon.colcon_core.shell:Creating prefix chain script '/home/jetson2/ws_sensor_combined/install/setup.ps1'
[6.476s] INFO:colcon.colcon_core.shell:Creating prefix script '/home/jetson2/ws_sensor_combined/install/local_setup.sh'
[6.477s] INFO:colcon.colcon_core.shell:Creating prefix util module '/home/jetson2/ws_sensor_combined/install/_local_setup_util_sh.py'
[6.478s] INFO:colcon.colcon_core.shell:Creating prefix chain script '/home/jetson2/ws_sensor_combined/install/setup.sh'
[6.480s] INFO:colcon.colcon_core.shell:Creating prefix script '/home/jetson2/ws_sensor_combined/install/local_setup.bash'
[6.481s] INFO:colcon.colcon_core.shell:Creating prefix chain script '/home/jetson2/ws_sensor_combined/install/setup.bash'
[6.483s] INFO:colcon.colcon_core.shell:Creating prefix script '/home/jetson2/ws_sensor_combined/install/local_setup.zsh'
[6.484s] INFO:colcon.colcon_core.shell:Creating prefix chain script '/home/jetson2/ws_sensor_combined/install/setup.zsh'
