[0.230s] DEBUG:colcon:Command line arguments: ['/usr/bin/colcon', 'list', '-p', '--base-paths', '/home/jetson2/ws_sensor_combined']
[0.230s] DEBUG:colcon:Parsed command line arguments: Namespace(log_base=None, log_level=None, verb_name='list', build_base='build', ignore_user_meta=False, metas=['./colcon.meta'], base_paths=['/home/jetson2/ws_sensor_combined'], packages_ignore=None, packages_ignore_regex=None, paths=None, packages_up_to=None, packages_up_to_regex=None, packages_above=None, packages_above_and_dependencies=None, packages_above_depth=None, packages_select_by_dep=None, packages_skip_by_dep=None, packages_skip_up_to=None, packages_select_build_failed=False, packages_skip_build_finished=False, packages_select_test_failures=False, packages_skip_test_passed=False, packages_select=None, packages_skip=None, packages_select_regex=None, packages_skip_regex=None, packages_start=None, packages_end=None, allow_overriding=[], topological_order=False, names_only=False, paths_only=True, topological_graph=False, topological_graph_dot=False, topological_graph_density=False, topological_graph_legend=False, topological_graph_dot_cluster=False, topological_graph_dot_include_skipped=False, mixin_files=None, mixin=None, verb_parser=<colcon_mixin.mixin.mixin_argument.MixinArgumentDecorator object at 0xffffa205a8c0>, verb_extension=<colcon_package_information.verb.list.ListVerb object at 0xffffa2059570>, main=<bound method ListVerb.main of <colcon_package_information.verb.list.ListVerb object at 0xffffa2059570>>, mixin_verb=('list',))
[0.594s] Level 1:colcon.colcon_core.package_discovery:discover_packages(colcon_meta) check parameters
[0.595s] Level 1:colcon.colcon_core.package_discovery:discover_packages(recursive) check parameters
[0.595s] Level 1:colcon.colcon_core.package_discovery:discover_packages(ignore) check parameters
[0.595s] Level 1:colcon.colcon_core.package_discovery:discover_packages(path) check parameters
[0.595s] Level 1:colcon.colcon_core.package_discovery:discover_packages(recursive) discover
[0.595s] INFO:colcon.colcon_core.package_discovery:Crawling recursively for packages in '/home/jetson2/ws_sensor_combined'
[0.595s] Level 1:colcon.colcon_core.package_identification:_identify(/home/jetson2/ws_sensor_combined) by extensions ['ignore', 'ignore_ament_install']
[0.596s] Level 1:colcon.colcon_core.package_identification:_identify(/home/jetson2/ws_sensor_combined) by extension 'ignore'
[0.596s] Level 1:colcon.colcon_core.package_identification:_identify(/home/jetson2/ws_sensor_combined) by extension 'ignore_ament_install'
[0.596s] Level 1:colcon.colcon_core.package_identification:_identify(/home/jetson2/ws_sensor_combined) by extensions ['colcon_pkg']
[0.596s] Level 1:colcon.colcon_core.package_identification:_identify(/home/jetson2/ws_sensor_combined) by extension 'colcon_pkg'
[0.596s] Level 1:colcon.colcon_core.package_identification:_identify(/home/jetson2/ws_sensor_combined) by extensions ['colcon_meta']
[0.596s] Level 1:colcon.colcon_core.package_identification:_identify(/home/jetson2/ws_sensor_combined) by extension 'colcon_meta'
[0.596s] Level 1:colcon.colcon_core.package_identification:_identify(/home/jetson2/ws_sensor_combined) by extensions ['ros']
[0.596s] Level 1:colcon.colcon_core.package_identification:_identify(/home/jetson2/ws_sensor_combined) by extension 'ros'
[0.621s] Level 1:colcon.colcon_core.package_identification:_identify(/home/jetson2/ws_sensor_combined) by extensions ['cmake', 'python']
[0.621s] Level 1:colcon.colcon_core.package_identification:_identify(/home/jetson2/ws_sensor_combined) by extension 'cmake'
[0.621s] Level 1:colcon.colcon_core.package_identification:_identify(/home/jetson2/ws_sensor_combined) by extension 'python'
[0.622s] Level 1:colcon.colcon_core.package_identification:_identify(/home/jetson2/ws_sensor_combined) by extensions ['python_setup_py']
[0.622s] Level 1:colcon.colcon_core.package_identification:_identify(/home/jetson2/ws_sensor_combined) by extension 'python_setup_py'
[0.622s] Level 1:colcon.colcon_core.package_identification:_identify(/home/jetson2/ws_sensor_combined/build) by extensions ['ignore', 'ignore_ament_install']
[0.622s] Level 1:colcon.colcon_core.package_identification:_identify(/home/jetson2/ws_sensor_combined/build) by extension 'ignore'
[0.622s] Level 1:colcon.colcon_core.package_identification:_identify(/home/jetson2/ws_sensor_combined/build) ignored
[0.623s] Level 1:colcon.colcon_core.package_identification:_identify(/home/jetson2/ws_sensor_combined/install) by extensions ['ignore', 'ignore_ament_install']
[0.623s] Level 1:colcon.colcon_core.package_identification:_identify(/home/jetson2/ws_sensor_combined/install) by extension 'ignore'
[0.623s] Level 1:colcon.colcon_core.package_identification:_identify(/home/jetson2/ws_sensor_combined/install) ignored
[0.623s] Level 1:colcon.colcon_core.package_identification:_identify(/home/jetson2/ws_sensor_combined/log) by extensions ['ignore', 'ignore_ament_install']
[0.623s] Level 1:colcon.colcon_core.package_identification:_identify(/home/jetson2/ws_sensor_combined/log) by extension 'ignore'
[0.623s] Level 1:colcon.colcon_core.package_identification:_identify(/home/jetson2/ws_sensor_combined/log) ignored
[0.624s] Level 1:colcon.colcon_core.package_identification:_identify(/home/jetson2/ws_sensor_combined/src) by extensions ['ignore', 'ignore_ament_install']
[0.624s] Level 1:colcon.colcon_core.package_identification:_identify(/home/jetson2/ws_sensor_combined/src) by extension 'ignore'
[0.624s] Level 1:colcon.colcon_core.package_identification:_identify(/home/jetson2/ws_sensor_combined/src) by extension 'ignore_ament_install'
[0.624s] Level 1:colcon.colcon_core.package_identification:_identify(/home/jetson2/ws_sensor_combined/src) by extensions ['colcon_pkg']
[0.624s] Level 1:colcon.colcon_core.package_identification:_identify(/home/jetson2/ws_sensor_combined/src) by extension 'colcon_pkg'
[0.624s] Level 1:colcon.colcon_core.package_identification:_identify(/home/jetson2/ws_sensor_combined/src) by extensions ['colcon_meta']
[0.624s] Level 1:colcon.colcon_core.package_identification:_identify(/home/jetson2/ws_sensor_combined/src) by extension 'colcon_meta'
[0.624s] Level 1:colcon.colcon_core.package_identification:_identify(/home/jetson2/ws_sensor_combined/src) by extensions ['ros']
[0.624s] Level 1:colcon.colcon_core.package_identification:_identify(/home/jetson2/ws_sensor_combined/src) by extension 'ros'
[0.625s] Level 1:colcon.colcon_core.package_identification:_identify(/home/jetson2/ws_sensor_combined/src) by extensions ['cmake', 'python']
[0.625s] Level 1:colcon.colcon_core.package_identification:_identify(/home/jetson2/ws_sensor_combined/src) by extension 'cmake'
[0.625s] Level 1:colcon.colcon_core.package_identification:_identify(/home/jetson2/ws_sensor_combined/src) by extension 'python'
[0.625s] Level 1:colcon.colcon_core.package_identification:_identify(/home/jetson2/ws_sensor_combined/src) by extensions ['python_setup_py']
[0.625s] Level 1:colcon.colcon_core.package_identification:_identify(/home/jetson2/ws_sensor_combined/src) by extension 'python_setup_py'
[0.625s] Level 1:colcon.colcon_core.package_identification:_identify(/home/jetson2/ws_sensor_combined/src/build) by extensions ['ignore', 'ignore_ament_install']
[0.625s] Level 1:colcon.colcon_core.package_identification:_identify(/home/jetson2/ws_sensor_combined/src/build) by extension 'ignore'
[0.626s] Level 1:colcon.colcon_core.package_identification:_identify(/home/jetson2/ws_sensor_combined/src/build) by extension 'ignore_ament_install'
[0.626s] Level 1:colcon.colcon_core.package_identification:_identify(/home/jetson2/ws_sensor_combined/src/build) by extensions ['colcon_pkg']
[0.626s] Level 1:colcon.colcon_core.package_identification:_identify(/home/jetson2/ws_sensor_combined/src/build) by extension 'colcon_pkg'
[0.626s] Level 1:colcon.colcon_core.package_identification:_identify(/home/jetson2/ws_sensor_combined/src/build) by extensions ['colcon_meta']
[0.626s] Level 1:colcon.colcon_core.package_identification:_identify(/home/jetson2/ws_sensor_combined/src/build) by extension 'colcon_meta'
[0.626s] Level 1:colcon.colcon_core.package_identification:_identify(/home/jetson2/ws_sensor_combined/src/build) by extensions ['ros']
[0.626s] Level 1:colcon.colcon_core.package_identification:_identify(/home/jetson2/ws_sensor_combined/src/build) by extension 'ros'
[0.626s] Level 1:colcon.colcon_core.package_identification:_identify(/home/jetson2/ws_sensor_combined/src/build) by extensions ['cmake', 'python']
[0.626s] Level 1:colcon.colcon_core.package_identification:_identify(/home/jetson2/ws_sensor_combined/src/build) by extension 'cmake'
[0.626s] Level 1:colcon.colcon_core.package_identification:_identify(/home/jetson2/ws_sensor_combined/src/build) by extension 'python'
[0.627s] Level 1:colcon.colcon_core.package_identification:_identify(/home/jetson2/ws_sensor_combined/src/build) by extensions ['python_setup_py']
[0.627s] Level 1:colcon.colcon_core.package_identification:_identify(/home/jetson2/ws_sensor_combined/src/build) by extension 'python_setup_py'
[0.627s] Level 1:colcon.colcon_core.package_identification:_identify(/home/jetson2/ws_sensor_combined/src/build/CMakeFiles) by extensions ['ignore', 'ignore_ament_install']
[0.627s] Level 1:colcon.colcon_core.package_identification:_identify(/home/jetson2/ws_sensor_combined/src/build/CMakeFiles) by extension 'ignore'
[0.627s] Level 1:colcon.colcon_core.package_identification:_identify(/home/jetson2/ws_sensor_combined/src/build/CMakeFiles) by extension 'ignore_ament_install'
[0.627s] Level 1:colcon.colcon_core.package_identification:_identify(/home/jetson2/ws_sensor_combined/src/build/CMakeFiles) by extensions ['colcon_pkg']
[0.627s] Level 1:colcon.colcon_core.package_identification:_identify(/home/jetson2/ws_sensor_combined/src/build/CMakeFiles) by extension 'colcon_pkg'
[0.627s] Level 1:colcon.colcon_core.package_identification:_identify(/home/jetson2/ws_sensor_combined/src/build/CMakeFiles) by extensions ['colcon_meta']
[0.627s] Level 1:colcon.colcon_core.package_identification:_identify(/home/jetson2/ws_sensor_combined/src/build/CMakeFiles) by extension 'colcon_meta'
[0.628s] Level 1:colcon.colcon_core.package_identification:_identify(/home/jetson2/ws_sensor_combined/src/build/CMakeFiles) by extensions ['ros']
[0.628s] Level 1:colcon.colcon_core.package_identification:_identify(/home/jetson2/ws_sensor_combined/src/build/CMakeFiles) by extension 'ros'
[0.628s] Level 1:colcon.colcon_core.package_identification:_identify(/home/jetson2/ws_sensor_combined/src/build/CMakeFiles) by extensions ['cmake', 'python']
[0.628s] Level 1:colcon.colcon_core.package_identification:_identify(/home/jetson2/ws_sensor_combined/src/build/CMakeFiles) by extension 'cmake'
[0.628s] Level 1:colcon.colcon_core.package_identification:_identify(/home/jetson2/ws_sensor_combined/src/build/CMakeFiles) by extension 'python'
[0.628s] Level 1:colcon.colcon_core.package_identification:_identify(/home/jetson2/ws_sensor_combined/src/build/CMakeFiles) by extensions ['python_setup_py']
[0.628s] Level 1:colcon.colcon_core.package_identification:_identify(/home/jetson2/ws_sensor_combined/src/build/CMakeFiles) by extension 'python_setup_py'
[0.628s] Level 1:colcon.colcon_core.package_identification:_identify(/home/jetson2/ws_sensor_combined/src/build/CMakeFiles/3.22.1) by extensions ['ignore', 'ignore_ament_install']
[0.628s] Level 1:colcon.colcon_core.package_identification:_identify(/home/jetson2/ws_sensor_combined/src/build/CMakeFiles/3.22.1) by extension 'ignore'
[0.629s] Level 1:colcon.colcon_core.package_identification:_identify(/home/jetson2/ws_sensor_combined/src/build/CMakeFiles/3.22.1) by extension 'ignore_ament_install'
[0.629s] Level 1:colcon.colcon_core.package_identification:_identify(/home/jetson2/ws_sensor_combined/src/build/CMakeFiles/3.22.1) by extensions ['colcon_pkg']
[0.629s] Level 1:colcon.colcon_core.package_identification:_identify(/home/jetson2/ws_sensor_combined/src/build/CMakeFiles/3.22.1) by extension 'colcon_pkg'
[0.629s] Level 1:colcon.colcon_core.package_identification:_identify(/home/jetson2/ws_sensor_combined/src/build/CMakeFiles/3.22.1) by extensions ['colcon_meta']
[0.629s] Level 1:colcon.colcon_core.package_identification:_identify(/home/jetson2/ws_sensor_combined/src/build/CMakeFiles/3.22.1) by extension 'colcon_meta'
[0.629s] Level 1:colcon.colcon_core.package_identification:_identify(/home/jetson2/ws_sensor_combined/src/build/CMakeFiles/3.22.1) by extensions ['ros']
[0.629s] Level 1:colcon.colcon_core.package_identification:_identify(/home/jetson2/ws_sensor_combined/src/build/CMakeFiles/3.22.1) by extension 'ros'
[0.629s] Level 1:colcon.colcon_core.package_identification:_identify(/home/jetson2/ws_sensor_combined/src/build/CMakeFiles/3.22.1) by extensions ['cmake', 'python']
[0.629s] Level 1:colcon.colcon_core.package_identification:_identify(/home/jetson2/ws_sensor_combined/src/build/CMakeFiles/3.22.1) by extension 'cmake'
[0.630s] Level 1:colcon.colcon_core.package_identification:_identify(/home/jetson2/ws_sensor_combined/src/build/CMakeFiles/3.22.1) by extension 'python'
[0.630s] Level 1:colcon.colcon_core.package_identification:_identify(/home/jetson2/ws_sensor_combined/src/build/CMakeFiles/3.22.1) by extensions ['python_setup_py']
[0.630s] Level 1:colcon.colcon_core.package_identification:_identify(/home/jetson2/ws_sensor_combined/src/build/CMakeFiles/3.22.1) by extension 'python_setup_py'
[0.630s] Level 1:colcon.colcon_core.package_identification:_identify(/home/jetson2/ws_sensor_combined/src/build/CMakeFiles/3.22.1/CompilerIdC) by extensions ['ignore', 'ignore_ament_install']
[0.630s] Level 1:colcon.colcon_core.package_identification:_identify(/home/jetson2/ws_sensor_combined/src/build/CMakeFiles/3.22.1/CompilerIdC) by extension 'ignore'
[0.630s] Level 1:colcon.colcon_core.package_identification:_identify(/home/jetson2/ws_sensor_combined/src/build/CMakeFiles/3.22.1/CompilerIdC) by extension 'ignore_ament_install'
[0.630s] Level 1:colcon.colcon_core.package_identification:_identify(/home/jetson2/ws_sensor_combined/src/build/CMakeFiles/3.22.1/CompilerIdC) by extensions ['colcon_pkg']
[0.630s] Level 1:colcon.colcon_core.package_identification:_identify(/home/jetson2/ws_sensor_combined/src/build/CMakeFiles/3.22.1/CompilerIdC) by extension 'colcon_pkg'
[0.631s] Level 1:colcon.colcon_core.package_identification:_identify(/home/jetson2/ws_sensor_combined/src/build/CMakeFiles/3.22.1/CompilerIdC) by extensions ['colcon_meta']
[0.631s] Level 1:colcon.colcon_core.package_identification:_identify(/home/jetson2/ws_sensor_combined/src/build/CMakeFiles/3.22.1/CompilerIdC) by extension 'colcon_meta'
[0.631s] Level 1:colcon.colcon_core.package_identification:_identify(/home/jetson2/ws_sensor_combined/src/build/CMakeFiles/3.22.1/CompilerIdC) by extensions ['ros']
[0.631s] Level 1:colcon.colcon_core.package_identification:_identify(/home/jetson2/ws_sensor_combined/src/build/CMakeFiles/3.22.1/CompilerIdC) by extension 'ros'
[0.631s] Level 1:colcon.colcon_core.package_identification:_identify(/home/jetson2/ws_sensor_combined/src/build/CMakeFiles/3.22.1/CompilerIdC) by extensions ['cmake', 'python']
[0.631s] Level 1:colcon.colcon_core.package_identification:_identify(/home/jetson2/ws_sensor_combined/src/build/CMakeFiles/3.22.1/CompilerIdC) by extension 'cmake'
[0.631s] Level 1:colcon.colcon_core.package_identification:_identify(/home/jetson2/ws_sensor_combined/src/build/CMakeFiles/3.22.1/CompilerIdC) by extension 'python'
[0.631s] Level 1:colcon.colcon_core.package_identification:_identify(/home/jetson2/ws_sensor_combined/src/build/CMakeFiles/3.22.1/CompilerIdC) by extensions ['python_setup_py']
[0.631s] Level 1:colcon.colcon_core.package_identification:_identify(/home/jetson2/ws_sensor_combined/src/build/CMakeFiles/3.22.1/CompilerIdC) by extension 'python_setup_py'
[0.632s] Level 1:colcon.colcon_core.package_identification:_identify(/home/jetson2/ws_sensor_combined/src/build/CMakeFiles/3.22.1/CompilerIdC/tmp) by extensions ['ignore', 'ignore_ament_install']
[0.632s] Level 1:colcon.colcon_core.package_identification:_identify(/home/jetson2/ws_sensor_combined/src/build/CMakeFiles/3.22.1/CompilerIdC/tmp) by extension 'ignore'
[0.632s] Level 1:colcon.colcon_core.package_identification:_identify(/home/jetson2/ws_sensor_combined/src/build/CMakeFiles/3.22.1/CompilerIdC/tmp) by extension 'ignore_ament_install'
[0.632s] Level 1:colcon.colcon_core.package_identification:_identify(/home/jetson2/ws_sensor_combined/src/build/CMakeFiles/3.22.1/CompilerIdC/tmp) by extensions ['colcon_pkg']
[0.632s] Level 1:colcon.colcon_core.package_identification:_identify(/home/jetson2/ws_sensor_combined/src/build/CMakeFiles/3.22.1/CompilerIdC/tmp) by extension 'colcon_pkg'
[0.632s] Level 1:colcon.colcon_core.package_identification:_identify(/home/jetson2/ws_sensor_combined/src/build/CMakeFiles/3.22.1/CompilerIdC/tmp) by extensions ['colcon_meta']
[0.632s] Level 1:colcon.colcon_core.package_identification:_identify(/home/jetson2/ws_sensor_combined/src/build/CMakeFiles/3.22.1/CompilerIdC/tmp) by extension 'colcon_meta'
[0.632s] Level 1:colcon.colcon_core.package_identification:_identify(/home/jetson2/ws_sensor_combined/src/build/CMakeFiles/3.22.1/CompilerIdC/tmp) by extensions ['ros']
[0.633s] Level 1:colcon.colcon_core.package_identification:_identify(/home/jetson2/ws_sensor_combined/src/build/CMakeFiles/3.22.1/CompilerIdC/tmp) by extension 'ros'
[0.633s] Level 1:colcon.colcon_core.package_identification:_identify(/home/jetson2/ws_sensor_combined/src/build/CMakeFiles/3.22.1/CompilerIdC/tmp) by extensions ['cmake', 'python']
[0.633s] Level 1:colcon.colcon_core.package_identification:_identify(/home/jetson2/ws_sensor_combined/src/build/CMakeFiles/3.22.1/CompilerIdC/tmp) by extension 'cmake'
[0.633s] Level 1:colcon.colcon_core.package_identification:_identify(/home/jetson2/ws_sensor_combined/src/build/CMakeFiles/3.22.1/CompilerIdC/tmp) by extension 'python'
[0.633s] Level 1:colcon.colcon_core.package_identification:_identify(/home/jetson2/ws_sensor_combined/src/build/CMakeFiles/3.22.1/CompilerIdC/tmp) by extensions ['python_setup_py']
[0.633s] Level 1:colcon.colcon_core.package_identification:_identify(/home/jetson2/ws_sensor_combined/src/build/CMakeFiles/3.22.1/CompilerIdC/tmp) by extension 'python_setup_py'
[0.633s] Level 1:colcon.colcon_core.package_identification:_identify(/home/jetson2/ws_sensor_combined/src/build/CMakeFiles/3.22.1/CompilerIdCXX) by extensions ['ignore', 'ignore_ament_install']
[0.633s] Level 1:colcon.colcon_core.package_identification:_identify(/home/jetson2/ws_sensor_combined/src/build/CMakeFiles/3.22.1/CompilerIdCXX) by extension 'ignore'
[0.634s] Level 1:colcon.colcon_core.package_identification:_identify(/home/jetson2/ws_sensor_combined/src/build/CMakeFiles/3.22.1/CompilerIdCXX) by extension 'ignore_ament_install'
[0.634s] Level 1:colcon.colcon_core.package_identification:_identify(/home/jetson2/ws_sensor_combined/src/build/CMakeFiles/3.22.1/CompilerIdCXX) by extensions ['colcon_pkg']
[0.634s] Level 1:colcon.colcon_core.package_identification:_identify(/home/jetson2/ws_sensor_combined/src/build/CMakeFiles/3.22.1/CompilerIdCXX) by extension 'colcon_pkg'
[0.634s] Level 1:colcon.colcon_core.package_identification:_identify(/home/jetson2/ws_sensor_combined/src/build/CMakeFiles/3.22.1/CompilerIdCXX) by extensions ['colcon_meta']
[0.634s] Level 1:colcon.colcon_core.package_identification:_identify(/home/jetson2/ws_sensor_combined/src/build/CMakeFiles/3.22.1/CompilerIdCXX) by extension 'colcon_meta'
[0.634s] Level 1:colcon.colcon_core.package_identification:_identify(/home/jetson2/ws_sensor_combined/src/build/CMakeFiles/3.22.1/CompilerIdCXX) by extensions ['ros']
[0.634s] Level 1:colcon.colcon_core.package_identification:_identify(/home/jetson2/ws_sensor_combined/src/build/CMakeFiles/3.22.1/CompilerIdCXX) by extension 'ros'
[0.634s] Level 1:colcon.colcon_core.package_identification:_identify(/home/jetson2/ws_sensor_combined/src/build/CMakeFiles/3.22.1/CompilerIdCXX) by extensions ['cmake', 'python']
[0.634s] Level 1:colcon.colcon_core.package_identification:_identify(/home/jetson2/ws_sensor_combined/src/build/CMakeFiles/3.22.1/CompilerIdCXX) by extension 'cmake'
[0.634s] Level 1:colcon.colcon_core.package_identification:_identify(/home/jetson2/ws_sensor_combined/src/build/CMakeFiles/3.22.1/CompilerIdCXX) by extension 'python'
[0.635s] Level 1:colcon.colcon_core.package_identification:_identify(/home/jetson2/ws_sensor_combined/src/build/CMakeFiles/3.22.1/CompilerIdCXX) by extensions ['python_setup_py']
[0.635s] Level 1:colcon.colcon_core.package_identification:_identify(/home/jetson2/ws_sensor_combined/src/build/CMakeFiles/3.22.1/CompilerIdCXX) by extension 'python_setup_py'
[0.635s] Level 1:colcon.colcon_core.package_identification:_identify(/home/jetson2/ws_sensor_combined/src/build/CMakeFiles/3.22.1/CompilerIdCXX/tmp) by extensions ['ignore', 'ignore_ament_install']
[0.635s] Level 1:colcon.colcon_core.package_identification:_identify(/home/jetson2/ws_sensor_combined/src/build/CMakeFiles/3.22.1/CompilerIdCXX/tmp) by extension 'ignore'
[0.635s] Level 1:colcon.colcon_core.package_identification:_identify(/home/jetson2/ws_sensor_combined/src/build/CMakeFiles/3.22.1/CompilerIdCXX/tmp) by extension 'ignore_ament_install'
[0.635s] Level 1:colcon.colcon_core.package_identification:_identify(/home/jetson2/ws_sensor_combined/src/build/CMakeFiles/3.22.1/CompilerIdCXX/tmp) by extensions ['colcon_pkg']
[0.635s] Level 1:colcon.colcon_core.package_identification:_identify(/home/jetson2/ws_sensor_combined/src/build/CMakeFiles/3.22.1/CompilerIdCXX/tmp) by extension 'colcon_pkg'
[0.635s] Level 1:colcon.colcon_core.package_identification:_identify(/home/jetson2/ws_sensor_combined/src/build/CMakeFiles/3.22.1/CompilerIdCXX/tmp) by extensions ['colcon_meta']
[0.635s] Level 1:colcon.colcon_core.package_identification:_identify(/home/jetson2/ws_sensor_combined/src/build/CMakeFiles/3.22.1/CompilerIdCXX/tmp) by extension 'colcon_meta'
[0.636s] Level 1:colcon.colcon_core.package_identification:_identify(/home/jetson2/ws_sensor_combined/src/build/CMakeFiles/3.22.1/CompilerIdCXX/tmp) by extensions ['ros']
[0.636s] Level 1:colcon.colcon_core.package_identification:_identify(/home/jetson2/ws_sensor_combined/src/build/CMakeFiles/3.22.1/CompilerIdCXX/tmp) by extension 'ros'
[0.636s] Level 1:colcon.colcon_core.package_identification:_identify(/home/jetson2/ws_sensor_combined/src/build/CMakeFiles/3.22.1/CompilerIdCXX/tmp) by extensions ['cmake', 'python']
[0.636s] Level 1:colcon.colcon_core.package_identification:_identify(/home/jetson2/ws_sensor_combined/src/build/CMakeFiles/3.22.1/CompilerIdCXX/tmp) by extension 'cmake'
[0.636s] Level 1:colcon.colcon_core.package_identification:_identify(/home/jetson2/ws_sensor_combined/src/build/CMakeFiles/3.22.1/CompilerIdCXX/tmp) by extension 'python'
[0.636s] Level 1:colcon.colcon_core.package_identification:_identify(/home/jetson2/ws_sensor_combined/src/build/CMakeFiles/3.22.1/CompilerIdCXX/tmp) by extensions ['python_setup_py']
[0.636s] Level 1:colcon.colcon_core.package_identification:_identify(/home/jetson2/ws_sensor_combined/src/build/CMakeFiles/3.22.1/CompilerIdCXX/tmp) by extension 'python_setup_py'
[0.636s] Level 1:colcon.colcon_core.package_identification:_identify(/home/jetson2/ws_sensor_combined/src/build/CMakeFiles/CMakeTmp) by extensions ['ignore', 'ignore_ament_install']
[0.637s] Level 1:colcon.colcon_core.package_identification:_identify(/home/jetson2/ws_sensor_combined/src/build/CMakeFiles/CMakeTmp) by extension 'ignore'
[0.637s] Level 1:colcon.colcon_core.package_identification:_identify(/home/jetson2/ws_sensor_combined/src/build/CMakeFiles/CMakeTmp) by extension 'ignore_ament_install'
[0.637s] Level 1:colcon.colcon_core.package_identification:_identify(/home/jetson2/ws_sensor_combined/src/build/CMakeFiles/CMakeTmp) by extensions ['colcon_pkg']
[0.637s] Level 1:colcon.colcon_core.package_identification:_identify(/home/jetson2/ws_sensor_combined/src/build/CMakeFiles/CMakeTmp) by extension 'colcon_pkg'
[0.637s] Level 1:colcon.colcon_core.package_identification:_identify(/home/jetson2/ws_sensor_combined/src/build/CMakeFiles/CMakeTmp) by extensions ['colcon_meta']
[0.637s] Level 1:colcon.colcon_core.package_identification:_identify(/home/jetson2/ws_sensor_combined/src/build/CMakeFiles/CMakeTmp) by extension 'colcon_meta'
[0.637s] Level 1:colcon.colcon_core.package_identification:_identify(/home/jetson2/ws_sensor_combined/src/build/CMakeFiles/CMakeTmp) by extensions ['ros']
[0.637s] Level 1:colcon.colcon_core.package_identification:_identify(/home/jetson2/ws_sensor_combined/src/build/CMakeFiles/CMakeTmp) by extension 'ros'
[0.637s] Level 1:colcon.colcon_core.package_identification:_identify(/home/jetson2/ws_sensor_combined/src/build/CMakeFiles/CMakeTmp) by extensions ['cmake', 'python']
[0.637s] Level 1:colcon.colcon_core.package_identification:_identify(/home/jetson2/ws_sensor_combined/src/build/CMakeFiles/CMakeTmp) by extension 'cmake'
[0.638s] Level 1:colcon.colcon_core.package_identification:_identify(/home/jetson2/ws_sensor_combined/src/build/CMakeFiles/CMakeTmp) by extension 'python'
[0.638s] Level 1:colcon.colcon_core.package_identification:_identify(/home/jetson2/ws_sensor_combined/src/build/CMakeFiles/CMakeTmp) by extensions ['python_setup_py']
[0.638s] Level 1:colcon.colcon_core.package_identification:_identify(/home/jetson2/ws_sensor_combined/src/build/CMakeFiles/CMakeTmp) by extension 'python_setup_py'
[0.638s] Level 1:colcon.colcon_core.package_identification:_identify(/home/jetson2/ws_sensor_combined/src/offboard) by extensions ['ignore', 'ignore_ament_install']
[0.638s] Level 1:colcon.colcon_core.package_identification:_identify(/home/jetson2/ws_sensor_combined/src/offboard) by extension 'ignore'
[0.638s] Level 1:colcon.colcon_core.package_identification:_identify(/home/jetson2/ws_sensor_combined/src/offboard) by extension 'ignore_ament_install'
[0.638s] Level 1:colcon.colcon_core.package_identification:_identify(/home/jetson2/ws_sensor_combined/src/offboard) by extensions ['colcon_pkg']
[0.638s] Level 1:colcon.colcon_core.package_identification:_identify(/home/jetson2/ws_sensor_combined/src/offboard) by extension 'colcon_pkg'
[0.638s] Level 1:colcon.colcon_core.package_identification:_identify(/home/jetson2/ws_sensor_combined/src/offboard) by extensions ['colcon_meta']
[0.639s] Level 1:colcon.colcon_core.package_identification:_identify(/home/jetson2/ws_sensor_combined/src/offboard) by extension 'colcon_meta'
[0.639s] Level 1:colcon.colcon_core.package_identification:_identify(/home/jetson2/ws_sensor_combined/src/offboard) by extensions ['ros']
[0.639s] Level 1:colcon.colcon_core.package_identification:_identify(/home/jetson2/ws_sensor_combined/src/offboard) by extension 'ros'
[0.644s] DEBUG:colcon.colcon_core.package_identification:Package '/home/jetson2/ws_sensor_combined/src/offboard' with type 'ros.ament_python' and name 'offboard'
[0.644s] Level 1:colcon.colcon_core.package_identification:_identify(/home/jetson2/ws_sensor_combined/src/px4_msgs) by extensions ['ignore', 'ignore_ament_install']
[0.645s] Level 1:colcon.colcon_core.package_identification:_identify(/home/jetson2/ws_sensor_combined/src/px4_msgs) by extension 'ignore'
[0.645s] Level 1:colcon.colcon_core.package_identification:_identify(/home/jetson2/ws_sensor_combined/src/px4_msgs) by extension 'ignore_ament_install'
[0.645s] Level 1:colcon.colcon_core.package_identification:_identify(/home/jetson2/ws_sensor_combined/src/px4_msgs) by extensions ['colcon_pkg']
[0.645s] Level 1:colcon.colcon_core.package_identification:_identify(/home/jetson2/ws_sensor_combined/src/px4_msgs) by extension 'colcon_pkg'
[0.645s] Level 1:colcon.colcon_core.package_identification:_identify(/home/jetson2/ws_sensor_combined/src/px4_msgs) by extensions ['colcon_meta']
[0.645s] Level 1:colcon.colcon_core.package_identification:_identify(/home/jetson2/ws_sensor_combined/src/px4_msgs) by extension 'colcon_meta'
[0.645s] Level 1:colcon.colcon_core.package_identification:_identify(/home/jetson2/ws_sensor_combined/src/px4_msgs) by extensions ['ros']
[0.645s] Level 1:colcon.colcon_core.package_identification:_identify(/home/jetson2/ws_sensor_combined/src/px4_msgs) by extension 'ros'
[0.647s] DEBUG:colcon.colcon_core.package_identification:Package '/home/jetson2/ws_sensor_combined/src/px4_msgs' with type 'ros.ament_cmake' and name 'px4_msgs'
[0.647s] Level 1:colcon.colcon_core.package_identification:_identify(/home/jetson2/ws_sensor_combined/src/px4_ros_com) by extensions ['ignore', 'ignore_ament_install']
[0.648s] Level 1:colcon.colcon_core.package_identification:_identify(/home/jetson2/ws_sensor_combined/src/px4_ros_com) by extension 'ignore'
[0.648s] Level 1:colcon.colcon_core.package_identification:_identify(/home/jetson2/ws_sensor_combined/src/px4_ros_com) by extension 'ignore_ament_install'
[0.648s] Level 1:colcon.colcon_core.package_identification:_identify(/home/jetson2/ws_sensor_combined/src/px4_ros_com) by extensions ['colcon_pkg']
[0.648s] Level 1:colcon.colcon_core.package_identification:_identify(/home/jetson2/ws_sensor_combined/src/px4_ros_com) by extension 'colcon_pkg'
[0.648s] Level 1:colcon.colcon_core.package_identification:_identify(/home/jetson2/ws_sensor_combined/src/px4_ros_com) by extensions ['colcon_meta']
[0.648s] Level 1:colcon.colcon_core.package_identification:_identify(/home/jetson2/ws_sensor_combined/src/px4_ros_com) by extension 'colcon_meta'
[0.648s] Level 1:colcon.colcon_core.package_identification:_identify(/home/jetson2/ws_sensor_combined/src/px4_ros_com) by extensions ['ros']
[0.648s] Level 1:colcon.colcon_core.package_identification:_identify(/home/jetson2/ws_sensor_combined/src/px4_ros_com) by extension 'ros'
[0.651s] DEBUG:colcon.colcon_core.package_identification:Package '/home/jetson2/ws_sensor_combined/src/px4_ros_com' with type 'ros.ament_cmake' and name 'px4_ros_com'
[0.651s] Level 1:colcon.colcon_core.package_discovery:discover_packages(recursive) using defaults
