[0.131s] DEBUG:colcon:Command line arguments: ['/usr/bin/colcon', 'build', '--symlink-install']
[0.131s] DEBUG:colcon:Parsed command line arguments: Namespace(log_base=None, log_level=None, verb_name='build', build_base='build', install_base='install', merge_install=False, symlink_install=True, test_result_base=None, continue_on_error=False, executor='parallel', parallel_workers=8, event_handlers=None, ignore_user_meta=False, metas=['./colcon.meta'], base_paths=['.'], packages_ignore=None, packages_ignore_regex=None, paths=None, packages_up_to=None, packages_up_to_regex=None, packages_above=None, packages_above_and_dependencies=None, packages_above_depth=None, packages_select_by_dep=None, packages_skip_by_dep=None, packages_skip_up_to=None, packages_select_build_failed=False, packages_skip_build_finished=False, packages_select_test_failures=False, packages_skip_test_passed=False, packages_select=None, packages_skip=None, packages_select_regex=None, packages_skip_regex=None, packages_start=None, packages_end=None, allow_overriding=[], cmake_args=None, cmake_target=None, cmake_target_skip_unavailable=False, cmake_clean_cache=False, cmake_clean_first=False, cmake_force_configure=False, ament_cmake_args=None, catkin_cmake_args=None, catkin_skip_building_tests=False, mixin_files=None, mixin=None, verb_parser=<colcon_mixin.mixin.mixin_argument.MixinArgumentDecorator object at 0x730705d53d60>, verb_extension=<colcon_core.verb.build.BuildVerb object at 0x730705e94e50>, main=<bound method BuildVerb.main of <colcon_core.verb.build.BuildVerb object at 0x730705e94e50>>, mixin_verb=('build',))
[0.341s] Level 1:colcon.colcon_core.package_discovery:discover_packages(colcon_meta) check parameters
[0.341s] Level 1:colcon.colcon_core.package_discovery:discover_packages(recursive) check parameters
[0.341s] Level 1:colcon.colcon_core.package_discovery:discover_packages(ignore) check parameters
[0.341s] Level 1:colcon.colcon_core.package_discovery:discover_packages(path) check parameters
[0.341s] Level 1:colcon.colcon_core.package_discovery:discover_packages(colcon_meta) discover
[0.341s] Level 1:colcon.colcon_core.package_discovery:discover_packages(recursive) discover
[0.341s] INFO:colcon.colcon_core.package_discovery:Crawling recursively for packages in '/home/krristudent/HITL/sensor'
[0.341s] Level 1:colcon.colcon_core.package_identification:_identify(.) by extensions ['ignore', 'ignore_ament_install']
[0.341s] Level 1:colcon.colcon_core.package_identification:_identify(.) by extension 'ignore'
[0.341s] Level 1:colcon.colcon_core.package_identification:_identify(.) by extension 'ignore_ament_install'
[0.341s] Level 1:colcon.colcon_core.package_identification:_identify(.) by extensions ['colcon_pkg']
[0.341s] Level 1:colcon.colcon_core.package_identification:_identify(.) by extension 'colcon_pkg'
[0.341s] Level 1:colcon.colcon_core.package_identification:_identify(.) by extensions ['colcon_meta']
[0.341s] Level 1:colcon.colcon_core.package_identification:_identify(.) by extension 'colcon_meta'
[0.341s] Level 1:colcon.colcon_core.package_identification:_identify(.) by extensions ['ros']
[0.341s] Level 1:colcon.colcon_core.package_identification:_identify(.) by extension 'ros'
[0.352s] Level 1:colcon.colcon_core.package_identification:_identify(.) by extensions ['cmake', 'python']
[0.352s] Level 1:colcon.colcon_core.package_identification:_identify(.) by extension 'cmake'
[0.352s] Level 1:colcon.colcon_core.package_identification:_identify(.) by extension 'python'
[0.352s] Level 1:colcon.colcon_core.package_identification:_identify(.) by extensions ['python_setup_py']
[0.352s] Level 1:colcon.colcon_core.package_identification:_identify(.) by extension 'python_setup_py'
[0.352s] Level 1:colcon.colcon_core.package_identification:_identify(build) by extensions ['ignore', 'ignore_ament_install']
[0.352s] Level 1:colcon.colcon_core.package_identification:_identify(build) by extension 'ignore'
[0.352s] Level 1:colcon.colcon_core.package_identification:_identify(build) ignored
[0.353s] Level 1:colcon.colcon_core.package_identification:_identify(install) by extensions ['ignore', 'ignore_ament_install']
[0.353s] Level 1:colcon.colcon_core.package_identification:_identify(install) by extension 'ignore'
[0.353s] Level 1:colcon.colcon_core.package_identification:_identify(install) ignored
[0.353s] Level 1:colcon.colcon_core.package_identification:_identify(log) by extensions ['ignore', 'ignore_ament_install']
[0.353s] Level 1:colcon.colcon_core.package_identification:_identify(log) by extension 'ignore'
[0.353s] Level 1:colcon.colcon_core.package_identification:_identify(log) ignored
[0.353s] Level 1:colcon.colcon_core.package_identification:_identify(src) by extensions ['ignore', 'ignore_ament_install']
[0.353s] Level 1:colcon.colcon_core.package_identification:_identify(src) by extension 'ignore'
[0.353s] Level 1:colcon.colcon_core.package_identification:_identify(src) by extension 'ignore_ament_install'
[0.353s] Level 1:colcon.colcon_core.package_identification:_identify(src) by extensions ['colcon_pkg']
[0.353s] Level 1:colcon.colcon_core.package_identification:_identify(src) by extension 'colcon_pkg'
[0.354s] Level 1:colcon.colcon_core.package_identification:_identify(src) by extensions ['colcon_meta']
[0.354s] Level 1:colcon.colcon_core.package_identification:_identify(src) by extension 'colcon_meta'
[0.354s] Level 1:colcon.colcon_core.package_identification:_identify(src) by extensions ['ros']
[0.354s] Level 1:colcon.colcon_core.package_identification:_identify(src) by extension 'ros'
[0.354s] Level 1:colcon.colcon_core.package_identification:_identify(src) by extensions ['cmake', 'python']
[0.354s] Level 1:colcon.colcon_core.package_identification:_identify(src) by extension 'cmake'
[0.354s] Level 1:colcon.colcon_core.package_identification:_identify(src) by extension 'python'
[0.354s] Level 1:colcon.colcon_core.package_identification:_identify(src) by extensions ['python_setup_py']
[0.354s] Level 1:colcon.colcon_core.package_identification:_identify(src) by extension 'python_setup_py'
[0.354s] Level 1:colcon.colcon_core.package_identification:_identify(src/build) by extensions ['ignore', 'ignore_ament_install']
[0.354s] Level 1:colcon.colcon_core.package_identification:_identify(src/build) by extension 'ignore'
[0.354s] Level 1:colcon.colcon_core.package_identification:_identify(src/build) by extension 'ignore_ament_install'
[0.354s] Level 1:colcon.colcon_core.package_identification:_identify(src/build) by extensions ['colcon_pkg']
[0.354s] Level 1:colcon.colcon_core.package_identification:_identify(src/build) by extension 'colcon_pkg'
[0.354s] Level 1:colcon.colcon_core.package_identification:_identify(src/build) by extensions ['colcon_meta']
[0.354s] Level 1:colcon.colcon_core.package_identification:_identify(src/build) by extension 'colcon_meta'
[0.355s] Level 1:colcon.colcon_core.package_identification:_identify(src/build) by extensions ['ros']
[0.355s] Level 1:colcon.colcon_core.package_identification:_identify(src/build) by extension 'ros'
[0.355s] Level 1:colcon.colcon_core.package_identification:_identify(src/build) by extensions ['cmake', 'python']
[0.355s] Level 1:colcon.colcon_core.package_identification:_identify(src/build) by extension 'cmake'
[0.355s] Level 1:colcon.colcon_core.package_identification:_identify(src/build) by extension 'python'
[0.355s] Level 1:colcon.colcon_core.package_identification:_identify(src/build) by extensions ['python_setup_py']
[0.355s] Level 1:colcon.colcon_core.package_identification:_identify(src/build) by extension 'python_setup_py'
[0.355s] Level 1:colcon.colcon_core.package_identification:_identify(src/build/CMakeFiles) by extensions ['ignore', 'ignore_ament_install']
[0.355s] Level 1:colcon.colcon_core.package_identification:_identify(src/build/CMakeFiles) by extension 'ignore'
[0.355s] Level 1:colcon.colcon_core.package_identification:_identify(src/build/CMakeFiles) by extension 'ignore_ament_install'
[0.355s] Level 1:colcon.colcon_core.package_identification:_identify(src/build/CMakeFiles) by extensions ['colcon_pkg']
[0.355s] Level 1:colcon.colcon_core.package_identification:_identify(src/build/CMakeFiles) by extension 'colcon_pkg'
[0.355s] Level 1:colcon.colcon_core.package_identification:_identify(src/build/CMakeFiles) by extensions ['colcon_meta']
[0.356s] Level 1:colcon.colcon_core.package_identification:_identify(src/build/CMakeFiles) by extension 'colcon_meta'
[0.356s] Level 1:colcon.colcon_core.package_identification:_identify(src/build/CMakeFiles) by extensions ['ros']
[0.356s] Level 1:colcon.colcon_core.package_identification:_identify(src/build/CMakeFiles) by extension 'ros'
[0.356s] Level 1:colcon.colcon_core.package_identification:_identify(src/build/CMakeFiles) by extensions ['cmake', 'python']
[0.356s] Level 1:colcon.colcon_core.package_identification:_identify(src/build/CMakeFiles) by extension 'cmake'
[0.356s] Level 1:colcon.colcon_core.package_identification:_identify(src/build/CMakeFiles) by extension 'python'
[0.356s] Level 1:colcon.colcon_core.package_identification:_identify(src/build/CMakeFiles) by extensions ['python_setup_py']
[0.356s] Level 1:colcon.colcon_core.package_identification:_identify(src/build/CMakeFiles) by extension 'python_setup_py'
[0.356s] Level 1:colcon.colcon_core.package_identification:_identify(src/build/CMakeFiles/3.22.1) by extensions ['ignore', 'ignore_ament_install']
[0.356s] Level 1:colcon.colcon_core.package_identification:_identify(src/build/CMakeFiles/3.22.1) by extension 'ignore'
[0.356s] Level 1:colcon.colcon_core.package_identification:_identify(src/build/CMakeFiles/3.22.1) by extension 'ignore_ament_install'
[0.356s] Level 1:colcon.colcon_core.package_identification:_identify(src/build/CMakeFiles/3.22.1) by extensions ['colcon_pkg']
[0.356s] Level 1:colcon.colcon_core.package_identification:_identify(src/build/CMakeFiles/3.22.1) by extension 'colcon_pkg'
[0.356s] Level 1:colcon.colcon_core.package_identification:_identify(src/build/CMakeFiles/3.22.1) by extensions ['colcon_meta']
[0.356s] Level 1:colcon.colcon_core.package_identification:_identify(src/build/CMakeFiles/3.22.1) by extension 'colcon_meta'
[0.356s] Level 1:colcon.colcon_core.package_identification:_identify(src/build/CMakeFiles/3.22.1) by extensions ['ros']
[0.356s] Level 1:colcon.colcon_core.package_identification:_identify(src/build/CMakeFiles/3.22.1) by extension 'ros'
[0.357s] Level 1:colcon.colcon_core.package_identification:_identify(src/build/CMakeFiles/3.22.1) by extensions ['cmake', 'python']
[0.357s] Level 1:colcon.colcon_core.package_identification:_identify(src/build/CMakeFiles/3.22.1) by extension 'cmake'
[0.357s] Level 1:colcon.colcon_core.package_identification:_identify(src/build/CMakeFiles/3.22.1) by extension 'python'
[0.357s] Level 1:colcon.colcon_core.package_identification:_identify(src/build/CMakeFiles/3.22.1) by extensions ['python_setup_py']
[0.357s] Level 1:colcon.colcon_core.package_identification:_identify(src/build/CMakeFiles/3.22.1) by extension 'python_setup_py'
[0.357s] Level 1:colcon.colcon_core.package_identification:_identify(src/build/CMakeFiles/3.22.1/CompilerIdC) by extensions ['ignore', 'ignore_ament_install']
[0.357s] Level 1:colcon.colcon_core.package_identification:_identify(src/build/CMakeFiles/3.22.1/CompilerIdC) by extension 'ignore'
[0.357s] Level 1:colcon.colcon_core.package_identification:_identify(src/build/CMakeFiles/3.22.1/CompilerIdC) by extension 'ignore_ament_install'
[0.357s] Level 1:colcon.colcon_core.package_identification:_identify(src/build/CMakeFiles/3.22.1/CompilerIdC) by extensions ['colcon_pkg']
[0.357s] Level 1:colcon.colcon_core.package_identification:_identify(src/build/CMakeFiles/3.22.1/CompilerIdC) by extension 'colcon_pkg'
[0.357s] Level 1:colcon.colcon_core.package_identification:_identify(src/build/CMakeFiles/3.22.1/CompilerIdC) by extensions ['colcon_meta']
[0.357s] Level 1:colcon.colcon_core.package_identification:_identify(src/build/CMakeFiles/3.22.1/CompilerIdC) by extension 'colcon_meta'
[0.357s] Level 1:colcon.colcon_core.package_identification:_identify(src/build/CMakeFiles/3.22.1/CompilerIdC) by extensions ['ros']
[0.357s] Level 1:colcon.colcon_core.package_identification:_identify(src/build/CMakeFiles/3.22.1/CompilerIdC) by extension 'ros'
[0.357s] Level 1:colcon.colcon_core.package_identification:_identify(src/build/CMakeFiles/3.22.1/CompilerIdC) by extensions ['cmake', 'python']
[0.357s] Level 1:colcon.colcon_core.package_identification:_identify(src/build/CMakeFiles/3.22.1/CompilerIdC) by extension 'cmake'
[0.358s] Level 1:colcon.colcon_core.package_identification:_identify(src/build/CMakeFiles/3.22.1/CompilerIdC) by extension 'python'
[0.358s] Level 1:colcon.colcon_core.package_identification:_identify(src/build/CMakeFiles/3.22.1/CompilerIdC) by extensions ['python_setup_py']
[0.358s] Level 1:colcon.colcon_core.package_identification:_identify(src/build/CMakeFiles/3.22.1/CompilerIdC) by extension 'python_setup_py'
[0.358s] Level 1:colcon.colcon_core.package_identification:_identify(src/build/CMakeFiles/3.22.1/CompilerIdCXX) by extensions ['ignore', 'ignore_ament_install']
[0.358s] Level 1:colcon.colcon_core.package_identification:_identify(src/build/CMakeFiles/3.22.1/CompilerIdCXX) by extension 'ignore'
[0.358s] Level 1:colcon.colcon_core.package_identification:_identify(src/build/CMakeFiles/3.22.1/CompilerIdCXX) by extension 'ignore_ament_install'
[0.358s] Level 1:colcon.colcon_core.package_identification:_identify(src/build/CMakeFiles/3.22.1/CompilerIdCXX) by extensions ['colcon_pkg']
[0.358s] Level 1:colcon.colcon_core.package_identification:_identify(src/build/CMakeFiles/3.22.1/CompilerIdCXX) by extension 'colcon_pkg'
[0.358s] Level 1:colcon.colcon_core.package_identification:_identify(src/build/CMakeFiles/3.22.1/CompilerIdCXX) by extensions ['colcon_meta']
[0.358s] Level 1:colcon.colcon_core.package_identification:_identify(src/build/CMakeFiles/3.22.1/CompilerIdCXX) by extension 'colcon_meta'
[0.358s] Level 1:colcon.colcon_core.package_identification:_identify(src/build/CMakeFiles/3.22.1/CompilerIdCXX) by extensions ['ros']
[0.358s] Level 1:colcon.colcon_core.package_identification:_identify(src/build/CMakeFiles/3.22.1/CompilerIdCXX) by extension 'ros'
[0.358s] Level 1:colcon.colcon_core.package_identification:_identify(src/build/CMakeFiles/3.22.1/CompilerIdCXX) by extensions ['cmake', 'python']
[0.358s] Level 1:colcon.colcon_core.package_identification:_identify(src/build/CMakeFiles/3.22.1/CompilerIdCXX) by extension 'cmake'
[0.358s] Level 1:colcon.colcon_core.package_identification:_identify(src/build/CMakeFiles/3.22.1/CompilerIdCXX) by extension 'python'
[0.358s] Level 1:colcon.colcon_core.package_identification:_identify(src/build/CMakeFiles/3.22.1/CompilerIdCXX) by extensions ['python_setup_py']
[0.358s] Level 1:colcon.colcon_core.package_identification:_identify(src/build/CMakeFiles/3.22.1/CompilerIdCXX) by extension 'python_setup_py'
[0.359s] Level 1:colcon.colcon_core.package_identification:_identify(src/offboard) by extensions ['ignore', 'ignore_ament_install']
[0.359s] Level 1:colcon.colcon_core.package_identification:_identify(src/offboard) by extension 'ignore'
[0.359s] Level 1:colcon.colcon_core.package_identification:_identify(src/offboard) by extension 'ignore_ament_install'
[0.359s] Level 1:colcon.colcon_core.package_identification:_identify(src/offboard) by extensions ['colcon_pkg']
[0.359s] Level 1:colcon.colcon_core.package_identification:_identify(src/offboard) by extension 'colcon_pkg'
[0.359s] Level 1:colcon.colcon_core.package_identification:_identify(src/offboard) by extensions ['colcon_meta']
[0.359s] Level 1:colcon.colcon_core.package_identification:_identify(src/offboard) by extension 'colcon_meta'
[0.359s] Level 1:colcon.colcon_core.package_identification:_identify(src/offboard) by extensions ['ros']
[0.359s] Level 1:colcon.colcon_core.package_identification:_identify(src/offboard) by extension 'ros'
[0.361s] DEBUG:colcon.colcon_core.package_identification:Package 'src/offboard' with type 'ros.ament_python' and name 'offboard'
[0.361s] Level 1:colcon.colcon_core.package_identification:_identify(src/px4_msgs) by extensions ['ignore', 'ignore_ament_install']
[0.362s] Level 1:colcon.colcon_core.package_identification:_identify(src/px4_msgs) by extension 'ignore'
[0.362s] Level 1:colcon.colcon_core.package_identification:_identify(src/px4_msgs) by extension 'ignore_ament_install'
[0.362s] Level 1:colcon.colcon_core.package_identification:_identify(src/px4_msgs) by extensions ['colcon_pkg']
[0.362s] Level 1:colcon.colcon_core.package_identification:_identify(src/px4_msgs) by extension 'colcon_pkg'
[0.362s] Level 1:colcon.colcon_core.package_identification:_identify(src/px4_msgs) by extensions ['colcon_meta']
[0.362s] Level 1:colcon.colcon_core.package_identification:_identify(src/px4_msgs) by extension 'colcon_meta'
[0.362s] Level 1:colcon.colcon_core.package_identification:_identify(src/px4_msgs) by extensions ['ros']
[0.362s] Level 1:colcon.colcon_core.package_identification:_identify(src/px4_msgs) by extension 'ros'
[0.363s] DEBUG:colcon.colcon_core.package_identification:Package 'src/px4_msgs' with type 'ros.ament_cmake' and name 'px4_msgs'
[0.363s] Level 1:colcon.colcon_core.package_identification:_identify(src/px4_ros_com) by extensions ['ignore', 'ignore_ament_install']
[0.363s] Level 1:colcon.colcon_core.package_identification:_identify(src/px4_ros_com) by extension 'ignore'
[0.363s] Level 1:colcon.colcon_core.package_identification:_identify(src/px4_ros_com) by extension 'ignore_ament_install'
[0.363s] Level 1:colcon.colcon_core.package_identification:_identify(src/px4_ros_com) by extensions ['colcon_pkg']
[0.364s] Level 1:colcon.colcon_core.package_identification:_identify(src/px4_ros_com) by extension 'colcon_pkg'
[0.364s] Level 1:colcon.colcon_core.package_identification:_identify(src/px4_ros_com) by extensions ['colcon_meta']
[0.364s] Level 1:colcon.colcon_core.package_identification:_identify(src/px4_ros_com) by extension 'colcon_meta'
[0.364s] Level 1:colcon.colcon_core.package_identification:_identify(src/px4_ros_com) by extensions ['ros']
[0.364s] Level 1:colcon.colcon_core.package_identification:_identify(src/px4_ros_com) by extension 'ros'
[0.367s] DEBUG:colcon.colcon_core.package_identification:Package 'src/px4_ros_com' with type 'ros.ament_cmake' and name 'px4_ros_com'
[0.367s] Level 1:colcon.colcon_core.package_discovery:discover_packages(recursive) using defaults
[0.367s] Level 1:colcon.colcon_core.package_discovery:discover_packages(ignore) discover
[0.367s] Level 1:colcon.colcon_core.package_discovery:discover_packages(ignore) using defaults
[0.367s] Level 1:colcon.colcon_core.package_discovery:discover_packages(path) discover
[0.367s] Level 1:colcon.colcon_core.package_discovery:discover_packages(path) using defaults
[0.399s] Level 1:colcon.colcon_core.package_discovery:discover_packages(prefix_path) check parameters
[0.399s] Level 1:colcon.colcon_core.package_discovery:discover_packages(prefix_path) discover
[0.402s] DEBUG:colcon.colcon_installed_package_information.package_discovery:Found 3 installed packages in /home/krristudent/HITL/sensor/install
[0.402s] DEBUG:colcon.colcon_installed_package_information.package_discovery:Found 1 installed packages in /home/krristudent/ros2_drone_sensor/install
[0.403s] DEBUG:colcon.colcon_installed_package_information.package_discovery:Found 13 installed packages in /home/krristudent/gz-harmonic_ws/install
[0.405s] DEBUG:colcon.colcon_installed_package_information.package_discovery:Found 310 installed packages in /opt/ros/humble
[0.407s] Level 1:colcon.colcon_core.package_discovery:discover_packages(prefix_path) using defaults
[0.456s] Level 5:colcon.colcon_core.verb:set package 'px4_msgs' build argument 'cmake_args' from command line to 'None'
[0.456s] Level 5:colcon.colcon_core.verb:set package 'px4_msgs' build argument 'cmake_target' from command line to 'None'
[0.456s] Level 5:colcon.colcon_core.verb:set package 'px4_msgs' build argument 'cmake_target_skip_unavailable' from command line to 'False'
[0.456s] Level 5:colcon.colcon_core.verb:set package 'px4_msgs' build argument 'cmake_clean_cache' from command line to 'False'
[0.456s] Level 5:colcon.colcon_core.verb:set package 'px4_msgs' build argument 'cmake_clean_first' from command line to 'False'
[0.456s] Level 5:colcon.colcon_core.verb:set package 'px4_msgs' build argument 'cmake_force_configure' from command line to 'False'
[0.457s] Level 5:colcon.colcon_core.verb:set package 'px4_msgs' build argument 'ament_cmake_args' from command line to 'None'
[0.457s] Level 5:colcon.colcon_core.verb:set package 'px4_msgs' build argument 'catkin_cmake_args' from command line to 'None'
[0.457s] Level 5:colcon.colcon_core.verb:set package 'px4_msgs' build argument 'catkin_skip_building_tests' from command line to 'False'
[0.457s] DEBUG:colcon.colcon_core.verb:Building package 'px4_msgs' with the following arguments: {'ament_cmake_args': None, 'build_base': '/home/krristudent/HITL/sensor/build/px4_msgs', 'catkin_cmake_args': None, 'catkin_skip_building_tests': False, 'cmake_args': None, 'cmake_clean_cache': False, 'cmake_clean_first': False, 'cmake_force_configure': False, 'cmake_target': None, 'cmake_target_skip_unavailable': False, 'install_base': '/home/krristudent/HITL/sensor/install/px4_msgs', 'merge_install': False, 'path': '/home/krristudent/HITL/sensor/src/px4_msgs', 'symlink_install': True, 'test_result_base': None}
[0.457s] Level 5:colcon.colcon_core.verb:set package 'offboard' build argument 'cmake_args' from command line to 'None'
[0.457s] Level 5:colcon.colcon_core.verb:set package 'offboard' build argument 'cmake_target' from command line to 'None'
[0.457s] Level 5:colcon.colcon_core.verb:set package 'offboard' build argument 'cmake_target_skip_unavailable' from command line to 'False'
[0.457s] Level 5:colcon.colcon_core.verb:set package 'offboard' build argument 'cmake_clean_cache' from command line to 'False'
[0.457s] Level 5:colcon.colcon_core.verb:set package 'offboard' build argument 'cmake_clean_first' from command line to 'False'
[0.457s] Level 5:colcon.colcon_core.verb:set package 'offboard' build argument 'cmake_force_configure' from command line to 'False'
[0.457s] Level 5:colcon.colcon_core.verb:set package 'offboard' build argument 'ament_cmake_args' from command line to 'None'
[0.457s] Level 5:colcon.colcon_core.verb:set package 'offboard' build argument 'catkin_cmake_args' from command line to 'None'
[0.457s] Level 5:colcon.colcon_core.verb:set package 'offboard' build argument 'catkin_skip_building_tests' from command line to 'False'
[0.458s] DEBUG:colcon.colcon_core.verb:Building package 'offboard' with the following arguments: {'ament_cmake_args': None, 'build_base': '/home/krristudent/HITL/sensor/build/offboard', 'catkin_cmake_args': None, 'catkin_skip_building_tests': False, 'cmake_args': None, 'cmake_clean_cache': False, 'cmake_clean_first': False, 'cmake_force_configure': False, 'cmake_target': None, 'cmake_target_skip_unavailable': False, 'install_base': '/home/krristudent/HITL/sensor/install/offboard', 'merge_install': False, 'path': '/home/krristudent/HITL/sensor/src/offboard', 'symlink_install': True, 'test_result_base': None}
[0.458s] Level 5:colcon.colcon_core.verb:set package 'px4_ros_com' build argument 'cmake_args' from command line to 'None'
[0.458s] Level 5:colcon.colcon_core.verb:set package 'px4_ros_com' build argument 'cmake_target' from command line to 'None'
[0.458s] Level 5:colcon.colcon_core.verb:set package 'px4_ros_com' build argument 'cmake_target_skip_unavailable' from command line to 'False'
[0.458s] Level 5:colcon.colcon_core.verb:set package 'px4_ros_com' build argument 'cmake_clean_cache' from command line to 'False'
[0.458s] Level 5:colcon.colcon_core.verb:set package 'px4_ros_com' build argument 'cmake_clean_first' from command line to 'False'
[0.458s] Level 5:colcon.colcon_core.verb:set package 'px4_ros_com' build argument 'cmake_force_configure' from command line to 'False'
[0.458s] Level 5:colcon.colcon_core.verb:set package 'px4_ros_com' build argument 'ament_cmake_args' from command line to 'None'
[0.458s] Level 5:colcon.colcon_core.verb:set package 'px4_ros_com' build argument 'catkin_cmake_args' from command line to 'None'
[0.458s] Level 5:colcon.colcon_core.verb:set package 'px4_ros_com' build argument 'catkin_skip_building_tests' from command line to 'False'
[0.458s] DEBUG:colcon.colcon_core.verb:Building package 'px4_ros_com' with the following arguments: {'ament_cmake_args': None, 'build_base': '/home/krristudent/HITL/sensor/build/px4_ros_com', 'catkin_cmake_args': None, 'catkin_skip_building_tests': False, 'cmake_args': None, 'cmake_clean_cache': False, 'cmake_clean_first': False, 'cmake_force_configure': False, 'cmake_target': None, 'cmake_target_skip_unavailable': False, 'install_base': '/home/krristudent/HITL/sensor/install/px4_ros_com', 'merge_install': False, 'path': '/home/krristudent/HITL/sensor/src/px4_ros_com', 'symlink_install': True, 'test_result_base': None}
[0.459s] INFO:colcon.colcon_core.executor:Executing jobs using 'parallel' executor
[0.460s] DEBUG:colcon.colcon_parallel_executor.executor.parallel:run_until_complete
[0.460s] INFO:colcon.colcon_ros.task.ament_cmake.build:Building ROS package in '/home/krristudent/HITL/sensor/src/px4_msgs' with build type 'ament_cmake'
[0.460s] INFO:colcon.colcon_cmake.task.cmake.build:Building CMake package in '/home/krristudent/HITL/sensor/src/px4_msgs'
[0.462s] INFO:colcon.colcon_core.plugin_system:Skipping extension 'colcon_core.shell.bat': Not used on non-Windows systems
[0.463s] INFO:colcon.colcon_core.shell:Skip shell extension 'powershell' for command environment: Not usable outside of PowerShell
[0.463s] DEBUG:colcon.colcon_core.shell:Skip shell extension 'dsv' for command environment
[0.473s] DEBUG:colcon.colcon_core.event_handler.log_command:Invoking command in '/home/krristudent/HITL/sensor/build/px4_msgs': CMAKE_PREFIX_PATH=${CMAKE_PREFIX_PATH}:/home/krristudent/HITL/sensor/install/offboard:/home/krristudent/ros2_drone_sensor/install/lidar_distance:/opt/ros/humble /usr/bin/cmake --build /home/krristudent/HITL/sensor/build/px4_msgs -- -j8 -l8
[2.625s] DEBUG:colcon.colcon_core.event_handler.log_command:Invoked command in '/home/krristudent/HITL/sensor/build/px4_msgs' returned '0': CMAKE_PREFIX_PATH=${CMAKE_PREFIX_PATH}:/home/krristudent/HITL/sensor/install/offboard:/home/krristudent/ros2_drone_sensor/install/lidar_distance:/opt/ros/humble /usr/bin/cmake --build /home/krristudent/HITL/sensor/build/px4_msgs -- -j8 -l8
[2.642s] DEBUG:colcon.colcon_core.event_handler.log_command:Invoking command in '/home/krristudent/HITL/sensor/build/px4_msgs': CMAKE_PREFIX_PATH=${CMAKE_PREFIX_PATH}:/home/krristudent/HITL/sensor/install/offboard:/home/krristudent/ros2_drone_sensor/install/lidar_distance:/opt/ros/humble /usr/bin/cmake --install /home/krristudent/HITL/sensor/build/px4_msgs
[3.581s] Level 1:colcon.colcon_core.environment:create_environment_scripts_only(px4_msgs)
[3.582s] DEBUG:colcon.colcon_core.event_handler.log_command:Invoked command in '/home/krristudent/HITL/sensor/build/px4_msgs' returned '0': CMAKE_PREFIX_PATH=${CMAKE_PREFIX_PATH}:/home/krristudent/HITL/sensor/install/offboard:/home/krristudent/ros2_drone_sensor/install/lidar_distance:/opt/ros/humble /usr/bin/cmake --install /home/krristudent/HITL/sensor/build/px4_msgs
[3.584s] Level 1:colcon.colcon_core.environment:checking '/home/krristudent/HITL/sensor/install/px4_msgs' for CMake module files
[3.585s] Level 1:colcon.colcon_core.environment:checking '/home/krristudent/HITL/sensor/install/px4_msgs' for CMake config files
[3.608s] Level 1:colcon.colcon_core.shell:create_environment_hook('px4_msgs', 'cmake_prefix_path')
[3.608s] INFO:colcon.colcon_core.shell:Creating environment hook '/home/krristudent/HITL/sensor/install/px4_msgs/share/px4_msgs/hook/cmake_prefix_path.ps1'
[3.609s] INFO:colcon.colcon_core.shell:Creating environment descriptor '/home/krristudent/HITL/sensor/install/px4_msgs/share/px4_msgs/hook/cmake_prefix_path.dsv'
[3.610s] INFO:colcon.colcon_core.shell:Creating environment hook '/home/krristudent/HITL/sensor/install/px4_msgs/share/px4_msgs/hook/cmake_prefix_path.sh'
[3.611s] Level 1:colcon.colcon_core.environment:checking '/home/krristudent/HITL/sensor/install/px4_msgs/lib'
[3.611s] Level 1:colcon.colcon_core.shell:create_environment_hook('px4_msgs', 'ld_library_path_lib')
[3.612s] INFO:colcon.colcon_core.shell:Creating environment hook '/home/krristudent/HITL/sensor/install/px4_msgs/share/px4_msgs/hook/ld_library_path_lib.ps1'
[3.612s] INFO:colcon.colcon_core.shell:Creating environment descriptor '/home/krristudent/HITL/sensor/install/px4_msgs/share/px4_msgs/hook/ld_library_path_lib.dsv'
[3.612s] INFO:colcon.colcon_core.shell:Creating environment hook '/home/krristudent/HITL/sensor/install/px4_msgs/share/px4_msgs/hook/ld_library_path_lib.sh'
[3.613s] Level 1:colcon.colcon_core.environment:checking '/home/krristudent/HITL/sensor/install/px4_msgs/bin'
[3.613s] Level 1:colcon.colcon_core.environment:checking '/home/krristudent/HITL/sensor/install/px4_msgs/lib/pkgconfig/px4_msgs.pc'
[3.613s] Level 1:colcon.colcon_core.environment:checking '/home/krristudent/HITL/sensor/install/px4_msgs/lib/python3.10/site-packages'
[3.614s] Level 1:colcon.colcon_core.environment:checking '/home/krristudent/HITL/sensor/install/px4_msgs/bin'
[3.614s] INFO:colcon.colcon_core.shell:Creating package script '/home/krristudent/HITL/sensor/install/px4_msgs/share/px4_msgs/package.ps1'
[3.615s] INFO:colcon.colcon_core.shell:Creating package descriptor '/home/krristudent/HITL/sensor/install/px4_msgs/share/px4_msgs/package.dsv'
[3.616s] INFO:colcon.colcon_core.shell:Creating package script '/home/krristudent/HITL/sensor/install/px4_msgs/share/px4_msgs/package.sh'
[3.617s] INFO:colcon.colcon_core.shell:Creating package script '/home/krristudent/HITL/sensor/install/px4_msgs/share/px4_msgs/package.bash'
[3.618s] INFO:colcon.colcon_core.shell:Creating package script '/home/krristudent/HITL/sensor/install/px4_msgs/share/px4_msgs/package.zsh'
[3.619s] Level 1:colcon.colcon_core.environment:create_file_with_runtime_dependencies(/home/krristudent/HITL/sensor/install/px4_msgs/share/colcon-core/packages/px4_msgs)
[3.620s] Level 1:colcon.colcon_core.environment:create_environment_scripts_only(px4_msgs)
[3.620s] Level 1:colcon.colcon_core.environment:checking '/home/krristudent/HITL/sensor/install/px4_msgs' for CMake module files
[3.621s] Level 1:colcon.colcon_core.environment:checking '/home/krristudent/HITL/sensor/install/px4_msgs' for CMake config files
[3.644s] Level 1:colcon.colcon_core.shell:create_environment_hook('px4_msgs', 'cmake_prefix_path')
[3.645s] INFO:colcon.colcon_core.shell:Creating environment hook '/home/krristudent/HITL/sensor/install/px4_msgs/share/px4_msgs/hook/cmake_prefix_path.ps1'
[3.645s] INFO:colcon.colcon_core.shell:Creating environment descriptor '/home/krristudent/HITL/sensor/install/px4_msgs/share/px4_msgs/hook/cmake_prefix_path.dsv'
[3.646s] INFO:colcon.colcon_core.shell:Creating environment hook '/home/krristudent/HITL/sensor/install/px4_msgs/share/px4_msgs/hook/cmake_prefix_path.sh'
[3.646s] Level 1:colcon.colcon_core.environment:checking '/home/krristudent/HITL/sensor/install/px4_msgs/lib'
[3.647s] Level 1:colcon.colcon_core.shell:create_environment_hook('px4_msgs', 'ld_library_path_lib')
[3.647s] INFO:colcon.colcon_core.shell:Creating environment hook '/home/krristudent/HITL/sensor/install/px4_msgs/share/px4_msgs/hook/ld_library_path_lib.ps1'
[3.647s] INFO:colcon.colcon_core.shell:Creating environment descriptor '/home/krristudent/HITL/sensor/install/px4_msgs/share/px4_msgs/hook/ld_library_path_lib.dsv'
[3.648s] INFO:colcon.colcon_core.shell:Creating environment hook '/home/krristudent/HITL/sensor/install/px4_msgs/share/px4_msgs/hook/ld_library_path_lib.sh'
[3.648s] Level 1:colcon.colcon_core.environment:checking '/home/krristudent/HITL/sensor/install/px4_msgs/bin'
[3.648s] Level 1:colcon.colcon_core.environment:checking '/home/krristudent/HITL/sensor/install/px4_msgs/lib/pkgconfig/px4_msgs.pc'
[3.649s] Level 1:colcon.colcon_core.environment:checking '/home/krristudent/HITL/sensor/install/px4_msgs/lib/python3.10/site-packages'
[3.649s] Level 1:colcon.colcon_core.environment:checking '/home/krristudent/HITL/sensor/install/px4_msgs/bin'
[3.649s] INFO:colcon.colcon_core.shell:Creating package script '/home/krristudent/HITL/sensor/install/px4_msgs/share/px4_msgs/package.ps1'
[3.650s] INFO:colcon.colcon_core.shell:Creating package descriptor '/home/krristudent/HITL/sensor/install/px4_msgs/share/px4_msgs/package.dsv'
[3.651s] INFO:colcon.colcon_core.shell:Creating package script '/home/krristudent/HITL/sensor/install/px4_msgs/share/px4_msgs/package.sh'
[3.651s] INFO:colcon.colcon_core.shell:Creating package script '/home/krristudent/HITL/sensor/install/px4_msgs/share/px4_msgs/package.bash'
[3.652s] INFO:colcon.colcon_core.shell:Creating package script '/home/krristudent/HITL/sensor/install/px4_msgs/share/px4_msgs/package.zsh'
[3.652s] Level 1:colcon.colcon_core.environment:create_file_with_runtime_dependencies(/home/krristudent/HITL/sensor/install/px4_msgs/share/colcon-core/packages/px4_msgs)
[3.653s] INFO:colcon.colcon_ros.task.ament_python.build:Building ROS package in '/home/krristudent/HITL/sensor/src/offboard' with build type 'ament_python'
[3.653s] Level 1:colcon.colcon_core.shell:create_environment_hook('offboard', 'ament_prefix_path')
[3.653s] INFO:colcon.colcon_core.shell:Creating environment hook '/home/krristudent/HITL/sensor/install/offboard/share/offboard/hook/ament_prefix_path.ps1'
[3.654s] INFO:colcon.colcon_core.shell:Creating environment descriptor '/home/krristudent/HITL/sensor/install/offboard/share/offboard/hook/ament_prefix_path.dsv'
[3.654s] INFO:colcon.colcon_core.shell:Creating environment hook '/home/krristudent/HITL/sensor/install/offboard/share/offboard/hook/ament_prefix_path.sh'
[3.655s] INFO:colcon.colcon_core.shell:Skip shell extension 'powershell' for command environment: Not usable outside of PowerShell
[3.655s] DEBUG:colcon.colcon_core.shell:Skip shell extension 'dsv' for command environment
[3.661s] INFO:colcon.colcon_ros.task.ament_cmake.build:Building ROS package in '/home/krristudent/HITL/sensor/src/px4_ros_com' with build type 'ament_cmake'
[3.662s] INFO:colcon.colcon_cmake.task.cmake.build:Building CMake package in '/home/krristudent/HITL/sensor/src/px4_ros_com'
[3.662s] INFO:colcon.colcon_core.shell:Skip shell extension 'powershell' for command environment: Not usable outside of PowerShell
[3.662s] DEBUG:colcon.colcon_core.shell:Skip shell extension 'dsv' for command environment
[4.099s] INFO:colcon.colcon_core.task.python.build:Building Python package in '/home/krristudent/HITL/sensor/src/offboard'
[4.099s] INFO:colcon.colcon_core.shell:Skip shell extension 'powershell' for command environment: Not usable outside of PowerShell
[4.100s] DEBUG:colcon.colcon_core.shell:Skip shell extension 'dsv' for command environment
[4.111s] DEBUG:colcon.colcon_core.event_handler.log_command:Invoking command in '/home/krristudent/HITL/sensor/build/px4_ros_com': AMENT_PREFIX_PATH=/home/krristudent/HITL/sensor/install/px4_msgs:${AMENT_PREFIX_PATH} CMAKE_PREFIX_PATH=/home/krristudent/HITL/sensor/install/px4_msgs:/home/krristudent/HITL/sensor/install/px4_ros_com:/home/krristudent/gz-harmonic_ws/install/test_ros_gz_bridge:/home/krristudent/gz-harmonic_ws/install/ros_ign_interfaces:/home/krristudent/gz-harmonic_ws/install/ros_ign:/home/krristudent/gz-harmonic_ws/install/ros_ign_image:/home/krristudent/gz-harmonic_ws/install/ros_ign_gazebo_demos:/home/krristudent/gz-harmonic_ws/install/ros_ign_gazebo:/home/krristudent/gz-harmonic_ws/install/ros_ign_bridge:/home/krristudent/gz-harmonic_ws/install/ros_gz:/home/krristudent/gz-harmonic_ws/install/ros_gz_sim_demos:/home/krristudent/gz-harmonic_ws/install/ros_gz_sim:/home/krristudent/gz-harmonic_ws/install/ros_gz_image:/home/krristudent/gz-harmonic_ws/install/ros_gz_bridge:/home/krristudent/gz-harmonic_ws/install/ros_gz_interfaces:/home/krristudent/HITL/sensor/install/offboard:/home/krristudent/ros2_drone_sensor/install/lidar_distance:/opt/ros/humble LD_LIBRARY_PATH=/home/krristudent/HITL/sensor/install/px4_msgs/lib:/home/krristudent/HITL/sensor/install/px4_ros_com/lib:/home/krristudent/gz-harmonic_ws/install/ros_ign_interfaces/lib:/home/krristudent/gz-harmonic_ws/install/ros_gz_sim/lib:/home/krristudent/gz-harmonic_ws/install/ros_gz_bridge/lib:/home/krristudent/gz-harmonic_ws/install/ros_gz_interfaces/lib:/usr/lib/x86_64-linux-gnu/gazebo-11/plugins:/opt/ros/humble/opt/rviz_ogre_vendor/lib:/opt/ros/humble/lib/x86_64-linux-gnu:/opt/ros/humble/lib:/home/krristudent/build/px4_sitl_default/build_gazebo-classic PYTHONPATH=/home/krristudent/HITL/sensor/install/px4_msgs/local/lib/python3.10/dist-packages:${PYTHONPATH} /usr/bin/cmake --build /home/krristudent/HITL/sensor/build/px4_ros_com -- -j8 -l8
[4.757s] DEBUG:colcon.colcon_core.event_handler.log_command:Invoked command in '/home/krristudent/HITL/sensor/build/px4_ros_com' returned '0': AMENT_PREFIX_PATH=/home/krristudent/HITL/sensor/install/px4_msgs:${AMENT_PREFIX_PATH} CMAKE_PREFIX_PATH=/home/krristudent/HITL/sensor/install/px4_msgs:/home/krristudent/HITL/sensor/install/px4_ros_com:/home/krristudent/gz-harmonic_ws/install/test_ros_gz_bridge:/home/krristudent/gz-harmonic_ws/install/ros_ign_interfaces:/home/krristudent/gz-harmonic_ws/install/ros_ign:/home/krristudent/gz-harmonic_ws/install/ros_ign_image:/home/krristudent/gz-harmonic_ws/install/ros_ign_gazebo_demos:/home/krristudent/gz-harmonic_ws/install/ros_ign_gazebo:/home/krristudent/gz-harmonic_ws/install/ros_ign_bridge:/home/krristudent/gz-harmonic_ws/install/ros_gz:/home/krristudent/gz-harmonic_ws/install/ros_gz_sim_demos:/home/krristudent/gz-harmonic_ws/install/ros_gz_sim:/home/krristudent/gz-harmonic_ws/install/ros_gz_image:/home/krristudent/gz-harmonic_ws/install/ros_gz_bridge:/home/krristudent/gz-harmonic_ws/install/ros_gz_interfaces:/home/krristudent/HITL/sensor/install/offboard:/home/krristudent/ros2_drone_sensor/install/lidar_distance:/opt/ros/humble LD_LIBRARY_PATH=/home/krristudent/HITL/sensor/install/px4_msgs/lib:/home/krristudent/HITL/sensor/install/px4_ros_com/lib:/home/krristudent/gz-harmonic_ws/install/ros_ign_interfaces/lib:/home/krristudent/gz-harmonic_ws/install/ros_gz_sim/lib:/home/krristudent/gz-harmonic_ws/install/ros_gz_bridge/lib:/home/krristudent/gz-harmonic_ws/install/ros_gz_interfaces/lib:/usr/lib/x86_64-linux-gnu/gazebo-11/plugins:/opt/ros/humble/opt/rviz_ogre_vendor/lib:/opt/ros/humble/lib/x86_64-linux-gnu:/opt/ros/humble/lib:/home/krristudent/build/px4_sitl_default/build_gazebo-classic PYTHONPATH=/home/krristudent/HITL/sensor/install/px4_msgs/local/lib/python3.10/dist-packages:${PYTHONPATH} /usr/bin/cmake --build /home/krristudent/HITL/sensor/build/px4_ros_com -- -j8 -l8
[4.758s] DEBUG:colcon.colcon_core.event_handler.log_command:Invoking command in '/home/krristudent/HITL/sensor/build/px4_ros_com': AMENT_PREFIX_PATH=/home/krristudent/HITL/sensor/install/px4_msgs:${AMENT_PREFIX_PATH} CMAKE_PREFIX_PATH=/home/krristudent/HITL/sensor/install/px4_msgs:/home/krristudent/HITL/sensor/install/px4_ros_com:/home/krristudent/gz-harmonic_ws/install/test_ros_gz_bridge:/home/krristudent/gz-harmonic_ws/install/ros_ign_interfaces:/home/krristudent/gz-harmonic_ws/install/ros_ign:/home/krristudent/gz-harmonic_ws/install/ros_ign_image:/home/krristudent/gz-harmonic_ws/install/ros_ign_gazebo_demos:/home/krristudent/gz-harmonic_ws/install/ros_ign_gazebo:/home/krristudent/gz-harmonic_ws/install/ros_ign_bridge:/home/krristudent/gz-harmonic_ws/install/ros_gz:/home/krristudent/gz-harmonic_ws/install/ros_gz_sim_demos:/home/krristudent/gz-harmonic_ws/install/ros_gz_sim:/home/krristudent/gz-harmonic_ws/install/ros_gz_image:/home/krristudent/gz-harmonic_ws/install/ros_gz_bridge:/home/krristudent/gz-harmonic_ws/install/ros_gz_interfaces:/home/krristudent/HITL/sensor/install/offboard:/home/krristudent/ros2_drone_sensor/install/lidar_distance:/opt/ros/humble LD_LIBRARY_PATH=/home/krristudent/HITL/sensor/install/px4_msgs/lib:/home/krristudent/HITL/sensor/install/px4_ros_com/lib:/home/krristudent/gz-harmonic_ws/install/ros_ign_interfaces/lib:/home/krristudent/gz-harmonic_ws/install/ros_gz_sim/lib:/home/krristudent/gz-harmonic_ws/install/ros_gz_bridge/lib:/home/krristudent/gz-harmonic_ws/install/ros_gz_interfaces/lib:/usr/lib/x86_64-linux-gnu/gazebo-11/plugins:/opt/ros/humble/opt/rviz_ogre_vendor/lib:/opt/ros/humble/lib/x86_64-linux-gnu:/opt/ros/humble/lib:/home/krristudent/build/px4_sitl_default/build_gazebo-classic PYTHONPATH=/home/krristudent/HITL/sensor/install/px4_msgs/local/lib/python3.10/dist-packages:${PYTHONPATH} /usr/bin/cmake --install /home/krristudent/HITL/sensor/build/px4_ros_com
[4.763s] DEBUG:colcon.colcon_core.event_handler.log_command:Invoking command in '/home/krristudent/HITL/sensor/build/offboard': AMENT_PREFIX_PATH=/home/krristudent/HITL/sensor/install/px4_msgs:${AMENT_PREFIX_PATH} CMAKE_PREFIX_PATH=/home/krristudent/HITL/sensor/install/px4_msgs:/home/krristudent/HITL/sensor/install/px4_ros_com:/home/krristudent/gz-harmonic_ws/install/test_ros_gz_bridge:/home/krristudent/gz-harmonic_ws/install/ros_ign_interfaces:/home/krristudent/gz-harmonic_ws/install/ros_ign:/home/krristudent/gz-harmonic_ws/install/ros_ign_image:/home/krristudent/gz-harmonic_ws/install/ros_ign_gazebo_demos:/home/krristudent/gz-harmonic_ws/install/ros_ign_gazebo:/home/krristudent/gz-harmonic_ws/install/ros_ign_bridge:/home/krristudent/gz-harmonic_ws/install/ros_gz:/home/krristudent/gz-harmonic_ws/install/ros_gz_sim_demos:/home/krristudent/gz-harmonic_ws/install/ros_gz_sim:/home/krristudent/gz-harmonic_ws/install/ros_gz_image:/home/krristudent/gz-harmonic_ws/install/ros_gz_bridge:/home/krristudent/gz-harmonic_ws/install/ros_gz_interfaces LD_LIBRARY_PATH=/home/krristudent/HITL/sensor/install/px4_msgs/lib:/home/krristudent/HITL/sensor/install/px4_ros_com/lib:/home/krristudent/gz-harmonic_ws/install/ros_ign_interfaces/lib:/home/krristudent/gz-harmonic_ws/install/ros_gz_sim/lib:/home/krristudent/gz-harmonic_ws/install/ros_gz_bridge/lib:/home/krristudent/gz-harmonic_ws/install/ros_gz_interfaces/lib:/usr/lib/x86_64-linux-gnu/gazebo-11/plugins:/opt/ros/humble/opt/rviz_ogre_vendor/lib:/opt/ros/humble/lib/x86_64-linux-gnu:/opt/ros/humble/lib:/home/krristudent/build/px4_sitl_default/build_gazebo-classic PYTHONPATH=/home/krristudent/HITL/sensor/build/offboard/prefix_override:/usr/lib/python3/dist-packages/colcon_core/task/python/colcon_distutils_commands:/home/krristudent/HITL/sensor/install/offboard/lib/python3.10/site-packages:/home/krristudent/HITL/sensor/install/px4_msgs/local/lib/python3.10/dist-packages:${PYTHONPATH} /usr/bin/python3 -W ignore:setup.py install is deprecated -W ignore:easy_install command is deprecated setup.py develop --editable --build-directory /home/krristudent/HITL/sensor/build/offboard/build --no-deps symlink_data
[4.856s] Level 1:colcon.colcon_core.environment:create_environment_scripts_only(px4_ros_com)
[4.857s] Level 1:colcon.colcon_core.environment:checking '/home/krristudent/HITL/sensor/install/px4_ros_com' for CMake module files
[4.857s] DEBUG:colcon.colcon_core.event_handler.log_command:Invoked command in '/home/krristudent/HITL/sensor/build/px4_ros_com' returned '0': AMENT_PREFIX_PATH=/home/krristudent/HITL/sensor/install/px4_msgs:${AMENT_PREFIX_PATH} CMAKE_PREFIX_PATH=/home/krristudent/HITL/sensor/install/px4_msgs:/home/krristudent/HITL/sensor/install/px4_ros_com:/home/krristudent/gz-harmonic_ws/install/test_ros_gz_bridge:/home/krristudent/gz-harmonic_ws/install/ros_ign_interfaces:/home/krristudent/gz-harmonic_ws/install/ros_ign:/home/krristudent/gz-harmonic_ws/install/ros_ign_image:/home/krristudent/gz-harmonic_ws/install/ros_ign_gazebo_demos:/home/krristudent/gz-harmonic_ws/install/ros_ign_gazebo:/home/krristudent/gz-harmonic_ws/install/ros_ign_bridge:/home/krristudent/gz-harmonic_ws/install/ros_gz:/home/krristudent/gz-harmonic_ws/install/ros_gz_sim_demos:/home/krristudent/gz-harmonic_ws/install/ros_gz_sim:/home/krristudent/gz-harmonic_ws/install/ros_gz_image:/home/krristudent/gz-harmonic_ws/install/ros_gz_bridge:/home/krristudent/gz-harmonic_ws/install/ros_gz_interfaces:/home/krristudent/HITL/sensor/install/offboard:/home/krristudent/ros2_drone_sensor/install/lidar_distance:/opt/ros/humble LD_LIBRARY_PATH=/home/krristudent/HITL/sensor/install/px4_msgs/lib:/home/krristudent/HITL/sensor/install/px4_ros_com/lib:/home/krristudent/gz-harmonic_ws/install/ros_ign_interfaces/lib:/home/krristudent/gz-harmonic_ws/install/ros_gz_sim/lib:/home/krristudent/gz-harmonic_ws/install/ros_gz_bridge/lib:/home/krristudent/gz-harmonic_ws/install/ros_gz_interfaces/lib:/usr/lib/x86_64-linux-gnu/gazebo-11/plugins:/opt/ros/humble/opt/rviz_ogre_vendor/lib:/opt/ros/humble/lib/x86_64-linux-gnu:/opt/ros/humble/lib:/home/krristudent/build/px4_sitl_default/build_gazebo-classic PYTHONPATH=/home/krristudent/HITL/sensor/install/px4_msgs/local/lib/python3.10/dist-packages:${PYTHONPATH} /usr/bin/cmake --install /home/krristudent/HITL/sensor/build/px4_ros_com
[4.858s] Level 1:colcon.colcon_core.environment:checking '/home/krristudent/HITL/sensor/install/px4_ros_com' for CMake config files
[4.859s] Level 1:colcon.colcon_core.shell:create_environment_hook('px4_ros_com', 'cmake_prefix_path')
[4.859s] INFO:colcon.colcon_core.shell:Creating environment hook '/home/krristudent/HITL/sensor/install/px4_ros_com/share/px4_ros_com/hook/cmake_prefix_path.ps1'
[4.860s] INFO:colcon.colcon_core.shell:Creating environment descriptor '/home/krristudent/HITL/sensor/install/px4_ros_com/share/px4_ros_com/hook/cmake_prefix_path.dsv'
[4.860s] INFO:colcon.colcon_core.shell:Creating environment hook '/home/krristudent/HITL/sensor/install/px4_ros_com/share/px4_ros_com/hook/cmake_prefix_path.sh'
[4.861s] Level 1:colcon.colcon_core.environment:checking '/home/krristudent/HITL/sensor/install/px4_ros_com/lib'
[4.861s] Level 1:colcon.colcon_core.shell:create_environment_hook('px4_ros_com', 'ld_library_path_lib')
[4.861s] INFO:colcon.colcon_core.shell:Creating environment hook '/home/krristudent/HITL/sensor/install/px4_ros_com/share/px4_ros_com/hook/ld_library_path_lib.ps1'
[4.862s] INFO:colcon.colcon_core.shell:Creating environment descriptor '/home/krristudent/HITL/sensor/install/px4_ros_com/share/px4_ros_com/hook/ld_library_path_lib.dsv'
[4.862s] INFO:colcon.colcon_core.shell:Creating environment hook '/home/krristudent/HITL/sensor/install/px4_ros_com/share/px4_ros_com/hook/ld_library_path_lib.sh'
[4.863s] Level 1:colcon.colcon_core.environment:checking '/home/krristudent/HITL/sensor/install/px4_ros_com/bin'
[4.863s] Level 1:colcon.colcon_core.environment:checking '/home/krristudent/HITL/sensor/install/px4_ros_com/lib/pkgconfig/px4_ros_com.pc'
[4.863s] Level 1:colcon.colcon_core.environment:checking '/home/krristudent/HITL/sensor/install/px4_ros_com/lib/python3.10/site-packages'
[4.863s] Level 1:colcon.colcon_core.environment:checking '/home/krristudent/HITL/sensor/install/px4_ros_com/bin'
[4.864s] INFO:colcon.colcon_core.shell:Creating package script '/home/krristudent/HITL/sensor/install/px4_ros_com/share/px4_ros_com/package.ps1'
[4.864s] INFO:colcon.colcon_core.shell:Creating package descriptor '/home/krristudent/HITL/sensor/install/px4_ros_com/share/px4_ros_com/package.dsv'
[4.865s] INFO:colcon.colcon_core.shell:Creating package script '/home/krristudent/HITL/sensor/install/px4_ros_com/share/px4_ros_com/package.sh'
[4.866s] INFO:colcon.colcon_core.shell:Creating package script '/home/krristudent/HITL/sensor/install/px4_ros_com/share/px4_ros_com/package.bash'
[4.866s] INFO:colcon.colcon_core.shell:Creating package script '/home/krristudent/HITL/sensor/install/px4_ros_com/share/px4_ros_com/package.zsh'
[4.866s] Level 1:colcon.colcon_core.environment:create_file_with_runtime_dependencies(/home/krristudent/HITL/sensor/install/px4_ros_com/share/colcon-core/packages/px4_ros_com)
[4.867s] Level 1:colcon.colcon_core.environment:create_environment_scripts_only(px4_ros_com)
[4.868s] Level 1:colcon.colcon_core.environment:checking '/home/krristudent/HITL/sensor/install/px4_ros_com' for CMake module files
[4.868s] Level 1:colcon.colcon_core.environment:checking '/home/krristudent/HITL/sensor/install/px4_ros_com' for CMake config files
[4.869s] Level 1:colcon.colcon_core.shell:create_environment_hook('px4_ros_com', 'cmake_prefix_path')
[4.869s] INFO:colcon.colcon_core.shell:Creating environment hook '/home/krristudent/HITL/sensor/install/px4_ros_com/share/px4_ros_com/hook/cmake_prefix_path.ps1'
[4.870s] INFO:colcon.colcon_core.shell:Creating environment descriptor '/home/krristudent/HITL/sensor/install/px4_ros_com/share/px4_ros_com/hook/cmake_prefix_path.dsv'
[4.870s] INFO:colcon.colcon_core.shell:Creating environment hook '/home/krristudent/HITL/sensor/install/px4_ros_com/share/px4_ros_com/hook/cmake_prefix_path.sh'
[4.871s] Level 1:colcon.colcon_core.environment:checking '/home/krristudent/HITL/sensor/install/px4_ros_com/lib'
[4.871s] Level 1:colcon.colcon_core.shell:create_environment_hook('px4_ros_com', 'ld_library_path_lib')
[4.871s] INFO:colcon.colcon_core.shell:Creating environment hook '/home/krristudent/HITL/sensor/install/px4_ros_com/share/px4_ros_com/hook/ld_library_path_lib.ps1'
[4.872s] INFO:colcon.colcon_core.shell:Creating environment descriptor '/home/krristudent/HITL/sensor/install/px4_ros_com/share/px4_ros_com/hook/ld_library_path_lib.dsv'
[4.872s] INFO:colcon.colcon_core.shell:Creating environment hook '/home/krristudent/HITL/sensor/install/px4_ros_com/share/px4_ros_com/hook/ld_library_path_lib.sh'
[4.873s] Level 1:colcon.colcon_core.environment:checking '/home/krristudent/HITL/sensor/install/px4_ros_com/bin'
[4.873s] Level 1:colcon.colcon_core.environment:checking '/home/krristudent/HITL/sensor/install/px4_ros_com/lib/pkgconfig/px4_ros_com.pc'
[4.873s] Level 1:colcon.colcon_core.environment:checking '/home/krristudent/HITL/sensor/install/px4_ros_com/lib/python3.10/site-packages'
[4.874s] Level 1:colcon.colcon_core.environment:checking '/home/krristudent/HITL/sensor/install/px4_ros_com/bin'
[4.874s] INFO:colcon.colcon_core.shell:Creating package script '/home/krristudent/HITL/sensor/install/px4_ros_com/share/px4_ros_com/package.ps1'
[4.875s] INFO:colcon.colcon_core.shell:Creating package descriptor '/home/krristudent/HITL/sensor/install/px4_ros_com/share/px4_ros_com/package.dsv'
[4.876s] INFO:colcon.colcon_core.shell:Creating package script '/home/krristudent/HITL/sensor/install/px4_ros_com/share/px4_ros_com/package.sh'
[4.877s] INFO:colcon.colcon_core.shell:Creating package script '/home/krristudent/HITL/sensor/install/px4_ros_com/share/px4_ros_com/package.bash'
[4.877s] INFO:colcon.colcon_core.shell:Creating package script '/home/krristudent/HITL/sensor/install/px4_ros_com/share/px4_ros_com/package.zsh'
[4.878s] Level 1:colcon.colcon_core.environment:create_file_with_runtime_dependencies(/home/krristudent/HITL/sensor/install/px4_ros_com/share/colcon-core/packages/px4_ros_com)
[5.453s] Level 1:colcon.colcon_core.shell:create_environment_hook('offboard', 'pythonpath_develop')
[5.454s] INFO:colcon.colcon_core.shell:Creating environment hook '/home/krristudent/HITL/sensor/build/offboard/share/offboard/hook/pythonpath_develop.ps1'
[5.455s] DEBUG:colcon.colcon_core.event_handler.log_command:Invoked command in '/home/krristudent/HITL/sensor/build/offboard' returned '0': AMENT_PREFIX_PATH=/home/krristudent/HITL/sensor/install/px4_msgs:${AMENT_PREFIX_PATH} CMAKE_PREFIX_PATH=/home/krristudent/HITL/sensor/install/px4_msgs:/home/krristudent/HITL/sensor/install/px4_ros_com:/home/krristudent/gz-harmonic_ws/install/test_ros_gz_bridge:/home/krristudent/gz-harmonic_ws/install/ros_ign_interfaces:/home/krristudent/gz-harmonic_ws/install/ros_ign:/home/krristudent/gz-harmonic_ws/install/ros_ign_image:/home/krristudent/gz-harmonic_ws/install/ros_ign_gazebo_demos:/home/krristudent/gz-harmonic_ws/install/ros_ign_gazebo:/home/krristudent/gz-harmonic_ws/install/ros_ign_bridge:/home/krristudent/gz-harmonic_ws/install/ros_gz:/home/krristudent/gz-harmonic_ws/install/ros_gz_sim_demos:/home/krristudent/gz-harmonic_ws/install/ros_gz_sim:/home/krristudent/gz-harmonic_ws/install/ros_gz_image:/home/krristudent/gz-harmonic_ws/install/ros_gz_bridge:/home/krristudent/gz-harmonic_ws/install/ros_gz_interfaces LD_LIBRARY_PATH=/home/krristudent/HITL/sensor/install/px4_msgs/lib:/home/krristudent/HITL/sensor/install/px4_ros_com/lib:/home/krristudent/gz-harmonic_ws/install/ros_ign_interfaces/lib:/home/krristudent/gz-harmonic_ws/install/ros_gz_sim/lib:/home/krristudent/gz-harmonic_ws/install/ros_gz_bridge/lib:/home/krristudent/gz-harmonic_ws/install/ros_gz_interfaces/lib:/usr/lib/x86_64-linux-gnu/gazebo-11/plugins:/opt/ros/humble/opt/rviz_ogre_vendor/lib:/opt/ros/humble/lib/x86_64-linux-gnu:/opt/ros/humble/lib:/home/krristudent/build/px4_sitl_default/build_gazebo-classic PYTHONPATH=/home/krristudent/HITL/sensor/build/offboard/prefix_override:/usr/lib/python3/dist-packages/colcon_core/task/python/colcon_distutils_commands:/home/krristudent/HITL/sensor/install/offboard/lib/python3.10/site-packages:/home/krristudent/HITL/sensor/install/px4_msgs/local/lib/python3.10/dist-packages:${PYTHONPATH} /usr/bin/python3 -W ignore:setup.py install is deprecated -W ignore:easy_install command is deprecated setup.py develop --editable --build-directory /home/krristudent/HITL/sensor/build/offboard/build --no-deps symlink_data
[5.455s] INFO:colcon.colcon_core.shell:Creating environment descriptor '/home/krristudent/HITL/sensor/build/offboard/share/offboard/hook/pythonpath_develop.dsv'
[5.455s] INFO:colcon.colcon_core.shell:Creating environment hook '/home/krristudent/HITL/sensor/build/offboard/share/offboard/hook/pythonpath_develop.sh'
[5.456s] Level 1:colcon.colcon_core.environment:checking '/home/krristudent/HITL/sensor/install/offboard' for CMake module files
[5.456s] Level 1:colcon.colcon_core.environment:checking '/home/krristudent/HITL/sensor/install/offboard' for CMake config files
[5.457s] Level 1:colcon.colcon_core.environment:checking '/home/krristudent/HITL/sensor/install/offboard/lib'
[5.457s] Level 1:colcon.colcon_core.environment:checking '/home/krristudent/HITL/sensor/install/offboard/bin'
[5.457s] Level 1:colcon.colcon_core.environment:checking '/home/krristudent/HITL/sensor/install/offboard/lib/pkgconfig/offboard.pc'
[5.457s] Level 1:colcon.colcon_core.environment:checking '/home/krristudent/HITL/sensor/install/offboard/lib/python3.10/site-packages'
[5.457s] Level 1:colcon.colcon_core.shell:create_environment_hook('offboard', 'pythonpath')
[5.457s] INFO:colcon.colcon_core.shell:Creating environment hook '/home/krristudent/HITL/sensor/install/offboard/share/offboard/hook/pythonpath.ps1'
[5.458s] INFO:colcon.colcon_core.shell:Creating environment descriptor '/home/krristudent/HITL/sensor/install/offboard/share/offboard/hook/pythonpath.dsv'
[5.458s] INFO:colcon.colcon_core.shell:Creating environment hook '/home/krristudent/HITL/sensor/install/offboard/share/offboard/hook/pythonpath.sh'
[5.458s] Level 1:colcon.colcon_core.environment:checking '/home/krristudent/HITL/sensor/install/offboard/bin'
[5.458s] Level 1:colcon.colcon_core.environment:create_environment_scripts_only(offboard)
[5.459s] INFO:colcon.colcon_core.shell:Creating package script '/home/krristudent/HITL/sensor/install/offboard/share/offboard/package.ps1'
[5.460s] INFO:colcon.colcon_core.shell:Creating package descriptor '/home/krristudent/HITL/sensor/install/offboard/share/offboard/package.dsv'
[5.461s] INFO:colcon.colcon_core.shell:Creating package script '/home/krristudent/HITL/sensor/install/offboard/share/offboard/package.sh'
[5.462s] INFO:colcon.colcon_core.shell:Creating package script '/home/krristudent/HITL/sensor/install/offboard/share/offboard/package.bash'
[5.462s] INFO:colcon.colcon_core.shell:Creating package script '/home/krristudent/HITL/sensor/install/offboard/share/offboard/package.zsh'
[5.463s] Level 1:colcon.colcon_core.environment:create_file_with_runtime_dependencies(/home/krristudent/HITL/sensor/install/offboard/share/colcon-core/packages/offboard)
[5.463s] DEBUG:colcon.colcon_parallel_executor.executor.parallel:closing loop
[5.463s] DEBUG:colcon.colcon_parallel_executor.executor.parallel:loop closed
[5.463s] DEBUG:colcon.colcon_parallel_executor.executor.parallel:run_until_complete finished with '0'
[5.464s] DEBUG:colcon.colcon_core.event_reactor:joining thread
[5.471s] INFO:colcon.colcon_core.plugin_system:Skipping extension 'colcon_notification.desktop_notification.terminal_notifier': Not used on non-Darwin systems
[5.471s] INFO:colcon.colcon_core.plugin_system:Skipping extension 'colcon_notification.desktop_notification.win32': Not used on non-Windows systems
[5.471s] INFO:colcon.colcon_notification.desktop_notification:Sending desktop notification using 'notify2'
[5.483s] DEBUG:colcon.colcon_core.event_reactor:joined thread
[5.483s] INFO:colcon.colcon_core.shell:Creating prefix script '/home/krristudent/HITL/sensor/install/local_setup.ps1'
[5.485s] INFO:colcon.colcon_core.shell:Creating prefix util module '/home/krristudent/HITL/sensor/install/_local_setup_util_ps1.py'
[5.486s] INFO:colcon.colcon_core.shell:Creating prefix chain script '/home/krristudent/HITL/sensor/install/setup.ps1'
[5.489s] INFO:colcon.colcon_core.shell:Creating prefix script '/home/krristudent/HITL/sensor/install/local_setup.sh'
[5.490s] INFO:colcon.colcon_core.shell:Creating prefix util module '/home/krristudent/HITL/sensor/install/_local_setup_util_sh.py'
[5.491s] INFO:colcon.colcon_core.shell:Creating prefix chain script '/home/krristudent/HITL/sensor/install/setup.sh'
[5.493s] INFO:colcon.colcon_core.shell:Creating prefix script '/home/krristudent/HITL/sensor/install/local_setup.bash'
[5.494s] INFO:colcon.colcon_core.shell:Creating prefix chain script '/home/krristudent/HITL/sensor/install/setup.bash'
[5.496s] INFO:colcon.colcon_core.shell:Creating prefix script '/home/krristudent/HITL/sensor/install/local_setup.zsh'
[5.497s] INFO:colcon.colcon_core.shell:Creating prefix chain script '/home/krristudent/HITL/sensor/install/setup.zsh'
