[0.126s] DEBUG:colcon:Command line arguments: ['/usr/bin/colcon', 'build', '--symlink-install']
[0.126s] DEBUG:colcon:Parsed command line arguments: Namespace(log_base=None, log_level=None, verb_name='build', build_base='build', install_base='install', merge_install=False, symlink_install=True, test_result_base=None, continue_on_error=False, executor='parallel', parallel_workers=8, event_handlers=None, ignore_user_meta=False, metas=['./colcon.meta'], base_paths=['.'], packages_ignore=None, packages_ignore_regex=None, paths=None, packages_up_to=None, packages_up_to_regex=None, packages_above=None, packages_above_and_dependencies=None, packages_above_depth=None, packages_select_by_dep=None, packages_skip_by_dep=None, packages_skip_up_to=None, packages_select_build_failed=False, packages_skip_build_finished=False, packages_select_test_failures=False, packages_skip_test_passed=False, packages_select=None, packages_skip=None, packages_select_regex=None, packages_skip_regex=None, packages_start=None, packages_end=None, allow_overriding=[], cmake_args=None, cmake_target=None, cmake_target_skip_unavailable=False, cmake_clean_cache=False, cmake_clean_first=False, cmake_force_configure=False, ament_cmake_args=None, catkin_cmake_args=None, catkin_skip_building_tests=False, mixin_files=None, mixin=None, verb_parser=<colcon_mixin.mixin.mixin_argument.MixinArgumentDecorator object at 0x7e00ba753d60>, verb_extension=<colcon_core.verb.build.BuildVerb object at 0x7e00ba894e50>, main=<bound method BuildVerb.main of <colcon_core.verb.build.BuildVerb object at 0x7e00ba894e50>>, mixin_verb=('build',))
[0.336s] Level 1:colcon.colcon_core.package_discovery:discover_packages(colcon_meta) check parameters
[0.336s] Level 1:colcon.colcon_core.package_discovery:discover_packages(recursive) check parameters
[0.336s] Level 1:colcon.colcon_core.package_discovery:discover_packages(ignore) check parameters
[0.336s] Level 1:colcon.colcon_core.package_discovery:discover_packages(path) check parameters
[0.336s] Level 1:colcon.colcon_core.package_discovery:discover_packages(colcon_meta) discover
[0.336s] Level 1:colcon.colcon_core.package_discovery:discover_packages(recursive) discover
[0.336s] INFO:colcon.colcon_core.package_discovery:Crawling recursively for packages in '/home/krristudent/HITL/sensor'
[0.337s] Level 1:colcon.colcon_core.package_identification:_identify(.) by extensions ['ignore', 'ignore_ament_install']
[0.337s] Level 1:colcon.colcon_core.package_identification:_identify(.) by extension 'ignore'
[0.337s] Level 1:colcon.colcon_core.package_identification:_identify(.) by extension 'ignore_ament_install'
[0.337s] Level 1:colcon.colcon_core.package_identification:_identify(.) by extensions ['colcon_pkg']
[0.337s] Level 1:colcon.colcon_core.package_identification:_identify(.) by extension 'colcon_pkg'
[0.337s] Level 1:colcon.colcon_core.package_identification:_identify(.) by extensions ['colcon_meta']
[0.337s] Level 1:colcon.colcon_core.package_identification:_identify(.) by extension 'colcon_meta'
[0.337s] Level 1:colcon.colcon_core.package_identification:_identify(.) by extensions ['ros']
[0.337s] Level 1:colcon.colcon_core.package_identification:_identify(.) by extension 'ros'
[0.348s] Level 1:colcon.colcon_core.package_identification:_identify(.) by extensions ['cmake', 'python']
[0.348s] Level 1:colcon.colcon_core.package_identification:_identify(.) by extension 'cmake'
[0.349s] Level 1:colcon.colcon_core.package_identification:_identify(.) by extension 'python'
[0.349s] Level 1:colcon.colcon_core.package_identification:_identify(.) by extensions ['python_setup_py']
[0.349s] Level 1:colcon.colcon_core.package_identification:_identify(.) by extension 'python_setup_py'
[0.349s] Level 1:colcon.colcon_core.package_identification:_identify(build) by extensions ['ignore', 'ignore_ament_install']
[0.349s] Level 1:colcon.colcon_core.package_identification:_identify(build) by extension 'ignore'
[0.349s] Level 1:colcon.colcon_core.package_identification:_identify(build) ignored
[0.349s] Level 1:colcon.colcon_core.package_identification:_identify(install) by extensions ['ignore', 'ignore_ament_install']
[0.349s] Level 1:colcon.colcon_core.package_identification:_identify(install) by extension 'ignore'
[0.349s] Level 1:colcon.colcon_core.package_identification:_identify(install) ignored
[0.350s] Level 1:colcon.colcon_core.package_identification:_identify(log) by extensions ['ignore', 'ignore_ament_install']
[0.350s] Level 1:colcon.colcon_core.package_identification:_identify(log) by extension 'ignore'
[0.350s] Level 1:colcon.colcon_core.package_identification:_identify(log) ignored
[0.350s] Level 1:colcon.colcon_core.package_identification:_identify(src) by extensions ['ignore', 'ignore_ament_install']
[0.350s] Level 1:colcon.colcon_core.package_identification:_identify(src) by extension 'ignore'
[0.350s] Level 1:colcon.colcon_core.package_identification:_identify(src) by extension 'ignore_ament_install'
[0.350s] Level 1:colcon.colcon_core.package_identification:_identify(src) by extensions ['colcon_pkg']
[0.350s] Level 1:colcon.colcon_core.package_identification:_identify(src) by extension 'colcon_pkg'
[0.350s] Level 1:colcon.colcon_core.package_identification:_identify(src) by extensions ['colcon_meta']
[0.350s] Level 1:colcon.colcon_core.package_identification:_identify(src) by extension 'colcon_meta'
[0.350s] Level 1:colcon.colcon_core.package_identification:_identify(src) by extensions ['ros']
[0.350s] Level 1:colcon.colcon_core.package_identification:_identify(src) by extension 'ros'
[0.351s] Level 1:colcon.colcon_core.package_identification:_identify(src) by extensions ['cmake', 'python']
[0.351s] Level 1:colcon.colcon_core.package_identification:_identify(src) by extension 'cmake'
[0.351s] Level 1:colcon.colcon_core.package_identification:_identify(src) by extension 'python'
[0.351s] Level 1:colcon.colcon_core.package_identification:_identify(src) by extensions ['python_setup_py']
[0.351s] Level 1:colcon.colcon_core.package_identification:_identify(src) by extension 'python_setup_py'
[0.351s] Level 1:colcon.colcon_core.package_identification:_identify(src/build) by extensions ['ignore', 'ignore_ament_install']
[0.351s] Level 1:colcon.colcon_core.package_identification:_identify(src/build) by extension 'ignore'
[0.351s] Level 1:colcon.colcon_core.package_identification:_identify(src/build) by extension 'ignore_ament_install'
[0.351s] Level 1:colcon.colcon_core.package_identification:_identify(src/build) by extensions ['colcon_pkg']
[0.351s] Level 1:colcon.colcon_core.package_identification:_identify(src/build) by extension 'colcon_pkg'
[0.351s] Level 1:colcon.colcon_core.package_identification:_identify(src/build) by extensions ['colcon_meta']
[0.351s] Level 1:colcon.colcon_core.package_identification:_identify(src/build) by extension 'colcon_meta'
[0.351s] Level 1:colcon.colcon_core.package_identification:_identify(src/build) by extensions ['ros']
[0.351s] Level 1:colcon.colcon_core.package_identification:_identify(src/build) by extension 'ros'
[0.352s] Level 1:colcon.colcon_core.package_identification:_identify(src/build) by extensions ['cmake', 'python']
[0.352s] Level 1:colcon.colcon_core.package_identification:_identify(src/build) by extension 'cmake'
[0.352s] Level 1:colcon.colcon_core.package_identification:_identify(src/build) by extension 'python'
[0.352s] Level 1:colcon.colcon_core.package_identification:_identify(src/build) by extensions ['python_setup_py']
[0.352s] Level 1:colcon.colcon_core.package_identification:_identify(src/build) by extension 'python_setup_py'
[0.352s] Level 1:colcon.colcon_core.package_identification:_identify(src/build/CMakeFiles) by extensions ['ignore', 'ignore_ament_install']
[0.352s] Level 1:colcon.colcon_core.package_identification:_identify(src/build/CMakeFiles) by extension 'ignore'
[0.352s] Level 1:colcon.colcon_core.package_identification:_identify(src/build/CMakeFiles) by extension 'ignore_ament_install'
[0.352s] Level 1:colcon.colcon_core.package_identification:_identify(src/build/CMakeFiles) by extensions ['colcon_pkg']
[0.352s] Level 1:colcon.colcon_core.package_identification:_identify(src/build/CMakeFiles) by extension 'colcon_pkg'
[0.352s] Level 1:colcon.colcon_core.package_identification:_identify(src/build/CMakeFiles) by extensions ['colcon_meta']
[0.352s] Level 1:colcon.colcon_core.package_identification:_identify(src/build/CMakeFiles) by extension 'colcon_meta'
[0.352s] Level 1:colcon.colcon_core.package_identification:_identify(src/build/CMakeFiles) by extensions ['ros']
[0.353s] Level 1:colcon.colcon_core.package_identification:_identify(src/build/CMakeFiles) by extension 'ros'
[0.353s] Level 1:colcon.colcon_core.package_identification:_identify(src/build/CMakeFiles) by extensions ['cmake', 'python']
[0.353s] Level 1:colcon.colcon_core.package_identification:_identify(src/build/CMakeFiles) by extension 'cmake'
[0.353s] Level 1:colcon.colcon_core.package_identification:_identify(src/build/CMakeFiles) by extension 'python'
[0.353s] Level 1:colcon.colcon_core.package_identification:_identify(src/build/CMakeFiles) by extensions ['python_setup_py']
[0.353s] Level 1:colcon.colcon_core.package_identification:_identify(src/build/CMakeFiles) by extension 'python_setup_py'
[0.353s] Level 1:colcon.colcon_core.package_identification:_identify(src/build/CMakeFiles/3.22.1) by extensions ['ignore', 'ignore_ament_install']
[0.353s] Level 1:colcon.colcon_core.package_identification:_identify(src/build/CMakeFiles/3.22.1) by extension 'ignore'
[0.353s] Level 1:colcon.colcon_core.package_identification:_identify(src/build/CMakeFiles/3.22.1) by extension 'ignore_ament_install'
[0.353s] Level 1:colcon.colcon_core.package_identification:_identify(src/build/CMakeFiles/3.22.1) by extensions ['colcon_pkg']
[0.353s] Level 1:colcon.colcon_core.package_identification:_identify(src/build/CMakeFiles/3.22.1) by extension 'colcon_pkg'
[0.354s] Level 1:colcon.colcon_core.package_identification:_identify(src/build/CMakeFiles/3.22.1) by extensions ['colcon_meta']
[0.354s] Level 1:colcon.colcon_core.package_identification:_identify(src/build/CMakeFiles/3.22.1) by extension 'colcon_meta'
[0.354s] Level 1:colcon.colcon_core.package_identification:_identify(src/build/CMakeFiles/3.22.1) by extensions ['ros']
[0.354s] Level 1:colcon.colcon_core.package_identification:_identify(src/build/CMakeFiles/3.22.1) by extension 'ros'
[0.354s] Level 1:colcon.colcon_core.package_identification:_identify(src/build/CMakeFiles/3.22.1) by extensions ['cmake', 'python']
[0.354s] Level 1:colcon.colcon_core.package_identification:_identify(src/build/CMakeFiles/3.22.1) by extension 'cmake'
[0.354s] Level 1:colcon.colcon_core.package_identification:_identify(src/build/CMakeFiles/3.22.1) by extension 'python'
[0.354s] Level 1:colcon.colcon_core.package_identification:_identify(src/build/CMakeFiles/3.22.1) by extensions ['python_setup_py']
[0.354s] Level 1:colcon.colcon_core.package_identification:_identify(src/build/CMakeFiles/3.22.1) by extension 'python_setup_py'
[0.354s] Level 1:colcon.colcon_core.package_identification:_identify(src/build/CMakeFiles/3.22.1/CompilerIdC) by extensions ['ignore', 'ignore_ament_install']
[0.354s] Level 1:colcon.colcon_core.package_identification:_identify(src/build/CMakeFiles/3.22.1/CompilerIdC) by extension 'ignore'
[0.354s] Level 1:colcon.colcon_core.package_identification:_identify(src/build/CMakeFiles/3.22.1/CompilerIdC) by extension 'ignore_ament_install'
[0.354s] Level 1:colcon.colcon_core.package_identification:_identify(src/build/CMakeFiles/3.22.1/CompilerIdC) by extensions ['colcon_pkg']
[0.355s] Level 1:colcon.colcon_core.package_identification:_identify(src/build/CMakeFiles/3.22.1/CompilerIdC) by extension 'colcon_pkg'
[0.355s] Level 1:colcon.colcon_core.package_identification:_identify(src/build/CMakeFiles/3.22.1/CompilerIdC) by extensions ['colcon_meta']
[0.355s] Level 1:colcon.colcon_core.package_identification:_identify(src/build/CMakeFiles/3.22.1/CompilerIdC) by extension 'colcon_meta'
[0.355s] Level 1:colcon.colcon_core.package_identification:_identify(src/build/CMakeFiles/3.22.1/CompilerIdC) by extensions ['ros']
[0.355s] Level 1:colcon.colcon_core.package_identification:_identify(src/build/CMakeFiles/3.22.1/CompilerIdC) by extension 'ros'
[0.355s] Level 1:colcon.colcon_core.package_identification:_identify(src/build/CMakeFiles/3.22.1/CompilerIdC) by extensions ['cmake', 'python']
[0.355s] Level 1:colcon.colcon_core.package_identification:_identify(src/build/CMakeFiles/3.22.1/CompilerIdC) by extension 'cmake'
[0.355s] Level 1:colcon.colcon_core.package_identification:_identify(src/build/CMakeFiles/3.22.1/CompilerIdC) by extension 'python'
[0.355s] Level 1:colcon.colcon_core.package_identification:_identify(src/build/CMakeFiles/3.22.1/CompilerIdC) by extensions ['python_setup_py']
[0.355s] Level 1:colcon.colcon_core.package_identification:_identify(src/build/CMakeFiles/3.22.1/CompilerIdC) by extension 'python_setup_py'
[0.355s] Level 1:colcon.colcon_core.package_identification:_identify(src/build/CMakeFiles/3.22.1/CompilerIdCXX) by extensions ['ignore', 'ignore_ament_install']
[0.355s] Level 1:colcon.colcon_core.package_identification:_identify(src/build/CMakeFiles/3.22.1/CompilerIdCXX) by extension 'ignore'
[0.355s] Level 1:colcon.colcon_core.package_identification:_identify(src/build/CMakeFiles/3.22.1/CompilerIdCXX) by extension 'ignore_ament_install'
[0.356s] Level 1:colcon.colcon_core.package_identification:_identify(src/build/CMakeFiles/3.22.1/CompilerIdCXX) by extensions ['colcon_pkg']
[0.356s] Level 1:colcon.colcon_core.package_identification:_identify(src/build/CMakeFiles/3.22.1/CompilerIdCXX) by extension 'colcon_pkg'
[0.356s] Level 1:colcon.colcon_core.package_identification:_identify(src/build/CMakeFiles/3.22.1/CompilerIdCXX) by extensions ['colcon_meta']
[0.356s] Level 1:colcon.colcon_core.package_identification:_identify(src/build/CMakeFiles/3.22.1/CompilerIdCXX) by extension 'colcon_meta'
[0.356s] Level 1:colcon.colcon_core.package_identification:_identify(src/build/CMakeFiles/3.22.1/CompilerIdCXX) by extensions ['ros']
[0.356s] Level 1:colcon.colcon_core.package_identification:_identify(src/build/CMakeFiles/3.22.1/CompilerIdCXX) by extension 'ros'
[0.356s] Level 1:colcon.colcon_core.package_identification:_identify(src/build/CMakeFiles/3.22.1/CompilerIdCXX) by extensions ['cmake', 'python']
[0.356s] Level 1:colcon.colcon_core.package_identification:_identify(src/build/CMakeFiles/3.22.1/CompilerIdCXX) by extension 'cmake'
[0.356s] Level 1:colcon.colcon_core.package_identification:_identify(src/build/CMakeFiles/3.22.1/CompilerIdCXX) by extension 'python'
[0.356s] Level 1:colcon.colcon_core.package_identification:_identify(src/build/CMakeFiles/3.22.1/CompilerIdCXX) by extensions ['python_setup_py']
[0.356s] Level 1:colcon.colcon_core.package_identification:_identify(src/build/CMakeFiles/3.22.1/CompilerIdCXX) by extension 'python_setup_py'
[0.356s] Level 1:colcon.colcon_core.package_identification:_identify(src/offboard) by extensions ['ignore', 'ignore_ament_install']
[0.356s] Level 1:colcon.colcon_core.package_identification:_identify(src/offboard) by extension 'ignore'
[0.357s] Level 1:colcon.colcon_core.package_identification:_identify(src/offboard) by extension 'ignore_ament_install'
[0.357s] Level 1:colcon.colcon_core.package_identification:_identify(src/offboard) by extensions ['colcon_pkg']
[0.357s] Level 1:colcon.colcon_core.package_identification:_identify(src/offboard) by extension 'colcon_pkg'
[0.357s] Level 1:colcon.colcon_core.package_identification:_identify(src/offboard) by extensions ['colcon_meta']
[0.357s] Level 1:colcon.colcon_core.package_identification:_identify(src/offboard) by extension 'colcon_meta'
[0.357s] Level 1:colcon.colcon_core.package_identification:_identify(src/offboard) by extensions ['ros']
[0.357s] Level 1:colcon.colcon_core.package_identification:_identify(src/offboard) by extension 'ros'
[0.359s] DEBUG:colcon.colcon_core.package_identification:Package 'src/offboard' with type 'ros.ament_python' and name 'offboard'
[0.359s] Level 1:colcon.colcon_core.package_identification:_identify(src/px4_msgs) by extensions ['ignore', 'ignore_ament_install']
[0.360s] Level 1:colcon.colcon_core.package_identification:_identify(src/px4_msgs) by extension 'ignore'
[0.360s] Level 1:colcon.colcon_core.package_identification:_identify(src/px4_msgs) by extension 'ignore_ament_install'
[0.360s] Level 1:colcon.colcon_core.package_identification:_identify(src/px4_msgs) by extensions ['colcon_pkg']
[0.360s] Level 1:colcon.colcon_core.package_identification:_identify(src/px4_msgs) by extension 'colcon_pkg'
[0.360s] Level 1:colcon.colcon_core.package_identification:_identify(src/px4_msgs) by extensions ['colcon_meta']
[0.360s] Level 1:colcon.colcon_core.package_identification:_identify(src/px4_msgs) by extension 'colcon_meta'
[0.360s] Level 1:colcon.colcon_core.package_identification:_identify(src/px4_msgs) by extensions ['ros']
[0.360s] Level 1:colcon.colcon_core.package_identification:_identify(src/px4_msgs) by extension 'ros'
[0.361s] DEBUG:colcon.colcon_core.package_identification:Package 'src/px4_msgs' with type 'ros.ament_cmake' and name 'px4_msgs'
[0.361s] Level 1:colcon.colcon_core.package_identification:_identify(src/px4_ros_com) by extensions ['ignore', 'ignore_ament_install']
[0.361s] Level 1:colcon.colcon_core.package_identification:_identify(src/px4_ros_com) by extension 'ignore'
[0.361s] Level 1:colcon.colcon_core.package_identification:_identify(src/px4_ros_com) by extension 'ignore_ament_install'
[0.361s] Level 1:colcon.colcon_core.package_identification:_identify(src/px4_ros_com) by extensions ['colcon_pkg']
[0.361s] Level 1:colcon.colcon_core.package_identification:_identify(src/px4_ros_com) by extension 'colcon_pkg'
[0.361s] Level 1:colcon.colcon_core.package_identification:_identify(src/px4_ros_com) by extensions ['colcon_meta']
[0.362s] Level 1:colcon.colcon_core.package_identification:_identify(src/px4_ros_com) by extension 'colcon_meta'
[0.362s] Level 1:colcon.colcon_core.package_identification:_identify(src/px4_ros_com) by extensions ['ros']
[0.362s] Level 1:colcon.colcon_core.package_identification:_identify(src/px4_ros_com) by extension 'ros'
[0.364s] DEBUG:colcon.colcon_core.package_identification:Package 'src/px4_ros_com' with type 'ros.ament_cmake' and name 'px4_ros_com'
[0.364s] Level 1:colcon.colcon_core.package_discovery:discover_packages(recursive) using defaults
[0.364s] Level 1:colcon.colcon_core.package_discovery:discover_packages(ignore) discover
[0.364s] Level 1:colcon.colcon_core.package_discovery:discover_packages(ignore) using defaults
[0.364s] Level 1:colcon.colcon_core.package_discovery:discover_packages(path) discover
[0.364s] Level 1:colcon.colcon_core.package_discovery:discover_packages(path) using defaults
[0.411s] Level 1:colcon.colcon_core.package_discovery:discover_packages(prefix_path) check parameters
[0.412s] Level 1:colcon.colcon_core.package_discovery:discover_packages(prefix_path) discover
[0.413s] WARNING:colcon.colcon_ros.prefix_path.catkin:The path '/home/krristudent/HITL/sensor/install/px4_ros_com' in the environment variable CMAKE_PREFIX_PATH doesn't exist
[0.413s] WARNING:colcon.colcon_ros.prefix_path.catkin:The path '/home/krristudent/HITL/sensor/install/px4_msgs' in the environment variable CMAKE_PREFIX_PATH doesn't exist
[0.414s] DEBUG:colcon.colcon_installed_package_information.package_discovery:Found 1 installed packages in /home/krristudent/HITL/sensor/install
[0.414s] DEBUG:colcon.colcon_installed_package_information.package_discovery:Found 1 installed packages in /home/krristudent/ros2_drone_sensor/install
[0.415s] DEBUG:colcon.colcon_installed_package_information.package_discovery:Found 13 installed packages in /home/krristudent/gz-harmonic_ws/install
[0.416s] DEBUG:colcon.colcon_installed_package_information.package_discovery:Found 310 installed packages in /opt/ros/humble
[0.418s] Level 1:colcon.colcon_core.package_discovery:discover_packages(prefix_path) using defaults
[0.466s] Level 5:colcon.colcon_core.verb:set package 'px4_msgs' build argument 'cmake_args' from command line to 'None'
[0.466s] Level 5:colcon.colcon_core.verb:set package 'px4_msgs' build argument 'cmake_target' from command line to 'None'
[0.466s] Level 5:colcon.colcon_core.verb:set package 'px4_msgs' build argument 'cmake_target_skip_unavailable' from command line to 'False'
[0.466s] Level 5:colcon.colcon_core.verb:set package 'px4_msgs' build argument 'cmake_clean_cache' from command line to 'False'
[0.466s] Level 5:colcon.colcon_core.verb:set package 'px4_msgs' build argument 'cmake_clean_first' from command line to 'False'
[0.466s] Level 5:colcon.colcon_core.verb:set package 'px4_msgs' build argument 'cmake_force_configure' from command line to 'False'
[0.466s] Level 5:colcon.colcon_core.verb:set package 'px4_msgs' build argument 'ament_cmake_args' from command line to 'None'
[0.466s] Level 5:colcon.colcon_core.verb:set package 'px4_msgs' build argument 'catkin_cmake_args' from command line to 'None'
[0.466s] Level 5:colcon.colcon_core.verb:set package 'px4_msgs' build argument 'catkin_skip_building_tests' from command line to 'False'
[0.466s] DEBUG:colcon.colcon_core.verb:Building package 'px4_msgs' with the following arguments: {'ament_cmake_args': None, 'build_base': '/home/krristudent/HITL/sensor/build/px4_msgs', 'catkin_cmake_args': None, 'catkin_skip_building_tests': False, 'cmake_args': None, 'cmake_clean_cache': False, 'cmake_clean_first': False, 'cmake_force_configure': False, 'cmake_target': None, 'cmake_target_skip_unavailable': False, 'install_base': '/home/krristudent/HITL/sensor/install/px4_msgs', 'merge_install': False, 'path': '/home/krristudent/HITL/sensor/src/px4_msgs', 'symlink_install': True, 'test_result_base': None}
[0.467s] Level 5:colcon.colcon_core.verb:set package 'offboard' build argument 'cmake_args' from command line to 'None'
[0.467s] Level 5:colcon.colcon_core.verb:set package 'offboard' build argument 'cmake_target' from command line to 'None'
[0.467s] Level 5:colcon.colcon_core.verb:set package 'offboard' build argument 'cmake_target_skip_unavailable' from command line to 'False'
[0.467s] Level 5:colcon.colcon_core.verb:set package 'offboard' build argument 'cmake_clean_cache' from command line to 'False'
[0.467s] Level 5:colcon.colcon_core.verb:set package 'offboard' build argument 'cmake_clean_first' from command line to 'False'
[0.467s] Level 5:colcon.colcon_core.verb:set package 'offboard' build argument 'cmake_force_configure' from command line to 'False'
[0.467s] Level 5:colcon.colcon_core.verb:set package 'offboard' build argument 'ament_cmake_args' from command line to 'None'
[0.467s] Level 5:colcon.colcon_core.verb:set package 'offboard' build argument 'catkin_cmake_args' from command line to 'None'
[0.467s] Level 5:colcon.colcon_core.verb:set package 'offboard' build argument 'catkin_skip_building_tests' from command line to 'False'
[0.467s] DEBUG:colcon.colcon_core.verb:Building package 'offboard' with the following arguments: {'ament_cmake_args': None, 'build_base': '/home/krristudent/HITL/sensor/build/offboard', 'catkin_cmake_args': None, 'catkin_skip_building_tests': False, 'cmake_args': None, 'cmake_clean_cache': False, 'cmake_clean_first': False, 'cmake_force_configure': False, 'cmake_target': None, 'cmake_target_skip_unavailable': False, 'install_base': '/home/krristudent/HITL/sensor/install/offboard', 'merge_install': False, 'path': '/home/krristudent/HITL/sensor/src/offboard', 'symlink_install': True, 'test_result_base': None}
[0.468s] Level 5:colcon.colcon_core.verb:set package 'px4_ros_com' build argument 'cmake_args' from command line to 'None'
[0.468s] Level 5:colcon.colcon_core.verb:set package 'px4_ros_com' build argument 'cmake_target' from command line to 'None'
[0.468s] Level 5:colcon.colcon_core.verb:set package 'px4_ros_com' build argument 'cmake_target_skip_unavailable' from command line to 'False'
[0.468s] Level 5:colcon.colcon_core.verb:set package 'px4_ros_com' build argument 'cmake_clean_cache' from command line to 'False'
[0.468s] Level 5:colcon.colcon_core.verb:set package 'px4_ros_com' build argument 'cmake_clean_first' from command line to 'False'
[0.468s] Level 5:colcon.colcon_core.verb:set package 'px4_ros_com' build argument 'cmake_force_configure' from command line to 'False'
[0.468s] Level 5:colcon.colcon_core.verb:set package 'px4_ros_com' build argument 'ament_cmake_args' from command line to 'None'
[0.468s] Level 5:colcon.colcon_core.verb:set package 'px4_ros_com' build argument 'catkin_cmake_args' from command line to 'None'
[0.468s] Level 5:colcon.colcon_core.verb:set package 'px4_ros_com' build argument 'catkin_skip_building_tests' from command line to 'False'
[0.468s] DEBUG:colcon.colcon_core.verb:Building package 'px4_ros_com' with the following arguments: {'ament_cmake_args': None, 'build_base': '/home/krristudent/HITL/sensor/build/px4_ros_com', 'catkin_cmake_args': None, 'catkin_skip_building_tests': False, 'cmake_args': None, 'cmake_clean_cache': False, 'cmake_clean_first': False, 'cmake_force_configure': False, 'cmake_target': None, 'cmake_target_skip_unavailable': False, 'install_base': '/home/krristudent/HITL/sensor/install/px4_ros_com', 'merge_install': False, 'path': '/home/krristudent/HITL/sensor/src/px4_ros_com', 'symlink_install': True, 'test_result_base': None}
[0.468s] INFO:colcon.colcon_core.executor:Executing jobs using 'parallel' executor
[0.469s] DEBUG:colcon.colcon_parallel_executor.executor.parallel:run_until_complete
[0.470s] INFO:colcon.colcon_ros.task.ament_cmake.build:Building ROS package in '/home/krristudent/HITL/sensor/src/px4_msgs' with build type 'ament_cmake'
[0.470s] INFO:colcon.colcon_cmake.task.cmake.build:Building CMake package in '/home/krristudent/HITL/sensor/src/px4_msgs'
[0.472s] INFO:colcon.colcon_core.plugin_system:Skipping extension 'colcon_core.shell.bat': Not used on non-Windows systems
[0.473s] INFO:colcon.colcon_core.shell:Skip shell extension 'powershell' for command environment: Not usable outside of PowerShell
[0.473s] DEBUG:colcon.colcon_core.shell:Skip shell extension 'dsv' for command environment
[0.482s] DEBUG:colcon.colcon_core.event_handler.log_command:Invoking command in '/home/krristudent/HITL/sensor/build/px4_msgs': CMAKE_PREFIX_PATH=${CMAKE_PREFIX_PATH}:/home/krristudent/HITL/sensor/install/offboard:/home/krristudent/ros2_drone_sensor/install/lidar_distance:/opt/ros/humble /usr/bin/cmake /home/krristudent/HITL/sensor/src/px4_msgs -DAMENT_CMAKE_SYMLINK_INSTALL=1 -DCMAKE_INSTALL_PREFIX=/home/krristudent/HITL/sensor/install/px4_msgs
[5.296s] DEBUG:colcon.colcon_core.event_handler.log_command:Invoked command in '/home/krristudent/HITL/sensor/build/px4_msgs' returned '0': CMAKE_PREFIX_PATH=${CMAKE_PREFIX_PATH}:/home/krristudent/HITL/sensor/install/offboard:/home/krristudent/ros2_drone_sensor/install/lidar_distance:/opt/ros/humble /usr/bin/cmake /home/krristudent/HITL/sensor/src/px4_msgs -DAMENT_CMAKE_SYMLINK_INSTALL=1 -DCMAKE_INSTALL_PREFIX=/home/krristudent/HITL/sensor/install/px4_msgs
[5.299s] DEBUG:colcon.colcon_core.event_handler.log_command:Invoking command in '/home/krristudent/HITL/sensor/build/px4_msgs': CMAKE_PREFIX_PATH=${CMAKE_PREFIX_PATH}:/home/krristudent/HITL/sensor/install/offboard:/home/krristudent/ros2_drone_sensor/install/lidar_distance:/opt/ros/humble /usr/bin/cmake --build /home/krristudent/HITL/sensor/build/px4_msgs -- -j8 -l8
[399.256s] DEBUG:colcon.colcon_core.event_handler.log_command:Invoked command in '/home/krristudent/HITL/sensor/build/px4_msgs' returned '0': CMAKE_PREFIX_PATH=${CMAKE_PREFIX_PATH}:/home/krristudent/HITL/sensor/install/offboard:/home/krristudent/ros2_drone_sensor/install/lidar_distance:/opt/ros/humble /usr/bin/cmake --build /home/krristudent/HITL/sensor/build/px4_msgs -- -j8 -l8
[399.266s] DEBUG:colcon.colcon_core.event_handler.log_command:Invoking command in '/home/krristudent/HITL/sensor/build/px4_msgs': CMAKE_PREFIX_PATH=${CMAKE_PREFIX_PATH}:/home/krristudent/HITL/sensor/install/offboard:/home/krristudent/ros2_drone_sensor/install/lidar_distance:/opt/ros/humble /usr/bin/cmake --install /home/krristudent/HITL/sensor/build/px4_msgs
[439.838s] Level 1:colcon.colcon_core.environment:create_environment_scripts_only(px4_msgs)
[439.839s] DEBUG:colcon.colcon_core.event_handler.log_command:Invoked command in '/home/krristudent/HITL/sensor/build/px4_msgs' returned '0': CMAKE_PREFIX_PATH=${CMAKE_PREFIX_PATH}:/home/krristudent/HITL/sensor/install/offboard:/home/krristudent/ros2_drone_sensor/install/lidar_distance:/opt/ros/humble /usr/bin/cmake --install /home/krristudent/HITL/sensor/build/px4_msgs
[439.842s] Level 1:colcon.colcon_core.environment:checking '/home/krristudent/HITL/sensor/install/px4_msgs' for CMake module files
[439.843s] Level 1:colcon.colcon_core.environment:checking '/home/krristudent/HITL/sensor/install/px4_msgs' for CMake config files
[439.868s] Level 1:colcon.colcon_core.shell:create_environment_hook('px4_msgs', 'cmake_prefix_path')
[439.868s] INFO:colcon.colcon_core.shell:Creating environment hook '/home/krristudent/HITL/sensor/install/px4_msgs/share/px4_msgs/hook/cmake_prefix_path.ps1'
[439.869s] INFO:colcon.colcon_core.shell:Creating environment descriptor '/home/krristudent/HITL/sensor/install/px4_msgs/share/px4_msgs/hook/cmake_prefix_path.dsv'
[439.869s] INFO:colcon.colcon_core.shell:Creating environment hook '/home/krristudent/HITL/sensor/install/px4_msgs/share/px4_msgs/hook/cmake_prefix_path.sh'
[439.870s] Level 1:colcon.colcon_core.environment:checking '/home/krristudent/HITL/sensor/install/px4_msgs/lib'
[439.871s] Level 1:colcon.colcon_core.shell:create_environment_hook('px4_msgs', 'ld_library_path_lib')
[439.871s] INFO:colcon.colcon_core.shell:Creating environment hook '/home/krristudent/HITL/sensor/install/px4_msgs/share/px4_msgs/hook/ld_library_path_lib.ps1'
[439.872s] INFO:colcon.colcon_core.shell:Creating environment descriptor '/home/krristudent/HITL/sensor/install/px4_msgs/share/px4_msgs/hook/ld_library_path_lib.dsv'
[439.872s] INFO:colcon.colcon_core.shell:Creating environment hook '/home/krristudent/HITL/sensor/install/px4_msgs/share/px4_msgs/hook/ld_library_path_lib.sh'
[439.872s] Level 1:colcon.colcon_core.environment:checking '/home/krristudent/HITL/sensor/install/px4_msgs/bin'
[439.873s] Level 1:colcon.colcon_core.environment:checking '/home/krristudent/HITL/sensor/install/px4_msgs/lib/pkgconfig/px4_msgs.pc'
[439.873s] Level 1:colcon.colcon_core.environment:checking '/home/krristudent/HITL/sensor/install/px4_msgs/lib/python3.10/site-packages'
[439.873s] Level 1:colcon.colcon_core.environment:checking '/home/krristudent/HITL/sensor/install/px4_msgs/bin'
[439.874s] INFO:colcon.colcon_core.shell:Creating package script '/home/krristudent/HITL/sensor/install/px4_msgs/share/px4_msgs/package.ps1'
[439.875s] INFO:colcon.colcon_core.shell:Creating package descriptor '/home/krristudent/HITL/sensor/install/px4_msgs/share/px4_msgs/package.dsv'
[439.876s] INFO:colcon.colcon_core.shell:Creating package script '/home/krristudent/HITL/sensor/install/px4_msgs/share/px4_msgs/package.sh'
[439.876s] INFO:colcon.colcon_core.shell:Creating package script '/home/krristudent/HITL/sensor/install/px4_msgs/share/px4_msgs/package.bash'
[439.877s] INFO:colcon.colcon_core.shell:Creating package script '/home/krristudent/HITL/sensor/install/px4_msgs/share/px4_msgs/package.zsh'
[439.878s] Level 1:colcon.colcon_core.environment:create_file_with_runtime_dependencies(/home/krristudent/HITL/sensor/install/px4_msgs/share/colcon-core/packages/px4_msgs)
[439.879s] Level 1:colcon.colcon_core.environment:create_environment_scripts_only(px4_msgs)
[439.879s] Level 1:colcon.colcon_core.environment:checking '/home/krristudent/HITL/sensor/install/px4_msgs' for CMake module files
[439.880s] Level 1:colcon.colcon_core.environment:checking '/home/krristudent/HITL/sensor/install/px4_msgs' for CMake config files
[439.900s] Level 1:colcon.colcon_core.shell:create_environment_hook('px4_msgs', 'cmake_prefix_path')
[439.900s] INFO:colcon.colcon_core.shell:Creating environment hook '/home/krristudent/HITL/sensor/install/px4_msgs/share/px4_msgs/hook/cmake_prefix_path.ps1'
[439.901s] INFO:colcon.colcon_core.shell:Creating environment descriptor '/home/krristudent/HITL/sensor/install/px4_msgs/share/px4_msgs/hook/cmake_prefix_path.dsv'
[439.901s] INFO:colcon.colcon_core.shell:Creating environment hook '/home/krristudent/HITL/sensor/install/px4_msgs/share/px4_msgs/hook/cmake_prefix_path.sh'
[439.902s] Level 1:colcon.colcon_core.environment:checking '/home/krristudent/HITL/sensor/install/px4_msgs/lib'
[439.902s] Level 1:colcon.colcon_core.shell:create_environment_hook('px4_msgs', 'ld_library_path_lib')
[439.903s] INFO:colcon.colcon_core.shell:Creating environment hook '/home/krristudent/HITL/sensor/install/px4_msgs/share/px4_msgs/hook/ld_library_path_lib.ps1'
[439.903s] INFO:colcon.colcon_core.shell:Creating environment descriptor '/home/krristudent/HITL/sensor/install/px4_msgs/share/px4_msgs/hook/ld_library_path_lib.dsv'
[439.903s] INFO:colcon.colcon_core.shell:Creating environment hook '/home/krristudent/HITL/sensor/install/px4_msgs/share/px4_msgs/hook/ld_library_path_lib.sh'
[439.904s] Level 1:colcon.colcon_core.environment:checking '/home/krristudent/HITL/sensor/install/px4_msgs/bin'
[439.904s] Level 1:colcon.colcon_core.environment:checking '/home/krristudent/HITL/sensor/install/px4_msgs/lib/pkgconfig/px4_msgs.pc'
[439.904s] Level 1:colcon.colcon_core.environment:checking '/home/krristudent/HITL/sensor/install/px4_msgs/lib/python3.10/site-packages'
[439.905s] Level 1:colcon.colcon_core.environment:checking '/home/krristudent/HITL/sensor/install/px4_msgs/bin'
[439.905s] INFO:colcon.colcon_core.shell:Creating package script '/home/krristudent/HITL/sensor/install/px4_msgs/share/px4_msgs/package.ps1'
[439.906s] INFO:colcon.colcon_core.shell:Creating package descriptor '/home/krristudent/HITL/sensor/install/px4_msgs/share/px4_msgs/package.dsv'
[439.906s] INFO:colcon.colcon_core.shell:Creating package script '/home/krristudent/HITL/sensor/install/px4_msgs/share/px4_msgs/package.sh'
[439.907s] INFO:colcon.colcon_core.shell:Creating package script '/home/krristudent/HITL/sensor/install/px4_msgs/share/px4_msgs/package.bash'
[439.907s] INFO:colcon.colcon_core.shell:Creating package script '/home/krristudent/HITL/sensor/install/px4_msgs/share/px4_msgs/package.zsh'
[439.908s] Level 1:colcon.colcon_core.environment:create_file_with_runtime_dependencies(/home/krristudent/HITL/sensor/install/px4_msgs/share/colcon-core/packages/px4_msgs)
[439.908s] INFO:colcon.colcon_ros.task.ament_python.build:Building ROS package in '/home/krristudent/HITL/sensor/src/offboard' with build type 'ament_python'
[439.908s] Level 1:colcon.colcon_core.shell:create_environment_hook('offboard', 'ament_prefix_path')
[439.908s] INFO:colcon.colcon_core.shell:Creating environment hook '/home/krristudent/HITL/sensor/install/offboard/share/offboard/hook/ament_prefix_path.ps1'
[439.909s] INFO:colcon.colcon_core.shell:Creating environment descriptor '/home/krristudent/HITL/sensor/install/offboard/share/offboard/hook/ament_prefix_path.dsv'
[439.910s] INFO:colcon.colcon_core.shell:Creating environment hook '/home/krristudent/HITL/sensor/install/offboard/share/offboard/hook/ament_prefix_path.sh'
[439.910s] INFO:colcon.colcon_core.shell:Skip shell extension 'powershell' for command environment: Not usable outside of PowerShell
[439.910s] DEBUG:colcon.colcon_core.shell:Skip shell extension 'dsv' for command environment
[439.915s] INFO:colcon.colcon_ros.task.ament_cmake.build:Building ROS package in '/home/krristudent/HITL/sensor/src/px4_ros_com' with build type 'ament_cmake'
[439.916s] INFO:colcon.colcon_cmake.task.cmake.build:Building CMake package in '/home/krristudent/HITL/sensor/src/px4_ros_com'
[439.916s] INFO:colcon.colcon_core.shell:Skip shell extension 'powershell' for command environment: Not usable outside of PowerShell
[439.916s] DEBUG:colcon.colcon_core.shell:Skip shell extension 'dsv' for command environment
[440.275s] INFO:colcon.colcon_core.task.python.build:Building Python package in '/home/krristudent/HITL/sensor/src/offboard'
[440.275s] INFO:colcon.colcon_core.shell:Skip shell extension 'powershell' for command environment: Not usable outside of PowerShell
[440.275s] DEBUG:colcon.colcon_core.shell:Skip shell extension 'dsv' for command environment
[440.284s] DEBUG:colcon.colcon_core.event_handler.log_command:Invoking command in '/home/krristudent/HITL/sensor/build/px4_ros_com': AMENT_PREFIX_PATH=/home/krristudent/HITL/sensor/install/px4_msgs:${AMENT_PREFIX_PATH} CMAKE_PREFIX_PATH=/home/krristudent/HITL/sensor/install/px4_msgs:/home/krristudent/HITL/sensor/install/px4_ros_com:/home/krristudent/gz-harmonic_ws/install/test_ros_gz_bridge:/home/krristudent/gz-harmonic_ws/install/ros_ign_interfaces:/home/krristudent/gz-harmonic_ws/install/ros_ign:/home/krristudent/gz-harmonic_ws/install/ros_ign_image:/home/krristudent/gz-harmonic_ws/install/ros_ign_gazebo_demos:/home/krristudent/gz-harmonic_ws/install/ros_ign_gazebo:/home/krristudent/gz-harmonic_ws/install/ros_ign_bridge:/home/krristudent/gz-harmonic_ws/install/ros_gz:/home/krristudent/gz-harmonic_ws/install/ros_gz_sim_demos:/home/krristudent/gz-harmonic_ws/install/ros_gz_sim:/home/krristudent/gz-harmonic_ws/install/ros_gz_image:/home/krristudent/gz-harmonic_ws/install/ros_gz_bridge:/home/krristudent/gz-harmonic_ws/install/ros_gz_interfaces:/home/krristudent/HITL/sensor/install/offboard:/home/krristudent/ros2_drone_sensor/install/lidar_distance:/opt/ros/humble LD_LIBRARY_PATH=/home/krristudent/HITL/sensor/install/px4_msgs/lib:/home/krristudent/HITL/sensor/install/px4_ros_com/lib:/home/krristudent/gz-harmonic_ws/install/ros_ign_interfaces/lib:/home/krristudent/gz-harmonic_ws/install/ros_gz_sim/lib:/home/krristudent/gz-harmonic_ws/install/ros_gz_bridge/lib:/home/krristudent/gz-harmonic_ws/install/ros_gz_interfaces/lib:/usr/lib/x86_64-linux-gnu/gazebo-11/plugins:/opt/ros/humble/opt/rviz_ogre_vendor/lib:/opt/ros/humble/lib/x86_64-linux-gnu:/opt/ros/humble/lib:/home/krristudent/build/px4_sitl_default/build_gazebo-classic PYTHONPATH=/home/krristudent/HITL/sensor/install/px4_msgs/local/lib/python3.10/dist-packages:${PYTHONPATH} /usr/bin/cmake /home/krristudent/HITL/sensor/src/px4_ros_com -DAMENT_CMAKE_SYMLINK_INSTALL=1 -DCMAKE_INSTALL_PREFIX=/home/krristudent/HITL/sensor/install/px4_ros_com
[440.756s] DEBUG:colcon.colcon_core.event_handler.log_command:Invoking command in '/home/krristudent/HITL/sensor/build/offboard': AMENT_PREFIX_PATH=/home/krristudent/HITL/sensor/install/px4_msgs:${AMENT_PREFIX_PATH} CMAKE_PREFIX_PATH=/home/krristudent/HITL/sensor/install/px4_msgs:/home/krristudent/HITL/sensor/install/px4_ros_com:/home/krristudent/gz-harmonic_ws/install/test_ros_gz_bridge:/home/krristudent/gz-harmonic_ws/install/ros_ign_interfaces:/home/krristudent/gz-harmonic_ws/install/ros_ign:/home/krristudent/gz-harmonic_ws/install/ros_ign_image:/home/krristudent/gz-harmonic_ws/install/ros_ign_gazebo_demos:/home/krristudent/gz-harmonic_ws/install/ros_ign_gazebo:/home/krristudent/gz-harmonic_ws/install/ros_ign_bridge:/home/krristudent/gz-harmonic_ws/install/ros_gz:/home/krristudent/gz-harmonic_ws/install/ros_gz_sim_demos:/home/krristudent/gz-harmonic_ws/install/ros_gz_sim:/home/krristudent/gz-harmonic_ws/install/ros_gz_image:/home/krristudent/gz-harmonic_ws/install/ros_gz_bridge:/home/krristudent/gz-harmonic_ws/install/ros_gz_interfaces LD_LIBRARY_PATH=/home/krristudent/HITL/sensor/install/px4_msgs/lib:/home/krristudent/HITL/sensor/install/px4_ros_com/lib:/home/krristudent/gz-harmonic_ws/install/ros_ign_interfaces/lib:/home/krristudent/gz-harmonic_ws/install/ros_gz_sim/lib:/home/krristudent/gz-harmonic_ws/install/ros_gz_bridge/lib:/home/krristudent/gz-harmonic_ws/install/ros_gz_interfaces/lib:/usr/lib/x86_64-linux-gnu/gazebo-11/plugins:/opt/ros/humble/opt/rviz_ogre_vendor/lib:/opt/ros/humble/lib/x86_64-linux-gnu:/opt/ros/humble/lib:/home/krristudent/build/px4_sitl_default/build_gazebo-classic PYTHONPATH=/home/krristudent/HITL/sensor/build/offboard/prefix_override:/usr/lib/python3/dist-packages/colcon_core/task/python/colcon_distutils_commands:/home/krristudent/HITL/sensor/install/offboard/lib/python3.10/site-packages:/home/krristudent/HITL/sensor/install/px4_msgs/local/lib/python3.10/dist-packages:${PYTHONPATH} /usr/bin/python3 -W ignore:setup.py install is deprecated -W ignore:easy_install command is deprecated setup.py develop --editable --build-directory /home/krristudent/HITL/sensor/build/offboard/build --no-deps symlink_data
[441.660s] Level 1:colcon.colcon_core.shell:create_environment_hook('offboard', 'pythonpath_develop')
[441.660s] INFO:colcon.colcon_core.shell:Creating environment hook '/home/krristudent/HITL/sensor/build/offboard/share/offboard/hook/pythonpath_develop.ps1'
[441.661s] DEBUG:colcon.colcon_core.event_handler.log_command:Invoked command in '/home/krristudent/HITL/sensor/build/offboard' returned '0': AMENT_PREFIX_PATH=/home/krristudent/HITL/sensor/install/px4_msgs:${AMENT_PREFIX_PATH} CMAKE_PREFIX_PATH=/home/krristudent/HITL/sensor/install/px4_msgs:/home/krristudent/HITL/sensor/install/px4_ros_com:/home/krristudent/gz-harmonic_ws/install/test_ros_gz_bridge:/home/krristudent/gz-harmonic_ws/install/ros_ign_interfaces:/home/krristudent/gz-harmonic_ws/install/ros_ign:/home/krristudent/gz-harmonic_ws/install/ros_ign_image:/home/krristudent/gz-harmonic_ws/install/ros_ign_gazebo_demos:/home/krristudent/gz-harmonic_ws/install/ros_ign_gazebo:/home/krristudent/gz-harmonic_ws/install/ros_ign_bridge:/home/krristudent/gz-harmonic_ws/install/ros_gz:/home/krristudent/gz-harmonic_ws/install/ros_gz_sim_demos:/home/krristudent/gz-harmonic_ws/install/ros_gz_sim:/home/krristudent/gz-harmonic_ws/install/ros_gz_image:/home/krristudent/gz-harmonic_ws/install/ros_gz_bridge:/home/krristudent/gz-harmonic_ws/install/ros_gz_interfaces LD_LIBRARY_PATH=/home/krristudent/HITL/sensor/install/px4_msgs/lib:/home/krristudent/HITL/sensor/install/px4_ros_com/lib:/home/krristudent/gz-harmonic_ws/install/ros_ign_interfaces/lib:/home/krristudent/gz-harmonic_ws/install/ros_gz_sim/lib:/home/krristudent/gz-harmonic_ws/install/ros_gz_bridge/lib:/home/krristudent/gz-harmonic_ws/install/ros_gz_interfaces/lib:/usr/lib/x86_64-linux-gnu/gazebo-11/plugins:/opt/ros/humble/opt/rviz_ogre_vendor/lib:/opt/ros/humble/lib/x86_64-linux-gnu:/opt/ros/humble/lib:/home/krristudent/build/px4_sitl_default/build_gazebo-classic PYTHONPATH=/home/krristudent/HITL/sensor/build/offboard/prefix_override:/usr/lib/python3/dist-packages/colcon_core/task/python/colcon_distutils_commands:/home/krristudent/HITL/sensor/install/offboard/lib/python3.10/site-packages:/home/krristudent/HITL/sensor/install/px4_msgs/local/lib/python3.10/dist-packages:${PYTHONPATH} /usr/bin/python3 -W ignore:setup.py install is deprecated -W ignore:easy_install command is deprecated setup.py develop --editable --build-directory /home/krristudent/HITL/sensor/build/offboard/build --no-deps symlink_data
[441.661s] INFO:colcon.colcon_core.shell:Creating environment descriptor '/home/krristudent/HITL/sensor/build/offboard/share/offboard/hook/pythonpath_develop.dsv'
[441.662s] INFO:colcon.colcon_core.shell:Creating environment hook '/home/krristudent/HITL/sensor/build/offboard/share/offboard/hook/pythonpath_develop.sh'
[441.662s] Level 1:colcon.colcon_core.environment:checking '/home/krristudent/HITL/sensor/install/offboard' for CMake module files
[441.663s] Level 1:colcon.colcon_core.environment:checking '/home/krristudent/HITL/sensor/install/offboard' for CMake config files
[441.664s] Level 1:colcon.colcon_core.environment:checking '/home/krristudent/HITL/sensor/install/offboard/lib'
[441.664s] Level 1:colcon.colcon_core.environment:checking '/home/krristudent/HITL/sensor/install/offboard/bin'
[441.664s] Level 1:colcon.colcon_core.environment:checking '/home/krristudent/HITL/sensor/install/offboard/lib/pkgconfig/offboard.pc'
[441.664s] Level 1:colcon.colcon_core.environment:checking '/home/krristudent/HITL/sensor/install/offboard/lib/python3.10/site-packages'
[441.664s] Level 1:colcon.colcon_core.shell:create_environment_hook('offboard', 'pythonpath')
[441.665s] INFO:colcon.colcon_core.shell:Creating environment hook '/home/krristudent/HITL/sensor/install/offboard/share/offboard/hook/pythonpath.ps1'
[441.665s] INFO:colcon.colcon_core.shell:Creating environment descriptor '/home/krristudent/HITL/sensor/install/offboard/share/offboard/hook/pythonpath.dsv'
[441.665s] INFO:colcon.colcon_core.shell:Creating environment hook '/home/krristudent/HITL/sensor/install/offboard/share/offboard/hook/pythonpath.sh'
[441.666s] Level 1:colcon.colcon_core.environment:checking '/home/krristudent/HITL/sensor/install/offboard/bin'
[441.666s] Level 1:colcon.colcon_core.environment:create_environment_scripts_only(offboard)
[441.667s] INFO:colcon.colcon_core.shell:Creating package script '/home/krristudent/HITL/sensor/install/offboard/share/offboard/package.ps1'
[441.668s] INFO:colcon.colcon_core.shell:Creating package descriptor '/home/krristudent/HITL/sensor/install/offboard/share/offboard/package.dsv'
[441.668s] INFO:colcon.colcon_core.shell:Creating package script '/home/krristudent/HITL/sensor/install/offboard/share/offboard/package.sh'
[441.669s] INFO:colcon.colcon_core.shell:Creating package script '/home/krristudent/HITL/sensor/install/offboard/share/offboard/package.bash'
[441.669s] INFO:colcon.colcon_core.shell:Creating package script '/home/krristudent/HITL/sensor/install/offboard/share/offboard/package.zsh'
[441.670s] Level 1:colcon.colcon_core.environment:create_file_with_runtime_dependencies(/home/krristudent/HITL/sensor/install/offboard/share/colcon-core/packages/offboard)
[442.016s] DEBUG:colcon.colcon_core.event_handler.log_command:Invoked command in '/home/krristudent/HITL/sensor/build/px4_ros_com' returned '0': AMENT_PREFIX_PATH=/home/krristudent/HITL/sensor/install/px4_msgs:${AMENT_PREFIX_PATH} CMAKE_PREFIX_PATH=/home/krristudent/HITL/sensor/install/px4_msgs:/home/krristudent/HITL/sensor/install/px4_ros_com:/home/krristudent/gz-harmonic_ws/install/test_ros_gz_bridge:/home/krristudent/gz-harmonic_ws/install/ros_ign_interfaces:/home/krristudent/gz-harmonic_ws/install/ros_ign:/home/krristudent/gz-harmonic_ws/install/ros_ign_image:/home/krristudent/gz-harmonic_ws/install/ros_ign_gazebo_demos:/home/krristudent/gz-harmonic_ws/install/ros_ign_gazebo:/home/krristudent/gz-harmonic_ws/install/ros_ign_bridge:/home/krristudent/gz-harmonic_ws/install/ros_gz:/home/krristudent/gz-harmonic_ws/install/ros_gz_sim_demos:/home/krristudent/gz-harmonic_ws/install/ros_gz_sim:/home/krristudent/gz-harmonic_ws/install/ros_gz_image:/home/krristudent/gz-harmonic_ws/install/ros_gz_bridge:/home/krristudent/gz-harmonic_ws/install/ros_gz_interfaces:/home/krristudent/HITL/sensor/install/offboard:/home/krristudent/ros2_drone_sensor/install/lidar_distance:/opt/ros/humble LD_LIBRARY_PATH=/home/krristudent/HITL/sensor/install/px4_msgs/lib:/home/krristudent/HITL/sensor/install/px4_ros_com/lib:/home/krristudent/gz-harmonic_ws/install/ros_ign_interfaces/lib:/home/krristudent/gz-harmonic_ws/install/ros_gz_sim/lib:/home/krristudent/gz-harmonic_ws/install/ros_gz_bridge/lib:/home/krristudent/gz-harmonic_ws/install/ros_gz_interfaces/lib:/usr/lib/x86_64-linux-gnu/gazebo-11/plugins:/opt/ros/humble/opt/rviz_ogre_vendor/lib:/opt/ros/humble/lib/x86_64-linux-gnu:/opt/ros/humble/lib:/home/krristudent/build/px4_sitl_default/build_gazebo-classic PYTHONPATH=/home/krristudent/HITL/sensor/install/px4_msgs/local/lib/python3.10/dist-packages:${PYTHONPATH} /usr/bin/cmake /home/krristudent/HITL/sensor/src/px4_ros_com -DAMENT_CMAKE_SYMLINK_INSTALL=1 -DCMAKE_INSTALL_PREFIX=/home/krristudent/HITL/sensor/install/px4_ros_com
[442.018s] DEBUG:colcon.colcon_core.event_handler.log_command:Invoking command in '/home/krristudent/HITL/sensor/build/px4_ros_com': AMENT_PREFIX_PATH=/home/krristudent/HITL/sensor/install/px4_msgs:${AMENT_PREFIX_PATH} CMAKE_PREFIX_PATH=/home/krristudent/HITL/sensor/install/px4_msgs:/home/krristudent/HITL/sensor/install/px4_ros_com:/home/krristudent/gz-harmonic_ws/install/test_ros_gz_bridge:/home/krristudent/gz-harmonic_ws/install/ros_ign_interfaces:/home/krristudent/gz-harmonic_ws/install/ros_ign:/home/krristudent/gz-harmonic_ws/install/ros_ign_image:/home/krristudent/gz-harmonic_ws/install/ros_ign_gazebo_demos:/home/krristudent/gz-harmonic_ws/install/ros_ign_gazebo:/home/krristudent/gz-harmonic_ws/install/ros_ign_bridge:/home/krristudent/gz-harmonic_ws/install/ros_gz:/home/krristudent/gz-harmonic_ws/install/ros_gz_sim_demos:/home/krristudent/gz-harmonic_ws/install/ros_gz_sim:/home/krristudent/gz-harmonic_ws/install/ros_gz_image:/home/krristudent/gz-harmonic_ws/install/ros_gz_bridge:/home/krristudent/gz-harmonic_ws/install/ros_gz_interfaces:/home/krristudent/HITL/sensor/install/offboard:/home/krristudent/ros2_drone_sensor/install/lidar_distance:/opt/ros/humble LD_LIBRARY_PATH=/home/krristudent/HITL/sensor/install/px4_msgs/lib:/home/krristudent/HITL/sensor/install/px4_ros_com/lib:/home/krristudent/gz-harmonic_ws/install/ros_ign_interfaces/lib:/home/krristudent/gz-harmonic_ws/install/ros_gz_sim/lib:/home/krristudent/gz-harmonic_ws/install/ros_gz_bridge/lib:/home/krristudent/gz-harmonic_ws/install/ros_gz_interfaces/lib:/usr/lib/x86_64-linux-gnu/gazebo-11/plugins:/opt/ros/humble/opt/rviz_ogre_vendor/lib:/opt/ros/humble/lib/x86_64-linux-gnu:/opt/ros/humble/lib:/home/krristudent/build/px4_sitl_default/build_gazebo-classic PYTHONPATH=/home/krristudent/HITL/sensor/install/px4_msgs/local/lib/python3.10/dist-packages:${PYTHONPATH} /usr/bin/cmake --build /home/krristudent/HITL/sensor/build/px4_ros_com -- -j8 -l8
[464.180s] DEBUG:colcon.colcon_core.event_handler.log_command:Invoked command in '/home/krristudent/HITL/sensor/build/px4_ros_com' returned '0': AMENT_PREFIX_PATH=/home/krristudent/HITL/sensor/install/px4_msgs:${AMENT_PREFIX_PATH} CMAKE_PREFIX_PATH=/home/krristudent/HITL/sensor/install/px4_msgs:/home/krristudent/HITL/sensor/install/px4_ros_com:/home/krristudent/gz-harmonic_ws/install/test_ros_gz_bridge:/home/krristudent/gz-harmonic_ws/install/ros_ign_interfaces:/home/krristudent/gz-harmonic_ws/install/ros_ign:/home/krristudent/gz-harmonic_ws/install/ros_ign_image:/home/krristudent/gz-harmonic_ws/install/ros_ign_gazebo_demos:/home/krristudent/gz-harmonic_ws/install/ros_ign_gazebo:/home/krristudent/gz-harmonic_ws/install/ros_ign_bridge:/home/krristudent/gz-harmonic_ws/install/ros_gz:/home/krristudent/gz-harmonic_ws/install/ros_gz_sim_demos:/home/krristudent/gz-harmonic_ws/install/ros_gz_sim:/home/krristudent/gz-harmonic_ws/install/ros_gz_image:/home/krristudent/gz-harmonic_ws/install/ros_gz_bridge:/home/krristudent/gz-harmonic_ws/install/ros_gz_interfaces:/home/krristudent/HITL/sensor/install/offboard:/home/krristudent/ros2_drone_sensor/install/lidar_distance:/opt/ros/humble LD_LIBRARY_PATH=/home/krristudent/HITL/sensor/install/px4_msgs/lib:/home/krristudent/HITL/sensor/install/px4_ros_com/lib:/home/krristudent/gz-harmonic_ws/install/ros_ign_interfaces/lib:/home/krristudent/gz-harmonic_ws/install/ros_gz_sim/lib:/home/krristudent/gz-harmonic_ws/install/ros_gz_bridge/lib:/home/krristudent/gz-harmonic_ws/install/ros_gz_interfaces/lib:/usr/lib/x86_64-linux-gnu/gazebo-11/plugins:/opt/ros/humble/opt/rviz_ogre_vendor/lib:/opt/ros/humble/lib/x86_64-linux-gnu:/opt/ros/humble/lib:/home/krristudent/build/px4_sitl_default/build_gazebo-classic PYTHONPATH=/home/krristudent/HITL/sensor/install/px4_msgs/local/lib/python3.10/dist-packages:${PYTHONPATH} /usr/bin/cmake --build /home/krristudent/HITL/sensor/build/px4_ros_com -- -j8 -l8
[464.183s] DEBUG:colcon.colcon_core.event_handler.log_command:Invoking command in '/home/krristudent/HITL/sensor/build/px4_ros_com': AMENT_PREFIX_PATH=/home/krristudent/HITL/sensor/install/px4_msgs:${AMENT_PREFIX_PATH} CMAKE_PREFIX_PATH=/home/krristudent/HITL/sensor/install/px4_msgs:/home/krristudent/HITL/sensor/install/px4_ros_com:/home/krristudent/gz-harmonic_ws/install/test_ros_gz_bridge:/home/krristudent/gz-harmonic_ws/install/ros_ign_interfaces:/home/krristudent/gz-harmonic_ws/install/ros_ign:/home/krristudent/gz-harmonic_ws/install/ros_ign_image:/home/krristudent/gz-harmonic_ws/install/ros_ign_gazebo_demos:/home/krristudent/gz-harmonic_ws/install/ros_ign_gazebo:/home/krristudent/gz-harmonic_ws/install/ros_ign_bridge:/home/krristudent/gz-harmonic_ws/install/ros_gz:/home/krristudent/gz-harmonic_ws/install/ros_gz_sim_demos:/home/krristudent/gz-harmonic_ws/install/ros_gz_sim:/home/krristudent/gz-harmonic_ws/install/ros_gz_image:/home/krristudent/gz-harmonic_ws/install/ros_gz_bridge:/home/krristudent/gz-harmonic_ws/install/ros_gz_interfaces:/home/krristudent/HITL/sensor/install/offboard:/home/krristudent/ros2_drone_sensor/install/lidar_distance:/opt/ros/humble LD_LIBRARY_PATH=/home/krristudent/HITL/sensor/install/px4_msgs/lib:/home/krristudent/HITL/sensor/install/px4_ros_com/lib:/home/krristudent/gz-harmonic_ws/install/ros_ign_interfaces/lib:/home/krristudent/gz-harmonic_ws/install/ros_gz_sim/lib:/home/krristudent/gz-harmonic_ws/install/ros_gz_bridge/lib:/home/krristudent/gz-harmonic_ws/install/ros_gz_interfaces/lib:/usr/lib/x86_64-linux-gnu/gazebo-11/plugins:/opt/ros/humble/opt/rviz_ogre_vendor/lib:/opt/ros/humble/lib/x86_64-linux-gnu:/opt/ros/humble/lib:/home/krristudent/build/px4_sitl_default/build_gazebo-classic PYTHONPATH=/home/krristudent/HITL/sensor/install/px4_msgs/local/lib/python3.10/dist-packages:${PYTHONPATH} /usr/bin/cmake --install /home/krristudent/HITL/sensor/build/px4_ros_com
[464.680s] Level 1:colcon.colcon_core.environment:create_environment_scripts_only(px4_ros_com)
[464.681s] Level 1:colcon.colcon_core.environment:checking '/home/krristudent/HITL/sensor/install/px4_ros_com' for CMake module files
[464.681s] DEBUG:colcon.colcon_core.event_handler.log_command:Invoked command in '/home/krristudent/HITL/sensor/build/px4_ros_com' returned '0': AMENT_PREFIX_PATH=/home/krristudent/HITL/sensor/install/px4_msgs:${AMENT_PREFIX_PATH} CMAKE_PREFIX_PATH=/home/krristudent/HITL/sensor/install/px4_msgs:/home/krristudent/HITL/sensor/install/px4_ros_com:/home/krristudent/gz-harmonic_ws/install/test_ros_gz_bridge:/home/krristudent/gz-harmonic_ws/install/ros_ign_interfaces:/home/krristudent/gz-harmonic_ws/install/ros_ign:/home/krristudent/gz-harmonic_ws/install/ros_ign_image:/home/krristudent/gz-harmonic_ws/install/ros_ign_gazebo_demos:/home/krristudent/gz-harmonic_ws/install/ros_ign_gazebo:/home/krristudent/gz-harmonic_ws/install/ros_ign_bridge:/home/krristudent/gz-harmonic_ws/install/ros_gz:/home/krristudent/gz-harmonic_ws/install/ros_gz_sim_demos:/home/krristudent/gz-harmonic_ws/install/ros_gz_sim:/home/krristudent/gz-harmonic_ws/install/ros_gz_image:/home/krristudent/gz-harmonic_ws/install/ros_gz_bridge:/home/krristudent/gz-harmonic_ws/install/ros_gz_interfaces:/home/krristudent/HITL/sensor/install/offboard:/home/krristudent/ros2_drone_sensor/install/lidar_distance:/opt/ros/humble LD_LIBRARY_PATH=/home/krristudent/HITL/sensor/install/px4_msgs/lib:/home/krristudent/HITL/sensor/install/px4_ros_com/lib:/home/krristudent/gz-harmonic_ws/install/ros_ign_interfaces/lib:/home/krristudent/gz-harmonic_ws/install/ros_gz_sim/lib:/home/krristudent/gz-harmonic_ws/install/ros_gz_bridge/lib:/home/krristudent/gz-harmonic_ws/install/ros_gz_interfaces/lib:/usr/lib/x86_64-linux-gnu/gazebo-11/plugins:/opt/ros/humble/opt/rviz_ogre_vendor/lib:/opt/ros/humble/lib/x86_64-linux-gnu:/opt/ros/humble/lib:/home/krristudent/build/px4_sitl_default/build_gazebo-classic PYTHONPATH=/home/krristudent/HITL/sensor/install/px4_msgs/local/lib/python3.10/dist-packages:${PYTHONPATH} /usr/bin/cmake --install /home/krristudent/HITL/sensor/build/px4_ros_com
[464.682s] Level 1:colcon.colcon_core.environment:checking '/home/krristudent/HITL/sensor/install/px4_ros_com' for CMake config files
[464.683s] Level 1:colcon.colcon_core.shell:create_environment_hook('px4_ros_com', 'cmake_prefix_path')
[464.683s] INFO:colcon.colcon_core.shell:Creating environment hook '/home/krristudent/HITL/sensor/install/px4_ros_com/share/px4_ros_com/hook/cmake_prefix_path.ps1'
[464.683s] INFO:colcon.colcon_core.shell:Creating environment descriptor '/home/krristudent/HITL/sensor/install/px4_ros_com/share/px4_ros_com/hook/cmake_prefix_path.dsv'
[464.684s] INFO:colcon.colcon_core.shell:Creating environment hook '/home/krristudent/HITL/sensor/install/px4_ros_com/share/px4_ros_com/hook/cmake_prefix_path.sh'
[464.685s] Level 1:colcon.colcon_core.environment:checking '/home/krristudent/HITL/sensor/install/px4_ros_com/lib'
[464.685s] Level 1:colcon.colcon_core.shell:create_environment_hook('px4_ros_com', 'ld_library_path_lib')
[464.685s] INFO:colcon.colcon_core.shell:Creating environment hook '/home/krristudent/HITL/sensor/install/px4_ros_com/share/px4_ros_com/hook/ld_library_path_lib.ps1'
[464.686s] INFO:colcon.colcon_core.shell:Creating environment descriptor '/home/krristudent/HITL/sensor/install/px4_ros_com/share/px4_ros_com/hook/ld_library_path_lib.dsv'
[464.686s] INFO:colcon.colcon_core.shell:Creating environment hook '/home/krristudent/HITL/sensor/install/px4_ros_com/share/px4_ros_com/hook/ld_library_path_lib.sh'
[464.687s] Level 1:colcon.colcon_core.environment:checking '/home/krristudent/HITL/sensor/install/px4_ros_com/bin'
[464.687s] Level 1:colcon.colcon_core.environment:checking '/home/krristudent/HITL/sensor/install/px4_ros_com/lib/pkgconfig/px4_ros_com.pc'
[464.687s] Level 1:colcon.colcon_core.environment:checking '/home/krristudent/HITL/sensor/install/px4_ros_com/lib/python3.10/site-packages'
[464.687s] Level 1:colcon.colcon_core.environment:checking '/home/krristudent/HITL/sensor/install/px4_ros_com/bin'
[464.688s] INFO:colcon.colcon_core.shell:Creating package script '/home/krristudent/HITL/sensor/install/px4_ros_com/share/px4_ros_com/package.ps1'
[464.689s] INFO:colcon.colcon_core.shell:Creating package descriptor '/home/krristudent/HITL/sensor/install/px4_ros_com/share/px4_ros_com/package.dsv'
[464.689s] INFO:colcon.colcon_core.shell:Creating package script '/home/krristudent/HITL/sensor/install/px4_ros_com/share/px4_ros_com/package.sh'
[464.690s] INFO:colcon.colcon_core.shell:Creating package script '/home/krristudent/HITL/sensor/install/px4_ros_com/share/px4_ros_com/package.bash'
[464.691s] INFO:colcon.colcon_core.shell:Creating package script '/home/krristudent/HITL/sensor/install/px4_ros_com/share/px4_ros_com/package.zsh'
[464.691s] Level 1:colcon.colcon_core.environment:create_file_with_runtime_dependencies(/home/krristudent/HITL/sensor/install/px4_ros_com/share/colcon-core/packages/px4_ros_com)
[464.692s] Level 1:colcon.colcon_core.environment:create_environment_scripts_only(px4_ros_com)
[464.692s] Level 1:colcon.colcon_core.environment:checking '/home/krristudent/HITL/sensor/install/px4_ros_com' for CMake module files
[464.693s] Level 1:colcon.colcon_core.environment:checking '/home/krristudent/HITL/sensor/install/px4_ros_com' for CMake config files
[464.694s] Level 1:colcon.colcon_core.shell:create_environment_hook('px4_ros_com', 'cmake_prefix_path')
[464.694s] INFO:colcon.colcon_core.shell:Creating environment hook '/home/krristudent/HITL/sensor/install/px4_ros_com/share/px4_ros_com/hook/cmake_prefix_path.ps1'
[464.695s] INFO:colcon.colcon_core.shell:Creating environment descriptor '/home/krristudent/HITL/sensor/install/px4_ros_com/share/px4_ros_com/hook/cmake_prefix_path.dsv'
[464.695s] INFO:colcon.colcon_core.shell:Creating environment hook '/home/krristudent/HITL/sensor/install/px4_ros_com/share/px4_ros_com/hook/cmake_prefix_path.sh'
[464.696s] Level 1:colcon.colcon_core.environment:checking '/home/krristudent/HITL/sensor/install/px4_ros_com/lib'
[464.696s] Level 1:colcon.colcon_core.shell:create_environment_hook('px4_ros_com', 'ld_library_path_lib')
[464.697s] INFO:colcon.colcon_core.shell:Creating environment hook '/home/krristudent/HITL/sensor/install/px4_ros_com/share/px4_ros_com/hook/ld_library_path_lib.ps1'
[464.697s] INFO:colcon.colcon_core.shell:Creating environment descriptor '/home/krristudent/HITL/sensor/install/px4_ros_com/share/px4_ros_com/hook/ld_library_path_lib.dsv'
[464.698s] INFO:colcon.colcon_core.shell:Creating environment hook '/home/krristudent/HITL/sensor/install/px4_ros_com/share/px4_ros_com/hook/ld_library_path_lib.sh'
[464.698s] Level 1:colcon.colcon_core.environment:checking '/home/krristudent/HITL/sensor/install/px4_ros_com/bin'
[464.698s] Level 1:colcon.colcon_core.environment:checking '/home/krristudent/HITL/sensor/install/px4_ros_com/lib/pkgconfig/px4_ros_com.pc'
[464.699s] Level 1:colcon.colcon_core.environment:checking '/home/krristudent/HITL/sensor/install/px4_ros_com/lib/python3.10/site-packages'
[464.699s] Level 1:colcon.colcon_core.environment:checking '/home/krristudent/HITL/sensor/install/px4_ros_com/bin'
[464.700s] INFO:colcon.colcon_core.shell:Creating package script '/home/krristudent/HITL/sensor/install/px4_ros_com/share/px4_ros_com/package.ps1'
[464.700s] INFO:colcon.colcon_core.shell:Creating package descriptor '/home/krristudent/HITL/sensor/install/px4_ros_com/share/px4_ros_com/package.dsv'
[464.701s] INFO:colcon.colcon_core.shell:Creating package script '/home/krristudent/HITL/sensor/install/px4_ros_com/share/px4_ros_com/package.sh'
[464.702s] INFO:colcon.colcon_core.shell:Creating package script '/home/krristudent/HITL/sensor/install/px4_ros_com/share/px4_ros_com/package.bash'
[464.702s] INFO:colcon.colcon_core.shell:Creating package script '/home/krristudent/HITL/sensor/install/px4_ros_com/share/px4_ros_com/package.zsh'
[464.703s] Level 1:colcon.colcon_core.environment:create_file_with_runtime_dependencies(/home/krristudent/HITL/sensor/install/px4_ros_com/share/colcon-core/packages/px4_ros_com)
[464.703s] DEBUG:colcon.colcon_parallel_executor.executor.parallel:closing loop
[464.704s] DEBUG:colcon.colcon_parallel_executor.executor.parallel:loop closed
[464.704s] DEBUG:colcon.colcon_parallel_executor.executor.parallel:run_until_complete finished with '0'
[464.704s] DEBUG:colcon.colcon_core.event_reactor:joining thread
[464.711s] INFO:colcon.colcon_core.plugin_system:Skipping extension 'colcon_notification.desktop_notification.terminal_notifier': Not used on non-Darwin systems
[464.711s] INFO:colcon.colcon_core.plugin_system:Skipping extension 'colcon_notification.desktop_notification.win32': Not used on non-Windows systems
[464.711s] INFO:colcon.colcon_notification.desktop_notification:Sending desktop notification using 'notify2'
[464.721s] DEBUG:colcon.colcon_core.event_reactor:joined thread
[464.722s] INFO:colcon.colcon_core.shell:Creating prefix script '/home/krristudent/HITL/sensor/install/local_setup.ps1'
[464.723s] INFO:colcon.colcon_core.shell:Creating prefix util module '/home/krristudent/HITL/sensor/install/_local_setup_util_ps1.py'
[464.724s] INFO:colcon.colcon_core.shell:Creating prefix chain script '/home/krristudent/HITL/sensor/install/setup.ps1'
[464.727s] INFO:colcon.colcon_core.shell:Creating prefix script '/home/krristudent/HITL/sensor/install/local_setup.sh'
[464.727s] INFO:colcon.colcon_core.shell:Creating prefix util module '/home/krristudent/HITL/sensor/install/_local_setup_util_sh.py'
[464.728s] INFO:colcon.colcon_core.shell:Creating prefix chain script '/home/krristudent/HITL/sensor/install/setup.sh'
[464.729s] INFO:colcon.colcon_core.shell:Creating prefix script '/home/krristudent/HITL/sensor/install/local_setup.bash'
[464.730s] INFO:colcon.colcon_core.shell:Creating prefix chain script '/home/krristudent/HITL/sensor/install/setup.bash'
[464.731s] INFO:colcon.colcon_core.shell:Creating prefix script '/home/krristudent/HITL/sensor/install/local_setup.zsh'
[464.732s] INFO:colcon.colcon_core.shell:Creating prefix chain script '/home/krristudent/HITL/sensor/install/setup.zsh'
